[0.204s] DEBUG:colcon:Command line arguments: ['/usr/bin/colcon', 'build']
[0.204s] DEBUG:colcon:Parsed command line arguments: Namespace(log_base=None, log_level=None, verb_name='build', build_base='build', install_base='install', merge_install=False, symlink_install=False, test_result_base=None, continue_on_error=False, executor='parallel', parallel_workers=8, event_handlers=None, ignore_user_meta=False, metas=['./colcon.meta'], base_paths=['.'], packages_ignore=None, packages_ignore_regex=None, paths=None, packages_up_to=None, packages_up_to_regex=None, packages_above=None, packages_above_and_dependencies=None, packages_above_depth=None, packages_select_by_dep=None, packages_skip_by_dep=None, packages_skip_up_to=None, packages_select_build_failed=False, packages_skip_build_finished=False, packages_select_test_failures=False, packages_skip_test_passed=False, packages_select=None, packages_skip=None, packages_select_regex=None, packages_skip_regex=None, packages_start=None, packages_end=None, allow_overriding=[], cmake_args=None, cmake_target=None, cmake_target_skip_unavailable=False, cmake_clean_cache=False, cmake_clean_first=False, cmake_force_configure=False, ament_cmake_args=None, catkin_cmake_args=None, catkin_skip_building_tests=False, mixin_files=None, mixin=None, verb_parser=<colcon_mixin.mixin.mixin_argument.MixinArgumentDecorator object at 0x787c473d5240>, verb_extension=<colcon_core.verb.build.BuildVerb object at 0x787c473d4820>, main=<bound method BuildVerb.main of <colcon_core.verb.build.BuildVerb object at 0x787c473d4820>>, mixin_verb=('build',))
[0.513s] Level 1:colcon.colcon_core.package_discovery:discover_packages(colcon_meta) check parameters
[0.513s] Level 1:colcon.colcon_core.package_discovery:discover_packages(recursive) check parameters
[0.513s] Level 1:colcon.colcon_core.package_discovery:discover_packages(ignore) check parameters
[0.513s] Level 1:colcon.colcon_core.package_discovery:discover_packages(path) check parameters
[0.513s] Level 1:colcon.colcon_core.package_discovery:discover_packages(colcon_meta) discover
[0.513s] Level 1:colcon.colcon_core.package_discovery:discover_packages(recursive) discover
[0.513s] INFO:colcon.colcon_core.package_discovery:Crawling recursively for packages in '/home/didi_121/Rescue-Major/workspace'
[0.514s] Level 1:colcon.colcon_core.package_identification:_identify(.) by extensions ['ignore', 'ignore_ament_install']
[0.514s] Level 1:colcon.colcon_core.package_identification:_identify(.) by extension 'ignore'
[0.514s] Level 1:colcon.colcon_core.package_identification:_identify(.) by extension 'ignore_ament_install'
[0.514s] Level 1:colcon.colcon_core.package_identification:_identify(.) by extensions ['colcon_pkg']
[0.514s] Level 1:colcon.colcon_core.package_identification:_identify(.) by extension 'colcon_pkg'
[0.514s] Level 1:colcon.colcon_core.package_identification:_identify(.) by extensions ['colcon_meta']
[0.514s] Level 1:colcon.colcon_core.package_identification:_identify(.) by extension 'colcon_meta'
[0.514s] Level 1:colcon.colcon_core.package_identification:_identify(.) by extensions ['ros']
[0.514s] Level 1:colcon.colcon_core.package_identification:_identify(.) by extension 'ros'
[0.537s] Level 1:colcon.colcon_core.package_identification:_identify(.) by extensions ['cmake', 'python']
[0.537s] Level 1:colcon.colcon_core.package_identification:_identify(.) by extension 'cmake'
[0.537s] Level 1:colcon.colcon_core.package_identification:_identify(.) by extension 'python'
[0.537s] Level 1:colcon.colcon_core.package_identification:_identify(.) by extensions ['python_setup_py']
[0.538s] Level 1:colcon.colcon_core.package_identification:_identify(.) by extension 'python_setup_py'
[0.538s] Level 1:colcon.colcon_core.package_identification:_identify(build) by extensions ['ignore', 'ignore_ament_install']
[0.538s] Level 1:colcon.colcon_core.package_identification:_identify(build) by extension 'ignore'
[0.538s] Level 1:colcon.colcon_core.package_identification:_identify(build) ignored
[0.538s] Level 1:colcon.colcon_core.package_identification:_identify(communication) by extensions ['ignore', 'ignore_ament_install']
[0.538s] Level 1:colcon.colcon_core.package_identification:_identify(communication) by extension 'ignore'
[0.539s] Level 1:colcon.colcon_core.package_identification:_identify(communication) by extension 'ignore_ament_install'
[0.539s] Level 1:colcon.colcon_core.package_identification:_identify(communication) by extensions ['colcon_pkg']
[0.539s] Level 1:colcon.colcon_core.package_identification:_identify(communication) by extension 'colcon_pkg'
[0.539s] Level 1:colcon.colcon_core.package_identification:_identify(communication) by extensions ['colcon_meta']
[0.539s] Level 1:colcon.colcon_core.package_identification:_identify(communication) by extension 'colcon_meta'
[0.539s] Level 1:colcon.colcon_core.package_identification:_identify(communication) by extensions ['ros']
[0.539s] Level 1:colcon.colcon_core.package_identification:_identify(communication) by extension 'ros'
[0.544s] DEBUG:colcon.colcon_core.package_identification:Package 'communication' with type 'ros.ament_cmake' and name 'communication'
[0.544s] Level 1:colcon.colcon_core.package_identification:_identify(install) by extensions ['ignore', 'ignore_ament_install']
[0.544s] Level 1:colcon.colcon_core.package_identification:_identify(install) by extension 'ignore'
[0.545s] Level 1:colcon.colcon_core.package_identification:_identify(install) ignored
[0.545s] Level 1:colcon.colcon_core.package_identification:_identify(localization) by extensions ['ignore', 'ignore_ament_install']
[0.545s] Level 1:colcon.colcon_core.package_identification:_identify(localization) by extension 'ignore'
[0.545s] Level 1:colcon.colcon_core.package_identification:_identify(localization) by extension 'ignore_ament_install'
[0.545s] Level 1:colcon.colcon_core.package_identification:_identify(localization) by extensions ['colcon_pkg']
[0.545s] Level 1:colcon.colcon_core.package_identification:_identify(localization) by extension 'colcon_pkg'
[0.545s] Level 1:colcon.colcon_core.package_identification:_identify(localization) by extensions ['colcon_meta']
[0.545s] Level 1:colcon.colcon_core.package_identification:_identify(localization) by extension 'colcon_meta'
[0.545s] Level 1:colcon.colcon_core.package_identification:_identify(localization) by extensions ['ros']
[0.545s] Level 1:colcon.colcon_core.package_identification:_identify(localization) by extension 'ros'
[0.546s] Level 1:colcon.colcon_core.package_identification:_identify(localization) by extensions ['cmake', 'python']
[0.546s] Level 1:colcon.colcon_core.package_identification:_identify(localization) by extension 'cmake'
[0.546s] Level 1:colcon.colcon_core.package_identification:_identify(localization) by extension 'python'
[0.546s] Level 1:colcon.colcon_core.package_identification:_identify(localization) by extensions ['python_setup_py']
[0.546s] Level 1:colcon.colcon_core.package_identification:_identify(localization) by extension 'python_setup_py'
[0.546s] Level 1:colcon.colcon_core.package_identification:_identify(log) by extensions ['ignore', 'ignore_ament_install']
[0.546s] Level 1:colcon.colcon_core.package_identification:_identify(log) by extension 'ignore'
[0.546s] Level 1:colcon.colcon_core.package_identification:_identify(log) ignored
[0.546s] Level 1:colcon.colcon_core.package_identification:_identify(master) by extensions ['ignore', 'ignore_ament_install']
[0.547s] Level 1:colcon.colcon_core.package_identification:_identify(master) by extension 'ignore'
[0.547s] Level 1:colcon.colcon_core.package_identification:_identify(master) by extension 'ignore_ament_install'
[0.547s] Level 1:colcon.colcon_core.package_identification:_identify(master) by extensions ['colcon_pkg']
[0.547s] Level 1:colcon.colcon_core.package_identification:_identify(master) by extension 'colcon_pkg'
[0.547s] Level 1:colcon.colcon_core.package_identification:_identify(master) by extensions ['colcon_meta']
[0.547s] Level 1:colcon.colcon_core.package_identification:_identify(master) by extension 'colcon_meta'
[0.547s] Level 1:colcon.colcon_core.package_identification:_identify(master) by extensions ['ros']
[0.547s] Level 1:colcon.colcon_core.package_identification:_identify(master) by extension 'ros'
[0.547s] Level 1:colcon.colcon_core.package_identification:_identify(master) by extensions ['cmake', 'python']
[0.547s] Level 1:colcon.colcon_core.package_identification:_identify(master) by extension 'cmake'
[0.547s] Level 1:colcon.colcon_core.package_identification:_identify(master) by extension 'python'
[0.547s] Level 1:colcon.colcon_core.package_identification:_identify(master) by extensions ['python_setup_py']
[0.547s] Level 1:colcon.colcon_core.package_identification:_identify(master) by extension 'python_setup_py'
[0.548s] Level 1:colcon.colcon_core.package_identification:_identify(microcontrallers) by extensions ['ignore', 'ignore_ament_install']
[0.548s] Level 1:colcon.colcon_core.package_identification:_identify(microcontrallers) by extension 'ignore'
[0.548s] Level 1:colcon.colcon_core.package_identification:_identify(microcontrallers) by extension 'ignore_ament_install'
[0.548s] Level 1:colcon.colcon_core.package_identification:_identify(microcontrallers) by extensions ['colcon_pkg']
[0.548s] Level 1:colcon.colcon_core.package_identification:_identify(microcontrallers) by extension 'colcon_pkg'
[0.548s] Level 1:colcon.colcon_core.package_identification:_identify(microcontrallers) by extensions ['colcon_meta']
[0.548s] Level 1:colcon.colcon_core.package_identification:_identify(microcontrallers) by extension 'colcon_meta'
[0.548s] Level 1:colcon.colcon_core.package_identification:_identify(microcontrallers) by extensions ['ros']
[0.548s] Level 1:colcon.colcon_core.package_identification:_identify(microcontrallers) by extension 'ros'
[0.548s] Level 1:colcon.colcon_core.package_identification:_identify(microcontrallers) by extensions ['cmake', 'python']
[0.548s] Level 1:colcon.colcon_core.package_identification:_identify(microcontrallers) by extension 'cmake'
[0.549s] Level 1:colcon.colcon_core.package_identification:_identify(microcontrallers) by extension 'python'
[0.549s] Level 1:colcon.colcon_core.package_identification:_identify(microcontrallers) by extensions ['python_setup_py']
[0.549s] Level 1:colcon.colcon_core.package_identification:_identify(microcontrallers) by extension 'python_setup_py'
[0.549s] Level 1:colcon.colcon_core.package_identification:_identify(vision) by extensions ['ignore', 'ignore_ament_install']
[0.549s] Level 1:colcon.colcon_core.package_identification:_identify(vision) by extension 'ignore'
[0.549s] Level 1:colcon.colcon_core.package_identification:_identify(vision) by extension 'ignore_ament_install'
[0.549s] Level 1:colcon.colcon_core.package_identification:_identify(vision) by extensions ['colcon_pkg']
[0.549s] Level 1:colcon.colcon_core.package_identification:_identify(vision) by extension 'colcon_pkg'
[0.549s] Level 1:colcon.colcon_core.package_identification:_identify(vision) by extensions ['colcon_meta']
[0.549s] Level 1:colcon.colcon_core.package_identification:_identify(vision) by extension 'colcon_meta'
[0.549s] Level 1:colcon.colcon_core.package_identification:_identify(vision) by extensions ['ros']
[0.549s] Level 1:colcon.colcon_core.package_identification:_identify(vision) by extension 'ros'
[0.550s] Level 1:colcon.colcon_core.package_identification:_identify(vision) by extensions ['cmake', 'python']
[0.550s] Level 1:colcon.colcon_core.package_identification:_identify(vision) by extension 'cmake'
[0.550s] Level 1:colcon.colcon_core.package_identification:_identify(vision) by extension 'python'
[0.550s] Level 1:colcon.colcon_core.package_identification:_identify(vision) by extensions ['python_setup_py']
[0.550s] Level 1:colcon.colcon_core.package_identification:_identify(vision) by extension 'python_setup_py'
[0.550s] Level 1:colcon.colcon_core.package_discovery:discover_packages(recursive) using defaults
[0.550s] Level 1:colcon.colcon_core.package_discovery:discover_packages(ignore) discover
[0.550s] Level 1:colcon.colcon_core.package_discovery:discover_packages(ignore) using defaults
[0.550s] Level 1:colcon.colcon_core.package_discovery:discover_packages(path) discover
[0.550s] Level 1:colcon.colcon_core.package_discovery:discover_packages(path) using defaults
[0.606s] Level 1:colcon.colcon_core.package_discovery:discover_packages(prefix_path) check parameters
[0.606s] Level 1:colcon.colcon_core.package_discovery:discover_packages(prefix_path) discover
[0.609s] DEBUG:colcon.colcon_installed_package_information.package_discovery:Found 1 installed packages in /home/didi_121/Rescue-Major/workspace/install
[0.612s] DEBUG:colcon.colcon_installed_package_information.package_discovery:Found 271 installed packages in /opt/ros/humble
[0.615s] Level 1:colcon.colcon_core.package_discovery:discover_packages(prefix_path) using defaults
[0.682s] Level 5:colcon.colcon_core.verb:set package 'communication' build argument 'cmake_args' from command line to 'None'
[0.682s] Level 5:colcon.colcon_core.verb:set package 'communication' build argument 'cmake_target' from command line to 'None'
[0.682s] Level 5:colcon.colcon_core.verb:set package 'communication' build argument 'cmake_target_skip_unavailable' from command line to 'False'
[0.682s] Level 5:colcon.colcon_core.verb:set package 'communication' build argument 'cmake_clean_cache' from command line to 'False'
[0.682s] Level 5:colcon.colcon_core.verb:set package 'communication' build argument 'cmake_clean_first' from command line to 'False'
[0.682s] Level 5:colcon.colcon_core.verb:set package 'communication' build argument 'cmake_force_configure' from command line to 'False'
[0.682s] Level 5:colcon.colcon_core.verb:set package 'communication' build argument 'ament_cmake_args' from command line to 'None'
[0.682s] Level 5:colcon.colcon_core.verb:set package 'communication' build argument 'catkin_cmake_args' from command line to 'None'
[0.682s] Level 5:colcon.colcon_core.verb:set package 'communication' build argument 'catkin_skip_building_tests' from command line to 'False'
[0.682s] DEBUG:colcon.colcon_core.verb:Building package 'communication' with the following arguments: {'ament_cmake_args': None, 'build_base': '/home/didi_121/Rescue-Major/workspace/build/communication', 'catkin_cmake_args': None, 'catkin_skip_building_tests': False, 'cmake_args': None, 'cmake_clean_cache': False, 'cmake_clean_first': False, 'cmake_force_configure': False, 'cmake_target': None, 'cmake_target_skip_unavailable': False, 'install_base': '/home/didi_121/Rescue-Major/workspace/install/communication', 'merge_install': False, 'path': '/home/didi_121/Rescue-Major/workspace/communication', 'symlink_install': False, 'test_result_base': None}
[0.682s] INFO:colcon.colcon_core.executor:Executing jobs using 'parallel' executor
[0.684s] DEBUG:colcon.colcon_parallel_executor.executor.parallel:run_until_complete
[0.685s] INFO:colcon.colcon_ros.task.ament_cmake.build:Building ROS package in '/home/didi_121/Rescue-Major/workspace/communication' with build type 'ament_cmake'
[0.685s] INFO:colcon.colcon_cmake.task.cmake.build:Building CMake package in '/home/didi_121/Rescue-Major/workspace/communication'
[0.688s] INFO:colcon.colcon_core.plugin_system:Skipping extension 'colcon_core.shell.bat': Not used on non-Windows systems
[0.689s] INFO:colcon.colcon_core.shell:Skip shell extension 'powershell' for command environment: Not usable outside of PowerShell
[0.689s] DEBUG:colcon.colcon_core.shell:Skip shell extension 'dsv' for command environment
[0.705s] DEBUG:colcon.colcon_core.event_handler.log_command:Invoking command in '/home/didi_121/Rescue-Major/workspace/build/communication': CMAKE_PREFIX_PATH=${CMAKE_PREFIX_PATH}:/opt/ros/humble /usr/bin/cmake --build /home/didi_121/Rescue-Major/workspace/build/communication -- -j8 -l8
[1.656s] DEBUG:colcon.colcon_core.event_handler.log_command:Invoked command in '/home/didi_121/Rescue-Major/workspace/build/communication' returned '0': CMAKE_PREFIX_PATH=${CMAKE_PREFIX_PATH}:/opt/ros/humble /usr/bin/cmake --build /home/didi_121/Rescue-Major/workspace/build/communication -- -j8 -l8
[1.673s] DEBUG:colcon.colcon_core.event_handler.log_command:Invoking command in '/home/didi_121/Rescue-Major/workspace/build/communication': CMAKE_PREFIX_PATH=${CMAKE_PREFIX_PATH}:/opt/ros/humble /usr/bin/cmake --install /home/didi_121/Rescue-Major/workspace/build/communication
[1.690s] Level 1:colcon.colcon_core.environment:create_environment_scripts_only(communication)
[1.692s] DEBUG:colcon.colcon_core.event_handler.log_command:Invoked command in '/home/didi_121/Rescue-Major/workspace/build/communication' returned '0': CMAKE_PREFIX_PATH=${CMAKE_PREFIX_PATH}:/opt/ros/humble /usr/bin/cmake --install /home/didi_121/Rescue-Major/workspace/build/communication
[1.695s] Level 1:colcon.colcon_core.environment:checking '/home/didi_121/Rescue-Major/workspace/install/communication' for CMake module files
[1.696s] Level 1:colcon.colcon_core.environment:checking '/home/didi_121/Rescue-Major/workspace/install/communication' for CMake config files
[1.697s] Level 1:colcon.colcon_core.shell:create_environment_hook('communication', 'cmake_prefix_path')
[1.697s] INFO:colcon.colcon_core.shell:Creating environment hook '/home/didi_121/Rescue-Major/workspace/install/communication/share/communication/hook/cmake_prefix_path.ps1'
[1.698s] INFO:colcon.colcon_core.shell:Creating environment descriptor '/home/didi_121/Rescue-Major/workspace/install/communication/share/communication/hook/cmake_prefix_path.dsv'
[1.699s] INFO:colcon.colcon_core.shell:Creating environment hook '/home/didi_121/Rescue-Major/workspace/install/communication/share/communication/hook/cmake_prefix_path.sh'
[1.701s] Level 1:colcon.colcon_core.environment:checking '/home/didi_121/Rescue-Major/workspace/install/communication/lib'
[1.701s] Level 1:colcon.colcon_core.environment:checking '/home/didi_121/Rescue-Major/workspace/install/communication/bin'
[1.701s] Level 1:colcon.colcon_core.environment:checking '/home/didi_121/Rescue-Major/workspace/install/communication/lib/pkgconfig/communication.pc'
[1.702s] Level 1:colcon.colcon_core.environment:checking '/home/didi_121/Rescue-Major/workspace/install/communication/lib/python3.10/site-packages'
[1.702s] Level 1:colcon.colcon_core.environment:checking '/home/didi_121/Rescue-Major/workspace/install/communication/bin'
[1.703s] INFO:colcon.colcon_core.shell:Creating package script '/home/didi_121/Rescue-Major/workspace/install/communication/share/communication/package.ps1'
[1.704s] INFO:colcon.colcon_core.shell:Creating package descriptor '/home/didi_121/Rescue-Major/workspace/install/communication/share/communication/package.dsv'
[1.705s] INFO:colcon.colcon_core.shell:Creating package script '/home/didi_121/Rescue-Major/workspace/install/communication/share/communication/package.sh'
[1.707s] INFO:colcon.colcon_core.shell:Creating package script '/home/didi_121/Rescue-Major/workspace/install/communication/share/communication/package.bash'
[1.708s] INFO:colcon.colcon_core.shell:Creating package script '/home/didi_121/Rescue-Major/workspace/install/communication/share/communication/package.zsh'
[1.709s] Level 1:colcon.colcon_core.environment:create_file_with_runtime_dependencies(/home/didi_121/Rescue-Major/workspace/install/communication/share/colcon-core/packages/communication)
[1.710s] Level 1:colcon.colcon_core.environment:create_environment_scripts_only(communication)
[1.711s] Level 1:colcon.colcon_core.environment:checking '/home/didi_121/Rescue-Major/workspace/install/communication' for CMake module files
[1.712s] Level 1:colcon.colcon_core.environment:checking '/home/didi_121/Rescue-Major/workspace/install/communication' for CMake config files
[1.712s] Level 1:colcon.colcon_core.shell:create_environment_hook('communication', 'cmake_prefix_path')
[1.712s] INFO:colcon.colcon_core.shell:Creating environment hook '/home/didi_121/Rescue-Major/workspace/install/communication/share/communication/hook/cmake_prefix_path.ps1'
[1.713s] INFO:colcon.colcon_core.shell:Creating environment descriptor '/home/didi_121/Rescue-Major/workspace/install/communication/share/communication/hook/cmake_prefix_path.dsv'
[1.714s] INFO:colcon.colcon_core.shell:Creating environment hook '/home/didi_121/Rescue-Major/workspace/install/communication/share/communication/hook/cmake_prefix_path.sh'
[1.715s] Level 1:colcon.colcon_core.environment:checking '/home/didi_121/Rescue-Major/workspace/install/communication/lib'
[1.715s] Level 1:colcon.colcon_core.environment:checking '/home/didi_121/Rescue-Major/workspace/install/communication/bin'
[1.715s] Level 1:colcon.colcon_core.environment:checking '/home/didi_121/Rescue-Major/workspace/install/communication/lib/pkgconfig/communication.pc'
[1.716s] Level 1:colcon.colcon_core.environment:checking '/home/didi_121/Rescue-Major/workspace/install/communication/lib/python3.10/site-packages'
[1.716s] Level 1:colcon.colcon_core.environment:checking '/home/didi_121/Rescue-Major/workspace/install/communication/bin'
[1.717s] INFO:colcon.colcon_core.shell:Creating package script '/home/didi_121/Rescue-Major/workspace/install/communication/share/communication/package.ps1'
[1.718s] INFO:colcon.colcon_core.shell:Creating package descriptor '/home/didi_121/Rescue-Major/workspace/install/communication/share/communication/package.dsv'
[1.719s] INFO:colcon.colcon_core.shell:Creating package script '/home/didi_121/Rescue-Major/workspace/install/communication/share/communication/package.sh'
[1.720s] INFO:colcon.colcon_core.shell:Creating package script '/home/didi_121/Rescue-Major/workspace/install/communication/share/communication/package.bash'
[1.721s] INFO:colcon.colcon_core.shell:Creating package script '/home/didi_121/Rescue-Major/workspace/install/communication/share/communication/package.zsh'
[1.722s] Level 1:colcon.colcon_core.environment:create_file_with_runtime_dependencies(/home/didi_121/Rescue-Major/workspace/install/communication/share/colcon-core/packages/communication)
[1.722s] DEBUG:colcon.colcon_parallel_executor.executor.parallel:closing loop
[1.723s] DEBUG:colcon.colcon_parallel_executor.executor.parallel:loop closed
[1.723s] DEBUG:colcon.colcon_parallel_executor.executor.parallel:run_until_complete finished with '0'
[1.723s] DEBUG:colcon.colcon_core.event_reactor:joining thread
[1.732s] INFO:colcon.colcon_core.plugin_system:Skipping extension 'colcon_notification.desktop_notification.terminal_notifier': Not used on non-Darwin systems
[1.732s] INFO:colcon.colcon_core.plugin_system:Skipping extension 'colcon_notification.desktop_notification.win32': Not used on non-Windows systems
[1.732s] INFO:colcon.colcon_notification.desktop_notification:Sending desktop notification using 'notify2'
[1.752s] DEBUG:colcon.colcon_core.event_reactor:joined thread
[1.753s] INFO:colcon.colcon_core.shell:Creating prefix script '/home/didi_121/Rescue-Major/workspace/install/local_setup.ps1'
[1.755s] INFO:colcon.colcon_core.shell:Creating prefix util module '/home/didi_121/Rescue-Major/workspace/install/_local_setup_util_ps1.py'
[1.758s] INFO:colcon.colcon_core.shell:Creating prefix chain script '/home/didi_121/Rescue-Major/workspace/install/setup.ps1'
[1.760s] INFO:colcon.colcon_core.shell:Creating prefix script '/home/didi_121/Rescue-Major/workspace/install/local_setup.sh'
[1.761s] INFO:colcon.colcon_core.shell:Creating prefix util module '/home/didi_121/Rescue-Major/workspace/install/_local_setup_util_sh.py'
[1.762s] INFO:colcon.colcon_core.shell:Creating prefix chain script '/home/didi_121/Rescue-Major/workspace/install/setup.sh'
[1.764s] INFO:colcon.colcon_core.shell:Creating prefix script '/home/didi_121/Rescue-Major/workspace/install/local_setup.bash'
[1.765s] INFO:colcon.colcon_core.shell:Creating prefix chain script '/home/didi_121/Rescue-Major/workspace/install/setup.bash'
[1.767s] INFO:colcon.colcon_core.shell:Creating prefix script '/home/didi_121/Rescue-Major/workspace/install/local_setup.zsh'
[1.768s] INFO:colcon.colcon_core.shell:Creating prefix chain script '/home/didi_121/Rescue-Major/workspace/install/setup.zsh'
