[0.288s] DEBUG:colcon:Command line arguments: ['/usr/bin/colcon', 'build', '--packages-select', 'unitree_lidar_ros2']
[0.288s] DEBUG:colcon:Parsed command line arguments: Namespace(log_base=None, log_level=None, verb_name='build', build_base='build', install_base='install', merge_install=False, symlink_install=False, test_result_base=None, continue_on_error=False, executor='parallel', parallel_workers=8, event_handlers=None, ignore_user_meta=False, metas=['./colcon.meta'], base_paths=['.'], packages_ignore=None, packages_ignore_regex=None, paths=None, packages_up_to=None, packages_up_to_regex=None, packages_above=None, packages_above_and_dependencies=None, packages_above_depth=None, packages_select_by_dep=None, packages_skip_by_dep=None, packages_skip_up_to=None, packages_select_build_failed=False, packages_skip_build_finished=False, packages_select_test_failures=False, packages_skip_test_passed=False, packages_select=['unitree_lidar_ros2'], packages_skip=None, packages_select_regex=None, packages_skip_regex=None, packages_start=None, packages_end=None, allow_overriding=[], cmake_args=None, cmake_target=None, cmake_target_skip_unavailable=False, cmake_clean_cache=False, cmake_clean_first=False, cmake_force_configure=False, ament_cmake_args=None, catkin_cmake_args=None, catkin_skip_building_tests=False, mixin_files=None, mixin=None, verb_parser=<colcon_mixin.mixin.mixin_argument.MixinArgumentDecorator object at 0x7a3bacf7f8b0>, verb_extension=<colcon_core.verb.build.BuildVerb object at 0x7a3bacf7f040>, main=<bound method BuildVerb.main of <colcon_core.verb.build.BuildVerb object at 0x7a3bacf7f040>>, mixin_verb=('build',))
[0.816s] Level 1:colcon.colcon_core.package_discovery:discover_packages(colcon_meta) check parameters
[0.816s] Level 1:colcon.colcon_core.package_discovery:discover_packages(recursive) check parameters
[0.816s] Level 1:colcon.colcon_core.package_discovery:discover_packages(ignore) check parameters
[0.816s] Level 1:colcon.colcon_core.package_discovery:discover_packages(path) check parameters
[0.816s] Level 1:colcon.colcon_core.package_discovery:discover_packages(colcon_meta) discover
[0.816s] Level 1:colcon.colcon_core.package_discovery:discover_packages(recursive) discover
[0.816s] INFO:colcon.colcon_core.package_discovery:Crawling recursively for packages in '/home/aesir/Rescue-Major'
[0.816s] Level 1:colcon.colcon_core.package_identification:_identify(.) by extensions ['ignore', 'ignore_ament_install']
[0.816s] Level 1:colcon.colcon_core.package_identification:_identify(.) by extension 'ignore'
[0.816s] Level 1:colcon.colcon_core.package_identification:_identify(.) by extension 'ignore_ament_install'
[0.816s] Level 1:colcon.colcon_core.package_identification:_identify(.) by extensions ['colcon_pkg']
[0.816s] Level 1:colcon.colcon_core.package_identification:_identify(.) by extension 'colcon_pkg'
[0.817s] Level 1:colcon.colcon_core.package_identification:_identify(.) by extensions ['colcon_meta']
[0.817s] Level 1:colcon.colcon_core.package_identification:_identify(.) by extension 'colcon_meta'
[0.817s] Level 1:colcon.colcon_core.package_identification:_identify(.) by extensions ['ros']
[0.817s] Level 1:colcon.colcon_core.package_identification:_identify(.) by extension 'ros'
[0.883s] Level 1:colcon.colcon_core.package_identification:_identify(.) by extensions ['cmake', 'python']
[0.883s] Level 1:colcon.colcon_core.package_identification:_identify(.) by extension 'cmake'
[0.883s] Level 1:colcon.colcon_core.package_identification:_identify(.) by extension 'python'
[0.883s] Level 1:colcon.colcon_core.package_identification:_identify(.) by extensions ['python_setup_py']
[0.883s] Level 1:colcon.colcon_core.package_identification:_identify(.) by extension 'python_setup_py'
[0.883s] Level 1:colcon.colcon_core.package_identification:_identify(build) by extensions ['ignore', 'ignore_ament_install']
[0.883s] Level 1:colcon.colcon_core.package_identification:_identify(build) by extension 'ignore'
[0.883s] Level 1:colcon.colcon_core.package_identification:_identify(build) ignored
[0.883s] Level 1:colcon.colcon_core.package_identification:_identify(cloudfare) by extensions ['ignore', 'ignore_ament_install']
[0.883s] Level 1:colcon.colcon_core.package_identification:_identify(cloudfare) by extension 'ignore'
[0.884s] Level 1:colcon.colcon_core.package_identification:_identify(cloudfare) by extension 'ignore_ament_install'
[0.884s] Level 1:colcon.colcon_core.package_identification:_identify(cloudfare) by extensions ['colcon_pkg']
[0.884s] Level 1:colcon.colcon_core.package_identification:_identify(cloudfare) by extension 'colcon_pkg'
[0.884s] Level 1:colcon.colcon_core.package_identification:_identify(cloudfare) by extensions ['colcon_meta']
[0.884s] Level 1:colcon.colcon_core.package_identification:_identify(cloudfare) by extension 'colcon_meta'
[0.884s] Level 1:colcon.colcon_core.package_identification:_identify(cloudfare) by extensions ['ros']
[0.884s] Level 1:colcon.colcon_core.package_identification:_identify(cloudfare) by extension 'ros'
[0.884s] Level 1:colcon.colcon_core.package_identification:_identify(cloudfare) by extensions ['cmake', 'python']
[0.884s] Level 1:colcon.colcon_core.package_identification:_identify(cloudfare) by extension 'cmake'
[0.884s] Level 1:colcon.colcon_core.package_identification:_identify(cloudfare) by extension 'python'
[0.884s] Level 1:colcon.colcon_core.package_identification:_identify(cloudfare) by extensions ['python_setup_py']
[0.884s] Level 1:colcon.colcon_core.package_identification:_identify(cloudfare) by extension 'python_setup_py'
[0.884s] Level 1:colcon.colcon_core.package_identification:_identify(docs) by extensions ['ignore', 'ignore_ament_install']
[0.885s] Level 1:colcon.colcon_core.package_identification:_identify(docs) by extension 'ignore'
[0.885s] Level 1:colcon.colcon_core.package_identification:_identify(docs) by extension 'ignore_ament_install'
[0.885s] Level 1:colcon.colcon_core.package_identification:_identify(docs) by extensions ['colcon_pkg']
[0.885s] Level 1:colcon.colcon_core.package_identification:_identify(docs) by extension 'colcon_pkg'
[0.885s] Level 1:colcon.colcon_core.package_identification:_identify(docs) by extensions ['colcon_meta']
[0.885s] Level 1:colcon.colcon_core.package_identification:_identify(docs) by extension 'colcon_meta'
[0.885s] Level 1:colcon.colcon_core.package_identification:_identify(docs) by extensions ['ros']
[0.885s] Level 1:colcon.colcon_core.package_identification:_identify(docs) by extension 'ros'
[0.885s] Level 1:colcon.colcon_core.package_identification:_identify(docs) by extensions ['cmake', 'python']
[0.885s] Level 1:colcon.colcon_core.package_identification:_identify(docs) by extension 'cmake'
[0.885s] Level 1:colcon.colcon_core.package_identification:_identify(docs) by extension 'python'
[0.885s] Level 1:colcon.colcon_core.package_identification:_identify(docs) by extensions ['python_setup_py']
[0.885s] Level 1:colcon.colcon_core.package_identification:_identify(docs) by extension 'python_setup_py'
[0.885s] Level 1:colcon.colcon_core.package_identification:_identify(install) by extensions ['ignore', 'ignore_ament_install']
[0.886s] Level 1:colcon.colcon_core.package_identification:_identify(install) by extension 'ignore'
[0.886s] Level 1:colcon.colcon_core.package_identification:_identify(install) ignored
[0.886s] Level 1:colcon.colcon_core.package_identification:_identify(log) by extensions ['ignore', 'ignore_ament_install']
[0.886s] Level 1:colcon.colcon_core.package_identification:_identify(log) by extension 'ignore'
[0.886s] Level 1:colcon.colcon_core.package_identification:_identify(log) ignored
[0.886s] Level 1:colcon.colcon_core.package_identification:_identify(workspace) by extensions ['ignore', 'ignore_ament_install']
[0.886s] Level 1:colcon.colcon_core.package_identification:_identify(workspace) by extension 'ignore'
[0.886s] Level 1:colcon.colcon_core.package_identification:_identify(workspace) by extension 'ignore_ament_install'
[0.886s] Level 1:colcon.colcon_core.package_identification:_identify(workspace) by extensions ['colcon_pkg']
[0.886s] Level 1:colcon.colcon_core.package_identification:_identify(workspace) by extension 'colcon_pkg'
[0.886s] Level 1:colcon.colcon_core.package_identification:_identify(workspace) by extensions ['colcon_meta']
[0.887s] Level 1:colcon.colcon_core.package_identification:_identify(workspace) by extension 'colcon_meta'
[0.887s] Level 1:colcon.colcon_core.package_identification:_identify(workspace) by extensions ['ros']
[0.887s] Level 1:colcon.colcon_core.package_identification:_identify(workspace) by extension 'ros'
[0.887s] Level 1:colcon.colcon_core.package_identification:_identify(workspace) by extensions ['cmake', 'python']
[0.887s] Level 1:colcon.colcon_core.package_identification:_identify(workspace) by extension 'cmake'
[0.887s] Level 1:colcon.colcon_core.package_identification:_identify(workspace) by extension 'python'
[0.887s] Level 1:colcon.colcon_core.package_identification:_identify(workspace) by extensions ['python_setup_py']
[0.887s] Level 1:colcon.colcon_core.package_identification:_identify(workspace) by extension 'python_setup_py'
[0.887s] Level 1:colcon.colcon_core.package_identification:_identify(workspace/build) by extensions ['ignore', 'ignore_ament_install']
[0.887s] Level 1:colcon.colcon_core.package_identification:_identify(workspace/build) by extension 'ignore'
[0.887s] Level 1:colcon.colcon_core.package_identification:_identify(workspace/build) ignored
[0.887s] Level 1:colcon.colcon_core.package_identification:_identify(workspace/install) by extensions ['ignore', 'ignore_ament_install']
[0.887s] Level 1:colcon.colcon_core.package_identification:_identify(workspace/install) by extension 'ignore'
[0.888s] Level 1:colcon.colcon_core.package_identification:_identify(workspace/install) ignored
[0.888s] Level 1:colcon.colcon_core.package_identification:_identify(workspace/log) by extensions ['ignore', 'ignore_ament_install']
[0.888s] Level 1:colcon.colcon_core.package_identification:_identify(workspace/log) by extension 'ignore'
[0.888s] Level 1:colcon.colcon_core.package_identification:_identify(workspace/log) ignored
[0.888s] Level 1:colcon.colcon_core.package_identification:_identify(workspace/src) by extensions ['ignore', 'ignore_ament_install']
[0.888s] Level 1:colcon.colcon_core.package_identification:_identify(workspace/src) by extension 'ignore'
[0.888s] Level 1:colcon.colcon_core.package_identification:_identify(workspace/src) by extension 'ignore_ament_install'
[0.888s] Level 1:colcon.colcon_core.package_identification:_identify(workspace/src) by extensions ['colcon_pkg']
[0.888s] Level 1:colcon.colcon_core.package_identification:_identify(workspace/src) by extension 'colcon_pkg'
[0.888s] Level 1:colcon.colcon_core.package_identification:_identify(workspace/src) by extensions ['colcon_meta']
[0.888s] Level 1:colcon.colcon_core.package_identification:_identify(workspace/src) by extension 'colcon_meta'
[0.888s] Level 1:colcon.colcon_core.package_identification:_identify(workspace/src) by extensions ['ros']
[0.888s] Level 1:colcon.colcon_core.package_identification:_identify(workspace/src) by extension 'ros'
[0.889s] Level 1:colcon.colcon_core.package_identification:_identify(workspace/src) by extensions ['cmake', 'python']
[0.889s] Level 1:colcon.colcon_core.package_identification:_identify(workspace/src) by extension 'cmake'
[0.889s] Level 1:colcon.colcon_core.package_identification:_identify(workspace/src) by extension 'python'
[0.889s] Level 1:colcon.colcon_core.package_identification:_identify(workspace/src) by extensions ['python_setup_py']
[0.889s] Level 1:colcon.colcon_core.package_identification:_identify(workspace/src) by extension 'python_setup_py'
[0.889s] Level 1:colcon.colcon_core.package_identification:_identify(workspace/src/hardware) by extensions ['ignore', 'ignore_ament_install']
[0.889s] Level 1:colcon.colcon_core.package_identification:_identify(workspace/src/hardware) by extension 'ignore'
[0.889s] Level 1:colcon.colcon_core.package_identification:_identify(workspace/src/hardware) by extension 'ignore_ament_install'
[0.889s] Level 1:colcon.colcon_core.package_identification:_identify(workspace/src/hardware) by extensions ['colcon_pkg']
[0.889s] Level 1:colcon.colcon_core.package_identification:_identify(workspace/src/hardware) by extension 'colcon_pkg'
[0.889s] Level 1:colcon.colcon_core.package_identification:_identify(workspace/src/hardware) by extensions ['colcon_meta']
[0.889s] Level 1:colcon.colcon_core.package_identification:_identify(workspace/src/hardware) by extension 'colcon_meta'
[0.889s] Level 1:colcon.colcon_core.package_identification:_identify(workspace/src/hardware) by extensions ['ros']
[0.889s] Level 1:colcon.colcon_core.package_identification:_identify(workspace/src/hardware) by extension 'ros'
[0.894s] DEBUG:colcon.colcon_core.package_identification:Package 'workspace/src/hardware' with type 'ros.ament_cmake' and name 'hardware'
[0.894s] Level 1:colcon.colcon_core.package_identification:_identify(workspace/src/mapping) by extensions ['ignore', 'ignore_ament_install']
[0.894s] Level 1:colcon.colcon_core.package_identification:_identify(workspace/src/mapping) by extension 'ignore'
[0.894s] Level 1:colcon.colcon_core.package_identification:_identify(workspace/src/mapping) by extension 'ignore_ament_install'
[0.894s] Level 1:colcon.colcon_core.package_identification:_identify(workspace/src/mapping) by extensions ['colcon_pkg']
[0.895s] Level 1:colcon.colcon_core.package_identification:_identify(workspace/src/mapping) by extension 'colcon_pkg'
[0.895s] Level 1:colcon.colcon_core.package_identification:_identify(workspace/src/mapping) by extensions ['colcon_meta']
[0.895s] Level 1:colcon.colcon_core.package_identification:_identify(workspace/src/mapping) by extension 'colcon_meta'
[0.895s] Level 1:colcon.colcon_core.package_identification:_identify(workspace/src/mapping) by extensions ['ros']
[0.895s] Level 1:colcon.colcon_core.package_identification:_identify(workspace/src/mapping) by extension 'ros'
[0.897s] DEBUG:colcon.colcon_core.package_identification:Package 'workspace/src/mapping' with type 'ros.ament_cmake' and name 'mapping'
[0.897s] Level 1:colcon.colcon_core.package_identification:_identify(workspace/src/teleoperation) by extensions ['ignore', 'ignore_ament_install']
[0.897s] Level 1:colcon.colcon_core.package_identification:_identify(workspace/src/teleoperation) by extension 'ignore'
[0.897s] Level 1:colcon.colcon_core.package_identification:_identify(workspace/src/teleoperation) by extension 'ignore_ament_install'
[0.897s] Level 1:colcon.colcon_core.package_identification:_identify(workspace/src/teleoperation) by extensions ['colcon_pkg']
[0.898s] Level 1:colcon.colcon_core.package_identification:_identify(workspace/src/teleoperation) by extension 'colcon_pkg'
[0.898s] Level 1:colcon.colcon_core.package_identification:_identify(workspace/src/teleoperation) by extensions ['colcon_meta']
[0.898s] Level 1:colcon.colcon_core.package_identification:_identify(workspace/src/teleoperation) by extension 'colcon_meta'
[0.898s] Level 1:colcon.colcon_core.package_identification:_identify(workspace/src/teleoperation) by extensions ['ros']
[0.898s] Level 1:colcon.colcon_core.package_identification:_identify(workspace/src/teleoperation) by extension 'ros'
[0.899s] DEBUG:colcon.colcon_core.package_identification:Package 'workspace/src/teleoperation' with type 'ros.ament_cmake' and name 'teleoperation'
[0.900s] Level 1:colcon.colcon_core.package_identification:_identify(workspace/src/unilidar_sdk2) by extensions ['ignore', 'ignore_ament_install']
[0.900s] Level 1:colcon.colcon_core.package_identification:_identify(workspace/src/unilidar_sdk2) by extension 'ignore'
[0.900s] Level 1:colcon.colcon_core.package_identification:_identify(workspace/src/unilidar_sdk2) by extension 'ignore_ament_install'
[0.900s] Level 1:colcon.colcon_core.package_identification:_identify(workspace/src/unilidar_sdk2) by extensions ['colcon_pkg']
[0.900s] Level 1:colcon.colcon_core.package_identification:_identify(workspace/src/unilidar_sdk2) by extension 'colcon_pkg'
[0.900s] Level 1:colcon.colcon_core.package_identification:_identify(workspace/src/unilidar_sdk2) by extensions ['colcon_meta']
[0.900s] Level 1:colcon.colcon_core.package_identification:_identify(workspace/src/unilidar_sdk2) by extension 'colcon_meta'
[0.900s] Level 1:colcon.colcon_core.package_identification:_identify(workspace/src/unilidar_sdk2) by extensions ['ros']
[0.900s] Level 1:colcon.colcon_core.package_identification:_identify(workspace/src/unilidar_sdk2) by extension 'ros'
[0.900s] Level 1:colcon.colcon_core.package_identification:_identify(workspace/src/unilidar_sdk2) by extensions ['cmake', 'python']
[0.900s] Level 1:colcon.colcon_core.package_identification:_identify(workspace/src/unilidar_sdk2) by extension 'cmake'
[0.900s] Level 1:colcon.colcon_core.package_identification:_identify(workspace/src/unilidar_sdk2) by extension 'python'
[0.900s] Level 1:colcon.colcon_core.package_identification:_identify(workspace/src/unilidar_sdk2) by extensions ['python_setup_py']
[0.900s] Level 1:colcon.colcon_core.package_identification:_identify(workspace/src/unilidar_sdk2) by extension 'python_setup_py'
[0.901s] Level 1:colcon.colcon_core.package_identification:_identify(workspace/src/unilidar_sdk2/docs) by extensions ['ignore', 'ignore_ament_install']
[0.901s] Level 1:colcon.colcon_core.package_identification:_identify(workspace/src/unilidar_sdk2/docs) by extension 'ignore'
[0.901s] Level 1:colcon.colcon_core.package_identification:_identify(workspace/src/unilidar_sdk2/docs) by extension 'ignore_ament_install'
[0.901s] Level 1:colcon.colcon_core.package_identification:_identify(workspace/src/unilidar_sdk2/docs) by extensions ['colcon_pkg']
[0.901s] Level 1:colcon.colcon_core.package_identification:_identify(workspace/src/unilidar_sdk2/docs) by extension 'colcon_pkg'
[0.901s] Level 1:colcon.colcon_core.package_identification:_identify(workspace/src/unilidar_sdk2/docs) by extensions ['colcon_meta']
[0.901s] Level 1:colcon.colcon_core.package_identification:_identify(workspace/src/unilidar_sdk2/docs) by extension 'colcon_meta'
[0.901s] Level 1:colcon.colcon_core.package_identification:_identify(workspace/src/unilidar_sdk2/docs) by extensions ['ros']
[0.901s] Level 1:colcon.colcon_core.package_identification:_identify(workspace/src/unilidar_sdk2/docs) by extension 'ros'
[0.902s] Level 1:colcon.colcon_core.package_identification:_identify(workspace/src/unilidar_sdk2/docs) by extensions ['cmake', 'python']
[0.902s] Level 1:colcon.colcon_core.package_identification:_identify(workspace/src/unilidar_sdk2/docs) by extension 'cmake'
[0.902s] Level 1:colcon.colcon_core.package_identification:_identify(workspace/src/unilidar_sdk2/docs) by extension 'python'
[0.902s] Level 1:colcon.colcon_core.package_identification:_identify(workspace/src/unilidar_sdk2/docs) by extensions ['python_setup_py']
[0.902s] Level 1:colcon.colcon_core.package_identification:_identify(workspace/src/unilidar_sdk2/docs) by extension 'python_setup_py'
[0.902s] Level 1:colcon.colcon_core.package_identification:_identify(workspace/src/unilidar_sdk2/unitree_lidar_ros) by extensions ['ignore', 'ignore_ament_install']
[0.902s] Level 1:colcon.colcon_core.package_identification:_identify(workspace/src/unilidar_sdk2/unitree_lidar_ros) by extension 'ignore'
[0.902s] Level 1:colcon.colcon_core.package_identification:_identify(workspace/src/unilidar_sdk2/unitree_lidar_ros) by extension 'ignore_ament_install'
[0.902s] Level 1:colcon.colcon_core.package_identification:_identify(workspace/src/unilidar_sdk2/unitree_lidar_ros) by extensions ['colcon_pkg']
[0.902s] Level 1:colcon.colcon_core.package_identification:_identify(workspace/src/unilidar_sdk2/unitree_lidar_ros) by extension 'colcon_pkg'
[0.902s] Level 1:colcon.colcon_core.package_identification:_identify(workspace/src/unilidar_sdk2/unitree_lidar_ros) by extensions ['colcon_meta']
[0.902s] Level 1:colcon.colcon_core.package_identification:_identify(workspace/src/unilidar_sdk2/unitree_lidar_ros) by extension 'colcon_meta'
[0.903s] Level 1:colcon.colcon_core.package_identification:_identify(workspace/src/unilidar_sdk2/unitree_lidar_ros) by extensions ['ros']
[0.903s] Level 1:colcon.colcon_core.package_identification:_identify(workspace/src/unilidar_sdk2/unitree_lidar_ros) by extension 'ros'
[0.903s] Level 1:colcon.colcon_core.package_identification:_identify(workspace/src/unilidar_sdk2/unitree_lidar_ros) by extensions ['cmake', 'python']
[0.903s] Level 1:colcon.colcon_core.package_identification:_identify(workspace/src/unilidar_sdk2/unitree_lidar_ros) by extension 'cmake'
[0.903s] Level 1:colcon.colcon_core.package_identification:_identify(workspace/src/unilidar_sdk2/unitree_lidar_ros) by extension 'python'
[0.903s] Level 1:colcon.colcon_core.package_identification:_identify(workspace/src/unilidar_sdk2/unitree_lidar_ros) by extensions ['python_setup_py']
[0.903s] Level 1:colcon.colcon_core.package_identification:_identify(workspace/src/unilidar_sdk2/unitree_lidar_ros) by extension 'python_setup_py'
[0.903s] Level 1:colcon.colcon_core.package_identification:_identify(workspace/src/unilidar_sdk2/unitree_lidar_ros/src) by extensions ['ignore', 'ignore_ament_install']
[0.903s] Level 1:colcon.colcon_core.package_identification:_identify(workspace/src/unilidar_sdk2/unitree_lidar_ros/src) by extension 'ignore'
[0.904s] Level 1:colcon.colcon_core.package_identification:_identify(workspace/src/unilidar_sdk2/unitree_lidar_ros/src) by extension 'ignore_ament_install'
[0.904s] Level 1:colcon.colcon_core.package_identification:_identify(workspace/src/unilidar_sdk2/unitree_lidar_ros/src) by extensions ['colcon_pkg']
[0.904s] Level 1:colcon.colcon_core.package_identification:_identify(workspace/src/unilidar_sdk2/unitree_lidar_ros/src) by extension 'colcon_pkg'
[0.904s] Level 1:colcon.colcon_core.package_identification:_identify(workspace/src/unilidar_sdk2/unitree_lidar_ros/src) by extensions ['colcon_meta']
[0.904s] Level 1:colcon.colcon_core.package_identification:_identify(workspace/src/unilidar_sdk2/unitree_lidar_ros/src) by extension 'colcon_meta'
[0.904s] Level 1:colcon.colcon_core.package_identification:_identify(workspace/src/unilidar_sdk2/unitree_lidar_ros/src) by extensions ['ros']
[0.904s] Level 1:colcon.colcon_core.package_identification:_identify(workspace/src/unilidar_sdk2/unitree_lidar_ros/src) by extension 'ros'
[0.904s] Level 1:colcon.colcon_core.package_identification:_identify(workspace/src/unilidar_sdk2/unitree_lidar_ros/src) by extensions ['cmake', 'python']
[0.904s] Level 1:colcon.colcon_core.package_identification:_identify(workspace/src/unilidar_sdk2/unitree_lidar_ros/src) by extension 'cmake'
[0.904s] Level 1:colcon.colcon_core.package_identification:_identify(workspace/src/unilidar_sdk2/unitree_lidar_ros/src) by extension 'python'
[0.904s] Level 1:colcon.colcon_core.package_identification:_identify(workspace/src/unilidar_sdk2/unitree_lidar_ros/src) by extensions ['python_setup_py']
[0.904s] Level 1:colcon.colcon_core.package_identification:_identify(workspace/src/unilidar_sdk2/unitree_lidar_ros/src) by extension 'python_setup_py'
[0.904s] Level 1:colcon.colcon_core.package_identification:_identify(workspace/src/unilidar_sdk2/unitree_lidar_ros/src/unitree_lidar_ros) by extensions ['ignore', 'ignore_ament_install']
[0.904s] Level 1:colcon.colcon_core.package_identification:_identify(workspace/src/unilidar_sdk2/unitree_lidar_ros/src/unitree_lidar_ros) by extension 'ignore'
[0.905s] Level 1:colcon.colcon_core.package_identification:_identify(workspace/src/unilidar_sdk2/unitree_lidar_ros/src/unitree_lidar_ros) by extension 'ignore_ament_install'
[0.905s] Level 1:colcon.colcon_core.package_identification:_identify(workspace/src/unilidar_sdk2/unitree_lidar_ros/src/unitree_lidar_ros) by extensions ['colcon_pkg']
[0.905s] Level 1:colcon.colcon_core.package_identification:_identify(workspace/src/unilidar_sdk2/unitree_lidar_ros/src/unitree_lidar_ros) by extension 'colcon_pkg'
[0.905s] Level 1:colcon.colcon_core.package_identification:_identify(workspace/src/unilidar_sdk2/unitree_lidar_ros/src/unitree_lidar_ros) by extensions ['colcon_meta']
[0.905s] Level 1:colcon.colcon_core.package_identification:_identify(workspace/src/unilidar_sdk2/unitree_lidar_ros/src/unitree_lidar_ros) by extension 'colcon_meta'
[0.905s] Level 1:colcon.colcon_core.package_identification:_identify(workspace/src/unilidar_sdk2/unitree_lidar_ros/src/unitree_lidar_ros) by extensions ['ros']
[0.905s] Level 1:colcon.colcon_core.package_identification:_identify(workspace/src/unilidar_sdk2/unitree_lidar_ros/src/unitree_lidar_ros) by extension 'ros'
[0.907s] DEBUG:colcon.colcon_core.package_identification:Package 'workspace/src/unilidar_sdk2/unitree_lidar_ros/src/unitree_lidar_ros' with type 'ros.catkin' and name 'unitree_lidar_ros'
[0.907s] Level 1:colcon.colcon_core.package_identification:_identify(workspace/src/unilidar_sdk2/unitree_lidar_ros2) by extensions ['ignore', 'ignore_ament_install']
[0.907s] Level 1:colcon.colcon_core.package_identification:_identify(workspace/src/unilidar_sdk2/unitree_lidar_ros2) by extension 'ignore'
[0.907s] Level 1:colcon.colcon_core.package_identification:_identify(workspace/src/unilidar_sdk2/unitree_lidar_ros2) by extension 'ignore_ament_install'
[0.907s] Level 1:colcon.colcon_core.package_identification:_identify(workspace/src/unilidar_sdk2/unitree_lidar_ros2) by extensions ['colcon_pkg']
[0.907s] Level 1:colcon.colcon_core.package_identification:_identify(workspace/src/unilidar_sdk2/unitree_lidar_ros2) by extension 'colcon_pkg'
[0.907s] Level 1:colcon.colcon_core.package_identification:_identify(workspace/src/unilidar_sdk2/unitree_lidar_ros2) by extensions ['colcon_meta']
[0.907s] Level 1:colcon.colcon_core.package_identification:_identify(workspace/src/unilidar_sdk2/unitree_lidar_ros2) by extension 'colcon_meta'
[0.907s] Level 1:colcon.colcon_core.package_identification:_identify(workspace/src/unilidar_sdk2/unitree_lidar_ros2) by extensions ['ros']
[0.907s] Level 1:colcon.colcon_core.package_identification:_identify(workspace/src/unilidar_sdk2/unitree_lidar_ros2) by extension 'ros'
[0.907s] Level 1:colcon.colcon_core.package_identification:_identify(workspace/src/unilidar_sdk2/unitree_lidar_ros2) by extensions ['cmake', 'python']
[0.907s] Level 1:colcon.colcon_core.package_identification:_identify(workspace/src/unilidar_sdk2/unitree_lidar_ros2) by extension 'cmake'
[0.907s] Level 1:colcon.colcon_core.package_identification:_identify(workspace/src/unilidar_sdk2/unitree_lidar_ros2) by extension 'python'
[0.908s] Level 1:colcon.colcon_core.package_identification:_identify(workspace/src/unilidar_sdk2/unitree_lidar_ros2) by extensions ['python_setup_py']
[0.908s] Level 1:colcon.colcon_core.package_identification:_identify(workspace/src/unilidar_sdk2/unitree_lidar_ros2) by extension 'python_setup_py'
[0.908s] Level 1:colcon.colcon_core.package_identification:_identify(workspace/src/unilidar_sdk2/unitree_lidar_ros2/src) by extensions ['ignore', 'ignore_ament_install']
[0.908s] Level 1:colcon.colcon_core.package_identification:_identify(workspace/src/unilidar_sdk2/unitree_lidar_ros2/src) by extension 'ignore'
[0.908s] Level 1:colcon.colcon_core.package_identification:_identify(workspace/src/unilidar_sdk2/unitree_lidar_ros2/src) by extension 'ignore_ament_install'
[0.908s] Level 1:colcon.colcon_core.package_identification:_identify(workspace/src/unilidar_sdk2/unitree_lidar_ros2/src) by extensions ['colcon_pkg']
[0.908s] Level 1:colcon.colcon_core.package_identification:_identify(workspace/src/unilidar_sdk2/unitree_lidar_ros2/src) by extension 'colcon_pkg'
[0.908s] Level 1:colcon.colcon_core.package_identification:_identify(workspace/src/unilidar_sdk2/unitree_lidar_ros2/src) by extensions ['colcon_meta']
[0.908s] Level 1:colcon.colcon_core.package_identification:_identify(workspace/src/unilidar_sdk2/unitree_lidar_ros2/src) by extension 'colcon_meta'
[0.908s] Level 1:colcon.colcon_core.package_identification:_identify(workspace/src/unilidar_sdk2/unitree_lidar_ros2/src) by extensions ['ros']
[0.908s] Level 1:colcon.colcon_core.package_identification:_identify(workspace/src/unilidar_sdk2/unitree_lidar_ros2/src) by extension 'ros'
[0.908s] Level 1:colcon.colcon_core.package_identification:_identify(workspace/src/unilidar_sdk2/unitree_lidar_ros2/src) by extensions ['cmake', 'python']
[0.908s] Level 1:colcon.colcon_core.package_identification:_identify(workspace/src/unilidar_sdk2/unitree_lidar_ros2/src) by extension 'cmake'
[0.908s] Level 1:colcon.colcon_core.package_identification:_identify(workspace/src/unilidar_sdk2/unitree_lidar_ros2/src) by extension 'python'
[0.908s] Level 1:colcon.colcon_core.package_identification:_identify(workspace/src/unilidar_sdk2/unitree_lidar_ros2/src) by extensions ['python_setup_py']
[0.909s] Level 1:colcon.colcon_core.package_identification:_identify(workspace/src/unilidar_sdk2/unitree_lidar_ros2/src) by extension 'python_setup_py'
[0.909s] Level 1:colcon.colcon_core.package_identification:_identify(workspace/src/unilidar_sdk2/unitree_lidar_ros2/src/unitree_lidar_ros2) by extensions ['ignore', 'ignore_ament_install']
[0.909s] Level 1:colcon.colcon_core.package_identification:_identify(workspace/src/unilidar_sdk2/unitree_lidar_ros2/src/unitree_lidar_ros2) by extension 'ignore'
[0.909s] Level 1:colcon.colcon_core.package_identification:_identify(workspace/src/unilidar_sdk2/unitree_lidar_ros2/src/unitree_lidar_ros2) by extension 'ignore_ament_install'
[0.909s] Level 1:colcon.colcon_core.package_identification:_identify(workspace/src/unilidar_sdk2/unitree_lidar_ros2/src/unitree_lidar_ros2) by extensions ['colcon_pkg']
[0.909s] Level 1:colcon.colcon_core.package_identification:_identify(workspace/src/unilidar_sdk2/unitree_lidar_ros2/src/unitree_lidar_ros2) by extension 'colcon_pkg'
[0.909s] Level 1:colcon.colcon_core.package_identification:_identify(workspace/src/unilidar_sdk2/unitree_lidar_ros2/src/unitree_lidar_ros2) by extensions ['colcon_meta']
[0.909s] Level 1:colcon.colcon_core.package_identification:_identify(workspace/src/unilidar_sdk2/unitree_lidar_ros2/src/unitree_lidar_ros2) by extension 'colcon_meta'
[0.909s] Level 1:colcon.colcon_core.package_identification:_identify(workspace/src/unilidar_sdk2/unitree_lidar_ros2/src/unitree_lidar_ros2) by extensions ['ros']
[0.909s] Level 1:colcon.colcon_core.package_identification:_identify(workspace/src/unilidar_sdk2/unitree_lidar_ros2/src/unitree_lidar_ros2) by extension 'ros'
[0.911s] DEBUG:colcon.colcon_core.package_identification:Package 'workspace/src/unilidar_sdk2/unitree_lidar_ros2/src/unitree_lidar_ros2' with type 'ros.ament_cmake' and name 'unitree_lidar_ros2'
[0.911s] Level 1:colcon.colcon_core.package_identification:_identify(workspace/src/unilidar_sdk2/unitree_lidar_sdk) by extensions ['ignore', 'ignore_ament_install']
[0.911s] Level 1:colcon.colcon_core.package_identification:_identify(workspace/src/unilidar_sdk2/unitree_lidar_sdk) by extension 'ignore'
[0.911s] Level 1:colcon.colcon_core.package_identification:_identify(workspace/src/unilidar_sdk2/unitree_lidar_sdk) by extension 'ignore_ament_install'
[0.911s] Level 1:colcon.colcon_core.package_identification:_identify(workspace/src/unilidar_sdk2/unitree_lidar_sdk) by extensions ['colcon_pkg']
[0.911s] Level 1:colcon.colcon_core.package_identification:_identify(workspace/src/unilidar_sdk2/unitree_lidar_sdk) by extension 'colcon_pkg'
[0.911s] Level 1:colcon.colcon_core.package_identification:_identify(workspace/src/unilidar_sdk2/unitree_lidar_sdk) by extensions ['colcon_meta']
[0.911s] Level 1:colcon.colcon_core.package_identification:_identify(workspace/src/unilidar_sdk2/unitree_lidar_sdk) by extension 'colcon_meta'
[0.911s] Level 1:colcon.colcon_core.package_identification:_identify(workspace/src/unilidar_sdk2/unitree_lidar_sdk) by extensions ['ros']
[0.912s] Level 1:colcon.colcon_core.package_identification:_identify(workspace/src/unilidar_sdk2/unitree_lidar_sdk) by extension 'ros'
[0.912s] Level 1:colcon.colcon_core.package_identification:_identify(workspace/src/unilidar_sdk2/unitree_lidar_sdk) by extensions ['cmake', 'python']
[0.912s] Level 1:colcon.colcon_core.package_identification:_identify(workspace/src/unilidar_sdk2/unitree_lidar_sdk) by extension 'cmake'
[0.914s] Level 1:colcon.colcon_core.package_identification:_identify(workspace/src/unilidar_sdk2/unitree_lidar_sdk) by extension 'python'
[0.914s] DEBUG:colcon.colcon_core.package_identification:Package 'workspace/src/unilidar_sdk2/unitree_lidar_sdk' with type 'cmake' and name 'unitree_lidar_sdk'
[0.914s] Level 1:colcon.colcon_core.package_identification:_identify(workspace/src/vision) by extensions ['ignore', 'ignore_ament_install']
[0.914s] Level 1:colcon.colcon_core.package_identification:_identify(workspace/src/vision) by extension 'ignore'
[0.914s] Level 1:colcon.colcon_core.package_identification:_identify(workspace/src/vision) by extension 'ignore_ament_install'
[0.914s] Level 1:colcon.colcon_core.package_identification:_identify(workspace/src/vision) by extensions ['colcon_pkg']
[0.914s] Level 1:colcon.colcon_core.package_identification:_identify(workspace/src/vision) by extension 'colcon_pkg'
[0.915s] Level 1:colcon.colcon_core.package_identification:_identify(workspace/src/vision) by extensions ['colcon_meta']
[0.915s] Level 1:colcon.colcon_core.package_identification:_identify(workspace/src/vision) by extension 'colcon_meta'
[0.915s] Level 1:colcon.colcon_core.package_identification:_identify(workspace/src/vision) by extensions ['ros']
[0.915s] Level 1:colcon.colcon_core.package_identification:_identify(workspace/src/vision) by extension 'ros'
[0.916s] DEBUG:colcon.colcon_core.package_identification:Package 'workspace/src/vision' with type 'ros.ament_cmake' and name 'vision'
[0.916s] Level 1:colcon.colcon_core.package_discovery:discover_packages(recursive) using defaults
[0.916s] Level 1:colcon.colcon_core.package_discovery:discover_packages(ignore) discover
[0.917s] Level 1:colcon.colcon_core.package_discovery:discover_packages(ignore) using defaults
[0.917s] Level 1:colcon.colcon_core.package_discovery:discover_packages(path) discover
[0.917s] Level 1:colcon.colcon_core.package_discovery:discover_packages(path) using defaults
[0.960s] INFO:colcon.colcon_core.package_selection:Skipping not selected package 'hardware' in 'workspace/src/hardware'
[0.960s] INFO:colcon.colcon_core.package_selection:Skipping not selected package 'mapping' in 'workspace/src/mapping'
[0.960s] INFO:colcon.colcon_core.package_selection:Skipping not selected package 'teleoperation' in 'workspace/src/teleoperation'
[0.960s] INFO:colcon.colcon_core.package_selection:Skipping not selected package 'unitree_lidar_ros' in 'workspace/src/unilidar_sdk2/unitree_lidar_ros/src/unitree_lidar_ros'
[0.960s] INFO:colcon.colcon_core.package_selection:Skipping not selected package 'unitree_lidar_sdk' in 'workspace/src/unilidar_sdk2/unitree_lidar_sdk'
[0.960s] INFO:colcon.colcon_core.package_selection:Skipping not selected package 'vision' in 'workspace/src/vision'
[0.961s] Level 1:colcon.colcon_core.package_discovery:discover_packages(prefix_path) check parameters
[0.961s] Level 1:colcon.colcon_core.package_discovery:discover_packages(prefix_path) discover
[0.967s] DEBUG:colcon.colcon_installed_package_information.package_discovery:Found 395 installed packages in /opt/ros/humble
[0.970s] Level 1:colcon.colcon_core.package_discovery:discover_packages(prefix_path) using defaults
[1.039s] Level 5:colcon.colcon_core.verb:set package 'unitree_lidar_ros2' build argument 'cmake_args' from command line to 'None'
[1.039s] Level 5:colcon.colcon_core.verb:set package 'unitree_lidar_ros2' build argument 'cmake_target' from command line to 'None'
[1.039s] Level 5:colcon.colcon_core.verb:set package 'unitree_lidar_ros2' build argument 'cmake_target_skip_unavailable' from command line to 'False'
[1.039s] Level 5:colcon.colcon_core.verb:set package 'unitree_lidar_ros2' build argument 'cmake_clean_cache' from command line to 'False'
[1.039s] Level 5:colcon.colcon_core.verb:set package 'unitree_lidar_ros2' build argument 'cmake_clean_first' from command line to 'False'
[1.039s] Level 5:colcon.colcon_core.verb:set package 'unitree_lidar_ros2' build argument 'cmake_force_configure' from command line to 'False'
[1.039s] Level 5:colcon.colcon_core.verb:set package 'unitree_lidar_ros2' build argument 'ament_cmake_args' from command line to 'None'
[1.039s] Level 5:colcon.colcon_core.verb:set package 'unitree_lidar_ros2' build argument 'catkin_cmake_args' from command line to 'None'
[1.039s] Level 5:colcon.colcon_core.verb:set package 'unitree_lidar_ros2' build argument 'catkin_skip_building_tests' from command line to 'False'
[1.039s] DEBUG:colcon.colcon_core.verb:Building package 'unitree_lidar_ros2' with the following arguments: {'ament_cmake_args': None, 'build_base': '/home/aesir/Rescue-Major/build/unitree_lidar_ros2', 'catkin_cmake_args': None, 'catkin_skip_building_tests': False, 'cmake_args': None, 'cmake_clean_cache': False, 'cmake_clean_first': False, 'cmake_force_configure': False, 'cmake_target': None, 'cmake_target_skip_unavailable': False, 'install_base': '/home/aesir/Rescue-Major/install/unitree_lidar_ros2', 'merge_install': False, 'path': '/home/aesir/Rescue-Major/workspace/src/unilidar_sdk2/unitree_lidar_ros2/src/unitree_lidar_ros2', 'symlink_install': False, 'test_result_base': None}
[1.039s] INFO:colcon.colcon_core.executor:Executing jobs using 'parallel' executor
[1.041s] DEBUG:colcon.colcon_parallel_executor.executor.parallel:run_until_complete
[1.041s] INFO:colcon.colcon_ros.task.ament_cmake.build:Building ROS package in '/home/aesir/Rescue-Major/workspace/src/unilidar_sdk2/unitree_lidar_ros2/src/unitree_lidar_ros2' with build type 'ament_cmake'
[1.041s] INFO:colcon.colcon_cmake.task.cmake.build:Building CMake package in '/home/aesir/Rescue-Major/workspace/src/unilidar_sdk2/unitree_lidar_ros2/src/unitree_lidar_ros2'
[1.047s] INFO:colcon.colcon_core.plugin_system:Skipping extension 'colcon_core.shell.bat': Not used on non-Windows systems
[1.048s] INFO:colcon.colcon_core.shell:Skip shell extension 'powershell' for command environment: Not usable outside of PowerShell
[1.048s] DEBUG:colcon.colcon_core.shell:Skip shell extension 'dsv' for command environment
[1.071s] DEBUG:colcon.colcon_core.event_handler.log_command:Invoking command in '/home/aesir/Rescue-Major/build/unitree_lidar_ros2': CMAKE_PREFIX_PATH=/opt/ros/humble /usr/bin/cmake --build /home/aesir/Rescue-Major/build/unitree_lidar_ros2 -- -j8 -l8
[4.050s] DEBUG:colcon.colcon_core.event_handler.log_command:Invoked command in '/home/aesir/Rescue-Major/build/unitree_lidar_ros2' returned '0': CMAKE_PREFIX_PATH=/opt/ros/humble /usr/bin/cmake --build /home/aesir/Rescue-Major/build/unitree_lidar_ros2 -- -j8 -l8
[4.076s] DEBUG:colcon.colcon_core.event_handler.log_command:Invoking command in '/home/aesir/Rescue-Major/build/unitree_lidar_ros2': CMAKE_PREFIX_PATH=/opt/ros/humble /usr/bin/cmake --install /home/aesir/Rescue-Major/build/unitree_lidar_ros2
[4.097s] Level 1:colcon.colcon_core.environment:create_environment_scripts_only(unitree_lidar_ros2)
[4.098s] DEBUG:colcon.colcon_core.event_handler.log_command:Invoked command in '/home/aesir/Rescue-Major/build/unitree_lidar_ros2' returned '0': CMAKE_PREFIX_PATH=/opt/ros/humble /usr/bin/cmake --install /home/aesir/Rescue-Major/build/unitree_lidar_ros2
[4.106s] Level 1:colcon.colcon_core.environment:checking '/home/aesir/Rescue-Major/install/unitree_lidar_ros2' for CMake module files
[4.107s] Level 1:colcon.colcon_core.environment:checking '/home/aesir/Rescue-Major/install/unitree_lidar_ros2' for CMake config files
[4.107s] Level 1:colcon.colcon_core.shell:create_environment_hook('unitree_lidar_ros2', 'cmake_prefix_path')
[4.107s] INFO:colcon.colcon_core.shell:Creating environment hook '/home/aesir/Rescue-Major/install/unitree_lidar_ros2/share/unitree_lidar_ros2/hook/cmake_prefix_path.ps1'
[4.109s] INFO:colcon.colcon_core.shell:Creating environment descriptor '/home/aesir/Rescue-Major/install/unitree_lidar_ros2/share/unitree_lidar_ros2/hook/cmake_prefix_path.dsv'
[4.110s] INFO:colcon.colcon_core.shell:Creating environment hook '/home/aesir/Rescue-Major/install/unitree_lidar_ros2/share/unitree_lidar_ros2/hook/cmake_prefix_path.sh'
[4.111s] Level 1:colcon.colcon_core.environment:checking '/home/aesir/Rescue-Major/install/unitree_lidar_ros2/lib'
[4.111s] Level 1:colcon.colcon_core.environment:checking '/home/aesir/Rescue-Major/install/unitree_lidar_ros2/bin'
[4.111s] Level 1:colcon.colcon_core.environment:checking '/home/aesir/Rescue-Major/install/unitree_lidar_ros2/lib/pkgconfig/unitree_lidar_ros2.pc'
[4.111s] Level 1:colcon.colcon_core.environment:checking '/home/aesir/Rescue-Major/install/unitree_lidar_ros2/lib/python3.10/site-packages'
[4.112s] Level 1:colcon.colcon_core.environment:checking '/home/aesir/Rescue-Major/install/unitree_lidar_ros2/bin'
[4.112s] INFO:colcon.colcon_core.shell:Creating package script '/home/aesir/Rescue-Major/install/unitree_lidar_ros2/share/unitree_lidar_ros2/package.ps1'
[4.115s] INFO:colcon.colcon_core.shell:Creating package descriptor '/home/aesir/Rescue-Major/install/unitree_lidar_ros2/share/unitree_lidar_ros2/package.dsv'
[4.116s] INFO:colcon.colcon_core.shell:Creating package script '/home/aesir/Rescue-Major/install/unitree_lidar_ros2/share/unitree_lidar_ros2/package.sh'
[4.117s] INFO:colcon.colcon_core.shell:Creating package script '/home/aesir/Rescue-Major/install/unitree_lidar_ros2/share/unitree_lidar_ros2/package.bash'
[4.118s] INFO:colcon.colcon_core.shell:Creating package script '/home/aesir/Rescue-Major/install/unitree_lidar_ros2/share/unitree_lidar_ros2/package.zsh'
[4.119s] Level 1:colcon.colcon_core.environment:create_file_with_runtime_dependencies(/home/aesir/Rescue-Major/install/unitree_lidar_ros2/share/colcon-core/packages/unitree_lidar_ros2)
[4.120s] Level 1:colcon.colcon_core.environment:create_environment_scripts_only(unitree_lidar_ros2)
[4.120s] Level 1:colcon.colcon_core.environment:checking '/home/aesir/Rescue-Major/install/unitree_lidar_ros2' for CMake module files
[4.121s] Level 1:colcon.colcon_core.environment:checking '/home/aesir/Rescue-Major/install/unitree_lidar_ros2' for CMake config files
[4.121s] Level 1:colcon.colcon_core.shell:create_environment_hook('unitree_lidar_ros2', 'cmake_prefix_path')
[4.122s] INFO:colcon.colcon_core.shell:Creating environment hook '/home/aesir/Rescue-Major/install/unitree_lidar_ros2/share/unitree_lidar_ros2/hook/cmake_prefix_path.ps1'
[4.122s] INFO:colcon.colcon_core.shell:Creating environment descriptor '/home/aesir/Rescue-Major/install/unitree_lidar_ros2/share/unitree_lidar_ros2/hook/cmake_prefix_path.dsv'
[4.123s] INFO:colcon.colcon_core.shell:Creating environment hook '/home/aesir/Rescue-Major/install/unitree_lidar_ros2/share/unitree_lidar_ros2/hook/cmake_prefix_path.sh'
[4.123s] Level 1:colcon.colcon_core.environment:checking '/home/aesir/Rescue-Major/install/unitree_lidar_ros2/lib'
[4.124s] Level 1:colcon.colcon_core.environment:checking '/home/aesir/Rescue-Major/install/unitree_lidar_ros2/bin'
[4.124s] Level 1:colcon.colcon_core.environment:checking '/home/aesir/Rescue-Major/install/unitree_lidar_ros2/lib/pkgconfig/unitree_lidar_ros2.pc'
[4.124s] Level 1:colcon.colcon_core.environment:checking '/home/aesir/Rescue-Major/install/unitree_lidar_ros2/lib/python3.10/site-packages'
[4.124s] Level 1:colcon.colcon_core.environment:checking '/home/aesir/Rescue-Major/install/unitree_lidar_ros2/bin'
[4.125s] INFO:colcon.colcon_core.shell:Creating package script '/home/aesir/Rescue-Major/install/unitree_lidar_ros2/share/unitree_lidar_ros2/package.ps1'
[4.125s] INFO:colcon.colcon_core.shell:Creating package descriptor '/home/aesir/Rescue-Major/install/unitree_lidar_ros2/share/unitree_lidar_ros2/package.dsv'
[4.126s] INFO:colcon.colcon_core.shell:Creating package script '/home/aesir/Rescue-Major/install/unitree_lidar_ros2/share/unitree_lidar_ros2/package.sh'
[4.127s] INFO:colcon.colcon_core.shell:Creating package script '/home/aesir/Rescue-Major/install/unitree_lidar_ros2/share/unitree_lidar_ros2/package.bash'
[4.127s] INFO:colcon.colcon_core.shell:Creating package script '/home/aesir/Rescue-Major/install/unitree_lidar_ros2/share/unitree_lidar_ros2/package.zsh'
[4.128s] Level 1:colcon.colcon_core.environment:create_file_with_runtime_dependencies(/home/aesir/Rescue-Major/install/unitree_lidar_ros2/share/colcon-core/packages/unitree_lidar_ros2)
[4.128s] DEBUG:colcon.colcon_parallel_executor.executor.parallel:closing loop
[4.128s] DEBUG:colcon.colcon_parallel_executor.executor.parallel:loop closed
[4.129s] DEBUG:colcon.colcon_parallel_executor.executor.parallel:run_until_complete finished with '0'
[4.129s] DEBUG:colcon.colcon_core.event_reactor:joining thread
[4.149s] INFO:colcon.colcon_core.plugin_system:Skipping extension 'colcon_notification.desktop_notification.terminal_notifier': Not used on non-Darwin systems
[4.149s] INFO:colcon.colcon_core.plugin_system:Skipping extension 'colcon_notification.desktop_notification.win32': Not used on non-Windows systems
[4.149s] INFO:colcon.colcon_notification.desktop_notification:Sending desktop notification using 'notify2'
[4.179s] DEBUG:colcon.colcon_core.event_reactor:joined thread
[4.179s] INFO:colcon.colcon_core.shell:Creating prefix script '/home/aesir/Rescue-Major/install/local_setup.ps1'
[4.183s] INFO:colcon.colcon_core.shell:Creating prefix util module '/home/aesir/Rescue-Major/install/_local_setup_util_ps1.py'
[4.187s] INFO:colcon.colcon_core.shell:Creating prefix chain script '/home/aesir/Rescue-Major/install/setup.ps1'
[4.190s] INFO:colcon.colcon_core.shell:Creating prefix script '/home/aesir/Rescue-Major/install/local_setup.sh'
[4.192s] INFO:colcon.colcon_core.shell:Creating prefix util module '/home/aesir/Rescue-Major/install/_local_setup_util_sh.py'
[4.193s] INFO:colcon.colcon_core.shell:Creating prefix chain script '/home/aesir/Rescue-Major/install/setup.sh'
[4.195s] INFO:colcon.colcon_core.shell:Creating prefix script '/home/aesir/Rescue-Major/install/local_setup.bash'
[4.196s] INFO:colcon.colcon_core.shell:Creating prefix chain script '/home/aesir/Rescue-Major/install/setup.bash'
[4.198s] INFO:colcon.colcon_core.shell:Creating prefix script '/home/aesir/Rescue-Major/install/local_setup.zsh'
[4.200s] INFO:colcon.colcon_core.shell:Creating prefix chain script '/home/aesir/Rescue-Major/install/setup.zsh'
