running egg_info
creating build/GUI/GUI.egg-info
writing build/GUI/GUI.egg-info/PKG-INFO
writing dependency_links to build/GUI/GUI.egg-info/dependency_links.txt
writing entry points to build/GUI/GUI.egg-info/entry_points.txt
writing requirements to build/GUI/GUI.egg-info/requires.txt
writing top-level names to build/GUI/GUI.egg-info/top_level.txt
writing manifest file 'build/GUI/GUI.egg-info/SOURCES.txt'
reading manifest file 'build/GUI/GUI.egg-info/SOURCES.txt'
writing manifest file 'build/GUI/GUI.egg-info/SOURCES.txt'
running build
running build_py
creating /home/didi_121/Rescue-Major/workspace/GUI/build/GUI/build
creating /home/didi_121/Rescue-Major/workspace/GUI/build/GUI/build/lib
creating /home/didi_121/Rescue-Major/workspace/GUI/build/GUI/build/lib/GUI
copying GUI/__init__.py -> /home/didi_121/Rescue-Major/workspace/GUI/build/GUI/build/lib/GUI
copying GUI/server.py -> /home/didi_121/Rescue-Major/workspace/GUI/build/GUI/build/lib/GUI
running install
running install_lib
creating /home/didi_121/Rescue-Major/workspace/GUI/install/GUI/lib/python3.10/site-packages/GUI
copying /home/didi_121/Rescue-Major/workspace/GUI/build/GUI/build/lib/GUI/__init__.py -> /home/didi_121/Rescue-Major/workspace/GUI/install/GUI/lib/python3.10/site-packages/GUI
copying /home/didi_121/Rescue-Major/workspace/GUI/build/GUI/build/lib/GUI/server.py -> /home/didi_121/Rescue-Major/workspace/GUI/install/GUI/lib/python3.10/site-packages/GUI
byte-compiling /home/didi_121/Rescue-Major/workspace/GUI/install/GUI/lib/python3.10/site-packages/GUI/__init__.py to __init__.cpython-310.pyc
byte-compiling /home/didi_121/Rescue-Major/workspace/GUI/install/GUI/lib/python3.10/site-packages/GUI/server.py to server.cpython-310.pyc
running install_data
creating /home/didi_121/Rescue-Major/workspace/GUI/install/GUI/share
creating /home/didi_121/Rescue-Major/workspace/GUI/install/GUI/share/ament_index
creating /home/didi_121/Rescue-Major/workspace/GUI/install/GUI/share/ament_index/resource_index
creating /home/didi_121/Rescue-Major/workspace/GUI/install/GUI/share/ament_index/resource_index/packages
copying resource/GUI -> /home/didi_121/Rescue-Major/workspace/GUI/install/GUI/share/ament_index/resource_index/packages
creating /home/didi_121/Rescue-Major/workspace/GUI/install/GUI/share/GUI
copying package.xml -> /home/didi_121/Rescue-Major/workspace/GUI/install/GUI/share/GUI
running install_egg_info
Copying build/GUI/GUI.egg-info to /home/didi_121/Rescue-Major/workspace/GUI/install/GUI/lib/python3.10/site-packages/GUI-0.0.0-py3.10.egg-info
running install_scripts
Installing reader_bag script to /home/didi_121/Rescue-Major/workspace/GUI/install/GUI/lib/GUI
Installing server script to /home/didi_121/Rescue-Major/workspace/GUI/install/GUI/lib/GUI
writing list of installed files to '/home/didi_121/Rescue-Major/workspace/GUI/build/GUI/install.log'
