[1.705s] Invoking command in '/home/didi_121/Rescue-Major/workspace/GUI': PYTHONPATH=/home/didi_121/Rescue-Major/workspace/GUI/build/GUI/prefix_override:/usr/lib/python3/dist-packages/colcon_core/task/python/colcon_distutils_commands:/home/didi_121/Rescue-Major/workspace/GUI/install/GUI/lib/python3.10/site-packages:${PYTHONPATH} /usr/bin/python3 -W ignore:setup.py install is deprecated -W ignore:easy_install command is deprecated setup.py egg_info --egg-base build/GUI build --build-base /home/didi_121/Rescue-Major/workspace/GUI/build/GUI/build install --record /home/didi_121/Rescue-Major/workspace/GUI/build/GUI/install.log --single-version-externally-managed install_data
[2.228s] running egg_info
[2.229s] creating build/GUI/GUI.egg-info
[2.229s] writing build/GUI/GUI.egg-info/PKG-INFO
[2.230s] writing dependency_links to build/GUI/GUI.egg-info/dependency_links.txt
[2.230s] writing entry points to build/GUI/GUI.egg-info/entry_points.txt
[2.230s] writing requirements to build/GUI/GUI.egg-info/requires.txt
[2.231s] writing top-level names to build/GUI/GUI.egg-info/top_level.txt
[2.231s] writing manifest file 'build/GUI/GUI.egg-info/SOURCES.txt'
[2.235s] reading manifest file 'build/GUI/GUI.egg-info/SOURCES.txt'
[2.236s] writing manifest file 'build/GUI/GUI.egg-info/SOURCES.txt'
[2.236s] running build
[2.237s] running build_py
[2.237s] creating /home/didi_121/Rescue-Major/workspace/GUI/build/GUI/build
[2.237s] creating /home/didi_121/Rescue-Major/workspace/GUI/build/GUI/build/lib
[2.238s] creating /home/didi_121/Rescue-Major/workspace/GUI/build/GUI/build/lib/GUI
[2.238s] copying GUI/__init__.py -> /home/didi_121/Rescue-Major/workspace/GUI/build/GUI/build/lib/GUI
[2.238s] copying GUI/server.py -> /home/didi_121/Rescue-Major/workspace/GUI/build/GUI/build/lib/GUI
[2.238s] running install
[2.239s] running install_lib
[2.242s] creating /home/didi_121/Rescue-Major/workspace/GUI/install/GUI/lib/python3.10/site-packages/GUI
[2.242s] copying /home/didi_121/Rescue-Major/workspace/GUI/build/GUI/build/lib/GUI/__init__.py -> /home/didi_121/Rescue-Major/workspace/GUI/install/GUI/lib/python3.10/site-packages/GUI
[2.242s] copying /home/didi_121/Rescue-Major/workspace/GUI/build/GUI/build/lib/GUI/server.py -> /home/didi_121/Rescue-Major/workspace/GUI/install/GUI/lib/python3.10/site-packages/GUI
[2.244s] byte-compiling /home/didi_121/Rescue-Major/workspace/GUI/install/GUI/lib/python3.10/site-packages/GUI/__init__.py to __init__.cpython-310.pyc
[2.245s] byte-compiling /home/didi_121/Rescue-Major/workspace/GUI/install/GUI/lib/python3.10/site-packages/GUI/server.py to server.cpython-310.pyc
[2.252s] running install_data
[2.252s] creating /home/didi_121/Rescue-Major/workspace/GUI/install/GUI/share
[2.252s] creating /home/didi_121/Rescue-Major/workspace/GUI/install/GUI/share/ament_index
[2.253s] creating /home/didi_121/Rescue-Major/workspace/GUI/install/GUI/share/ament_index/resource_index
[2.253s] creating /home/didi_121/Rescue-Major/workspace/GUI/install/GUI/share/ament_index/resource_index/packages
[2.253s] copying resource/GUI -> /home/didi_121/Rescue-Major/workspace/GUI/install/GUI/share/ament_index/resource_index/packages
[2.253s] creating /home/didi_121/Rescue-Major/workspace/GUI/install/GUI/share/GUI
[2.253s] copying package.xml -> /home/didi_121/Rescue-Major/workspace/GUI/install/GUI/share/GUI
[2.253s] running install_egg_info
[2.257s] Copying build/GUI/GUI.egg-info to /home/didi_121/Rescue-Major/workspace/GUI/install/GUI/lib/python3.10/site-packages/GUI-0.0.0-py3.10.egg-info
[2.260s] running install_scripts
[2.313s] Installing reader_bag script to /home/didi_121/Rescue-Major/workspace/GUI/install/GUI/lib/GUI
[2.313s] Installing server script to /home/didi_121/Rescue-Major/workspace/GUI/install/GUI/lib/GUI
[2.314s] writing list of installed files to '/home/didi_121/Rescue-Major/workspace/GUI/build/GUI/install.log'
[2.371s] Invoked command in '/home/didi_121/Rescue-Major/workspace/GUI' returned '0': PYTHONPATH=/home/didi_121/Rescue-Major/workspace/GUI/build/GUI/prefix_override:/usr/lib/python3/dist-packages/colcon_core/task/python/colcon_distutils_commands:/home/didi_121/Rescue-Major/workspace/GUI/install/GUI/lib/python3.10/site-packages:${PYTHONPATH} /usr/bin/python3 -W ignore:setup.py install is deprecated -W ignore:easy_install command is deprecated setup.py egg_info --egg-base build/GUI build --build-base /home/didi_121/Rescue-Major/workspace/GUI/build/GUI/build install --record /home/didi_121/Rescue-Major/workspace/GUI/build/GUI/install.log --single-version-externally-managed install_data
