[0.245s] DEBUG:colcon:Command line arguments: ['/usr/bin/colcon', 'build']
[0.246s] DEBUG:colcon:Parsed command line arguments: Namespace(log_base=None, log_level=None, verb_name='build', build_base='build', install_base='install', merge_install=False, symlink_install=False, test_result_base=None, continue_on_error=False, executor='parallel', parallel_workers=8, event_handlers=None, ignore_user_meta=False, metas=['./colcon.meta'], base_paths=['.'], packages_ignore=None, packages_ignore_regex=None, paths=None, packages_up_to=None, packages_up_to_regex=None, packages_above=None, packages_above_and_dependencies=None, packages_above_depth=None, packages_select_by_dep=None, packages_skip_by_dep=None, packages_skip_up_to=None, packages_select_build_failed=False, packages_skip_build_finished=False, packages_select_test_failures=False, packages_skip_test_passed=False, packages_select=None, packages_skip=None, packages_select_regex=None, packages_skip_regex=None, packages_start=None, packages_end=None, allow_overriding=[], cmake_args=None, cmake_target=None, cmake_target_skip_unavailable=False, cmake_clean_cache=False, cmake_clean_first=False, cmake_force_configure=False, ament_cmake_args=None, catkin_cmake_args=None, catkin_skip_building_tests=False, mixin_files=None, mixin=None, verb_parser=<colcon_mixin.mixin.mixin_argument.MixinArgumentDecorator object at 0x7a89845258d0>, verb_extension=<colcon_core.verb.build.BuildVerb object at 0x7a8984524eb0>, main=<bound method BuildVerb.main of <colcon_core.verb.build.BuildVerb object at 0x7a8984524eb0>>, mixin_verb=('build',))
[0.652s] Level 1:colcon.colcon_core.package_discovery:discover_packages(colcon_meta) check parameters
[0.653s] Level 1:colcon.colcon_core.package_discovery:discover_packages(recursive) check parameters
[0.653s] Level 1:colcon.colcon_core.package_discovery:discover_packages(ignore) check parameters
[0.653s] Level 1:colcon.colcon_core.package_discovery:discover_packages(path) check parameters
[0.653s] Level 1:colcon.colcon_core.package_discovery:discover_packages(colcon_meta) discover
[0.653s] Level 1:colcon.colcon_core.package_discovery:discover_packages(recursive) discover
[0.653s] INFO:colcon.colcon_core.package_discovery:Crawling recursively for packages in '/home/didi_121/Rescue-Major/workspace/GUI'
[0.653s] Level 1:colcon.colcon_core.package_identification:_identify(.) by extensions ['ignore', 'ignore_ament_install']
[0.654s] Level 1:colcon.colcon_core.package_identification:_identify(.) by extension 'ignore'
[0.654s] Level 1:colcon.colcon_core.package_identification:_identify(.) by extension 'ignore_ament_install'
[0.654s] Level 1:colcon.colcon_core.package_identification:_identify(.) by extensions ['colcon_pkg']
[0.654s] Level 1:colcon.colcon_core.package_identification:_identify(.) by extension 'colcon_pkg'
[0.654s] Level 1:colcon.colcon_core.package_identification:_identify(.) by extensions ['colcon_meta']
[0.654s] Level 1:colcon.colcon_core.package_identification:_identify(.) by extension 'colcon_meta'
[0.654s] Level 1:colcon.colcon_core.package_identification:_identify(.) by extensions ['ros']
[0.654s] Level 1:colcon.colcon_core.package_identification:_identify(.) by extension 'ros'
[0.683s] DEBUG:colcon.colcon_core.package_identification:Failed to parse potential ROS package manifest in'.': Error(s) in package './package.xml':
The manifest contains invalid XML:
mismatched tag: line 20, column 2
[0.684s] Level 1:colcon.colcon_core.package_identification:_identify(.) by extensions ['cmake', 'python']
[0.684s] Level 1:colcon.colcon_core.package_identification:_identify(.) by extension 'cmake'
[0.684s] Level 1:colcon.colcon_core.package_identification:_identify(.) by extension 'python'
[0.684s] DEBUG:colcon.colcon_core.package_identification:Python package in '.' passes arguments to the setup() function which requires a different identification extension than 'python'
[0.684s] Level 1:colcon.colcon_core.package_identification:_identify(.) by extensions ['python_setup_py']
[0.684s] Level 1:colcon.colcon_core.package_identification:_identify(.) by extension 'python_setup_py'
[1.255s] DEBUG:colcon.colcon_core.package_identification:Package '.' with type 'python' and name 'GUI'
[1.255s] Level 1:colcon.colcon_core.package_discovery:discover_packages(recursive) using defaults
[1.255s] Level 1:colcon.colcon_core.package_discovery:discover_packages(ignore) discover
[1.255s] Level 1:colcon.colcon_core.package_discovery:discover_packages(ignore) using defaults
[1.255s] Level 1:colcon.colcon_core.package_discovery:discover_packages(path) discover
[1.255s] Level 1:colcon.colcon_core.package_discovery:discover_packages(path) using defaults
[1.325s] Level 1:colcon.colcon_core.package_discovery:discover_packages(prefix_path) check parameters
[1.325s] Level 1:colcon.colcon_core.package_discovery:discover_packages(prefix_path) discover
[1.333s] DEBUG:colcon.colcon_installed_package_information.package_discovery:Found 271 installed packages in /opt/ros/humble
[1.337s] Level 1:colcon.colcon_core.package_discovery:discover_packages(prefix_path) using defaults
[1.415s] Level 5:colcon.colcon_core.verb:set package 'GUI' build argument 'cmake_args' from command line to 'None'
[1.415s] Level 5:colcon.colcon_core.verb:set package 'GUI' build argument 'cmake_target' from command line to 'None'
[1.415s] Level 5:colcon.colcon_core.verb:set package 'GUI' build argument 'cmake_target_skip_unavailable' from command line to 'False'
[1.416s] Level 5:colcon.colcon_core.verb:set package 'GUI' build argument 'cmake_clean_cache' from command line to 'False'
[1.416s] Level 5:colcon.colcon_core.verb:set package 'GUI' build argument 'cmake_clean_first' from command line to 'False'
[1.416s] Level 5:colcon.colcon_core.verb:set package 'GUI' build argument 'cmake_force_configure' from command line to 'False'
[1.416s] Level 5:colcon.colcon_core.verb:set package 'GUI' build argument 'ament_cmake_args' from command line to 'None'
[1.416s] Level 5:colcon.colcon_core.verb:set package 'GUI' build argument 'catkin_cmake_args' from command line to 'None'
[1.416s] Level 5:colcon.colcon_core.verb:set package 'GUI' build argument 'catkin_skip_building_tests' from command line to 'False'
[1.416s] DEBUG:colcon.colcon_core.verb:Building package 'GUI' with the following arguments: {'ament_cmake_args': None, 'build_base': '/home/didi_121/Rescue-Major/workspace/GUI/build/GUI', 'catkin_cmake_args': None, 'catkin_skip_building_tests': False, 'cmake_args': None, 'cmake_clean_cache': False, 'cmake_clean_first': False, 'cmake_force_configure': False, 'cmake_target': None, 'cmake_target_skip_unavailable': False, 'install_base': '/home/didi_121/Rescue-Major/workspace/GUI/install/GUI', 'merge_install': False, 'path': '/home/didi_121/Rescue-Major/workspace/GUI', 'symlink_install': False, 'test_result_base': None}
[1.416s] INFO:colcon.colcon_core.executor:Executing jobs using 'parallel' executor
[1.418s] DEBUG:colcon.colcon_parallel_executor.executor.parallel:run_until_complete
[1.419s] INFO:colcon.colcon_core.task.python.build:Building Python package in '/home/didi_121/Rescue-Major/workspace/GUI'
[1.424s] INFO:colcon.colcon_core.plugin_system:Skipping extension 'colcon_core.shell.bat': Not used on non-Windows systems
[1.425s] INFO:colcon.colcon_core.shell:Skip shell extension 'powershell' for command environment: Not usable outside of PowerShell
[1.425s] DEBUG:colcon.colcon_core.shell:Skip shell extension 'dsv' for command environment
[2.735s] DEBUG:colcon.colcon_core.event_handler.log_command:Invoking command in '/home/didi_121/Rescue-Major/workspace/GUI': PYTHONPATH=/home/didi_121/Rescue-Major/workspace/GUI/build/GUI/prefix_override:/usr/lib/python3/dist-packages/colcon_core/task/python/colcon_distutils_commands:/home/didi_121/Rescue-Major/workspace/GUI/install/GUI/lib/python3.10/site-packages:${PYTHONPATH} /usr/bin/python3 -W ignore:setup.py install is deprecated -W ignore:easy_install command is deprecated setup.py egg_info --egg-base build/GUI build --build-base /home/didi_121/Rescue-Major/workspace/GUI/build/GUI/build install --record /home/didi_121/Rescue-Major/workspace/GUI/build/GUI/install.log --single-version-externally-managed install_data
[3.376s] DEBUG:colcon.colcon_core.event_handler.log_command:Invoked command in '/home/didi_121/Rescue-Major/workspace/GUI' returned '0': PYTHONPATH=/home/didi_121/Rescue-Major/workspace/GUI/build/GUI/prefix_override:/usr/lib/python3/dist-packages/colcon_core/task/python/colcon_distutils_commands:/home/didi_121/Rescue-Major/workspace/GUI/install/GUI/lib/python3.10/site-packages:${PYTHONPATH} /usr/bin/python3 -W ignore:setup.py install is deprecated -W ignore:easy_install command is deprecated setup.py egg_info --egg-base build/GUI build --build-base /home/didi_121/Rescue-Major/workspace/GUI/build/GUI/build install --record /home/didi_121/Rescue-Major/workspace/GUI/build/GUI/install.log --single-version-externally-managed install_data
[3.384s] Level 1:colcon.colcon_core.environment:checking '/home/didi_121/Rescue-Major/workspace/GUI/install/GUI' for CMake module files
[3.385s] Level 1:colcon.colcon_core.environment:checking '/home/didi_121/Rescue-Major/workspace/GUI/install/GUI' for CMake config files
[3.386s] Level 1:colcon.colcon_core.environment:checking '/home/didi_121/Rescue-Major/workspace/GUI/install/GUI/lib'
[3.387s] Level 1:colcon.colcon_core.environment:checking '/home/didi_121/Rescue-Major/workspace/GUI/install/GUI/bin'
[3.387s] Level 1:colcon.colcon_core.shell:create_environment_hook('GUI', 'path')
[3.387s] INFO:colcon.colcon_core.shell:Creating environment hook '/home/didi_121/Rescue-Major/workspace/GUI/install/GUI/share/GUI/hook/path.ps1'
[3.389s] INFO:colcon.colcon_core.shell:Creating environment descriptor '/home/didi_121/Rescue-Major/workspace/GUI/install/GUI/share/GUI/hook/path.dsv'
[3.390s] INFO:colcon.colcon_core.shell:Creating environment hook '/home/didi_121/Rescue-Major/workspace/GUI/install/GUI/share/GUI/hook/path.sh'
[3.392s] Level 1:colcon.colcon_core.environment:checking '/home/didi_121/Rescue-Major/workspace/GUI/install/GUI/lib/pkgconfig/GUI.pc'
[3.392s] Level 1:colcon.colcon_core.environment:checking '/home/didi_121/Rescue-Major/workspace/GUI/install/GUI/lib/python3.10/site-packages'
[3.392s] Level 1:colcon.colcon_core.shell:create_environment_hook('GUI', 'pythonpath')
[3.393s] INFO:colcon.colcon_core.shell:Creating environment hook '/home/didi_121/Rescue-Major/workspace/GUI/install/GUI/share/GUI/hook/pythonpath.ps1'
[3.394s] INFO:colcon.colcon_core.shell:Creating environment descriptor '/home/didi_121/Rescue-Major/workspace/GUI/install/GUI/share/GUI/hook/pythonpath.dsv'
[3.394s] INFO:colcon.colcon_core.shell:Creating environment hook '/home/didi_121/Rescue-Major/workspace/GUI/install/GUI/share/GUI/hook/pythonpath.sh'
[3.395s] Level 1:colcon.colcon_core.environment:checking '/home/didi_121/Rescue-Major/workspace/GUI/install/GUI/bin'
[3.396s] Level 1:colcon.colcon_core.shell:create_environment_hook('GUI', 'pythonscriptspath')
[3.396s] INFO:colcon.colcon_core.shell:Creating environment hook '/home/didi_121/Rescue-Major/workspace/GUI/install/GUI/share/GUI/hook/pythonscriptspath.ps1'
[3.397s] INFO:colcon.colcon_core.shell:Creating environment descriptor '/home/didi_121/Rescue-Major/workspace/GUI/install/GUI/share/GUI/hook/pythonscriptspath.dsv'
[3.397s] INFO:colcon.colcon_core.shell:Creating environment hook '/home/didi_121/Rescue-Major/workspace/GUI/install/GUI/share/GUI/hook/pythonscriptspath.sh'
[3.398s] Level 1:colcon.colcon_core.environment:create_environment_scripts_only(GUI)
[3.399s] INFO:colcon.colcon_core.shell:Creating package script '/home/didi_121/Rescue-Major/workspace/GUI/install/GUI/share/GUI/package.ps1'
[3.401s] INFO:colcon.colcon_core.shell:Creating package descriptor '/home/didi_121/Rescue-Major/workspace/GUI/install/GUI/share/GUI/package.dsv'
[3.403s] INFO:colcon.colcon_core.shell:Creating package script '/home/didi_121/Rescue-Major/workspace/GUI/install/GUI/share/GUI/package.sh'
[3.405s] INFO:colcon.colcon_core.shell:Creating package script '/home/didi_121/Rescue-Major/workspace/GUI/install/GUI/share/GUI/package.bash'
[3.407s] INFO:colcon.colcon_core.shell:Creating package script '/home/didi_121/Rescue-Major/workspace/GUI/install/GUI/share/GUI/package.zsh'
[3.409s] Level 1:colcon.colcon_core.environment:create_file_with_runtime_dependencies(/home/didi_121/Rescue-Major/workspace/GUI/install/GUI/share/colcon-core/packages/GUI)
[3.410s] DEBUG:colcon.colcon_parallel_executor.executor.parallel:closing loop
[3.412s] DEBUG:colcon.colcon_parallel_executor.executor.parallel:loop closed
[3.412s] DEBUG:colcon.colcon_parallel_executor.executor.parallel:run_until_complete finished with '0'
[3.412s] DEBUG:colcon.colcon_core.event_reactor:joining thread
[3.424s] INFO:colcon.colcon_core.plugin_system:Skipping extension 'colcon_notification.desktop_notification.terminal_notifier': Not used on non-Darwin systems
[3.424s] INFO:colcon.colcon_core.plugin_system:Skipping extension 'colcon_notification.desktop_notification.win32': Not used on non-Windows systems
[3.424s] INFO:colcon.colcon_notification.desktop_notification:Sending desktop notification using 'notify2'
[3.476s] DEBUG:colcon.colcon_core.event_reactor:joined thread
[3.477s] INFO:colcon.colcon_core.shell:Creating prefix script '/home/didi_121/Rescue-Major/workspace/GUI/install/local_setup.ps1'
[3.481s] INFO:colcon.colcon_core.shell:Creating prefix util module '/home/didi_121/Rescue-Major/workspace/GUI/install/_local_setup_util_ps1.py'
[3.487s] INFO:colcon.colcon_core.shell:Creating prefix chain script '/home/didi_121/Rescue-Major/workspace/GUI/install/setup.ps1'
[3.493s] INFO:colcon.colcon_core.shell:Creating prefix script '/home/didi_121/Rescue-Major/workspace/GUI/install/local_setup.sh'
[3.496s] INFO:colcon.colcon_core.shell:Creating prefix util module '/home/didi_121/Rescue-Major/workspace/GUI/install/_local_setup_util_sh.py'
[3.498s] INFO:colcon.colcon_core.shell:Creating prefix chain script '/home/didi_121/Rescue-Major/workspace/GUI/install/setup.sh'
[3.502s] INFO:colcon.colcon_core.shell:Creating prefix script '/home/didi_121/Rescue-Major/workspace/GUI/install/local_setup.bash'
[3.504s] INFO:colcon.colcon_core.shell:Creating prefix chain script '/home/didi_121/Rescue-Major/workspace/GUI/install/setup.bash'
[3.507s] INFO:colcon.colcon_core.shell:Creating prefix script '/home/didi_121/Rescue-Major/workspace/GUI/install/local_setup.zsh'
[3.508s] INFO:colcon.colcon_core.shell:Creating prefix chain script '/home/didi_121/Rescue-Major/workspace/GUI/install/setup.zsh'
