[0.016s] Invoking command in '/home/didi_121/Rescue-Major/workspace/vision/build/vision': /usr/bin/cmake --build /home/didi_121/Rescue-Major/workspace/vision/build/vision -- -j8 -l8
[0.144s] [ 50%] [32m[1mLinking CXX executable video_stream_publisher[0m
[1.198s] [100%] Built target video_stream_publisher
[1.217s] Invoked command in '/home/didi_121/Rescue-Major/workspace/vision/build/vision' returned '0': /usr/bin/cmake --build /home/didi_121/Rescue-Major/workspace/vision/build/vision -- -j8 -l8
[1.234s] Invoking command in '/home/didi_121/Rescue-Major/workspace/vision/build/vision': /usr/bin/cmake --install /home/didi_121/Rescue-Major/workspace/vision/build/vision
[1.247s] -- Install configuration: ""
[1.248s] -- Installing: /home/didi_121/Rescue-Major/workspace/vision/install/vision/lib/vision/video_stream_publisher
[1.250s] -- Set runtime path of "/home/didi_121/Rescue-Major/workspace/vision/install/vision/lib/vision/video_stream_publisher" to ""
[1.250s] -- Up-to-date: /home/didi_121/Rescue-Major/workspace/vision/install/vision/share/ament_index/resource_index/package_run_dependencies/vision
[1.251s] -- Up-to-date: /home/didi_121/Rescue-Major/workspace/vision/install/vision/share/ament_index/resource_index/parent_prefix_path/vision
[1.251s] -- Up-to-date: /home/didi_121/Rescue-Major/workspace/vision/install/vision/share/vision/environment/ament_prefix_path.sh
[1.251s] -- Up-to-date: /home/didi_121/Rescue-Major/workspace/vision/install/vision/share/vision/environment/ament_prefix_path.dsv
[1.251s] -- Up-to-date: /home/didi_121/Rescue-Major/workspace/vision/install/vision/share/vision/environment/path.sh
[1.251s] -- Up-to-date: /home/didi_121/Rescue-Major/workspace/vision/install/vision/share/vision/environment/path.dsv
[1.251s] -- Up-to-date: /home/didi_121/Rescue-Major/workspace/vision/install/vision/share/vision/local_setup.bash
[1.252s] -- Up-to-date: /home/didi_121/Rescue-Major/workspace/vision/install/vision/share/vision/local_setup.sh
[1.252s] -- Up-to-date: /home/didi_121/Rescue-Major/workspace/vision/install/vision/share/vision/local_setup.zsh
[1.252s] -- Up-to-date: /home/didi_121/Rescue-Major/workspace/vision/install/vision/share/vision/local_setup.dsv
[1.252s] -- Installing: /home/didi_121/Rescue-Major/workspace/vision/install/vision/share/vision/package.dsv
[1.252s] -- Up-to-date: /home/didi_121/Rescue-Major/workspace/vision/install/vision/share/ament_index/resource_index/packages/vision
[1.252s] -- Up-to-date: /home/didi_121/Rescue-Major/workspace/vision/install/vision/share/vision/cmake/visionConfig.cmake
[1.252s] -- Up-to-date: /home/didi_121/Rescue-Major/workspace/vision/install/vision/share/vision/cmake/visionConfig-version.cmake
[1.252s] -- Up-to-date: /home/didi_121/Rescue-Major/workspace/vision/install/vision/share/vision/package.xml
[1.255s] Invoked command in '/home/didi_121/Rescue-Major/workspace/vision/build/vision' returned '0': /usr/bin/cmake --install /home/didi_121/Rescue-Major/workspace/vision/build/vision
