running egg_info
creating build/sensores/sensores.egg-info
writing build/sensores/sensores.egg-info/PKG-INFO
writing dependency_links to build/sensores/sensores.egg-info/dependency_links.txt
writing entry points to build/sensores/sensores.egg-info/entry_points.txt
writing requirements to build/sensores/sensores.egg-info/requires.txt
writing top-level names to build/sensores/sensores.egg-info/top_level.txt
writing manifest file 'build/sensores/sensores.egg-info/SOURCES.txt'
reading manifest file 'build/sensores/sensores.egg-info/SOURCES.txt'
writing manifest file 'build/sensores/sensores.egg-info/SOURCES.txt'
running build
running build_py
creating /home/ruy/ruy1_ws/src/sensores/build/sensores/build
creating /home/ruy/ruy1_ws/src/sensores/build/sensores/build/lib
creating /home/ruy/ruy1_ws/src/sensores/build/sensores/build/lib/sensores
copying sensores/hazmat.py -> /home/ruy/ruy1_ws/src/sensores/build/sensores/build/lib/sensores
copying sensores/__init__.py -> /home/ruy/ruy1_ws/src/sensores/build/sensores/build/lib/sensores
running install
running install_lib
creating /home/ruy/ruy1_ws/src/sensores/install/sensores/lib/python3.10/site-packages/sensores
copying /home/ruy/ruy1_ws/src/sensores/build/sensores/build/lib/sensores/hazmat.py -> /home/ruy/ruy1_ws/src/sensores/install/sensores/lib/python3.10/site-packages/sensores
copying /home/ruy/ruy1_ws/src/sensores/build/sensores/build/lib/sensores/__init__.py -> /home/ruy/ruy1_ws/src/sensores/install/sensores/lib/python3.10/site-packages/sensores
byte-compiling /home/ruy/ruy1_ws/src/sensores/install/sensores/lib/python3.10/site-packages/sensores/hazmat.py to hazmat.cpython-310.pyc
byte-compiling /home/ruy/ruy1_ws/src/sensores/install/sensores/lib/python3.10/site-packages/sensores/__init__.py to __init__.cpython-310.pyc
running install_data
creating /home/ruy/ruy1_ws/src/sensores/install/sensores/share/ament_index
creating /home/ruy/ruy1_ws/src/sensores/install/sensores/share/ament_index/resource_index
creating /home/ruy/ruy1_ws/src/sensores/install/sensores/share/ament_index/resource_index/packages
copying resource/sensores -> /home/ruy/ruy1_ws/src/sensores/install/sensores/share/ament_index/resource_index/packages
copying package.xml -> /home/ruy/ruy1_ws/src/sensores/install/sensores/share/sensores
running install_egg_info
Copying build/sensores/sensores.egg-info to /home/ruy/ruy1_ws/src/sensores/install/sensores/lib/python3.10/site-packages/sensores-0.0.0-py3.10.egg-info
running install_scripts
Installing qr script to /home/ruy/ruy1_ws/src/sensores/install/sensores/lib/sensores
writing list of installed files to '/home/ruy/ruy1_ws/src/sensores/build/sensores/install.log'
