[0.761s] Invoking command in '/home/ruy/ruy1_ws/src/sensores': PYTHONPATH=/home/ruy/ruy1_ws/src/sensores/build/sensores/prefix_override:/usr/lib/python3/dist-packages/colcon_core/task/python/colcon_distutils_commands:/home/ruy/ruy1_ws/src/sensores/install/sensores/lib/python3.10/site-packages:${PYTHONPATH} /usr/bin/python3 -W ignore:setup.py install is deprecated -W ignore:easy_install command is deprecated setup.py egg_info --egg-base build/sensores build --build-base /home/ruy/ruy1_ws/src/sensores/build/sensores/build install --record /home/ruy/ruy1_ws/src/sensores/build/sensores/install.log --single-version-externally-managed install_data
[1.043s] running egg_info
[1.044s] creating build/sensores/sensores.egg-info
[1.044s] writing build/sensores/sensores.egg-info/PKG-INFO
[1.044s] writing dependency_links to build/sensores/sensores.egg-info/dependency_links.txt
[1.045s] writing entry points to build/sensores/sensores.egg-info/entry_points.txt
[1.045s] writing requirements to build/sensores/sensores.egg-info/requires.txt
[1.045s] writing top-level names to build/sensores/sensores.egg-info/top_level.txt
[1.045s] writing manifest file 'build/sensores/sensores.egg-info/SOURCES.txt'
[1.047s] reading manifest file 'build/sensores/sensores.egg-info/SOURCES.txt'
[1.048s] writing manifest file 'build/sensores/sensores.egg-info/SOURCES.txt'
[1.048s] running build
[1.048s] running build_py
[1.048s] creating /home/ruy/ruy1_ws/src/sensores/build/sensores/build
[1.048s] creating /home/ruy/ruy1_ws/src/sensores/build/sensores/build/lib
[1.049s] creating /home/ruy/ruy1_ws/src/sensores/build/sensores/build/lib/sensores
[1.049s] copying sensores/hazmat.py -> /home/ruy/ruy1_ws/src/sensores/build/sensores/build/lib/sensores
[1.049s] copying sensores/__init__.py -> /home/ruy/ruy1_ws/src/sensores/build/sensores/build/lib/sensores
[1.049s] running install
[1.049s] running install_lib
[1.050s] creating /home/ruy/ruy1_ws/src/sensores/install/sensores/lib/python3.10/site-packages/sensores
[1.050s] copying /home/ruy/ruy1_ws/src/sensores/build/sensores/build/lib/sensores/hazmat.py -> /home/ruy/ruy1_ws/src/sensores/install/sensores/lib/python3.10/site-packages/sensores
[1.051s] copying /home/ruy/ruy1_ws/src/sensores/build/sensores/build/lib/sensores/__init__.py -> /home/ruy/ruy1_ws/src/sensores/install/sensores/lib/python3.10/site-packages/sensores
[1.051s] byte-compiling /home/ruy/ruy1_ws/src/sensores/install/sensores/lib/python3.10/site-packages/sensores/hazmat.py to hazmat.cpython-310.pyc
[1.052s] byte-compiling /home/ruy/ruy1_ws/src/sensores/install/sensores/lib/python3.10/site-packages/sensores/__init__.py to __init__.cpython-310.pyc
[1.052s] running install_data
[1.052s] creating /home/ruy/ruy1_ws/src/sensores/install/sensores/share/ament_index
[1.053s] creating /home/ruy/ruy1_ws/src/sensores/install/sensores/share/ament_index/resource_index
[1.053s] creating /home/ruy/ruy1_ws/src/sensores/install/sensores/share/ament_index/resource_index/packages
[1.053s] copying resource/sensores -> /home/ruy/ruy1_ws/src/sensores/install/sensores/share/ament_index/resource_index/packages
[1.053s] copying package.xml -> /home/ruy/ruy1_ws/src/sensores/install/sensores/share/sensores
[1.053s] running install_egg_info
[1.055s] Copying build/sensores/sensores.egg-info to /home/ruy/ruy1_ws/src/sensores/install/sensores/lib/python3.10/site-packages/sensores-0.0.0-py3.10.egg-info
[1.057s] running install_scripts
[1.083s] Installing qr script to /home/ruy/ruy1_ws/src/sensores/install/sensores/lib/sensores
[1.083s] writing list of installed files to '/home/ruy/ruy1_ws/src/sensores/build/sensores/install.log'
[1.128s] Invoked command in '/home/ruy/ruy1_ws/src/sensores' returned '0': PYTHONPATH=/home/ruy/ruy1_ws/src/sensores/build/sensores/prefix_override:/usr/lib/python3/dist-packages/colcon_core/task/python/colcon_distutils_commands:/home/ruy/ruy1_ws/src/sensores/install/sensores/lib/python3.10/site-packages:${PYTHONPATH} /usr/bin/python3 -W ignore:setup.py install is deprecated -W ignore:easy_install command is deprecated setup.py egg_info --egg-base build/sensores build --build-base /home/ruy/ruy1_ws/src/sensores/build/sensores/build install --record /home/ruy/ruy1_ws/src/sensores/build/sensores/install.log --single-version-externally-managed install_data
