[0.212s] DEBUG:colcon:Command line arguments: ['/usr/bin/colcon', 'build']
[0.213s] DEBUG:colcon:Parsed command line arguments: Namespace(log_base=None, log_level=None, verb_name='build', build_base='build', install_base='install', merge_install=False, symlink_install=False, test_result_base=None, continue_on_error=False, executor='parallel', parallel_workers=8, event_handlers=None, ignore_user_meta=False, metas=['./colcon.meta'], base_paths=['.'], packages_ignore=None, packages_ignore_regex=None, paths=None, packages_up_to=None, packages_up_to_regex=None, packages_above=None, packages_above_and_dependencies=None, packages_above_depth=None, packages_select_by_dep=None, packages_skip_by_dep=None, packages_skip_up_to=None, packages_select_build_failed=False, packages_skip_build_finished=False, packages_select_test_failures=False, packages_skip_test_passed=False, packages_select=None, packages_skip=None, packages_select_regex=None, packages_skip_regex=None, packages_start=None, packages_end=None, allow_overriding=[], cmake_args=None, cmake_target=None, cmake_target_skip_unavailable=False, cmake_clean_cache=False, cmake_clean_first=False, cmake_force_configure=False, ament_cmake_args=None, catkin_cmake_args=None, catkin_skip_building_tests=False, mixin_files=None, mixin=None, verb_parser=<colcon_mixin.mixin.mixin_argument.MixinArgumentDecorator object at 0x7ddb68d25870>, verb_extension=<colcon_core.verb.build.BuildVerb object at 0x7ddb68d24e50>, main=<bound method BuildVerb.main of <colcon_core.verb.build.BuildVerb object at 0x7ddb68d24e50>>, mixin_verb=('build',))
[0.536s] Level 1:colcon.colcon_core.package_discovery:discover_packages(colcon_meta) check parameters
[0.536s] Level 1:colcon.colcon_core.package_discovery:discover_packages(recursive) check parameters
[0.536s] Level 1:colcon.colcon_core.package_discovery:discover_packages(ignore) check parameters
[0.537s] Level 1:colcon.colcon_core.package_discovery:discover_packages(path) check parameters
[0.537s] Level 1:colcon.colcon_core.package_discovery:discover_packages(colcon_meta) discover
[0.537s] Level 1:colcon.colcon_core.package_discovery:discover_packages(recursive) discover
[0.537s] INFO:colcon.colcon_core.package_discovery:Crawling recursively for packages in '/home/didi_121/Rescue-Major'
[0.537s] Level 1:colcon.colcon_core.package_identification:_identify(.) by extensions ['ignore', 'ignore_ament_install']
[0.537s] Level 1:colcon.colcon_core.package_identification:_identify(.) by extension 'ignore'
[0.537s] Level 1:colcon.colcon_core.package_identification:_identify(.) by extension 'ignore_ament_install'
[0.537s] Level 1:colcon.colcon_core.package_identification:_identify(.) by extensions ['colcon_pkg']
[0.537s] Level 1:colcon.colcon_core.package_identification:_identify(.) by extension 'colcon_pkg'
[0.538s] Level 1:colcon.colcon_core.package_identification:_identify(.) by extensions ['colcon_meta']
[0.538s] Level 1:colcon.colcon_core.package_identification:_identify(.) by extension 'colcon_meta'
[0.538s] Level 1:colcon.colcon_core.package_identification:_identify(.) by extensions ['ros']
[0.538s] Level 1:colcon.colcon_core.package_identification:_identify(.) by extension 'ros'
[0.559s] Level 1:colcon.colcon_core.package_identification:_identify(.) by extensions ['cmake', 'python']
[0.559s] Level 1:colcon.colcon_core.package_identification:_identify(.) by extension 'cmake'
[0.560s] Level 1:colcon.colcon_core.package_identification:_identify(.) by extension 'python'
[0.560s] Level 1:colcon.colcon_core.package_identification:_identify(.) by extensions ['python_setup_py']
[0.560s] Level 1:colcon.colcon_core.package_identification:_identify(.) by extension 'python_setup_py'
[0.560s] Level 1:colcon.colcon_core.package_identification:_identify(Dockerfiles) by extensions ['ignore', 'ignore_ament_install']
[0.560s] Level 1:colcon.colcon_core.package_identification:_identify(Dockerfiles) by extension 'ignore'
[0.560s] Level 1:colcon.colcon_core.package_identification:_identify(Dockerfiles) by extension 'ignore_ament_install'
[0.560s] Level 1:colcon.colcon_core.package_identification:_identify(Dockerfiles) by extensions ['colcon_pkg']
[0.560s] Level 1:colcon.colcon_core.package_identification:_identify(Dockerfiles) by extension 'colcon_pkg'
[0.561s] Level 1:colcon.colcon_core.package_identification:_identify(Dockerfiles) by extensions ['colcon_meta']
[0.561s] Level 1:colcon.colcon_core.package_identification:_identify(Dockerfiles) by extension 'colcon_meta'
[0.561s] Level 1:colcon.colcon_core.package_identification:_identify(Dockerfiles) by extensions ['ros']
[0.561s] Level 1:colcon.colcon_core.package_identification:_identify(Dockerfiles) by extension 'ros'
[0.561s] Level 1:colcon.colcon_core.package_identification:_identify(Dockerfiles) by extensions ['cmake', 'python']
[0.561s] Level 1:colcon.colcon_core.package_identification:_identify(Dockerfiles) by extension 'cmake'
[0.561s] Level 1:colcon.colcon_core.package_identification:_identify(Dockerfiles) by extension 'python'
[0.561s] Level 1:colcon.colcon_core.package_identification:_identify(Dockerfiles) by extensions ['python_setup_py']
[0.561s] Level 1:colcon.colcon_core.package_identification:_identify(Dockerfiles) by extension 'python_setup_py'
[0.561s] Level 1:colcon.colcon_core.package_identification:_identify(Dockerfiles/robot) by extensions ['ignore', 'ignore_ament_install']
[0.561s] Level 1:colcon.colcon_core.package_identification:_identify(Dockerfiles/robot) by extension 'ignore'
[0.562s] Level 1:colcon.colcon_core.package_identification:_identify(Dockerfiles/robot) by extension 'ignore_ament_install'
[0.562s] Level 1:colcon.colcon_core.package_identification:_identify(Dockerfiles/robot) by extensions ['colcon_pkg']
[0.562s] Level 1:colcon.colcon_core.package_identification:_identify(Dockerfiles/robot) by extension 'colcon_pkg'
[0.562s] Level 1:colcon.colcon_core.package_identification:_identify(Dockerfiles/robot) by extensions ['colcon_meta']
[0.562s] Level 1:colcon.colcon_core.package_identification:_identify(Dockerfiles/robot) by extension 'colcon_meta'
[0.562s] Level 1:colcon.colcon_core.package_identification:_identify(Dockerfiles/robot) by extensions ['ros']
[0.562s] Level 1:colcon.colcon_core.package_identification:_identify(Dockerfiles/robot) by extension 'ros'
[0.562s] Level 1:colcon.colcon_core.package_identification:_identify(Dockerfiles/robot) by extensions ['cmake', 'python']
[0.562s] Level 1:colcon.colcon_core.package_identification:_identify(Dockerfiles/robot) by extension 'cmake'
[0.562s] Level 1:colcon.colcon_core.package_identification:_identify(Dockerfiles/robot) by extension 'python'
[0.562s] Level 1:colcon.colcon_core.package_identification:_identify(Dockerfiles/robot) by extensions ['python_setup_py']
[0.562s] Level 1:colcon.colcon_core.package_identification:_identify(Dockerfiles/robot) by extension 'python_setup_py'
[0.563s] Level 1:colcon.colcon_core.package_identification:_identify(Dockerfiles/setup) by extensions ['ignore', 'ignore_ament_install']
[0.563s] Level 1:colcon.colcon_core.package_identification:_identify(Dockerfiles/setup) by extension 'ignore'
[0.563s] Level 1:colcon.colcon_core.package_identification:_identify(Dockerfiles/setup) by extension 'ignore_ament_install'
[0.563s] Level 1:colcon.colcon_core.package_identification:_identify(Dockerfiles/setup) by extensions ['colcon_pkg']
[0.563s] Level 1:colcon.colcon_core.package_identification:_identify(Dockerfiles/setup) by extension 'colcon_pkg'
[0.563s] Level 1:colcon.colcon_core.package_identification:_identify(Dockerfiles/setup) by extensions ['colcon_meta']
[0.563s] Level 1:colcon.colcon_core.package_identification:_identify(Dockerfiles/setup) by extension 'colcon_meta'
[0.563s] Level 1:colcon.colcon_core.package_identification:_identify(Dockerfiles/setup) by extensions ['ros']
[0.563s] Level 1:colcon.colcon_core.package_identification:_identify(Dockerfiles/setup) by extension 'ros'
[0.563s] Level 1:colcon.colcon_core.package_identification:_identify(Dockerfiles/setup) by extensions ['cmake', 'python']
[0.563s] Level 1:colcon.colcon_core.package_identification:_identify(Dockerfiles/setup) by extension 'cmake'
[0.563s] Level 1:colcon.colcon_core.package_identification:_identify(Dockerfiles/setup) by extension 'python'
[0.564s] Level 1:colcon.colcon_core.package_identification:_identify(Dockerfiles/setup) by extensions ['python_setup_py']
[0.564s] Level 1:colcon.colcon_core.package_identification:_identify(Dockerfiles/setup) by extension 'python_setup_py'
[0.564s] Level 1:colcon.colcon_core.package_identification:_identify(build) by extensions ['ignore', 'ignore_ament_install']
[0.564s] Level 1:colcon.colcon_core.package_identification:_identify(build) by extension 'ignore'
[0.564s] Level 1:colcon.colcon_core.package_identification:_identify(build) ignored
[0.564s] Level 1:colcon.colcon_core.package_identification:_identify(docs) by extensions ['ignore', 'ignore_ament_install']
[0.564s] Level 1:colcon.colcon_core.package_identification:_identify(docs) by extension 'ignore'
[0.564s] Level 1:colcon.colcon_core.package_identification:_identify(docs) by extension 'ignore_ament_install'
[0.565s] Level 1:colcon.colcon_core.package_identification:_identify(docs) by extensions ['colcon_pkg']
[0.565s] Level 1:colcon.colcon_core.package_identification:_identify(docs) by extension 'colcon_pkg'
[0.565s] Level 1:colcon.colcon_core.package_identification:_identify(docs) by extensions ['colcon_meta']
[0.565s] Level 1:colcon.colcon_core.package_identification:_identify(docs) by extension 'colcon_meta'
[0.565s] Level 1:colcon.colcon_core.package_identification:_identify(docs) by extensions ['ros']
[0.565s] Level 1:colcon.colcon_core.package_identification:_identify(docs) by extension 'ros'
[0.565s] Level 1:colcon.colcon_core.package_identification:_identify(docs) by extensions ['cmake', 'python']
[0.565s] Level 1:colcon.colcon_core.package_identification:_identify(docs) by extension 'cmake'
[0.565s] Level 1:colcon.colcon_core.package_identification:_identify(docs) by extension 'python'
[0.565s] Level 1:colcon.colcon_core.package_identification:_identify(docs) by extensions ['python_setup_py']
[0.565s] Level 1:colcon.colcon_core.package_identification:_identify(docs) by extension 'python_setup_py'
[0.565s] Level 1:colcon.colcon_core.package_identification:_identify(install) by extensions ['ignore', 'ignore_ament_install']
[0.566s] Level 1:colcon.colcon_core.package_identification:_identify(install) by extension 'ignore'
[0.566s] Level 1:colcon.colcon_core.package_identification:_identify(install) ignored
[0.566s] Level 1:colcon.colcon_core.package_identification:_identify(interface) by extensions ['ignore', 'ignore_ament_install']
[0.566s] Level 1:colcon.colcon_core.package_identification:_identify(interface) by extension 'ignore'
[0.566s] Level 1:colcon.colcon_core.package_identification:_identify(interface) by extension 'ignore_ament_install'
[0.566s] Level 1:colcon.colcon_core.package_identification:_identify(interface) by extensions ['colcon_pkg']
[0.566s] Level 1:colcon.colcon_core.package_identification:_identify(interface) by extension 'colcon_pkg'
[0.566s] Level 1:colcon.colcon_core.package_identification:_identify(interface) by extensions ['colcon_meta']
[0.566s] Level 1:colcon.colcon_core.package_identification:_identify(interface) by extension 'colcon_meta'
[0.566s] Level 1:colcon.colcon_core.package_identification:_identify(interface) by extensions ['ros']
[0.566s] Level 1:colcon.colcon_core.package_identification:_identify(interface) by extension 'ros'
[0.566s] Level 1:colcon.colcon_core.package_identification:_identify(interface) by extensions ['cmake', 'python']
[0.567s] Level 1:colcon.colcon_core.package_identification:_identify(interface) by extension 'cmake'
[0.567s] Level 1:colcon.colcon_core.package_identification:_identify(interface) by extension 'python'
[0.567s] Level 1:colcon.colcon_core.package_identification:_identify(interface) by extensions ['python_setup_py']
[0.567s] Level 1:colcon.colcon_core.package_identification:_identify(interface) by extension 'python_setup_py'
[0.567s] Level 1:colcon.colcon_core.package_identification:_identify(log) by extensions ['ignore', 'ignore_ament_install']
[0.567s] Level 1:colcon.colcon_core.package_identification:_identify(log) by extension 'ignore'
[0.567s] Level 1:colcon.colcon_core.package_identification:_identify(log) ignored
[0.567s] Level 1:colcon.colcon_core.package_identification:_identify(workspace) by extensions ['ignore', 'ignore_ament_install']
[0.567s] Level 1:colcon.colcon_core.package_identification:_identify(workspace) by extension 'ignore'
[0.568s] Level 1:colcon.colcon_core.package_identification:_identify(workspace) by extension 'ignore_ament_install'
[0.568s] Level 1:colcon.colcon_core.package_identification:_identify(workspace) by extensions ['colcon_pkg']
[0.568s] Level 1:colcon.colcon_core.package_identification:_identify(workspace) by extension 'colcon_pkg'
[0.568s] Level 1:colcon.colcon_core.package_identification:_identify(workspace) by extensions ['colcon_meta']
[0.568s] Level 1:colcon.colcon_core.package_identification:_identify(workspace) by extension 'colcon_meta'
[0.568s] Level 1:colcon.colcon_core.package_identification:_identify(workspace) by extensions ['ros']
[0.568s] Level 1:colcon.colcon_core.package_identification:_identify(workspace) by extension 'ros'
[0.568s] Level 1:colcon.colcon_core.package_identification:_identify(workspace) by extensions ['cmake', 'python']
[0.568s] Level 1:colcon.colcon_core.package_identification:_identify(workspace) by extension 'cmake'
[0.568s] Level 1:colcon.colcon_core.package_identification:_identify(workspace) by extension 'python'
[0.568s] Level 1:colcon.colcon_core.package_identification:_identify(workspace) by extensions ['python_setup_py']
[0.568s] Level 1:colcon.colcon_core.package_identification:_identify(workspace) by extension 'python_setup_py'
[0.568s] Level 1:colcon.colcon_core.package_identification:_identify(workspace/GUI) by extensions ['ignore', 'ignore_ament_install']
[0.569s] Level 1:colcon.colcon_core.package_identification:_identify(workspace/GUI) by extension 'ignore'
[0.569s] Level 1:colcon.colcon_core.package_identification:_identify(workspace/GUI) by extension 'ignore_ament_install'
[0.569s] Level 1:colcon.colcon_core.package_identification:_identify(workspace/GUI) by extensions ['colcon_pkg']
[0.569s] Level 1:colcon.colcon_core.package_identification:_identify(workspace/GUI) by extension 'colcon_pkg'
[0.569s] Level 1:colcon.colcon_core.package_identification:_identify(workspace/GUI) by extensions ['colcon_meta']
[0.569s] Level 1:colcon.colcon_core.package_identification:_identify(workspace/GUI) by extension 'colcon_meta'
[0.569s] Level 1:colcon.colcon_core.package_identification:_identify(workspace/GUI) by extensions ['ros']
[0.569s] Level 1:colcon.colcon_core.package_identification:_identify(workspace/GUI) by extension 'ros'
[0.571s] DEBUG:colcon.colcon_core.package_identification:Failed to parse potential ROS package manifest in'workspace/GUI': Error(s) in package 'workspace/GUI/package.xml':
The manifest contains invalid XML:
mismatched tag: line 20, column 2
[0.571s] Level 1:colcon.colcon_core.package_identification:_identify(workspace/GUI) by extensions ['cmake', 'python']
[0.571s] Level 1:colcon.colcon_core.package_identification:_identify(workspace/GUI) by extension 'cmake'
[0.572s] Level 1:colcon.colcon_core.package_identification:_identify(workspace/GUI) by extension 'python'
[0.572s] Level 1:colcon.colcon_core.package_identification:_identify(workspace/GUI) by extensions ['python_setup_py']
[0.572s] Level 1:colcon.colcon_core.package_identification:_identify(workspace/GUI) by extension 'python_setup_py'
[1.060s] DEBUG:colcon.colcon_core.package_identification:Package 'workspace/GUI' with type 'python' and name 'GUI'
[1.061s] Level 1:colcon.colcon_core.package_identification:_identify(workspace/build) by extensions ['ignore', 'ignore_ament_install']
[1.061s] Level 1:colcon.colcon_core.package_identification:_identify(workspace/build) by extension 'ignore'
[1.061s] Level 1:colcon.colcon_core.package_identification:_identify(workspace/build) ignored
[1.061s] Level 1:colcon.colcon_core.package_identification:_identify(workspace/communication) by extensions ['ignore', 'ignore_ament_install']
[1.061s] Level 1:colcon.colcon_core.package_identification:_identify(workspace/communication) by extension 'ignore'
[1.062s] Level 1:colcon.colcon_core.package_identification:_identify(workspace/communication) by extension 'ignore_ament_install'
[1.062s] Level 1:colcon.colcon_core.package_identification:_identify(workspace/communication) by extensions ['colcon_pkg']
[1.062s] Level 1:colcon.colcon_core.package_identification:_identify(workspace/communication) by extension 'colcon_pkg'
[1.062s] Level 1:colcon.colcon_core.package_identification:_identify(workspace/communication) by extensions ['colcon_meta']
[1.062s] Level 1:colcon.colcon_core.package_identification:_identify(workspace/communication) by extension 'colcon_meta'
[1.062s] Level 1:colcon.colcon_core.package_identification:_identify(workspace/communication) by extensions ['ros']
[1.062s] Level 1:colcon.colcon_core.package_identification:_identify(workspace/communication) by extension 'ros'
[1.067s] DEBUG:colcon.colcon_core.package_identification:Package 'workspace/communication' with type 'ros.ament_cmake' and name 'communication'
[1.067s] Level 1:colcon.colcon_core.package_identification:_identify(workspace/install) by extensions ['ignore', 'ignore_ament_install']
[1.067s] Level 1:colcon.colcon_core.package_identification:_identify(workspace/install) by extension 'ignore'
[1.067s] Level 1:colcon.colcon_core.package_identification:_identify(workspace/install) ignored
[1.067s] Level 1:colcon.colcon_core.package_identification:_identify(workspace/localization) by extensions ['ignore', 'ignore_ament_install']
[1.068s] Level 1:colcon.colcon_core.package_identification:_identify(workspace/localization) by extension 'ignore'
[1.068s] Level 1:colcon.colcon_core.package_identification:_identify(workspace/localization) by extension 'ignore_ament_install'
[1.068s] Level 1:colcon.colcon_core.package_identification:_identify(workspace/localization) by extensions ['colcon_pkg']
[1.068s] Level 1:colcon.colcon_core.package_identification:_identify(workspace/localization) by extension 'colcon_pkg'
[1.068s] Level 1:colcon.colcon_core.package_identification:_identify(workspace/localization) by extensions ['colcon_meta']
[1.068s] Level 1:colcon.colcon_core.package_identification:_identify(workspace/localization) by extension 'colcon_meta'
[1.068s] Level 1:colcon.colcon_core.package_identification:_identify(workspace/localization) by extensions ['ros']
[1.068s] Level 1:colcon.colcon_core.package_identification:_identify(workspace/localization) by extension 'ros'
[1.068s] Level 1:colcon.colcon_core.package_identification:_identify(workspace/localization) by extensions ['cmake', 'python']
[1.068s] Level 1:colcon.colcon_core.package_identification:_identify(workspace/localization) by extension 'cmake'
[1.069s] Level 1:colcon.colcon_core.package_identification:_identify(workspace/localization) by extension 'python'
[1.069s] Level 1:colcon.colcon_core.package_identification:_identify(workspace/localization) by extensions ['python_setup_py']
[1.069s] Level 1:colcon.colcon_core.package_identification:_identify(workspace/localization) by extension 'python_setup_py'
[1.069s] Level 1:colcon.colcon_core.package_identification:_identify(workspace/log) by extensions ['ignore', 'ignore_ament_install']
[1.069s] Level 1:colcon.colcon_core.package_identification:_identify(workspace/log) by extension 'ignore'
[1.069s] Level 1:colcon.colcon_core.package_identification:_identify(workspace/log) ignored
[1.069s] Level 1:colcon.colcon_core.package_identification:_identify(workspace/master) by extensions ['ignore', 'ignore_ament_install']
[1.069s] Level 1:colcon.colcon_core.package_identification:_identify(workspace/master) by extension 'ignore'
[1.070s] Level 1:colcon.colcon_core.package_identification:_identify(workspace/master) by extension 'ignore_ament_install'
[1.070s] Level 1:colcon.colcon_core.package_identification:_identify(workspace/master) by extensions ['colcon_pkg']
[1.070s] Level 1:colcon.colcon_core.package_identification:_identify(workspace/master) by extension 'colcon_pkg'
[1.070s] Level 1:colcon.colcon_core.package_identification:_identify(workspace/master) by extensions ['colcon_meta']
[1.070s] Level 1:colcon.colcon_core.package_identification:_identify(workspace/master) by extension 'colcon_meta'
[1.070s] Level 1:colcon.colcon_core.package_identification:_identify(workspace/master) by extensions ['ros']
[1.070s] Level 1:colcon.colcon_core.package_identification:_identify(workspace/master) by extension 'ros'
[1.070s] Level 1:colcon.colcon_core.package_identification:_identify(workspace/master) by extensions ['cmake', 'python']
[1.070s] Level 1:colcon.colcon_core.package_identification:_identify(workspace/master) by extension 'cmake'
[1.070s] Level 1:colcon.colcon_core.package_identification:_identify(workspace/master) by extension 'python'
[1.070s] Level 1:colcon.colcon_core.package_identification:_identify(workspace/master) by extensions ['python_setup_py']
[1.070s] Level 1:colcon.colcon_core.package_identification:_identify(workspace/master) by extension 'python_setup_py'
[1.071s] Level 1:colcon.colcon_core.package_identification:_identify(workspace/microcontrallers) by extensions ['ignore', 'ignore_ament_install']
[1.071s] Level 1:colcon.colcon_core.package_identification:_identify(workspace/microcontrallers) by extension 'ignore'
[1.071s] Level 1:colcon.colcon_core.package_identification:_identify(workspace/microcontrallers) by extension 'ignore_ament_install'
[1.071s] Level 1:colcon.colcon_core.package_identification:_identify(workspace/microcontrallers) by extensions ['colcon_pkg']
[1.071s] Level 1:colcon.colcon_core.package_identification:_identify(workspace/microcontrallers) by extension 'colcon_pkg'
[1.071s] Level 1:colcon.colcon_core.package_identification:_identify(workspace/microcontrallers) by extensions ['colcon_meta']
[1.071s] Level 1:colcon.colcon_core.package_identification:_identify(workspace/microcontrallers) by extension 'colcon_meta'
[1.071s] Level 1:colcon.colcon_core.package_identification:_identify(workspace/microcontrallers) by extensions ['ros']
[1.072s] Level 1:colcon.colcon_core.package_identification:_identify(workspace/microcontrallers) by extension 'ros'
[1.072s] Level 1:colcon.colcon_core.package_identification:_identify(workspace/microcontrallers) by extensions ['cmake', 'python']
[1.072s] Level 1:colcon.colcon_core.package_identification:_identify(workspace/microcontrallers) by extension 'cmake'
[1.072s] Level 1:colcon.colcon_core.package_identification:_identify(workspace/microcontrallers) by extension 'python'
[1.072s] Level 1:colcon.colcon_core.package_identification:_identify(workspace/microcontrallers) by extensions ['python_setup_py']
[1.072s] Level 1:colcon.colcon_core.package_identification:_identify(workspace/microcontrallers) by extension 'python_setup_py'
[1.072s] Level 1:colcon.colcon_core.package_identification:_identify(workspace/vision) by extensions ['ignore', 'ignore_ament_install']
[1.072s] Level 1:colcon.colcon_core.package_identification:_identify(workspace/vision) by extension 'ignore'
[1.072s] Level 1:colcon.colcon_core.package_identification:_identify(workspace/vision) by extension 'ignore_ament_install'
[1.072s] Level 1:colcon.colcon_core.package_identification:_identify(workspace/vision) by extensions ['colcon_pkg']
[1.073s] Level 1:colcon.colcon_core.package_identification:_identify(workspace/vision) by extension 'colcon_pkg'
[1.073s] Level 1:colcon.colcon_core.package_identification:_identify(workspace/vision) by extensions ['colcon_meta']
[1.073s] Level 1:colcon.colcon_core.package_identification:_identify(workspace/vision) by extension 'colcon_meta'
[1.073s] Level 1:colcon.colcon_core.package_identification:_identify(workspace/vision) by extensions ['ros']
[1.073s] Level 1:colcon.colcon_core.package_identification:_identify(workspace/vision) by extension 'ros'
[1.075s] DEBUG:colcon.colcon_core.package_identification:Package 'workspace/vision' with type 'ros.ament_cmake' and name 'vision'
[1.075s] Level 1:colcon.colcon_core.package_discovery:discover_packages(recursive) using defaults
[1.075s] Level 1:colcon.colcon_core.package_discovery:discover_packages(ignore) discover
[1.075s] Level 1:colcon.colcon_core.package_discovery:discover_packages(ignore) using defaults
[1.075s] Level 1:colcon.colcon_core.package_discovery:discover_packages(path) discover
[1.075s] Level 1:colcon.colcon_core.package_discovery:discover_packages(path) using defaults
[1.135s] Level 1:colcon.colcon_core.package_discovery:discover_packages(prefix_path) check parameters
[1.136s] Level 1:colcon.colcon_core.package_discovery:discover_packages(prefix_path) discover
[1.139s] DEBUG:colcon.colcon_installed_package_information.package_discovery:Found 1 installed packages in /home/didi_121/Rescue-Major/workspace/GUI/install
[1.141s] DEBUG:colcon.colcon_installed_package_information.package_discovery:Found 271 installed packages in /opt/ros/humble
[1.144s] Level 1:colcon.colcon_core.package_discovery:discover_packages(prefix_path) using defaults
[1.214s] Level 5:colcon.colcon_core.verb:set package 'GUI' build argument 'cmake_args' from command line to 'None'
[1.214s] Level 5:colcon.colcon_core.verb:set package 'GUI' build argument 'cmake_target' from command line to 'None'
[1.214s] Level 5:colcon.colcon_core.verb:set package 'GUI' build argument 'cmake_target_skip_unavailable' from command line to 'False'
[1.214s] Level 5:colcon.colcon_core.verb:set package 'GUI' build argument 'cmake_clean_cache' from command line to 'False'
[1.214s] Level 5:colcon.colcon_core.verb:set package 'GUI' build argument 'cmake_clean_first' from command line to 'False'
[1.214s] Level 5:colcon.colcon_core.verb:set package 'GUI' build argument 'cmake_force_configure' from command line to 'False'
[1.214s] Level 5:colcon.colcon_core.verb:set package 'GUI' build argument 'ament_cmake_args' from command line to 'None'
[1.214s] Level 5:colcon.colcon_core.verb:set package 'GUI' build argument 'catkin_cmake_args' from command line to 'None'
[1.214s] Level 5:colcon.colcon_core.verb:set package 'GUI' build argument 'catkin_skip_building_tests' from command line to 'False'
[1.214s] DEBUG:colcon.colcon_core.verb:Building package 'GUI' with the following arguments: {'ament_cmake_args': None, 'build_base': '/home/didi_121/Rescue-Major/build/GUI', 'catkin_cmake_args': None, 'catkin_skip_building_tests': False, 'cmake_args': None, 'cmake_clean_cache': False, 'cmake_clean_first': False, 'cmake_force_configure': False, 'cmake_target': None, 'cmake_target_skip_unavailable': False, 'install_base': '/home/didi_121/Rescue-Major/install/GUI', 'merge_install': False, 'path': '/home/didi_121/Rescue-Major/workspace/GUI', 'symlink_install': False, 'test_result_base': None}
[1.215s] Level 5:colcon.colcon_core.verb:set package 'communication' build argument 'cmake_args' from command line to 'None'
[1.215s] Level 5:colcon.colcon_core.verb:set package 'communication' build argument 'cmake_target' from command line to 'None'
[1.215s] Level 5:colcon.colcon_core.verb:set package 'communication' build argument 'cmake_target_skip_unavailable' from command line to 'False'
[1.215s] Level 5:colcon.colcon_core.verb:set package 'communication' build argument 'cmake_clean_cache' from command line to 'False'
[1.215s] Level 5:colcon.colcon_core.verb:set package 'communication' build argument 'cmake_clean_first' from command line to 'False'
[1.215s] Level 5:colcon.colcon_core.verb:set package 'communication' build argument 'cmake_force_configure' from command line to 'False'
[1.215s] Level 5:colcon.colcon_core.verb:set package 'communication' build argument 'ament_cmake_args' from command line to 'None'
[1.215s] Level 5:colcon.colcon_core.verb:set package 'communication' build argument 'catkin_cmake_args' from command line to 'None'
[1.215s] Level 5:colcon.colcon_core.verb:set package 'communication' build argument 'catkin_skip_building_tests' from command line to 'False'
[1.215s] DEBUG:colcon.colcon_core.verb:Building package 'communication' with the following arguments: {'ament_cmake_args': None, 'build_base': '/home/didi_121/Rescue-Major/build/communication', 'catkin_cmake_args': None, 'catkin_skip_building_tests': False, 'cmake_args': None, 'cmake_clean_cache': False, 'cmake_clean_first': False, 'cmake_force_configure': False, 'cmake_target': None, 'cmake_target_skip_unavailable': False, 'install_base': '/home/didi_121/Rescue-Major/install/communication', 'merge_install': False, 'path': '/home/didi_121/Rescue-Major/workspace/communication', 'symlink_install': False, 'test_result_base': None}
[1.216s] Level 5:colcon.colcon_core.verb:set package 'vision' build argument 'cmake_args' from command line to 'None'
[1.216s] Level 5:colcon.colcon_core.verb:set package 'vision' build argument 'cmake_target' from command line to 'None'
[1.216s] Level 5:colcon.colcon_core.verb:set package 'vision' build argument 'cmake_target_skip_unavailable' from command line to 'False'
[1.216s] Level 5:colcon.colcon_core.verb:set package 'vision' build argument 'cmake_clean_cache' from command line to 'False'
[1.216s] Level 5:colcon.colcon_core.verb:set package 'vision' build argument 'cmake_clean_first' from command line to 'False'
[1.216s] Level 5:colcon.colcon_core.verb:set package 'vision' build argument 'cmake_force_configure' from command line to 'False'
[1.216s] Level 5:colcon.colcon_core.verb:set package 'vision' build argument 'ament_cmake_args' from command line to 'None'
[1.216s] Level 5:colcon.colcon_core.verb:set package 'vision' build argument 'catkin_cmake_args' from command line to 'None'
[1.216s] Level 5:colcon.colcon_core.verb:set package 'vision' build argument 'catkin_skip_building_tests' from command line to 'False'
[1.216s] DEBUG:colcon.colcon_core.verb:Building package 'vision' with the following arguments: {'ament_cmake_args': None, 'build_base': '/home/didi_121/Rescue-Major/build/vision', 'catkin_cmake_args': None, 'catkin_skip_building_tests': False, 'cmake_args': None, 'cmake_clean_cache': False, 'cmake_clean_first': False, 'cmake_force_configure': False, 'cmake_target': None, 'cmake_target_skip_unavailable': False, 'install_base': '/home/didi_121/Rescue-Major/install/vision', 'merge_install': False, 'path': '/home/didi_121/Rescue-Major/workspace/vision', 'symlink_install': False, 'test_result_base': None}
[1.217s] INFO:colcon.colcon_core.executor:Executing jobs using 'parallel' executor
[1.218s] DEBUG:colcon.colcon_parallel_executor.executor.parallel:run_until_complete
[1.219s] INFO:colcon.colcon_core.task.python.build:Building Python package in '/home/didi_121/Rescue-Major/workspace/GUI'
[1.222s] INFO:colcon.colcon_core.plugin_system:Skipping extension 'colcon_core.shell.bat': Not used on non-Windows systems
[1.222s] INFO:colcon.colcon_core.shell:Skip shell extension 'powershell' for command environment: Not usable outside of PowerShell
[1.222s] DEBUG:colcon.colcon_core.shell:Skip shell extension 'dsv' for command environment
[1.228s] INFO:colcon.colcon_ros.task.ament_cmake.build:Building ROS package in '/home/didi_121/Rescue-Major/workspace/communication' with build type 'ament_cmake'
[1.228s] INFO:colcon.colcon_cmake.task.cmake.build:Building CMake package in '/home/didi_121/Rescue-Major/workspace/communication'
[1.228s] INFO:colcon.colcon_core.shell:Skip shell extension 'powershell' for command environment: Not usable outside of PowerShell
[1.228s] DEBUG:colcon.colcon_core.shell:Skip shell extension 'dsv' for command environment
[1.235s] INFO:colcon.colcon_ros.task.ament_cmake.build:Building ROS package in '/home/didi_121/Rescue-Major/workspace/vision' with build type 'ament_cmake'
[1.236s] INFO:colcon.colcon_cmake.task.cmake.build:Building CMake package in '/home/didi_121/Rescue-Major/workspace/vision'
[1.236s] INFO:colcon.colcon_core.shell:Skip shell extension 'powershell' for command environment: Not usable outside of PowerShell
[1.236s] DEBUG:colcon.colcon_core.shell:Skip shell extension 'dsv' for command environment
[1.770s] DEBUG:colcon.colcon_core.event_handler.log_command:Invoking command in '/home/didi_121/Rescue-Major/build/communication': CMAKE_PREFIX_PATH=/opt/ros/humble /usr/bin/cmake /home/didi_121/Rescue-Major/workspace/communication -DCMAKE_INSTALL_PREFIX=/home/didi_121/Rescue-Major/install/communication
[1.776s] DEBUG:colcon.colcon_core.event_handler.log_command:Invoking command in '/home/didi_121/Rescue-Major/build/vision': CMAKE_PREFIX_PATH=/opt/ros/humble /usr/bin/cmake /home/didi_121/Rescue-Major/workspace/vision -DCMAKE_INSTALL_PREFIX=/home/didi_121/Rescue-Major/install/vision
[2.541s] DEBUG:colcon.colcon_core.event_handler.log_command:Invoking command in '/home/didi_121/Rescue-Major/workspace/GUI': PYTHONPATH=/home/didi_121/Rescue-Major/build/GUI/prefix_override:/usr/lib/python3/dist-packages/colcon_core/task/python/colcon_distutils_commands:/home/didi_121/Rescue-Major/install/GUI/lib/python3.10/site-packages:${PYTHONPATH} /usr/bin/python3 -W ignore:setup.py install is deprecated -W ignore:easy_install command is deprecated setup.py egg_info --egg-base ../../build/GUI build --build-base /home/didi_121/Rescue-Major/build/GUI/build install --record /home/didi_121/Rescue-Major/build/GUI/install.log --single-version-externally-managed install_data
[3.143s] DEBUG:colcon.colcon_core.event_handler.log_command:Invoked command in '/home/didi_121/Rescue-Major/workspace/GUI' returned '0': PYTHONPATH=/home/didi_121/Rescue-Major/build/GUI/prefix_override:/usr/lib/python3/dist-packages/colcon_core/task/python/colcon_distutils_commands:/home/didi_121/Rescue-Major/install/GUI/lib/python3.10/site-packages:${PYTHONPATH} /usr/bin/python3 -W ignore:setup.py install is deprecated -W ignore:easy_install command is deprecated setup.py egg_info --egg-base ../../build/GUI build --build-base /home/didi_121/Rescue-Major/build/GUI/build install --record /home/didi_121/Rescue-Major/build/GUI/install.log --single-version-externally-managed install_data
[3.147s] Level 1:colcon.colcon_core.environment:checking '/home/didi_121/Rescue-Major/install/GUI' for CMake module files
[3.147s] Level 1:colcon.colcon_core.environment:checking '/home/didi_121/Rescue-Major/install/GUI' for CMake config files
[3.149s] Level 1:colcon.colcon_core.environment:checking '/home/didi_121/Rescue-Major/install/GUI/lib'
[3.150s] Level 1:colcon.colcon_core.environment:checking '/home/didi_121/Rescue-Major/install/GUI/bin'
[3.150s] Level 1:colcon.colcon_core.shell:create_environment_hook('GUI', 'path')
[3.150s] INFO:colcon.colcon_core.shell:Creating environment hook '/home/didi_121/Rescue-Major/install/GUI/share/GUI/hook/path.ps1'
[3.152s] INFO:colcon.colcon_core.shell:Creating environment descriptor '/home/didi_121/Rescue-Major/install/GUI/share/GUI/hook/path.dsv'
[3.152s] INFO:colcon.colcon_core.shell:Creating environment hook '/home/didi_121/Rescue-Major/install/GUI/share/GUI/hook/path.sh'
[3.154s] Level 1:colcon.colcon_core.environment:checking '/home/didi_121/Rescue-Major/install/GUI/lib/pkgconfig/GUI.pc'
[3.155s] Level 1:colcon.colcon_core.environment:checking '/home/didi_121/Rescue-Major/install/GUI/lib/python3.10/site-packages'
[3.155s] Level 1:colcon.colcon_core.shell:create_environment_hook('GUI', 'pythonpath')
[3.155s] INFO:colcon.colcon_core.shell:Creating environment hook '/home/didi_121/Rescue-Major/install/GUI/share/GUI/hook/pythonpath.ps1'
[3.156s] INFO:colcon.colcon_core.shell:Creating environment descriptor '/home/didi_121/Rescue-Major/install/GUI/share/GUI/hook/pythonpath.dsv'
[3.156s] INFO:colcon.colcon_core.shell:Creating environment hook '/home/didi_121/Rescue-Major/install/GUI/share/GUI/hook/pythonpath.sh'
[3.157s] Level 1:colcon.colcon_core.environment:checking '/home/didi_121/Rescue-Major/install/GUI/bin'
[3.158s] Level 1:colcon.colcon_core.shell:create_environment_hook('GUI', 'pythonscriptspath')
[3.158s] INFO:colcon.colcon_core.shell:Creating environment hook '/home/didi_121/Rescue-Major/install/GUI/share/GUI/hook/pythonscriptspath.ps1'
[3.159s] INFO:colcon.colcon_core.shell:Creating environment descriptor '/home/didi_121/Rescue-Major/install/GUI/share/GUI/hook/pythonscriptspath.dsv'
[3.159s] INFO:colcon.colcon_core.shell:Creating environment hook '/home/didi_121/Rescue-Major/install/GUI/share/GUI/hook/pythonscriptspath.sh'
[3.160s] Level 1:colcon.colcon_core.environment:create_environment_scripts_only(GUI)
[3.161s] INFO:colcon.colcon_core.shell:Creating package script '/home/didi_121/Rescue-Major/install/GUI/share/GUI/package.ps1'
[3.162s] INFO:colcon.colcon_core.shell:Creating package descriptor '/home/didi_121/Rescue-Major/install/GUI/share/GUI/package.dsv'
[3.164s] INFO:colcon.colcon_core.shell:Creating package script '/home/didi_121/Rescue-Major/install/GUI/share/GUI/package.sh'
[3.165s] INFO:colcon.colcon_core.shell:Creating package script '/home/didi_121/Rescue-Major/install/GUI/share/GUI/package.bash'
[3.167s] INFO:colcon.colcon_core.shell:Creating package script '/home/didi_121/Rescue-Major/install/GUI/share/GUI/package.zsh'
[3.168s] Level 1:colcon.colcon_core.environment:create_file_with_runtime_dependencies(/home/didi_121/Rescue-Major/install/GUI/share/colcon-core/packages/GUI)
[3.958s] DEBUG:colcon.colcon_core.event_handler.log_command:Invoked command in '/home/didi_121/Rescue-Major/build/communication' returned '0': CMAKE_PREFIX_PATH=/opt/ros/humble /usr/bin/cmake /home/didi_121/Rescue-Major/workspace/communication -DCMAKE_INSTALL_PREFIX=/home/didi_121/Rescue-Major/install/communication
[3.962s] DEBUG:colcon.colcon_core.event_handler.log_command:Invoking command in '/home/didi_121/Rescue-Major/build/communication': CMAKE_PREFIX_PATH=/opt/ros/humble /usr/bin/cmake --build /home/didi_121/Rescue-Major/build/communication -- -j8 -l8
[4.028s] DEBUG:colcon.colcon_core.event_handler.log_command:Invoked command in '/home/didi_121/Rescue-Major/build/communication' returned '0': CMAKE_PREFIX_PATH=/opt/ros/humble /usr/bin/cmake --build /home/didi_121/Rescue-Major/build/communication -- -j8 -l8
[4.045s] DEBUG:colcon.colcon_core.event_handler.log_command:Invoking command in '/home/didi_121/Rescue-Major/build/communication': CMAKE_PREFIX_PATH=/opt/ros/humble /usr/bin/cmake --install /home/didi_121/Rescue-Major/build/communication
[4.064s] Level 1:colcon.colcon_core.environment:create_environment_scripts_only(communication)
[4.065s] Level 1:colcon.colcon_core.environment:checking '/home/didi_121/Rescue-Major/install/communication' for CMake module files
[4.066s] DEBUG:colcon.colcon_core.event_handler.log_command:Invoked command in '/home/didi_121/Rescue-Major/build/communication' returned '0': CMAKE_PREFIX_PATH=/opt/ros/humble /usr/bin/cmake --install /home/didi_121/Rescue-Major/build/communication
[4.066s] Level 1:colcon.colcon_core.environment:checking '/home/didi_121/Rescue-Major/install/communication' for CMake config files
[4.067s] Level 1:colcon.colcon_core.shell:create_environment_hook('communication', 'cmake_prefix_path')
[4.067s] INFO:colcon.colcon_core.shell:Creating environment hook '/home/didi_121/Rescue-Major/install/communication/share/communication/hook/cmake_prefix_path.ps1'
[4.068s] INFO:colcon.colcon_core.shell:Creating environment descriptor '/home/didi_121/Rescue-Major/install/communication/share/communication/hook/cmake_prefix_path.dsv'
[4.069s] INFO:colcon.colcon_core.shell:Creating environment hook '/home/didi_121/Rescue-Major/install/communication/share/communication/hook/cmake_prefix_path.sh'
[4.070s] Level 1:colcon.colcon_core.environment:checking '/home/didi_121/Rescue-Major/install/communication/lib'
[4.070s] Level 1:colcon.colcon_core.environment:checking '/home/didi_121/Rescue-Major/install/communication/bin'
[4.070s] Level 1:colcon.colcon_core.environment:checking '/home/didi_121/Rescue-Major/install/communication/lib/pkgconfig/communication.pc'
[4.070s] Level 1:colcon.colcon_core.environment:checking '/home/didi_121/Rescue-Major/install/communication/lib/python3.10/site-packages'
[4.071s] Level 1:colcon.colcon_core.environment:checking '/home/didi_121/Rescue-Major/install/communication/bin'
[4.071s] INFO:colcon.colcon_core.shell:Creating package script '/home/didi_121/Rescue-Major/install/communication/share/communication/package.ps1'
[4.072s] INFO:colcon.colcon_core.shell:Creating package descriptor '/home/didi_121/Rescue-Major/install/communication/share/communication/package.dsv'
[4.073s] INFO:colcon.colcon_core.shell:Creating package script '/home/didi_121/Rescue-Major/install/communication/share/communication/package.sh'
[4.073s] INFO:colcon.colcon_core.shell:Creating package script '/home/didi_121/Rescue-Major/install/communication/share/communication/package.bash'
[4.074s] INFO:colcon.colcon_core.shell:Creating package script '/home/didi_121/Rescue-Major/install/communication/share/communication/package.zsh'
[4.074s] Level 1:colcon.colcon_core.environment:create_file_with_runtime_dependencies(/home/didi_121/Rescue-Major/install/communication/share/colcon-core/packages/communication)
[4.075s] Level 1:colcon.colcon_core.environment:create_environment_scripts_only(communication)
[4.076s] Level 1:colcon.colcon_core.environment:checking '/home/didi_121/Rescue-Major/install/communication' for CMake module files
[4.077s] Level 1:colcon.colcon_core.environment:checking '/home/didi_121/Rescue-Major/install/communication' for CMake config files
[4.078s] Level 1:colcon.colcon_core.shell:create_environment_hook('communication', 'cmake_prefix_path')
[4.079s] INFO:colcon.colcon_core.shell:Creating environment hook '/home/didi_121/Rescue-Major/install/communication/share/communication/hook/cmake_prefix_path.ps1'
[4.080s] INFO:colcon.colcon_core.shell:Creating environment descriptor '/home/didi_121/Rescue-Major/install/communication/share/communication/hook/cmake_prefix_path.dsv'
[4.081s] INFO:colcon.colcon_core.shell:Creating environment hook '/home/didi_121/Rescue-Major/install/communication/share/communication/hook/cmake_prefix_path.sh'
[4.082s] Level 1:colcon.colcon_core.environment:checking '/home/didi_121/Rescue-Major/install/communication/lib'
[4.082s] Level 1:colcon.colcon_core.environment:checking '/home/didi_121/Rescue-Major/install/communication/bin'
[4.082s] Level 1:colcon.colcon_core.environment:checking '/home/didi_121/Rescue-Major/install/communication/lib/pkgconfig/communication.pc'
[4.083s] Level 1:colcon.colcon_core.environment:checking '/home/didi_121/Rescue-Major/install/communication/lib/python3.10/site-packages'
[4.084s] Level 1:colcon.colcon_core.environment:checking '/home/didi_121/Rescue-Major/install/communication/bin'
[4.085s] INFO:colcon.colcon_core.shell:Creating package script '/home/didi_121/Rescue-Major/install/communication/share/communication/package.ps1'
[4.086s] INFO:colcon.colcon_core.shell:Creating package descriptor '/home/didi_121/Rescue-Major/install/communication/share/communication/package.dsv'
[4.087s] INFO:colcon.colcon_core.shell:Creating package script '/home/didi_121/Rescue-Major/install/communication/share/communication/package.sh'
[4.088s] INFO:colcon.colcon_core.shell:Creating package script '/home/didi_121/Rescue-Major/install/communication/share/communication/package.bash'
[4.090s] INFO:colcon.colcon_core.shell:Creating package script '/home/didi_121/Rescue-Major/install/communication/share/communication/package.zsh'
[4.091s] Level 1:colcon.colcon_core.environment:create_file_with_runtime_dependencies(/home/didi_121/Rescue-Major/install/communication/share/colcon-core/packages/communication)
[4.119s] DEBUG:colcon.colcon_core.event_handler.log_command:Invoked command in '/home/didi_121/Rescue-Major/build/vision' returned '0': CMAKE_PREFIX_PATH=/opt/ros/humble /usr/bin/cmake /home/didi_121/Rescue-Major/workspace/vision -DCMAKE_INSTALL_PREFIX=/home/didi_121/Rescue-Major/install/vision
[4.121s] DEBUG:colcon.colcon_core.event_handler.log_command:Invoking command in '/home/didi_121/Rescue-Major/build/vision': CMAKE_PREFIX_PATH=/opt/ros/humble /usr/bin/cmake --build /home/didi_121/Rescue-Major/build/vision -- -j8 -l8
[17.149s] DEBUG:colcon.colcon_core.event_handler.log_command:Invoked command in '/home/didi_121/Rescue-Major/build/vision' returned '0': CMAKE_PREFIX_PATH=/opt/ros/humble /usr/bin/cmake --build /home/didi_121/Rescue-Major/build/vision -- -j8 -l8
[17.153s] DEBUG:colcon.colcon_core.event_handler.log_command:Invoking command in '/home/didi_121/Rescue-Major/build/vision': CMAKE_PREFIX_PATH=/opt/ros/humble /usr/bin/cmake --install /home/didi_121/Rescue-Major/build/vision
[17.173s] Level 1:colcon.colcon_core.environment:create_environment_scripts_only(vision)
[17.174s] Level 1:colcon.colcon_core.environment:checking '/home/didi_121/Rescue-Major/install/vision' for CMake module files
[17.174s] DEBUG:colcon.colcon_core.event_handler.log_command:Invoked command in '/home/didi_121/Rescue-Major/build/vision' returned '0': CMAKE_PREFIX_PATH=/opt/ros/humble /usr/bin/cmake --install /home/didi_121/Rescue-Major/build/vision
[17.175s] Level 1:colcon.colcon_core.environment:checking '/home/didi_121/Rescue-Major/install/vision' for CMake config files
[17.176s] Level 1:colcon.colcon_core.shell:create_environment_hook('vision', 'cmake_prefix_path')
[17.176s] INFO:colcon.colcon_core.shell:Creating environment hook '/home/didi_121/Rescue-Major/install/vision/share/vision/hook/cmake_prefix_path.ps1'
[17.177s] INFO:colcon.colcon_core.shell:Creating environment descriptor '/home/didi_121/Rescue-Major/install/vision/share/vision/hook/cmake_prefix_path.dsv'
[17.177s] INFO:colcon.colcon_core.shell:Creating environment hook '/home/didi_121/Rescue-Major/install/vision/share/vision/hook/cmake_prefix_path.sh'
[17.179s] Level 1:colcon.colcon_core.environment:checking '/home/didi_121/Rescue-Major/install/vision/lib'
[17.179s] Level 1:colcon.colcon_core.environment:checking '/home/didi_121/Rescue-Major/install/vision/bin'
[17.179s] Level 1:colcon.colcon_core.environment:checking '/home/didi_121/Rescue-Major/install/vision/lib/pkgconfig/vision.pc'
[17.179s] Level 1:colcon.colcon_core.environment:checking '/home/didi_121/Rescue-Major/install/vision/lib/python3.10/site-packages'
[17.180s] Level 1:colcon.colcon_core.environment:checking '/home/didi_121/Rescue-Major/install/vision/bin'
[17.180s] INFO:colcon.colcon_core.shell:Creating package script '/home/didi_121/Rescue-Major/install/vision/share/vision/package.ps1'
[17.181s] INFO:colcon.colcon_core.shell:Creating package descriptor '/home/didi_121/Rescue-Major/install/vision/share/vision/package.dsv'
[17.182s] INFO:colcon.colcon_core.shell:Creating package script '/home/didi_121/Rescue-Major/install/vision/share/vision/package.sh'
[17.182s] INFO:colcon.colcon_core.shell:Creating package script '/home/didi_121/Rescue-Major/install/vision/share/vision/package.bash'
[17.183s] INFO:colcon.colcon_core.shell:Creating package script '/home/didi_121/Rescue-Major/install/vision/share/vision/package.zsh'
[17.184s] Level 1:colcon.colcon_core.environment:create_file_with_runtime_dependencies(/home/didi_121/Rescue-Major/install/vision/share/colcon-core/packages/vision)
[17.185s] Level 1:colcon.colcon_core.environment:create_environment_scripts_only(vision)
[17.185s] Level 1:colcon.colcon_core.environment:checking '/home/didi_121/Rescue-Major/install/vision' for CMake module files
[17.186s] Level 1:colcon.colcon_core.environment:checking '/home/didi_121/Rescue-Major/install/vision' for CMake config files
[17.186s] Level 1:colcon.colcon_core.shell:create_environment_hook('vision', 'cmake_prefix_path')
[17.187s] INFO:colcon.colcon_core.shell:Creating environment hook '/home/didi_121/Rescue-Major/install/vision/share/vision/hook/cmake_prefix_path.ps1'
[17.187s] INFO:colcon.colcon_core.shell:Creating environment descriptor '/home/didi_121/Rescue-Major/install/vision/share/vision/hook/cmake_prefix_path.dsv'
[17.188s] INFO:colcon.colcon_core.shell:Creating environment hook '/home/didi_121/Rescue-Major/install/vision/share/vision/hook/cmake_prefix_path.sh'
[17.189s] Level 1:colcon.colcon_core.environment:checking '/home/didi_121/Rescue-Major/install/vision/lib'
[17.189s] Level 1:colcon.colcon_core.environment:checking '/home/didi_121/Rescue-Major/install/vision/bin'
[17.189s] Level 1:colcon.colcon_core.environment:checking '/home/didi_121/Rescue-Major/install/vision/lib/pkgconfig/vision.pc'
[17.189s] Level 1:colcon.colcon_core.environment:checking '/home/didi_121/Rescue-Major/install/vision/lib/python3.10/site-packages'
[17.190s] Level 1:colcon.colcon_core.environment:checking '/home/didi_121/Rescue-Major/install/vision/bin'
[17.190s] INFO:colcon.colcon_core.shell:Creating package script '/home/didi_121/Rescue-Major/install/vision/share/vision/package.ps1'
[17.191s] INFO:colcon.colcon_core.shell:Creating package descriptor '/home/didi_121/Rescue-Major/install/vision/share/vision/package.dsv'
[17.192s] INFO:colcon.colcon_core.shell:Creating package script '/home/didi_121/Rescue-Major/install/vision/share/vision/package.sh'
[17.193s] INFO:colcon.colcon_core.shell:Creating package script '/home/didi_121/Rescue-Major/install/vision/share/vision/package.bash'
[17.193s] INFO:colcon.colcon_core.shell:Creating package script '/home/didi_121/Rescue-Major/install/vision/share/vision/package.zsh'
[17.194s] Level 1:colcon.colcon_core.environment:create_file_with_runtime_dependencies(/home/didi_121/Rescue-Major/install/vision/share/colcon-core/packages/vision)
[17.195s] DEBUG:colcon.colcon_parallel_executor.executor.parallel:closing loop
[17.195s] DEBUG:colcon.colcon_parallel_executor.executor.parallel:loop closed
[17.195s] DEBUG:colcon.colcon_parallel_executor.executor.parallel:run_until_complete finished with '0'
[17.195s] DEBUG:colcon.colcon_core.event_reactor:joining thread
[17.204s] INFO:colcon.colcon_core.plugin_system:Skipping extension 'colcon_notification.desktop_notification.terminal_notifier': Not used on non-Darwin systems
[17.204s] INFO:colcon.colcon_core.plugin_system:Skipping extension 'colcon_notification.desktop_notification.win32': Not used on non-Windows systems
[17.204s] INFO:colcon.colcon_notification.desktop_notification:Sending desktop notification using 'notify2'
[17.225s] DEBUG:colcon.colcon_core.event_reactor:joined thread
[17.225s] INFO:colcon.colcon_core.shell:Creating prefix script '/home/didi_121/Rescue-Major/install/local_setup.ps1'
[17.227s] INFO:colcon.colcon_core.shell:Creating prefix util module '/home/didi_121/Rescue-Major/install/_local_setup_util_ps1.py'
[17.231s] INFO:colcon.colcon_core.shell:Creating prefix chain script '/home/didi_121/Rescue-Major/install/setup.ps1'
[17.233s] INFO:colcon.colcon_core.shell:Creating prefix script '/home/didi_121/Rescue-Major/install/local_setup.sh'
[17.234s] INFO:colcon.colcon_core.shell:Creating prefix util module '/home/didi_121/Rescue-Major/install/_local_setup_util_sh.py'
[17.235s] INFO:colcon.colcon_core.shell:Creating prefix chain script '/home/didi_121/Rescue-Major/install/setup.sh'
[17.237s] INFO:colcon.colcon_core.shell:Creating prefix script '/home/didi_121/Rescue-Major/install/local_setup.bash'
[17.237s] INFO:colcon.colcon_core.shell:Creating prefix chain script '/home/didi_121/Rescue-Major/install/setup.bash'
[17.239s] INFO:colcon.colcon_core.shell:Creating prefix script '/home/didi_121/Rescue-Major/install/local_setup.zsh'
[17.240s] INFO:colcon.colcon_core.shell:Creating prefix chain script '/home/didi_121/Rescue-Major/install/setup.zsh'
