-- Install configuration: ""
-- Up-to-date: /home/didi_121/Rescue-Major/workspace/install/communication/lib/communication/audio_server.py
-- Installing: /home/didi_121/Rescue-Major/workspace/install/communication/lib/communication/command_server.py
-- Installing: /home/didi_121/Rescue-Major/workspace/install/communication/lib/communication/dummy_subscriber.py
-- Installing: /home/didi_121/Rescue-Major/workspace/install/communication/lib/communication/dummy_publisher.py
-- Up-to-date: /home/didi_121/Rescue-Major/workspace/install/communication/share/ament_index/resource_index/package_run_dependencies/communication
-- Up-to-date: /home/didi_121/Rescue-Major/workspace/install/communication/share/ament_index/resource_index/parent_prefix_path/communication
-- Up-to-date: /home/didi_121/Rescue-Major/workspace/install/communication/share/communication/environment/ament_prefix_path.sh
-- Up-to-date: /home/didi_121/Rescue-Major/workspace/install/communication/share/communication/environment/ament_prefix_path.dsv
-- Up-to-date: /home/didi_121/Rescue-Major/workspace/install/communication/share/communication/environment/path.sh
-- Up-to-date: /home/didi_121/Rescue-Major/workspace/install/communication/share/communication/environment/path.dsv
-- Up-to-date: /home/didi_121/Rescue-Major/workspace/install/communication/share/communication/local_setup.bash
-- Up-to-date: /home/didi_121/Rescue-Major/workspace/install/communication/share/communication/local_setup.sh
-- Up-to-date: /home/didi_121/Rescue-Major/workspace/install/communication/share/communication/local_setup.zsh
-- Up-to-date: /home/didi_121/Rescue-Major/workspace/install/communication/share/communication/local_setup.dsv
-- Installing: /home/didi_121/Rescue-Major/workspace/install/communication/share/communication/package.dsv
-- Up-to-date: /home/didi_121/Rescue-Major/workspace/install/communication/share/ament_index/resource_index/packages/communication
-- Up-to-date: /home/didi_121/Rescue-Major/workspace/install/communication/share/communication/cmake/communicationConfig.cmake
-- Up-to-date: /home/didi_121/Rescue-Major/workspace/install/communication/share/communication/cmake/communicationConfig-version.cmake
-- Up-to-date: /home/didi_121/Rescue-Major/workspace/install/communication/share/communication/package.xml
