[0.022s] Invoking command in '/home/didi_121/Rescue-Major/workspace/vision/build/vision': CMAKE_PREFIX_PATH=${CMAKE_PREFIX_PATH}:/opt/ros/humble /usr/bin/cmake --build /home/didi_121/Rescue-Major/workspace/vision/build/vision -- -j8 -l8
[0.072s] -- Found ament_cmake: 1.3.11 (/opt/ros/humble/share/ament_cmake/cmake)
[0.354s] -- Found rclpy: 3.3.16 (/opt/ros/humble/share/rclpy/cmake)
[0.354s] -- Found rclcpp: 16.0.12 (/opt/ros/humble/share/rclcpp/cmake)
[0.421s] -- Found rosidl_generator_c: 3.1.6 (/opt/ros/humble/share/rosidl_generator_c/cmake)
[0.429s] -- Found rosidl_adapter: 3.1.6 (/opt/ros/humble/share/rosidl_adapter/cmake)
[0.443s] -- Found rosidl_generator_cpp: 3.1.6 (/opt/ros/humble/share/rosidl_generator_cpp/cmake)
[0.465s] -- Using all available rosidl_typesupport_c: rosidl_typesupport_fastrtps_c;rosidl_typesupport_introspection_c
[0.490s] -- Using all available rosidl_typesupport_cpp: rosidl_typesupport_fastrtps_cpp;rosidl_typesupport_introspection_cpp
[0.560s] -- Found rmw_implementation_cmake: 6.1.2 (/opt/ros/humble/share/rmw_implementation_cmake/cmake)
[0.563s] -- Found rmw_fastrtps_cpp: 6.2.7 (/opt/ros/humble/share/rmw_fastrtps_cpp/cmake)
[0.768s] -- Using RMW implementation 'rmw_fastrtps_cpp' as default
[0.876s] -- Found sensor_msgs: 4.8.0 (/opt/ros/humble/share/sensor_msgs/cmake)
[0.938s] -- Found cv_bridge: 3.2.1 (/opt/ros/humble/share/cv_bridge/cmake)
[0.966s] -- Found image_transport: 3.1.11 (/opt/ros/humble/share/image_transport/cmake)
[1.006s] -- Found ament_lint_auto: 0.12.12 (/opt/ros/humble/share/ament_lint_auto/cmake)
[1.162s] -- Configuring done
[1.204s] -- Generating done
[1.220s] -- Build files have been written to: /home/didi_121/Rescue-Major/workspace/vision/build/vision
[1.286s] [35m[1mConsolidate compiler generated dependencies of target video_stream_publisher[0m
[1.332s] [100%] Built target video_stream_publisher
[1.355s] Invoked command in '/home/didi_121/Rescue-Major/workspace/vision/build/vision' returned '0': CMAKE_PREFIX_PATH=${CMAKE_PREFIX_PATH}:/opt/ros/humble /usr/bin/cmake --build /home/didi_121/Rescue-Major/workspace/vision/build/vision -- -j8 -l8
[1.381s] Invoking command in '/home/didi_121/Rescue-Major/workspace/vision/build/vision': CMAKE_PREFIX_PATH=${CMAKE_PREFIX_PATH}:/opt/ros/humble /usr/bin/cmake --install /home/didi_121/Rescue-Major/workspace/vision/build/vision
[1.398s] -- Install configuration: ""
[1.398s] -- Up-to-date: /home/didi_121/Rescue-Major/workspace/vision/install/vision/lib/vision/video_stream_publisher
[1.399s] -- Up-to-date: /home/didi_121/Rescue-Major/workspace/vision/install/vision/share/ament_index/resource_index/package_run_dependencies/vision
[1.399s] -- Installing: /home/didi_121/Rescue-Major/workspace/vision/install/vision/share/ament_index/resource_index/parent_prefix_path/vision
[1.399s] -- Up-to-date: /home/didi_121/Rescue-Major/workspace/vision/install/vision/share/vision/environment/ament_prefix_path.sh
[1.400s] -- Installing: /home/didi_121/Rescue-Major/workspace/vision/install/vision/share/vision/environment/ament_prefix_path.dsv
[1.400s] -- Up-to-date: /home/didi_121/Rescue-Major/workspace/vision/install/vision/share/vision/environment/path.sh
[1.400s] -- Installing: /home/didi_121/Rescue-Major/workspace/vision/install/vision/share/vision/environment/path.dsv
[1.400s] -- Up-to-date: /home/didi_121/Rescue-Major/workspace/vision/install/vision/share/vision/local_setup.bash
[1.401s] -- Up-to-date: /home/didi_121/Rescue-Major/workspace/vision/install/vision/share/vision/local_setup.sh
[1.401s] -- Up-to-date: /home/didi_121/Rescue-Major/workspace/vision/install/vision/share/vision/local_setup.zsh
[1.402s] -- Installing: /home/didi_121/Rescue-Major/workspace/vision/install/vision/share/vision/local_setup.dsv
[1.402s] -- Installing: /home/didi_121/Rescue-Major/workspace/vision/install/vision/share/vision/package.dsv
[1.402s] -- Up-to-date: /home/didi_121/Rescue-Major/workspace/vision/install/vision/share/ament_index/resource_index/packages/vision
[1.402s] -- Up-to-date: /home/didi_121/Rescue-Major/workspace/vision/install/vision/share/vision/cmake/visionConfig.cmake
[1.403s] -- Up-to-date: /home/didi_121/Rescue-Major/workspace/vision/install/vision/share/vision/cmake/visionConfig-version.cmake
[1.403s] -- Up-to-date: /home/didi_121/Rescue-Major/workspace/vision/install/vision/share/vision/package.xml
[1.406s] Invoked command in '/home/didi_121/Rescue-Major/workspace/vision/build/vision' returned '0': CMAKE_PREFIX_PATH=${CMAKE_PREFIX_PATH}:/opt/ros/humble /usr/bin/cmake --install /home/didi_121/Rescue-Major/workspace/vision/build/vision
