[0.308s] DEBUG:colcon:Command line arguments: ['/usr/bin/colcon', 'build', '--packages-select', 'mapping']
[0.308s] DEBUG:colcon:Parsed command line arguments: Namespace(log_base=None, log_level=None, verb_name='build', build_base='build', install_base='install', merge_install=False, symlink_install=False, test_result_base=None, continue_on_error=False, executor='parallel', parallel_workers=8, event_handlers=None, ignore_user_meta=False, metas=['./colcon.meta'], base_paths=['.'], packages_ignore=None, packages_ignore_regex=None, paths=None, packages_up_to=None, packages_up_to_regex=None, packages_above=None, packages_above_and_dependencies=None, packages_above_depth=None, packages_select_by_dep=None, packages_skip_by_dep=None, packages_skip_up_to=None, packages_select_build_failed=False, packages_skip_build_finished=False, packages_select_test_failures=False, packages_skip_test_passed=False, packages_select=['mapping'], packages_skip=None, packages_select_regex=None, packages_skip_regex=None, packages_start=None, packages_end=None, allow_overriding=[], cmake_args=None, cmake_target=None, cmake_target_skip_unavailable=False, cmake_clean_cache=False, cmake_clean_first=False, cmake_force_configure=False, ament_cmake_args=None, catkin_cmake_args=None, catkin_skip_building_tests=False, mixin_files=None, mixin=None, verb_parser=<colcon_mixin.mixin.mixin_argument.MixinArgumentDecorator object at 0x762575b7f880>, verb_extension=<colcon_core.verb.build.BuildVerb object at 0x762575b7f010>, main=<bound method BuildVerb.main of <colcon_core.verb.build.BuildVerb object at 0x762575b7f010>>, mixin_verb=('build',))
[0.850s] Level 1:colcon.colcon_core.package_discovery:discover_packages(colcon_meta) check parameters
[0.851s] Level 1:colcon.colcon_core.package_discovery:discover_packages(recursive) check parameters
[0.851s] Level 1:colcon.colcon_core.package_discovery:discover_packages(ignore) check parameters
[0.851s] Level 1:colcon.colcon_core.package_discovery:discover_packages(path) check parameters
[0.851s] Level 1:colcon.colcon_core.package_discovery:discover_packages(colcon_meta) discover
[0.851s] Level 1:colcon.colcon_core.package_discovery:discover_packages(recursive) discover
[0.851s] INFO:colcon.colcon_core.package_discovery:Crawling recursively for packages in '/home/aesir/Rescue-Major'
[0.851s] Level 1:colcon.colcon_core.package_identification:_identify(.) by extensions ['ignore', 'ignore_ament_install']
[0.852s] Level 1:colcon.colcon_core.package_identification:_identify(.) by extension 'ignore'
[0.852s] Level 1:colcon.colcon_core.package_identification:_identify(.) by extension 'ignore_ament_install'
[0.852s] Level 1:colcon.colcon_core.package_identification:_identify(.) by extensions ['colcon_pkg']
[0.852s] Level 1:colcon.colcon_core.package_identification:_identify(.) by extension 'colcon_pkg'
[0.852s] Level 1:colcon.colcon_core.package_identification:_identify(.) by extensions ['colcon_meta']
[0.852s] Level 1:colcon.colcon_core.package_identification:_identify(.) by extension 'colcon_meta'
[0.852s] Level 1:colcon.colcon_core.package_identification:_identify(.) by extensions ['ros']
[0.852s] Level 1:colcon.colcon_core.package_identification:_identify(.) by extension 'ros'
[0.936s] Level 1:colcon.colcon_core.package_identification:_identify(.) by extensions ['cmake', 'python']
[0.936s] Level 1:colcon.colcon_core.package_identification:_identify(.) by extension 'cmake'
[0.936s] Level 1:colcon.colcon_core.package_identification:_identify(.) by extension 'python'
[0.936s] Level 1:colcon.colcon_core.package_identification:_identify(.) by extensions ['python_setup_py']
[0.936s] Level 1:colcon.colcon_core.package_identification:_identify(.) by extension 'python_setup_py'
[0.937s] Level 1:colcon.colcon_core.package_identification:_identify(build) by extensions ['ignore', 'ignore_ament_install']
[0.937s] Level 1:colcon.colcon_core.package_identification:_identify(build) by extension 'ignore'
[0.937s] Level 1:colcon.colcon_core.package_identification:_identify(build) ignored
[0.937s] Level 1:colcon.colcon_core.package_identification:_identify(cloudfare) by extensions ['ignore', 'ignore_ament_install']
[0.937s] Level 1:colcon.colcon_core.package_identification:_identify(cloudfare) by extension 'ignore'
[0.937s] Level 1:colcon.colcon_core.package_identification:_identify(cloudfare) by extension 'ignore_ament_install'
[0.938s] Level 1:colcon.colcon_core.package_identification:_identify(cloudfare) by extensions ['colcon_pkg']
[0.938s] Level 1:colcon.colcon_core.package_identification:_identify(cloudfare) by extension 'colcon_pkg'
[0.938s] Level 1:colcon.colcon_core.package_identification:_identify(cloudfare) by extensions ['colcon_meta']
[0.938s] Level 1:colcon.colcon_core.package_identification:_identify(cloudfare) by extension 'colcon_meta'
[0.938s] Level 1:colcon.colcon_core.package_identification:_identify(cloudfare) by extensions ['ros']
[0.938s] Level 1:colcon.colcon_core.package_identification:_identify(cloudfare) by extension 'ros'
[0.938s] Level 1:colcon.colcon_core.package_identification:_identify(cloudfare) by extensions ['cmake', 'python']
[0.938s] Level 1:colcon.colcon_core.package_identification:_identify(cloudfare) by extension 'cmake'
[0.938s] Level 1:colcon.colcon_core.package_identification:_identify(cloudfare) by extension 'python'
[0.938s] Level 1:colcon.colcon_core.package_identification:_identify(cloudfare) by extensions ['python_setup_py']
[0.938s] Level 1:colcon.colcon_core.package_identification:_identify(cloudfare) by extension 'python_setup_py'
[0.938s] Level 1:colcon.colcon_core.package_identification:_identify(docs) by extensions ['ignore', 'ignore_ament_install']
[0.939s] Level 1:colcon.colcon_core.package_identification:_identify(docs) by extension 'ignore'
[0.939s] Level 1:colcon.colcon_core.package_identification:_identify(docs) by extension 'ignore_ament_install'
[0.939s] Level 1:colcon.colcon_core.package_identification:_identify(docs) by extensions ['colcon_pkg']
[0.939s] Level 1:colcon.colcon_core.package_identification:_identify(docs) by extension 'colcon_pkg'
[0.939s] Level 1:colcon.colcon_core.package_identification:_identify(docs) by extensions ['colcon_meta']
[0.939s] Level 1:colcon.colcon_core.package_identification:_identify(docs) by extension 'colcon_meta'
[0.939s] Level 1:colcon.colcon_core.package_identification:_identify(docs) by extensions ['ros']
[0.939s] Level 1:colcon.colcon_core.package_identification:_identify(docs) by extension 'ros'
[0.939s] Level 1:colcon.colcon_core.package_identification:_identify(docs) by extensions ['cmake', 'python']
[0.939s] Level 1:colcon.colcon_core.package_identification:_identify(docs) by extension 'cmake'
[0.939s] Level 1:colcon.colcon_core.package_identification:_identify(docs) by extension 'python'
[0.939s] Level 1:colcon.colcon_core.package_identification:_identify(docs) by extensions ['python_setup_py']
[0.939s] Level 1:colcon.colcon_core.package_identification:_identify(docs) by extension 'python_setup_py'
[0.940s] Level 1:colcon.colcon_core.package_identification:_identify(install) by extensions ['ignore', 'ignore_ament_install']
[0.940s] Level 1:colcon.colcon_core.package_identification:_identify(install) by extension 'ignore'
[0.940s] Level 1:colcon.colcon_core.package_identification:_identify(install) ignored
[0.940s] Level 1:colcon.colcon_core.package_identification:_identify(log) by extensions ['ignore', 'ignore_ament_install']
[0.940s] Level 1:colcon.colcon_core.package_identification:_identify(log) by extension 'ignore'
[0.940s] Level 1:colcon.colcon_core.package_identification:_identify(log) ignored
[0.940s] Level 1:colcon.colcon_core.package_identification:_identify(workspace) by extensions ['ignore', 'ignore_ament_install']
[0.940s] Level 1:colcon.colcon_core.package_identification:_identify(workspace) by extension 'ignore'
[0.941s] Level 1:colcon.colcon_core.package_identification:_identify(workspace) by extension 'ignore_ament_install'
[0.941s] Level 1:colcon.colcon_core.package_identification:_identify(workspace) by extensions ['colcon_pkg']
[0.941s] Level 1:colcon.colcon_core.package_identification:_identify(workspace) by extension 'colcon_pkg'
[0.941s] Level 1:colcon.colcon_core.package_identification:_identify(workspace) by extensions ['colcon_meta']
[0.941s] Level 1:colcon.colcon_core.package_identification:_identify(workspace) by extension 'colcon_meta'
[0.941s] Level 1:colcon.colcon_core.package_identification:_identify(workspace) by extensions ['ros']
[0.941s] Level 1:colcon.colcon_core.package_identification:_identify(workspace) by extension 'ros'
[0.941s] Level 1:colcon.colcon_core.package_identification:_identify(workspace) by extensions ['cmake', 'python']
[0.941s] Level 1:colcon.colcon_core.package_identification:_identify(workspace) by extension 'cmake'
[0.941s] Level 1:colcon.colcon_core.package_identification:_identify(workspace) by extension 'python'
[0.941s] Level 1:colcon.colcon_core.package_identification:_identify(workspace) by extensions ['python_setup_py']
[0.941s] Level 1:colcon.colcon_core.package_identification:_identify(workspace) by extension 'python_setup_py'
[0.942s] Level 1:colcon.colcon_core.package_identification:_identify(workspace/build) by extensions ['ignore', 'ignore_ament_install']
[0.942s] Level 1:colcon.colcon_core.package_identification:_identify(workspace/build) by extension 'ignore'
[0.942s] Level 1:colcon.colcon_core.package_identification:_identify(workspace/build) ignored
[0.942s] Level 1:colcon.colcon_core.package_identification:_identify(workspace/install) by extensions ['ignore', 'ignore_ament_install']
[0.942s] Level 1:colcon.colcon_core.package_identification:_identify(workspace/install) by extension 'ignore'
[0.942s] Level 1:colcon.colcon_core.package_identification:_identify(workspace/install) ignored
[0.942s] Level 1:colcon.colcon_core.package_identification:_identify(workspace/log) by extensions ['ignore', 'ignore_ament_install']
[0.942s] Level 1:colcon.colcon_core.package_identification:_identify(workspace/log) by extension 'ignore'
[0.943s] Level 1:colcon.colcon_core.package_identification:_identify(workspace/log) ignored
[0.943s] Level 1:colcon.colcon_core.package_identification:_identify(workspace/src) by extensions ['ignore', 'ignore_ament_install']
[0.943s] Level 1:colcon.colcon_core.package_identification:_identify(workspace/src) by extension 'ignore'
[0.943s] Level 1:colcon.colcon_core.package_identification:_identify(workspace/src) by extension 'ignore_ament_install'
[0.943s] Level 1:colcon.colcon_core.package_identification:_identify(workspace/src) by extensions ['colcon_pkg']
[0.943s] Level 1:colcon.colcon_core.package_identification:_identify(workspace/src) by extension 'colcon_pkg'
[0.943s] Level 1:colcon.colcon_core.package_identification:_identify(workspace/src) by extensions ['colcon_meta']
[0.943s] Level 1:colcon.colcon_core.package_identification:_identify(workspace/src) by extension 'colcon_meta'
[0.943s] Level 1:colcon.colcon_core.package_identification:_identify(workspace/src) by extensions ['ros']
[0.943s] Level 1:colcon.colcon_core.package_identification:_identify(workspace/src) by extension 'ros'
[0.943s] Level 1:colcon.colcon_core.package_identification:_identify(workspace/src) by extensions ['cmake', 'python']
[0.944s] Level 1:colcon.colcon_core.package_identification:_identify(workspace/src) by extension 'cmake'
[0.944s] Level 1:colcon.colcon_core.package_identification:_identify(workspace/src) by extension 'python'
[0.944s] Level 1:colcon.colcon_core.package_identification:_identify(workspace/src) by extensions ['python_setup_py']
[0.944s] Level 1:colcon.colcon_core.package_identification:_identify(workspace/src) by extension 'python_setup_py'
[0.944s] Level 1:colcon.colcon_core.package_identification:_identify(workspace/src/hardware) by extensions ['ignore', 'ignore_ament_install']
[0.944s] Level 1:colcon.colcon_core.package_identification:_identify(workspace/src/hardware) by extension 'ignore'
[0.944s] Level 1:colcon.colcon_core.package_identification:_identify(workspace/src/hardware) by extension 'ignore_ament_install'
[0.944s] Level 1:colcon.colcon_core.package_identification:_identify(workspace/src/hardware) by extensions ['colcon_pkg']
[0.944s] Level 1:colcon.colcon_core.package_identification:_identify(workspace/src/hardware) by extension 'colcon_pkg'
[0.944s] Level 1:colcon.colcon_core.package_identification:_identify(workspace/src/hardware) by extensions ['colcon_meta']
[0.944s] Level 1:colcon.colcon_core.package_identification:_identify(workspace/src/hardware) by extension 'colcon_meta'
[0.944s] Level 1:colcon.colcon_core.package_identification:_identify(workspace/src/hardware) by extensions ['ros']
[0.945s] Level 1:colcon.colcon_core.package_identification:_identify(workspace/src/hardware) by extension 'ros'
[0.950s] DEBUG:colcon.colcon_core.package_identification:Package 'workspace/src/hardware' with type 'ros.ament_cmake' and name 'hardware'
[0.950s] Level 1:colcon.colcon_core.package_identification:_identify(workspace/src/mapping) by extensions ['ignore', 'ignore_ament_install']
[0.951s] Level 1:colcon.colcon_core.package_identification:_identify(workspace/src/mapping) by extension 'ignore'
[0.951s] Level 1:colcon.colcon_core.package_identification:_identify(workspace/src/mapping) by extension 'ignore_ament_install'
[0.951s] Level 1:colcon.colcon_core.package_identification:_identify(workspace/src/mapping) by extensions ['colcon_pkg']
[0.951s] Level 1:colcon.colcon_core.package_identification:_identify(workspace/src/mapping) by extension 'colcon_pkg'
[0.951s] Level 1:colcon.colcon_core.package_identification:_identify(workspace/src/mapping) by extensions ['colcon_meta']
[0.951s] Level 1:colcon.colcon_core.package_identification:_identify(workspace/src/mapping) by extension 'colcon_meta'
[0.951s] Level 1:colcon.colcon_core.package_identification:_identify(workspace/src/mapping) by extensions ['ros']
[0.951s] Level 1:colcon.colcon_core.package_identification:_identify(workspace/src/mapping) by extension 'ros'
[0.954s] DEBUG:colcon.colcon_core.package_identification:Package 'workspace/src/mapping' with type 'ros.ament_cmake' and name 'mapping'
[0.954s] Level 1:colcon.colcon_core.package_identification:_identify(workspace/src/teleoperation) by extensions ['ignore', 'ignore_ament_install']
[0.954s] Level 1:colcon.colcon_core.package_identification:_identify(workspace/src/teleoperation) by extension 'ignore'
[0.955s] Level 1:colcon.colcon_core.package_identification:_identify(workspace/src/teleoperation) by extension 'ignore_ament_install'
[0.955s] Level 1:colcon.colcon_core.package_identification:_identify(workspace/src/teleoperation) by extensions ['colcon_pkg']
[0.955s] Level 1:colcon.colcon_core.package_identification:_identify(workspace/src/teleoperation) by extension 'colcon_pkg'
[0.955s] Level 1:colcon.colcon_core.package_identification:_identify(workspace/src/teleoperation) by extensions ['colcon_meta']
[0.955s] Level 1:colcon.colcon_core.package_identification:_identify(workspace/src/teleoperation) by extension 'colcon_meta'
[0.955s] Level 1:colcon.colcon_core.package_identification:_identify(workspace/src/teleoperation) by extensions ['ros']
[0.955s] Level 1:colcon.colcon_core.package_identification:_identify(workspace/src/teleoperation) by extension 'ros'
[0.957s] DEBUG:colcon.colcon_core.package_identification:Package 'workspace/src/teleoperation' with type 'ros.ament_cmake' and name 'teleoperation'
[0.957s] Level 1:colcon.colcon_core.package_identification:_identify(workspace/src/unilidar_sdk2) by extensions ['ignore', 'ignore_ament_install']
[0.957s] Level 1:colcon.colcon_core.package_identification:_identify(workspace/src/unilidar_sdk2) by extension 'ignore'
[0.957s] Level 1:colcon.colcon_core.package_identification:_identify(workspace/src/unilidar_sdk2) by extension 'ignore_ament_install'
[0.957s] Level 1:colcon.colcon_core.package_identification:_identify(workspace/src/unilidar_sdk2) by extensions ['colcon_pkg']
[0.957s] Level 1:colcon.colcon_core.package_identification:_identify(workspace/src/unilidar_sdk2) by extension 'colcon_pkg'
[0.958s] Level 1:colcon.colcon_core.package_identification:_identify(workspace/src/unilidar_sdk2) by extensions ['colcon_meta']
[0.958s] Level 1:colcon.colcon_core.package_identification:_identify(workspace/src/unilidar_sdk2) by extension 'colcon_meta'
[0.958s] Level 1:colcon.colcon_core.package_identification:_identify(workspace/src/unilidar_sdk2) by extensions ['ros']
[0.958s] Level 1:colcon.colcon_core.package_identification:_identify(workspace/src/unilidar_sdk2) by extension 'ros'
[0.958s] Level 1:colcon.colcon_core.package_identification:_identify(workspace/src/unilidar_sdk2) by extensions ['cmake', 'python']
[0.958s] Level 1:colcon.colcon_core.package_identification:_identify(workspace/src/unilidar_sdk2) by extension 'cmake'
[0.958s] Level 1:colcon.colcon_core.package_identification:_identify(workspace/src/unilidar_sdk2) by extension 'python'
[0.958s] Level 1:colcon.colcon_core.package_identification:_identify(workspace/src/unilidar_sdk2) by extensions ['python_setup_py']
[0.958s] Level 1:colcon.colcon_core.package_identification:_identify(workspace/src/unilidar_sdk2) by extension 'python_setup_py'
[0.958s] Level 1:colcon.colcon_core.package_identification:_identify(workspace/src/unilidar_sdk2/docs) by extensions ['ignore', 'ignore_ament_install']
[0.959s] Level 1:colcon.colcon_core.package_identification:_identify(workspace/src/unilidar_sdk2/docs) by extension 'ignore'
[0.959s] Level 1:colcon.colcon_core.package_identification:_identify(workspace/src/unilidar_sdk2/docs) by extension 'ignore_ament_install'
[0.959s] Level 1:colcon.colcon_core.package_identification:_identify(workspace/src/unilidar_sdk2/docs) by extensions ['colcon_pkg']
[0.959s] Level 1:colcon.colcon_core.package_identification:_identify(workspace/src/unilidar_sdk2/docs) by extension 'colcon_pkg'
[0.959s] Level 1:colcon.colcon_core.package_identification:_identify(workspace/src/unilidar_sdk2/docs) by extensions ['colcon_meta']
[0.959s] Level 1:colcon.colcon_core.package_identification:_identify(workspace/src/unilidar_sdk2/docs) by extension 'colcon_meta'
[0.959s] Level 1:colcon.colcon_core.package_identification:_identify(workspace/src/unilidar_sdk2/docs) by extensions ['ros']
[0.959s] Level 1:colcon.colcon_core.package_identification:_identify(workspace/src/unilidar_sdk2/docs) by extension 'ros'
[0.959s] Level 1:colcon.colcon_core.package_identification:_identify(workspace/src/unilidar_sdk2/docs) by extensions ['cmake', 'python']
[0.959s] Level 1:colcon.colcon_core.package_identification:_identify(workspace/src/unilidar_sdk2/docs) by extension 'cmake'
[0.959s] Level 1:colcon.colcon_core.package_identification:_identify(workspace/src/unilidar_sdk2/docs) by extension 'python'
[0.959s] Level 1:colcon.colcon_core.package_identification:_identify(workspace/src/unilidar_sdk2/docs) by extensions ['python_setup_py']
[0.960s] Level 1:colcon.colcon_core.package_identification:_identify(workspace/src/unilidar_sdk2/docs) by extension 'python_setup_py'
[0.960s] Level 1:colcon.colcon_core.package_identification:_identify(workspace/src/unilidar_sdk2/unitree_lidar_ros) by extensions ['ignore', 'ignore_ament_install']
[0.960s] Level 1:colcon.colcon_core.package_identification:_identify(workspace/src/unilidar_sdk2/unitree_lidar_ros) by extension 'ignore'
[0.960s] Level 1:colcon.colcon_core.package_identification:_identify(workspace/src/unilidar_sdk2/unitree_lidar_ros) by extension 'ignore_ament_install'
[0.960s] Level 1:colcon.colcon_core.package_identification:_identify(workspace/src/unilidar_sdk2/unitree_lidar_ros) by extensions ['colcon_pkg']
[0.960s] Level 1:colcon.colcon_core.package_identification:_identify(workspace/src/unilidar_sdk2/unitree_lidar_ros) by extension 'colcon_pkg'
[0.960s] Level 1:colcon.colcon_core.package_identification:_identify(workspace/src/unilidar_sdk2/unitree_lidar_ros) by extensions ['colcon_meta']
[0.960s] Level 1:colcon.colcon_core.package_identification:_identify(workspace/src/unilidar_sdk2/unitree_lidar_ros) by extension 'colcon_meta'
[0.960s] Level 1:colcon.colcon_core.package_identification:_identify(workspace/src/unilidar_sdk2/unitree_lidar_ros) by extensions ['ros']
[0.960s] Level 1:colcon.colcon_core.package_identification:_identify(workspace/src/unilidar_sdk2/unitree_lidar_ros) by extension 'ros'
[0.961s] Level 1:colcon.colcon_core.package_identification:_identify(workspace/src/unilidar_sdk2/unitree_lidar_ros) by extensions ['cmake', 'python']
[0.961s] Level 1:colcon.colcon_core.package_identification:_identify(workspace/src/unilidar_sdk2/unitree_lidar_ros) by extension 'cmake'
[0.961s] Level 1:colcon.colcon_core.package_identification:_identify(workspace/src/unilidar_sdk2/unitree_lidar_ros) by extension 'python'
[0.961s] Level 1:colcon.colcon_core.package_identification:_identify(workspace/src/unilidar_sdk2/unitree_lidar_ros) by extensions ['python_setup_py']
[0.961s] Level 1:colcon.colcon_core.package_identification:_identify(workspace/src/unilidar_sdk2/unitree_lidar_ros) by extension 'python_setup_py'
[0.961s] Level 1:colcon.colcon_core.package_identification:_identify(workspace/src/unilidar_sdk2/unitree_lidar_ros/src) by extensions ['ignore', 'ignore_ament_install']
[0.961s] Level 1:colcon.colcon_core.package_identification:_identify(workspace/src/unilidar_sdk2/unitree_lidar_ros/src) by extension 'ignore'
[0.961s] Level 1:colcon.colcon_core.package_identification:_identify(workspace/src/unilidar_sdk2/unitree_lidar_ros/src) by extension 'ignore_ament_install'
[0.961s] Level 1:colcon.colcon_core.package_identification:_identify(workspace/src/unilidar_sdk2/unitree_lidar_ros/src) by extensions ['colcon_pkg']
[0.961s] Level 1:colcon.colcon_core.package_identification:_identify(workspace/src/unilidar_sdk2/unitree_lidar_ros/src) by extension 'colcon_pkg'
[0.961s] Level 1:colcon.colcon_core.package_identification:_identify(workspace/src/unilidar_sdk2/unitree_lidar_ros/src) by extensions ['colcon_meta']
[0.962s] Level 1:colcon.colcon_core.package_identification:_identify(workspace/src/unilidar_sdk2/unitree_lidar_ros/src) by extension 'colcon_meta'
[0.962s] Level 1:colcon.colcon_core.package_identification:_identify(workspace/src/unilidar_sdk2/unitree_lidar_ros/src) by extensions ['ros']
[0.962s] Level 1:colcon.colcon_core.package_identification:_identify(workspace/src/unilidar_sdk2/unitree_lidar_ros/src) by extension 'ros'
[0.962s] Level 1:colcon.colcon_core.package_identification:_identify(workspace/src/unilidar_sdk2/unitree_lidar_ros/src) by extensions ['cmake', 'python']
[0.962s] Level 1:colcon.colcon_core.package_identification:_identify(workspace/src/unilidar_sdk2/unitree_lidar_ros/src) by extension 'cmake'
[0.962s] Level 1:colcon.colcon_core.package_identification:_identify(workspace/src/unilidar_sdk2/unitree_lidar_ros/src) by extension 'python'
[0.962s] Level 1:colcon.colcon_core.package_identification:_identify(workspace/src/unilidar_sdk2/unitree_lidar_ros/src) by extensions ['python_setup_py']
[0.962s] Level 1:colcon.colcon_core.package_identification:_identify(workspace/src/unilidar_sdk2/unitree_lidar_ros/src) by extension 'python_setup_py'
[0.962s] Level 1:colcon.colcon_core.package_identification:_identify(workspace/src/unilidar_sdk2/unitree_lidar_ros/src/unitree_lidar_ros) by extensions ['ignore', 'ignore_ament_install']
[0.962s] Level 1:colcon.colcon_core.package_identification:_identify(workspace/src/unilidar_sdk2/unitree_lidar_ros/src/unitree_lidar_ros) by extension 'ignore'
[0.963s] Level 1:colcon.colcon_core.package_identification:_identify(workspace/src/unilidar_sdk2/unitree_lidar_ros/src/unitree_lidar_ros) by extension 'ignore_ament_install'
[0.963s] Level 1:colcon.colcon_core.package_identification:_identify(workspace/src/unilidar_sdk2/unitree_lidar_ros/src/unitree_lidar_ros) by extensions ['colcon_pkg']
[0.963s] Level 1:colcon.colcon_core.package_identification:_identify(workspace/src/unilidar_sdk2/unitree_lidar_ros/src/unitree_lidar_ros) by extension 'colcon_pkg'
[0.963s] Level 1:colcon.colcon_core.package_identification:_identify(workspace/src/unilidar_sdk2/unitree_lidar_ros/src/unitree_lidar_ros) by extensions ['colcon_meta']
[0.963s] Level 1:colcon.colcon_core.package_identification:_identify(workspace/src/unilidar_sdk2/unitree_lidar_ros/src/unitree_lidar_ros) by extension 'colcon_meta'
[0.963s] Level 1:colcon.colcon_core.package_identification:_identify(workspace/src/unilidar_sdk2/unitree_lidar_ros/src/unitree_lidar_ros) by extensions ['ros']
[0.963s] Level 1:colcon.colcon_core.package_identification:_identify(workspace/src/unilidar_sdk2/unitree_lidar_ros/src/unitree_lidar_ros) by extension 'ros'
[0.965s] DEBUG:colcon.colcon_core.package_identification:Package 'workspace/src/unilidar_sdk2/unitree_lidar_ros/src/unitree_lidar_ros' with type 'ros.catkin' and name 'unitree_lidar_ros'
[0.965s] Level 1:colcon.colcon_core.package_identification:_identify(workspace/src/unilidar_sdk2/unitree_lidar_ros2) by extensions ['ignore', 'ignore_ament_install']
[0.966s] Level 1:colcon.colcon_core.package_identification:_identify(workspace/src/unilidar_sdk2/unitree_lidar_ros2) by extension 'ignore'
[0.966s] Level 1:colcon.colcon_core.package_identification:_identify(workspace/src/unilidar_sdk2/unitree_lidar_ros2) by extension 'ignore_ament_install'
[0.966s] Level 1:colcon.colcon_core.package_identification:_identify(workspace/src/unilidar_sdk2/unitree_lidar_ros2) by extensions ['colcon_pkg']
[0.966s] Level 1:colcon.colcon_core.package_identification:_identify(workspace/src/unilidar_sdk2/unitree_lidar_ros2) by extension 'colcon_pkg'
[0.966s] Level 1:colcon.colcon_core.package_identification:_identify(workspace/src/unilidar_sdk2/unitree_lidar_ros2) by extensions ['colcon_meta']
[0.966s] Level 1:colcon.colcon_core.package_identification:_identify(workspace/src/unilidar_sdk2/unitree_lidar_ros2) by extension 'colcon_meta'
[0.966s] Level 1:colcon.colcon_core.package_identification:_identify(workspace/src/unilidar_sdk2/unitree_lidar_ros2) by extensions ['ros']
[0.966s] Level 1:colcon.colcon_core.package_identification:_identify(workspace/src/unilidar_sdk2/unitree_lidar_ros2) by extension 'ros'
[0.966s] Level 1:colcon.colcon_core.package_identification:_identify(workspace/src/unilidar_sdk2/unitree_lidar_ros2) by extensions ['cmake', 'python']
[0.966s] Level 1:colcon.colcon_core.package_identification:_identify(workspace/src/unilidar_sdk2/unitree_lidar_ros2) by extension 'cmake'
[0.966s] Level 1:colcon.colcon_core.package_identification:_identify(workspace/src/unilidar_sdk2/unitree_lidar_ros2) by extension 'python'
[0.966s] Level 1:colcon.colcon_core.package_identification:_identify(workspace/src/unilidar_sdk2/unitree_lidar_ros2) by extensions ['python_setup_py']
[0.967s] Level 1:colcon.colcon_core.package_identification:_identify(workspace/src/unilidar_sdk2/unitree_lidar_ros2) by extension 'python_setup_py'
[0.967s] Level 1:colcon.colcon_core.package_identification:_identify(workspace/src/unilidar_sdk2/unitree_lidar_ros2/src) by extensions ['ignore', 'ignore_ament_install']
[0.967s] Level 1:colcon.colcon_core.package_identification:_identify(workspace/src/unilidar_sdk2/unitree_lidar_ros2/src) by extension 'ignore'
[0.967s] Level 1:colcon.colcon_core.package_identification:_identify(workspace/src/unilidar_sdk2/unitree_lidar_ros2/src) by extension 'ignore_ament_install'
[0.967s] Level 1:colcon.colcon_core.package_identification:_identify(workspace/src/unilidar_sdk2/unitree_lidar_ros2/src) by extensions ['colcon_pkg']
[0.967s] Level 1:colcon.colcon_core.package_identification:_identify(workspace/src/unilidar_sdk2/unitree_lidar_ros2/src) by extension 'colcon_pkg'
[0.967s] Level 1:colcon.colcon_core.package_identification:_identify(workspace/src/unilidar_sdk2/unitree_lidar_ros2/src) by extensions ['colcon_meta']
[0.967s] Level 1:colcon.colcon_core.package_identification:_identify(workspace/src/unilidar_sdk2/unitree_lidar_ros2/src) by extension 'colcon_meta'
[0.967s] Level 1:colcon.colcon_core.package_identification:_identify(workspace/src/unilidar_sdk2/unitree_lidar_ros2/src) by extensions ['ros']
[0.967s] Level 1:colcon.colcon_core.package_identification:_identify(workspace/src/unilidar_sdk2/unitree_lidar_ros2/src) by extension 'ros'
[0.968s] Level 1:colcon.colcon_core.package_identification:_identify(workspace/src/unilidar_sdk2/unitree_lidar_ros2/src) by extensions ['cmake', 'python']
[0.968s] Level 1:colcon.colcon_core.package_identification:_identify(workspace/src/unilidar_sdk2/unitree_lidar_ros2/src) by extension 'cmake'
[0.968s] Level 1:colcon.colcon_core.package_identification:_identify(workspace/src/unilidar_sdk2/unitree_lidar_ros2/src) by extension 'python'
[0.968s] Level 1:colcon.colcon_core.package_identification:_identify(workspace/src/unilidar_sdk2/unitree_lidar_ros2/src) by extensions ['python_setup_py']
[0.968s] Level 1:colcon.colcon_core.package_identification:_identify(workspace/src/unilidar_sdk2/unitree_lidar_ros2/src) by extension 'python_setup_py'
[0.968s] Level 1:colcon.colcon_core.package_identification:_identify(workspace/src/unilidar_sdk2/unitree_lidar_ros2/src/unitree_lidar_ros2) by extensions ['ignore', 'ignore_ament_install']
[0.968s] Level 1:colcon.colcon_core.package_identification:_identify(workspace/src/unilidar_sdk2/unitree_lidar_ros2/src/unitree_lidar_ros2) by extension 'ignore'
[0.968s] Level 1:colcon.colcon_core.package_identification:_identify(workspace/src/unilidar_sdk2/unitree_lidar_ros2/src/unitree_lidar_ros2) by extension 'ignore_ament_install'
[0.968s] Level 1:colcon.colcon_core.package_identification:_identify(workspace/src/unilidar_sdk2/unitree_lidar_ros2/src/unitree_lidar_ros2) by extensions ['colcon_pkg']
[0.968s] Level 1:colcon.colcon_core.package_identification:_identify(workspace/src/unilidar_sdk2/unitree_lidar_ros2/src/unitree_lidar_ros2) by extension 'colcon_pkg'
[0.969s] Level 1:colcon.colcon_core.package_identification:_identify(workspace/src/unilidar_sdk2/unitree_lidar_ros2/src/unitree_lidar_ros2) by extensions ['colcon_meta']
[0.969s] Level 1:colcon.colcon_core.package_identification:_identify(workspace/src/unilidar_sdk2/unitree_lidar_ros2/src/unitree_lidar_ros2) by extension 'colcon_meta'
[0.969s] Level 1:colcon.colcon_core.package_identification:_identify(workspace/src/unilidar_sdk2/unitree_lidar_ros2/src/unitree_lidar_ros2) by extensions ['ros']
[0.969s] Level 1:colcon.colcon_core.package_identification:_identify(workspace/src/unilidar_sdk2/unitree_lidar_ros2/src/unitree_lidar_ros2) by extension 'ros'
[0.971s] DEBUG:colcon.colcon_core.package_identification:Package 'workspace/src/unilidar_sdk2/unitree_lidar_ros2/src/unitree_lidar_ros2' with type 'ros.ament_cmake' and name 'unitree_lidar_ros2'
[0.971s] Level 1:colcon.colcon_core.package_identification:_identify(workspace/src/unilidar_sdk2/unitree_lidar_sdk) by extensions ['ignore', 'ignore_ament_install']
[0.971s] Level 1:colcon.colcon_core.package_identification:_identify(workspace/src/unilidar_sdk2/unitree_lidar_sdk) by extension 'ignore'
[0.971s] Level 1:colcon.colcon_core.package_identification:_identify(workspace/src/unilidar_sdk2/unitree_lidar_sdk) by extension 'ignore_ament_install'
[0.971s] Level 1:colcon.colcon_core.package_identification:_identify(workspace/src/unilidar_sdk2/unitree_lidar_sdk) by extensions ['colcon_pkg']
[0.971s] Level 1:colcon.colcon_core.package_identification:_identify(workspace/src/unilidar_sdk2/unitree_lidar_sdk) by extension 'colcon_pkg'
[0.971s] Level 1:colcon.colcon_core.package_identification:_identify(workspace/src/unilidar_sdk2/unitree_lidar_sdk) by extensions ['colcon_meta']
[0.971s] Level 1:colcon.colcon_core.package_identification:_identify(workspace/src/unilidar_sdk2/unitree_lidar_sdk) by extension 'colcon_meta'
[0.972s] Level 1:colcon.colcon_core.package_identification:_identify(workspace/src/unilidar_sdk2/unitree_lidar_sdk) by extensions ['ros']
[0.972s] Level 1:colcon.colcon_core.package_identification:_identify(workspace/src/unilidar_sdk2/unitree_lidar_sdk) by extension 'ros'
[0.972s] Level 1:colcon.colcon_core.package_identification:_identify(workspace/src/unilidar_sdk2/unitree_lidar_sdk) by extensions ['cmake', 'python']
[0.972s] Level 1:colcon.colcon_core.package_identification:_identify(workspace/src/unilidar_sdk2/unitree_lidar_sdk) by extension 'cmake'
[0.974s] Level 1:colcon.colcon_core.package_identification:_identify(workspace/src/unilidar_sdk2/unitree_lidar_sdk) by extension 'python'
[0.974s] DEBUG:colcon.colcon_core.package_identification:Package 'workspace/src/unilidar_sdk2/unitree_lidar_sdk' with type 'cmake' and name 'unitree_lidar_sdk'
[0.975s] Level 1:colcon.colcon_core.package_identification:_identify(workspace/src/vision) by extensions ['ignore', 'ignore_ament_install']
[0.975s] Level 1:colcon.colcon_core.package_identification:_identify(workspace/src/vision) by extension 'ignore'
[0.975s] Level 1:colcon.colcon_core.package_identification:_identify(workspace/src/vision) by extension 'ignore_ament_install'
[0.975s] Level 1:colcon.colcon_core.package_identification:_identify(workspace/src/vision) by extensions ['colcon_pkg']
[0.975s] Level 1:colcon.colcon_core.package_identification:_identify(workspace/src/vision) by extension 'colcon_pkg'
[0.975s] Level 1:colcon.colcon_core.package_identification:_identify(workspace/src/vision) by extensions ['colcon_meta']
[0.975s] Level 1:colcon.colcon_core.package_identification:_identify(workspace/src/vision) by extension 'colcon_meta'
[0.975s] Level 1:colcon.colcon_core.package_identification:_identify(workspace/src/vision) by extensions ['ros']
[0.975s] Level 1:colcon.colcon_core.package_identification:_identify(workspace/src/vision) by extension 'ros'
[0.977s] DEBUG:colcon.colcon_core.package_identification:Package 'workspace/src/vision' with type 'ros.ament_cmake' and name 'vision'
[0.977s] Level 1:colcon.colcon_core.package_discovery:discover_packages(recursive) using defaults
[0.977s] Level 1:colcon.colcon_core.package_discovery:discover_packages(ignore) discover
[0.977s] Level 1:colcon.colcon_core.package_discovery:discover_packages(ignore) using defaults
[0.977s] Level 1:colcon.colcon_core.package_discovery:discover_packages(path) discover
[0.978s] Level 1:colcon.colcon_core.package_discovery:discover_packages(path) using defaults
[1.016s] INFO:colcon.colcon_core.package_selection:Skipping not selected package 'hardware' in 'workspace/src/hardware'
[1.016s] INFO:colcon.colcon_core.package_selection:Skipping not selected package 'teleoperation' in 'workspace/src/teleoperation'
[1.016s] INFO:colcon.colcon_core.package_selection:Skipping not selected package 'unitree_lidar_ros' in 'workspace/src/unilidar_sdk2/unitree_lidar_ros/src/unitree_lidar_ros'
[1.016s] INFO:colcon.colcon_core.package_selection:Skipping not selected package 'unitree_lidar_ros2' in 'workspace/src/unilidar_sdk2/unitree_lidar_ros2/src/unitree_lidar_ros2'
[1.016s] INFO:colcon.colcon_core.package_selection:Skipping not selected package 'unitree_lidar_sdk' in 'workspace/src/unilidar_sdk2/unitree_lidar_sdk'
[1.016s] INFO:colcon.colcon_core.package_selection:Skipping not selected package 'vision' in 'workspace/src/vision'
[1.017s] Level 1:colcon.colcon_core.package_discovery:discover_packages(prefix_path) check parameters
[1.017s] Level 1:colcon.colcon_core.package_discovery:discover_packages(prefix_path) discover
[1.020s] DEBUG:colcon.colcon_installed_package_information.package_discovery:Found 2 installed packages in /home/aesir/Rescue-Major/install
[1.024s] DEBUG:colcon.colcon_installed_package_information.package_discovery:Found 395 installed packages in /opt/ros/humble
[1.027s] Level 1:colcon.colcon_core.package_discovery:discover_packages(prefix_path) using defaults
[1.113s] Level 5:colcon.colcon_core.verb:set package 'mapping' build argument 'cmake_args' from command line to 'None'
[1.113s] Level 5:colcon.colcon_core.verb:set package 'mapping' build argument 'cmake_target' from command line to 'None'
[1.113s] Level 5:colcon.colcon_core.verb:set package 'mapping' build argument 'cmake_target_skip_unavailable' from command line to 'False'
[1.113s] Level 5:colcon.colcon_core.verb:set package 'mapping' build argument 'cmake_clean_cache' from command line to 'False'
[1.113s] Level 5:colcon.colcon_core.verb:set package 'mapping' build argument 'cmake_clean_first' from command line to 'False'
[1.114s] Level 5:colcon.colcon_core.verb:set package 'mapping' build argument 'cmake_force_configure' from command line to 'False'
[1.114s] Level 5:colcon.colcon_core.verb:set package 'mapping' build argument 'ament_cmake_args' from command line to 'None'
[1.114s] Level 5:colcon.colcon_core.verb:set package 'mapping' build argument 'catkin_cmake_args' from command line to 'None'
[1.114s] Level 5:colcon.colcon_core.verb:set package 'mapping' build argument 'catkin_skip_building_tests' from command line to 'False'
[1.114s] DEBUG:colcon.colcon_core.verb:Building package 'mapping' with the following arguments: {'ament_cmake_args': None, 'build_base': '/home/aesir/Rescue-Major/build/mapping', 'catkin_cmake_args': None, 'catkin_skip_building_tests': False, 'cmake_args': None, 'cmake_clean_cache': False, 'cmake_clean_first': False, 'cmake_force_configure': False, 'cmake_target': None, 'cmake_target_skip_unavailable': False, 'install_base': '/home/aesir/Rescue-Major/install/mapping', 'merge_install': False, 'path': '/home/aesir/Rescue-Major/workspace/src/mapping', 'symlink_install': False, 'test_result_base': None}
[1.114s] INFO:colcon.colcon_core.executor:Executing jobs using 'parallel' executor
[1.116s] DEBUG:colcon.colcon_parallel_executor.executor.parallel:run_until_complete
[1.117s] INFO:colcon.colcon_ros.task.ament_cmake.build:Building ROS package in '/home/aesir/Rescue-Major/workspace/src/mapping' with build type 'ament_cmake'
[1.117s] INFO:colcon.colcon_cmake.task.cmake.build:Building CMake package in '/home/aesir/Rescue-Major/workspace/src/mapping'
[1.121s] INFO:colcon.colcon_core.plugin_system:Skipping extension 'colcon_core.shell.bat': Not used on non-Windows systems
[1.121s] INFO:colcon.colcon_core.shell:Skip shell extension 'powershell' for command environment: Not usable outside of PowerShell
[1.122s] DEBUG:colcon.colcon_core.shell:Skip shell extension 'dsv' for command environment
[1.147s] DEBUG:colcon.colcon_core.event_handler.log_command:Invoking command in '/home/aesir/Rescue-Major/build/mapping': CMAKE_PREFIX_PATH=${CMAKE_PREFIX_PATH}:/opt/ros/humble /usr/bin/cmake --build /home/aesir/Rescue-Major/build/mapping -- -j8 -l8
[1.247s] DEBUG:colcon.colcon_core.event_handler.log_command:Invoked command in '/home/aesir/Rescue-Major/build/mapping' returned '0': CMAKE_PREFIX_PATH=${CMAKE_PREFIX_PATH}:/opt/ros/humble /usr/bin/cmake --build /home/aesir/Rescue-Major/build/mapping -- -j8 -l8
[1.272s] DEBUG:colcon.colcon_core.event_handler.log_command:Invoking command in '/home/aesir/Rescue-Major/build/mapping': CMAKE_PREFIX_PATH=${CMAKE_PREFIX_PATH}:/opt/ros/humble /usr/bin/cmake --install /home/aesir/Rescue-Major/build/mapping
[1.300s] Level 1:colcon.colcon_core.environment:create_environment_scripts_only(mapping)
[1.307s] DEBUG:colcon.colcon_core.event_handler.log_command:Invoked command in '/home/aesir/Rescue-Major/build/mapping' returned '0': CMAKE_PREFIX_PATH=${CMAKE_PREFIX_PATH}:/opt/ros/humble /usr/bin/cmake --install /home/aesir/Rescue-Major/build/mapping
[1.309s] Level 1:colcon.colcon_core.environment:checking '/home/aesir/Rescue-Major/install/mapping' for CMake module files
[1.310s] Level 1:colcon.colcon_core.environment:checking '/home/aesir/Rescue-Major/install/mapping' for CMake config files
[1.311s] Level 1:colcon.colcon_core.shell:create_environment_hook('mapping', 'cmake_prefix_path')
[1.311s] INFO:colcon.colcon_core.shell:Creating environment hook '/home/aesir/Rescue-Major/install/mapping/share/mapping/hook/cmake_prefix_path.ps1'
[1.313s] INFO:colcon.colcon_core.shell:Creating environment descriptor '/home/aesir/Rescue-Major/install/mapping/share/mapping/hook/cmake_prefix_path.dsv'
[1.314s] INFO:colcon.colcon_core.shell:Creating environment hook '/home/aesir/Rescue-Major/install/mapping/share/mapping/hook/cmake_prefix_path.sh'
[1.316s] Level 1:colcon.colcon_core.environment:checking '/home/aesir/Rescue-Major/install/mapping/lib'
[1.318s] Level 1:colcon.colcon_core.environment:checking '/home/aesir/Rescue-Major/install/mapping/bin'
[1.318s] Level 1:colcon.colcon_core.environment:checking '/home/aesir/Rescue-Major/install/mapping/lib/pkgconfig/mapping.pc'
[1.319s] Level 1:colcon.colcon_core.environment:checking '/home/aesir/Rescue-Major/install/mapping/lib/python3.10/site-packages'
[1.319s] Level 1:colcon.colcon_core.environment:checking '/home/aesir/Rescue-Major/install/mapping/bin'
[1.320s] INFO:colcon.colcon_core.shell:Creating package script '/home/aesir/Rescue-Major/install/mapping/share/mapping/package.ps1'
[1.324s] INFO:colcon.colcon_core.shell:Creating package descriptor '/home/aesir/Rescue-Major/install/mapping/share/mapping/package.dsv'
[1.326s] INFO:colcon.colcon_core.shell:Creating package script '/home/aesir/Rescue-Major/install/mapping/share/mapping/package.sh'
[1.328s] INFO:colcon.colcon_core.shell:Creating package script '/home/aesir/Rescue-Major/install/mapping/share/mapping/package.bash'
[1.331s] INFO:colcon.colcon_core.shell:Creating package script '/home/aesir/Rescue-Major/install/mapping/share/mapping/package.zsh'
[1.332s] Level 1:colcon.colcon_core.environment:create_file_with_runtime_dependencies(/home/aesir/Rescue-Major/install/mapping/share/colcon-core/packages/mapping)
[1.334s] Level 1:colcon.colcon_core.environment:create_environment_scripts_only(mapping)
[1.335s] Level 1:colcon.colcon_core.environment:checking '/home/aesir/Rescue-Major/install/mapping' for CMake module files
[1.336s] Level 1:colcon.colcon_core.environment:checking '/home/aesir/Rescue-Major/install/mapping' for CMake config files
[1.336s] Level 1:colcon.colcon_core.shell:create_environment_hook('mapping', 'cmake_prefix_path')
[1.337s] INFO:colcon.colcon_core.shell:Creating environment hook '/home/aesir/Rescue-Major/install/mapping/share/mapping/hook/cmake_prefix_path.ps1'
[1.338s] INFO:colcon.colcon_core.shell:Creating environment descriptor '/home/aesir/Rescue-Major/install/mapping/share/mapping/hook/cmake_prefix_path.dsv'
[1.339s] INFO:colcon.colcon_core.shell:Creating environment hook '/home/aesir/Rescue-Major/install/mapping/share/mapping/hook/cmake_prefix_path.sh'
[1.340s] Level 1:colcon.colcon_core.environment:checking '/home/aesir/Rescue-Major/install/mapping/lib'
[1.340s] Level 1:colcon.colcon_core.environment:checking '/home/aesir/Rescue-Major/install/mapping/bin'
[1.340s] Level 1:colcon.colcon_core.environment:checking '/home/aesir/Rescue-Major/install/mapping/lib/pkgconfig/mapping.pc'
[1.341s] Level 1:colcon.colcon_core.environment:checking '/home/aesir/Rescue-Major/install/mapping/lib/python3.10/site-packages'
[1.342s] Level 1:colcon.colcon_core.environment:checking '/home/aesir/Rescue-Major/install/mapping/bin'
[1.342s] INFO:colcon.colcon_core.shell:Creating package script '/home/aesir/Rescue-Major/install/mapping/share/mapping/package.ps1'
[1.344s] INFO:colcon.colcon_core.shell:Creating package descriptor '/home/aesir/Rescue-Major/install/mapping/share/mapping/package.dsv'
[1.346s] INFO:colcon.colcon_core.shell:Creating package script '/home/aesir/Rescue-Major/install/mapping/share/mapping/package.sh'
[1.348s] INFO:colcon.colcon_core.shell:Creating package script '/home/aesir/Rescue-Major/install/mapping/share/mapping/package.bash'
[1.349s] INFO:colcon.colcon_core.shell:Creating package script '/home/aesir/Rescue-Major/install/mapping/share/mapping/package.zsh'
[1.351s] Level 1:colcon.colcon_core.environment:create_file_with_runtime_dependencies(/home/aesir/Rescue-Major/install/mapping/share/colcon-core/packages/mapping)
[1.351s] DEBUG:colcon.colcon_parallel_executor.executor.parallel:closing loop
[1.353s] DEBUG:colcon.colcon_parallel_executor.executor.parallel:loop closed
[1.353s] DEBUG:colcon.colcon_parallel_executor.executor.parallel:run_until_complete finished with '0'
[1.353s] DEBUG:colcon.colcon_core.event_reactor:joining thread
[1.366s] INFO:colcon.colcon_core.plugin_system:Skipping extension 'colcon_notification.desktop_notification.terminal_notifier': Not used on non-Darwin systems
[1.366s] INFO:colcon.colcon_core.plugin_system:Skipping extension 'colcon_notification.desktop_notification.win32': Not used on non-Windows systems
[1.366s] INFO:colcon.colcon_notification.desktop_notification:Sending desktop notification using 'notify2'
[1.393s] DEBUG:colcon.colcon_core.event_reactor:joined thread
[1.394s] INFO:colcon.colcon_core.shell:Creating prefix script '/home/aesir/Rescue-Major/install/local_setup.ps1'
[1.397s] INFO:colcon.colcon_core.shell:Creating prefix util module '/home/aesir/Rescue-Major/install/_local_setup_util_ps1.py'
[1.402s] INFO:colcon.colcon_core.shell:Creating prefix chain script '/home/aesir/Rescue-Major/install/setup.ps1'
[1.405s] INFO:colcon.colcon_core.shell:Creating prefix script '/home/aesir/Rescue-Major/install/local_setup.sh'
[1.406s] INFO:colcon.colcon_core.shell:Creating prefix util module '/home/aesir/Rescue-Major/install/_local_setup_util_sh.py'
[1.408s] INFO:colcon.colcon_core.shell:Creating prefix chain script '/home/aesir/Rescue-Major/install/setup.sh'
[1.411s] INFO:colcon.colcon_core.shell:Creating prefix script '/home/aesir/Rescue-Major/install/local_setup.bash'
[1.412s] INFO:colcon.colcon_core.shell:Creating prefix chain script '/home/aesir/Rescue-Major/install/setup.bash'
[1.415s] INFO:colcon.colcon_core.shell:Creating prefix script '/home/aesir/Rescue-Major/install/local_setup.zsh'
[1.416s] INFO:colcon.colcon_core.shell:Creating prefix chain script '/home/aesir/Rescue-Major/install/setup.zsh'
