[0.025s] Invoking command in '/home/didi_121/Rescue-Major/workspace/communication/build/communication': CMAKE_PREFIX_PATH=/opt/ros/humble /usr/bin/cmake /home/didi_121/Rescue-Major/workspace/communication -DCMAKE_INSTALL_PREFIX=/home/didi_121/Rescue-Major/workspace/communication/install/communication
[0.161s] -- The C compiler identification is GNU 11.4.0
[0.301s] -- The CXX compiler identification is GNU 11.4.0
[0.315s] -- Detecting C compiler ABI info
[0.462s] -- Detecting C compiler ABI info - done
[0.482s] -- Check for working C compiler: /usr/bin/cc - skipped
[0.482s] -- Detecting C compile features
[0.483s] -- Detecting C compile features - done
[0.491s] -- Detecting CXX compiler ABI info
[0.671s] -- Detecting CXX compiler ABI info - done
[0.690s] -- Check for working CXX compiler: /usr/bin/c++ - skipped
[0.690s] -- Detecting CXX compile features
[0.691s] -- Detecting CXX compile features - done
[0.698s] -- Found ament_cmake: 1.3.11 (/opt/ros/humble/share/ament_cmake/cmake)
[1.080s] -- Found Python3: /usr/bin/python3 (found version "3.10.12") found components: Interpreter 
[1.291s] -- Found rclpy: 3.3.16 (/opt/ros/humble/share/rclpy/cmake)
[1.294s] -- Found rclcpp: 16.0.12 (/opt/ros/humble/share/rclcpp/cmake)
[1.394s] -- Found rosidl_generator_c: 3.1.6 (/opt/ros/humble/share/rosidl_generator_c/cmake)
[1.403s] -- Found rosidl_adapter: 3.1.6 (/opt/ros/humble/share/rosidl_adapter/cmake)
[1.419s] -- Found rosidl_generator_cpp: 3.1.6 (/opt/ros/humble/share/rosidl_generator_cpp/cmake)
[1.443s] -- Using all available rosidl_typesupport_c: rosidl_typesupport_fastrtps_c;rosidl_typesupport_introspection_c
[1.480s] -- Using all available rosidl_typesupport_cpp: rosidl_typesupport_fastrtps_cpp;rosidl_typesupport_introspection_cpp
[1.566s] -- Found rmw_implementation_cmake: 6.1.2 (/opt/ros/humble/share/rmw_implementation_cmake/cmake)
[1.570s] -- Found rmw_fastrtps_cpp: 6.2.7 (/opt/ros/humble/share/rmw_fastrtps_cpp/cmake)
[1.749s] -- Found OpenSSL: /usr/lib/x86_64-linux-gnu/libcrypto.so (found version "3.0.2")  
[1.803s] -- Found FastRTPS: /opt/ros/humble/include  
[1.883s] -- Using RMW implementation 'rmw_fastrtps_cpp' as default
[1.898s] -- Looking for pthread.h
[2.035s] -- Looking for pthread.h - found
[2.036s] -- Performing Test CMAKE_HAVE_LIBC_PTHREAD
[2.180s] -- Performing Test CMAKE_HAVE_LIBC_PTHREAD - Success
[2.182s] -- Found Threads: TRUE  
[2.304s] -- Found ament_lint_auto: 0.12.12 (/opt/ros/humble/share/ament_lint_auto/cmake)
[2.443s] -- Configuring done
[2.450s] -- Generating done
[2.456s] -- Build files have been written to: /home/didi_121/Rescue-Major/workspace/communication/build/communication
[2.474s] Invoked command in '/home/didi_121/Rescue-Major/workspace/communication/build/communication' returned '0': CMAKE_PREFIX_PATH=/opt/ros/humble /usr/bin/cmake /home/didi_121/Rescue-Major/workspace/communication -DCMAKE_INSTALL_PREFIX=/home/didi_121/Rescue-Major/workspace/communication/install/communication
[2.479s] Invoking command in '/home/didi_121/Rescue-Major/workspace/communication/build/communication': CMAKE_PREFIX_PATH=/opt/ros/humble /usr/bin/cmake --build /home/didi_121/Rescue-Major/workspace/communication/build/communication -- -j8 -l8
[2.556s] Invoked command in '/home/didi_121/Rescue-Major/workspace/communication/build/communication' returned '0': CMAKE_PREFIX_PATH=/opt/ros/humble /usr/bin/cmake --build /home/didi_121/Rescue-Major/workspace/communication/build/communication -- -j8 -l8
[2.579s] Invoking command in '/home/didi_121/Rescue-Major/workspace/communication/build/communication': CMAKE_PREFIX_PATH=/opt/ros/humble /usr/bin/cmake --install /home/didi_121/Rescue-Major/workspace/communication/build/communication
[2.592s] -- Install configuration: ""
[2.593s] -- Installing: /home/didi_121/Rescue-Major/workspace/communication/install/communication/lib/communication/command_server.py
[2.593s] -- Installing: /home/didi_121/Rescue-Major/workspace/communication/install/communication/lib/communication/dummy_subscriber.py
[2.593s] -- Installing: /home/didi_121/Rescue-Major/workspace/communication/install/communication/lib/communication/dummy_publisher.py
[2.594s] -- Installing: /home/didi_121/Rescue-Major/workspace/communication/install/communication/share/ament_index/resource_index/package_run_dependencies/communication
[2.594s] -- Installing: /home/didi_121/Rescue-Major/workspace/communication/install/communication/share/ament_index/resource_index/parent_prefix_path/communication
[2.594s] -- Installing: /home/didi_121/Rescue-Major/workspace/communication/install/communication/share/communication/environment/ament_prefix_path.sh
[2.595s] -- Installing: /home/didi_121/Rescue-Major/workspace/communication/install/communication/share/communication/environment/ament_prefix_path.dsv
[2.595s] -- Installing: /home/didi_121/Rescue-Major/workspace/communication/install/communication/share/communication/environment/path.sh
[2.595s] -- Installing: /home/didi_121/Rescue-Major/workspace/communication/install/communication/share/communication/environment/path.dsv
[2.596s] -- Installing: /home/didi_121/Rescue-Major/workspace/communication/install/communication/share/communication/local_setup.bash
[2.596s] -- Installing: /home/didi_121/Rescue-Major/workspace/communication/install/communication/share/communication/local_setup.sh
[2.596s] -- Installing: /home/didi_121/Rescue-Major/workspace/communication/install/communication/share/communication/local_setup.zsh
[2.597s] -- Installing: /home/didi_121/Rescue-Major/workspace/communication/install/communication/share/communication/local_setup.dsv
[2.597s] -- Installing: /home/didi_121/Rescue-Major/workspace/communication/install/communication/share/communication/package.dsv
[2.597s] -- Installing: /home/didi_121/Rescue-Major/workspace/communication/install/communication/share/ament_index/resource_index/packages/communication
[2.598s] -- Installing: /home/didi_121/Rescue-Major/workspace/communication/install/communication/share/communication/cmake/communicationConfig.cmake
[2.598s] -- Installing: /home/didi_121/Rescue-Major/workspace/communication/install/communication/share/communication/cmake/communicationConfig-version.cmake
[2.598s] -- Installing: /home/didi_121/Rescue-Major/workspace/communication/install/communication/share/communication/package.xml
[2.602s] Invoked command in '/home/didi_121/Rescue-Major/workspace/communication/build/communication' returned '0': CMAKE_PREFIX_PATH=/opt/ros/humble /usr/bin/cmake --install /home/didi_121/Rescue-Major/workspace/communication/build/communication
