running egg_info
writing build/GUI/GUI.egg-info/PKG-INFO
writing dependency_links to build/GUI/GUI.egg-info/dependency_links.txt
writing entry points to build/GUI/GUI.egg-info/entry_points.txt
writing requirements to build/GUI/GUI.egg-info/requires.txt
writing top-level names to build/GUI/GUI.egg-info/top_level.txt
reading manifest file 'build/GUI/GUI.egg-info/SOURCES.txt'
writing manifest file 'build/GUI/GUI.egg-info/SOURCES.txt'
running build
running build_py
copying GUI/server.py -> /home/didi_121/Rescue-Major/workspace/GUI/build/GUI/build/lib/GUI
running install
running install_lib
copying /home/didi_121/Rescue-Major/workspace/GUI/build/GUI/build/lib/GUI/server.py -> /home/didi_121/Rescue-Major/workspace/GUI/install/GUI/lib/python3.10/site-packages/GUI
byte-compiling /home/didi_121/Rescue-Major/workspace/GUI/install/GUI/lib/python3.10/site-packages/GUI/server.py to server.cpython-310.pyc
running install_data
running install_egg_info
removing '/home/didi_121/Rescue-Major/workspace/GUI/install/GUI/lib/python3.10/site-packages/GUI-0.0.0-py3.10.egg-info' (and everything under it)
Copying build/GUI/GUI.egg-info to /home/didi_121/Rescue-Major/workspace/GUI/install/GUI/lib/python3.10/site-packages/GUI-0.0.0-py3.10.egg-info
running install_scripts
Installing reader_bag script to /home/didi_121/Rescue-Major/workspace/GUI/install/GUI/lib/GUI
Installing server script to /home/didi_121/Rescue-Major/workspace/GUI/install/GUI/lib/GUI
writing list of installed files to '/home/didi_121/Rescue-Major/workspace/GUI/build/GUI/install.log'
