[0.777s] Invoking command in '/home/ruy/ruy1_ws/src/sensores': PYTHONPATH=/home/ruy/ruy1_ws/src/sensores/build/sensores/prefix_override:/usr/lib/python3/dist-packages/colcon_core/task/python/colcon_distutils_commands:/home/ruy/ruy1_ws/src/sensores/install/sensores/lib/python3.10/site-packages:${PYTHONPATH} /usr/bin/python3 -W ignore:setup.py install is deprecated -W ignore:easy_install command is deprecated setup.py egg_info --egg-base build/sensores build --build-base /home/ruy/ruy1_ws/src/sensores/build/sensores/build install --record /home/ruy/ruy1_ws/src/sensores/build/sensores/install.log --single-version-externally-managed install_data
[1.059s] running egg_info
[1.059s] writing build/sensores/sensores.egg-info/PKG-INFO
[1.060s] writing dependency_links to build/sensores/sensores.egg-info/dependency_links.txt
[1.060s] writing entry points to build/sensores/sensores.egg-info/entry_points.txt
[1.060s] writing requirements to build/sensores/sensores.egg-info/requires.txt
[1.060s] writing top-level names to build/sensores/sensores.egg-info/top_level.txt
[1.062s] reading manifest file 'build/sensores/sensores.egg-info/SOURCES.txt'
[1.063s] writing manifest file 'build/sensores/sensores.egg-info/SOURCES.txt'
[1.063s] running build
[1.064s] running build_py
[1.064s] running install
[1.064s] running install_lib
[1.066s] running install_data
[1.066s] running install_egg_info
[1.068s] removing '/home/ruy/ruy1_ws/src/sensores/install/sensores/lib/python3.10/site-packages/sensores-0.0.0-py3.10.egg-info' (and everything under it)
[1.068s] Copying build/sensores/sensores.egg-info to /home/ruy/ruy1_ws/src/sensores/install/sensores/lib/python3.10/site-packages/sensores-0.0.0-py3.10.egg-info
[1.069s] running install_scripts
[1.097s] Installing qr script to /home/ruy/ruy1_ws/src/sensores/install/sensores/lib/sensores
[1.097s] writing list of installed files to '/home/ruy/ruy1_ws/src/sensores/build/sensores/install.log'
[1.156s] Invoked command in '/home/ruy/ruy1_ws/src/sensores' returned '0': PYTHONPATH=/home/ruy/ruy1_ws/src/sensores/build/sensores/prefix_override:/usr/lib/python3/dist-packages/colcon_core/task/python/colcon_distutils_commands:/home/ruy/ruy1_ws/src/sensores/install/sensores/lib/python3.10/site-packages:${PYTHONPATH} /usr/bin/python3 -W ignore:setup.py install is deprecated -W ignore:easy_install command is deprecated setup.py egg_info --egg-base build/sensores build --build-base /home/ruy/ruy1_ws/src/sensores/build/sensores/build install --record /home/ruy/ruy1_ws/src/sensores/build/sensores/install.log --single-version-externally-managed install_data
