[0.020s] Invoking command in '/home/didi_121/Rescue-Major/workspace/vision/build/vision': CMAKE_PREFIX_PATH=${CMAKE_PREFIX_PATH}:/opt/ros/humble /usr/bin/cmake --build /home/didi_121/Rescue-Major/workspace/vision/build/vision -- -j8 -l8
[0.156s] [100%] Built target video_stream_publisher
[0.182s] Invoked command in '/home/didi_121/Rescue-Major/workspace/vision/build/vision' returned '0': CMAKE_PREFIX_PATH=${CMAKE_PREFIX_PATH}:/opt/ros/humble /usr/bin/cmake --build /home/didi_121/Rescue-Major/workspace/vision/build/vision -- -j8 -l8
[0.199s] Invoking command in '/home/didi_121/Rescue-Major/workspace/vision/build/vision': CMAKE_PREFIX_PATH=${CMAKE_PREFIX_PATH}:/opt/ros/humble /usr/bin/cmake --install /home/didi_121/Rescue-Major/workspace/vision/build/vision
[0.212s] -- Install configuration: ""
[0.213s] -- Up-to-date: /home/didi_121/Rescue-Major/workspace/vision/install/vision/lib/vision/video_stream_publisher
[0.214s] -- Up-to-date: /home/didi_121/Rescue-Major/workspace/vision/install/vision/share/ament_index/resource_index/package_run_dependencies/vision
[0.214s] -- Up-to-date: /home/didi_121/Rescue-Major/workspace/vision/install/vision/share/ament_index/resource_index/parent_prefix_path/vision
[0.214s] -- Up-to-date: /home/didi_121/Rescue-Major/workspace/vision/install/vision/share/vision/environment/ament_prefix_path.sh
[0.214s] -- Up-to-date: /home/didi_121/Rescue-Major/workspace/vision/install/vision/share/vision/environment/ament_prefix_path.dsv
[0.215s] -- Up-to-date: /home/didi_121/Rescue-Major/workspace/vision/install/vision/share/vision/environment/path.sh
[0.215s] -- Up-to-date: /home/didi_121/Rescue-Major/workspace/vision/install/vision/share/vision/environment/path.dsv
[0.215s] -- Up-to-date: /home/didi_121/Rescue-Major/workspace/vision/install/vision/share/vision/local_setup.bash
[0.215s] -- Up-to-date: /home/didi_121/Rescue-Major/workspace/vision/install/vision/share/vision/local_setup.sh
[0.215s] -- Up-to-date: /home/didi_121/Rescue-Major/workspace/vision/install/vision/share/vision/local_setup.zsh
[0.216s] -- Up-to-date: /home/didi_121/Rescue-Major/workspace/vision/install/vision/share/vision/local_setup.dsv
[0.216s] -- Up-to-date: /home/didi_121/Rescue-Major/workspace/vision/install/vision/share/vision/package.dsv
[0.216s] -- Up-to-date: /home/didi_121/Rescue-Major/workspace/vision/install/vision/share/ament_index/resource_index/packages/vision
[0.216s] -- Up-to-date: /home/didi_121/Rescue-Major/workspace/vision/install/vision/share/vision/cmake/visionConfig.cmake
[0.216s] -- Up-to-date: /home/didi_121/Rescue-Major/workspace/vision/install/vision/share/vision/cmake/visionConfig-version.cmake
[0.217s] -- Up-to-date: /home/didi_121/Rescue-Major/workspace/vision/install/vision/share/vision/package.xml
[0.219s] Invoked command in '/home/didi_121/Rescue-Major/workspace/vision/build/vision' returned '0': CMAKE_PREFIX_PATH=${CMAKE_PREFIX_PATH}:/opt/ros/humble /usr/bin/cmake --install /home/didi_121/Rescue-Major/workspace/vision/build/vision
