-- Found ament_cmake: 1.3.11 (/opt/ros/humble/share/ament_cmake/cmake)
-- Found rclpy: 3.3.16 (/opt/ros/humble/share/rclpy/cmake)
-- Found rclcpp: 16.0.12 (/opt/ros/humble/share/rclcpp/cmake)
-- Found rosidl_generator_c: 3.1.6 (/opt/ros/humble/share/rosidl_generator_c/cmake)
-- Found rosidl_adapter: 3.1.6 (/opt/ros/humble/share/rosidl_adapter/cmake)
-- Found rosidl_generator_cpp: 3.1.6 (/opt/ros/humble/share/rosidl_generator_cpp/cmake)
-- Using all available rosidl_typesupport_c: rosidl_typesupport_fastrtps_c;rosidl_typesupport_introspection_c
-- Using all available rosidl_typesupport_cpp: rosidl_typesupport_fastrtps_cpp;rosidl_typesupport_introspection_cpp
-- Found rmw_implementation_cmake: 6.1.2 (/opt/ros/humble/share/rmw_implementation_cmake/cmake)
-- Found rmw_fastrtps_cpp: 6.2.7 (/opt/ros/humble/share/rmw_fastrtps_cpp/cmake)
-- Using RMW implementation 'rmw_fastrtps_cpp' as default
-- Found sensor_msgs: 4.8.0 (/opt/ros/humble/share/sensor_msgs/cmake)
-- Found cv_bridge: 3.2.1 (/opt/ros/humble/share/cv_bridge/cmake)
-- Found image_transport: 3.1.11 (/opt/ros/humble/share/image_transport/cmake)
-- Found ament_lint_auto: 0.12.12 (/opt/ros/humble/share/ament_lint_auto/cmake)
-- Configuring done
-- Generating done
-- Build files have been written to: /home/didi_121/Rescue-Major/workspace/vision/build/vision
[35m[1mConsolidate compiler generated dependencies of target video_stream_publisher[0m
[100%] Built target video_stream_publisher
-- Install configuration: ""
-- Installing: /home/didi_121/Rescue-Major/workspace/vision/install/vision/lib/vision/video_stream_publisher
-- Set runtime path of "/home/didi_121/Rescue-Major/workspace/vision/install/vision/lib/vision/video_stream_publisher" to ""
-- Installing: /home/didi_121/Rescue-Major/workspace/vision/install/vision/share/ament_index/resource_index/package_run_dependencies/vision
-- Installing: /home/didi_121/Rescue-Major/workspace/vision/install/vision/share/ament_index/resource_index/parent_prefix_path/vision
-- Installing: /home/didi_121/Rescue-Major/workspace/vision/install/vision/share/vision/environment/ament_prefix_path.sh
-- Installing: /home/didi_121/Rescue-Major/workspace/vision/install/vision/share/vision/environment/ament_prefix_path.dsv
-- Installing: /home/didi_121/Rescue-Major/workspace/vision/install/vision/share/vision/environment/path.sh
-- Installing: /home/didi_121/Rescue-Major/workspace/vision/install/vision/share/vision/environment/path.dsv
-- Installing: /home/didi_121/Rescue-Major/workspace/vision/install/vision/share/vision/local_setup.bash
-- Installing: /home/didi_121/Rescue-Major/workspace/vision/install/vision/share/vision/local_setup.sh
-- Installing: /home/didi_121/Rescue-Major/workspace/vision/install/vision/share/vision/local_setup.zsh
-- Installing: /home/didi_121/Rescue-Major/workspace/vision/install/vision/share/vision/local_setup.dsv
-- Installing: /home/didi_121/Rescue-Major/workspace/vision/install/vision/share/vision/package.dsv
-- Installing: /home/didi_121/Rescue-Major/workspace/vision/install/vision/share/ament_index/resource_index/packages/vision
-- Installing: /home/didi_121/Rescue-Major/workspace/vision/install/vision/share/vision/cmake/visionConfig.cmake
-- Installing: /home/didi_121/Rescue-Major/workspace/vision/install/vision/share/vision/cmake/visionConfig-version.cmake
-- Installing: /home/didi_121/Rescue-Major/workspace/vision/install/vision/share/vision/package.xml
