[0.020s] Invoking command in '/home/didi_121/Rescue-Major/workspace/vision/build/vision': CMAKE_PREFIX_PATH=/opt/ros/humble /usr/bin/cmake --build /home/didi_121/Rescue-Major/workspace/vision/build/vision -- -j8 -l8
[0.064s] -- Found ament_cmake: 1.3.11 (/opt/ros/humble/share/ament_cmake/cmake)
[0.337s] -- Found rclpy: 3.3.16 (/opt/ros/humble/share/rclpy/cmake)
[0.337s] -- Found rclcpp: 16.0.12 (/opt/ros/humble/share/rclcpp/cmake)
[0.392s] -- Found rosidl_generator_c: 3.1.6 (/opt/ros/humble/share/rosidl_generator_c/cmake)
[0.397s] -- Found rosidl_adapter: 3.1.6 (/opt/ros/humble/share/rosidl_adapter/cmake)
[0.409s] -- Found rosidl_generator_cpp: 3.1.6 (/opt/ros/humble/share/rosidl_generator_cpp/cmake)
[0.428s] -- Using all available rosidl_typesupport_c: rosidl_typesupport_fastrtps_c;rosidl_typesupport_introspection_c
[0.452s] -- Using all available rosidl_typesupport_cpp: rosidl_typesupport_fastrtps_cpp;rosidl_typesupport_introspection_cpp
[0.516s] -- Found rmw_implementation_cmake: 6.1.2 (/opt/ros/humble/share/rmw_implementation_cmake/cmake)
[0.519s] -- Found rmw_fastrtps_cpp: 6.2.7 (/opt/ros/humble/share/rmw_fastrtps_cpp/cmake)
[0.703s] -- Using RMW implementation 'rmw_fastrtps_cpp' as default
[0.806s] -- Found sensor_msgs: 4.8.0 (/opt/ros/humble/share/sensor_msgs/cmake)
[0.865s] -- Found cv_bridge: 3.2.1 (/opt/ros/humble/share/cv_bridge/cmake)
[0.891s] -- Found image_transport: 3.1.11 (/opt/ros/humble/share/image_transport/cmake)
[0.929s] -- Found ament_lint_auto: 0.12.12 (/opt/ros/humble/share/ament_lint_auto/cmake)
[1.066s] -- Configuring done
[1.096s] -- Generating done
[1.105s] -- Build files have been written to: /home/didi_121/Rescue-Major/workspace/vision/build/vision
[1.151s] [35m[1mConsolidate compiler generated dependencies of target video_stream_publisher[0m
[1.184s] [100%] Built target video_stream_publisher
[1.203s] Invoked command in '/home/didi_121/Rescue-Major/workspace/vision/build/vision' returned '0': CMAKE_PREFIX_PATH=/opt/ros/humble /usr/bin/cmake --build /home/didi_121/Rescue-Major/workspace/vision/build/vision -- -j8 -l8
[1.220s] Invoking command in '/home/didi_121/Rescue-Major/workspace/vision/build/vision': CMAKE_PREFIX_PATH=/opt/ros/humble /usr/bin/cmake --install /home/didi_121/Rescue-Major/workspace/vision/build/vision
[1.234s] -- Install configuration: ""
[1.234s] -- Installing: /home/didi_121/Rescue-Major/workspace/vision/install/vision/lib/vision/video_stream_publisher
[1.236s] -- Set runtime path of "/home/didi_121/Rescue-Major/workspace/vision/install/vision/lib/vision/video_stream_publisher" to ""
[1.236s] -- Installing: /home/didi_121/Rescue-Major/workspace/vision/install/vision/share/ament_index/resource_index/package_run_dependencies/vision
[1.237s] -- Installing: /home/didi_121/Rescue-Major/workspace/vision/install/vision/share/ament_index/resource_index/parent_prefix_path/vision
[1.237s] -- Installing: /home/didi_121/Rescue-Major/workspace/vision/install/vision/share/vision/environment/ament_prefix_path.sh
[1.237s] -- Installing: /home/didi_121/Rescue-Major/workspace/vision/install/vision/share/vision/environment/ament_prefix_path.dsv
[1.238s] -- Installing: /home/didi_121/Rescue-Major/workspace/vision/install/vision/share/vision/environment/path.sh
[1.238s] -- Installing: /home/didi_121/Rescue-Major/workspace/vision/install/vision/share/vision/environment/path.dsv
[1.238s] -- Installing: /home/didi_121/Rescue-Major/workspace/vision/install/vision/share/vision/local_setup.bash
[1.238s] -- Installing: /home/didi_121/Rescue-Major/workspace/vision/install/vision/share/vision/local_setup.sh
[1.238s] -- Installing: /home/didi_121/Rescue-Major/workspace/vision/install/vision/share/vision/local_setup.zsh
[1.238s] -- Installing: /home/didi_121/Rescue-Major/workspace/vision/install/vision/share/vision/local_setup.dsv
[1.239s] -- Installing: /home/didi_121/Rescue-Major/workspace/vision/install/vision/share/vision/package.dsv
[1.239s] -- Installing: /home/didi_121/Rescue-Major/workspace/vision/install/vision/share/ament_index/resource_index/packages/vision
[1.240s] -- Installing: /home/didi_121/Rescue-Major/workspace/vision/install/vision/share/vision/cmake/visionConfig.cmake
[1.240s] -- Installing: /home/didi_121/Rescue-Major/workspace/vision/install/vision/share/vision/cmake/visionConfig-version.cmake
[1.240s] -- Installing: /home/didi_121/Rescue-Major/workspace/vision/install/vision/share/vision/package.xml
[1.244s] Invoked command in '/home/didi_121/Rescue-Major/workspace/vision/build/vision' returned '0': CMAKE_PREFIX_PATH=/opt/ros/humble /usr/bin/cmake --install /home/didi_121/Rescue-Major/workspace/vision/build/vision
