[0.016s] Invoking command in '/home/didi_121/Rescue-Major/workspace/build/communication': /usr/bin/cmake --build /home/didi_121/Rescue-Major/workspace/build/communication -- -j8 -l8
[0.081s] Invoked command in '/home/didi_121/Rescue-Major/workspace/build/communication' returned '0': /usr/bin/cmake --build /home/didi_121/Rescue-Major/workspace/build/communication -- -j8 -l8
[0.097s] Invoking command in '/home/didi_121/Rescue-Major/workspace/build/communication': /usr/bin/cmake --install /home/didi_121/Rescue-Major/workspace/build/communication
[0.110s] -- Install configuration: ""
[0.110s] -- Up-to-date: /home/didi_121/Rescue-Major/workspace/install/communication/lib/communication/audio_server.py
[0.110s] -- Up-to-date: /home/didi_121/Rescue-Major/workspace/install/communication/share/ament_index/resource_index/package_run_dependencies/communication
[0.110s] -- Up-to-date: /home/didi_121/Rescue-Major/workspace/install/communication/share/ament_index/resource_index/parent_prefix_path/communication
[0.110s] -- Up-to-date: /home/didi_121/Rescue-Major/workspace/install/communication/share/communication/environment/ament_prefix_path.sh
[0.111s] -- Up-to-date: /home/didi_121/Rescue-Major/workspace/install/communication/share/communication/environment/ament_prefix_path.dsv
[0.111s] -- Up-to-date: /home/didi_121/Rescue-Major/workspace/install/communication/share/communication/environment/path.sh
[0.111s] -- Up-to-date: /home/didi_121/Rescue-Major/workspace/install/communication/share/communication/environment/path.dsv
[0.111s] -- Up-to-date: /home/didi_121/Rescue-Major/workspace/install/communication/share/communication/local_setup.bash
[0.111s] -- Up-to-date: /home/didi_121/Rescue-Major/workspace/install/communication/share/communication/local_setup.sh
[0.111s] -- Up-to-date: /home/didi_121/Rescue-Major/workspace/install/communication/share/communication/local_setup.zsh
[0.111s] -- Up-to-date: /home/didi_121/Rescue-Major/workspace/install/communication/share/communication/local_setup.dsv
[0.111s] -- Up-to-date: /home/didi_121/Rescue-Major/workspace/install/communication/share/communication/package.dsv
[0.112s] -- Up-to-date: /home/didi_121/Rescue-Major/workspace/install/communication/share/ament_index/resource_index/packages/communication
[0.112s] -- Up-to-date: /home/didi_121/Rescue-Major/workspace/install/communication/share/communication/cmake/communicationConfig.cmake
[0.112s] -- Up-to-date: /home/didi_121/Rescue-Major/workspace/install/communication/share/communication/cmake/communicationConfig-version.cmake
[0.112s] -- Up-to-date: /home/didi_121/Rescue-Major/workspace/install/communication/share/communication/package.xml
[0.115s] Invoked command in '/home/didi_121/Rescue-Major/workspace/build/communication' returned '0': /usr/bin/cmake --install /home/didi_121/Rescue-Major/workspace/build/communication
