[0.020s] Invoking command in '/home/didi_121/Rescue-Major/workspace/build/communication': CMAKE_PREFIX_PATH=${CMAKE_PREFIX_PATH}:/opt/ros/humble /usr/bin/cmake --build /home/didi_121/Rescue-Major/workspace/build/communication -- -j8 -l8
[0.061s] -- Found ament_cmake: 1.3.11 (/opt/ros/humble/share/ament_cmake/cmake)
[0.308s] -- Found rclpy: 3.3.16 (/opt/ros/humble/share/rclpy/cmake)
[0.308s] -- Found rclcpp: 16.0.12 (/opt/ros/humble/share/rclcpp/cmake)
[0.359s] -- Found rosidl_generator_c: 3.1.6 (/opt/ros/humble/share/rosidl_generator_c/cmake)
[0.364s] -- Found rosidl_adapter: 3.1.6 (/opt/ros/humble/share/rosidl_adapter/cmake)
[0.376s] -- Found rosidl_generator_cpp: 3.1.6 (/opt/ros/humble/share/rosidl_generator_cpp/cmake)
[0.394s] -- Using all available rosidl_typesupport_c: rosidl_typesupport_fastrtps_c;rosidl_typesupport_introspection_c
[0.418s] -- Using all available rosidl_typesupport_cpp: rosidl_typesupport_fastrtps_cpp;rosidl_typesupport_introspection_cpp
[0.483s] -- Found rmw_implementation_cmake: 6.1.2 (/opt/ros/humble/share/rmw_implementation_cmake/cmake)
[0.486s] -- Found rmw_fastrtps_cpp: 6.2.7 (/opt/ros/humble/share/rmw_fastrtps_cpp/cmake)
[0.663s] -- Using RMW implementation 'rmw_fastrtps_cpp' as default
[0.758s] -- Found ament_lint_auto: 0.12.12 (/opt/ros/humble/share/ament_lint_auto/cmake)
[0.882s] -- Configuring done
[0.889s] -- Generating done
[0.893s] -- Build files have been written to: /home/didi_121/Rescue-Major/workspace/build/communication
[0.940s] Invoked command in '/home/didi_121/Rescue-Major/workspace/build/communication' returned '0': CMAKE_PREFIX_PATH=${CMAKE_PREFIX_PATH}:/opt/ros/humble /usr/bin/cmake --build /home/didi_121/Rescue-Major/workspace/build/communication -- -j8 -l8
[0.957s] Invoking command in '/home/didi_121/Rescue-Major/workspace/build/communication': CMAKE_PREFIX_PATH=${CMAKE_PREFIX_PATH}:/opt/ros/humble /usr/bin/cmake --install /home/didi_121/Rescue-Major/workspace/build/communication
[0.969s] -- Install configuration: ""
[0.970s] -- Up-to-date: /home/didi_121/Rescue-Major/workspace/install/communication/lib/communication/audio_server.py
[0.970s] -- Installing: /home/didi_121/Rescue-Major/workspace/install/communication/lib/communication/command_server.py
[0.970s] -- Installing: /home/didi_121/Rescue-Major/workspace/install/communication/lib/communication/sub_lector.py
[0.971s] -- Up-to-date: /home/didi_121/Rescue-Major/workspace/install/communication/share/ament_index/resource_index/package_run_dependencies/communication
[0.971s] -- Installing: /home/didi_121/Rescue-Major/workspace/install/communication/share/ament_index/resource_index/parent_prefix_path/communication
[0.971s] -- Up-to-date: /home/didi_121/Rescue-Major/workspace/install/communication/share/communication/environment/ament_prefix_path.sh
[0.971s] -- Installing: /home/didi_121/Rescue-Major/workspace/install/communication/share/communication/environment/ament_prefix_path.dsv
[0.971s] -- Up-to-date: /home/didi_121/Rescue-Major/workspace/install/communication/share/communication/environment/path.sh
[0.972s] -- Installing: /home/didi_121/Rescue-Major/workspace/install/communication/share/communication/environment/path.dsv
[0.972s] -- Up-to-date: /home/didi_121/Rescue-Major/workspace/install/communication/share/communication/local_setup.bash
[0.972s] -- Up-to-date: /home/didi_121/Rescue-Major/workspace/install/communication/share/communication/local_setup.sh
[0.972s] -- Up-to-date: /home/didi_121/Rescue-Major/workspace/install/communication/share/communication/local_setup.zsh
[0.973s] -- Installing: /home/didi_121/Rescue-Major/workspace/install/communication/share/communication/local_setup.dsv
[0.973s] -- Installing: /home/didi_121/Rescue-Major/workspace/install/communication/share/communication/package.dsv
[0.973s] -- Up-to-date: /home/didi_121/Rescue-Major/workspace/install/communication/share/ament_index/resource_index/packages/communication
[0.973s] -- Up-to-date: /home/didi_121/Rescue-Major/workspace/install/communication/share/communication/cmake/communicationConfig.cmake
[0.973s] -- Up-to-date: /home/didi_121/Rescue-Major/workspace/install/communication/share/communication/cmake/communicationConfig-version.cmake
[0.974s] -- Up-to-date: /home/didi_121/Rescue-Major/workspace/install/communication/share/communication/package.xml
[0.976s] Invoked command in '/home/didi_121/Rescue-Major/workspace/build/communication' returned '0': CMAKE_PREFIX_PATH=${CMAKE_PREFIX_PATH}:/opt/ros/humble /usr/bin/cmake --install /home/didi_121/Rescue-Major/workspace/build/communication
