[0.018s] Invoking command in '/home/aesir/Rescue-Major/build/mapping': CMAKE_PREFIX_PATH=/opt/ros/humble /usr/bin/cmake /home/aesir/Rescue-Major/workspace/src/mapping -DCMAKE_INSTALL_PREFIX=/home/aesir/Rescue-Major/install/mapping
[0.202s] -- The C compiler identification is GNU 11.4.0
[0.335s] -- The CXX compiler identification is GNU 11.4.0
[0.358s] -- Detecting C compiler ABI info
[0.465s] -- Detecting C compiler ABI info - done
[0.475s] -- Check for working C compiler: /usr/bin/cc - skipped
[0.475s] -- Detecting C compile features
[0.476s] -- Detecting C compile features - done
[0.481s] -- Detecting CXX compiler ABI info
[0.593s] -- Detecting CXX compiler ABI info - done
[0.604s] -- Check for working CXX compiler: /usr/bin/c++ - skipped
[0.604s] -- Detecting CXX compile features
[0.605s] -- Detecting CXX compile features - done
[0.611s] -- Found ament_cmake: 1.3.14 (/opt/ros/humble/share/ament_cmake/cmake)
[0.825s] -- Found Python3: /usr/bin/python3 (found version "3.10.12") found components: Interpreter 
[0.975s] -- Found rclpy: 3.3.21 (/opt/ros/humble/share/rclpy/cmake)
[1.100s] -- Configuring done
[1.104s] -- Generating done
[1.107s] -- Build files have been written to: /home/aesir/Rescue-Major/build/mapping
[1.112s] Invoked command in '/home/aesir/Rescue-Major/build/mapping' returned '0': CMAKE_PREFIX_PATH=/opt/ros/humble /usr/bin/cmake /home/aesir/Rescue-Major/workspace/src/mapping -DCMAKE_INSTALL_PREFIX=/home/aesir/Rescue-Major/install/mapping
[1.113s] Invoking command in '/home/aesir/Rescue-Major/build/mapping': CMAKE_PREFIX_PATH=/opt/ros/humble /usr/bin/cmake --build /home/aesir/Rescue-Major/build/mapping -- -j8 -l8
[1.165s] Invoked command in '/home/aesir/Rescue-Major/build/mapping' returned '0': CMAKE_PREFIX_PATH=/opt/ros/humble /usr/bin/cmake --build /home/aesir/Rescue-Major/build/mapping -- -j8 -l8
[1.178s] Invoking command in '/home/aesir/Rescue-Major/build/mapping': CMAKE_PREFIX_PATH=/opt/ros/humble /usr/bin/cmake --install /home/aesir/Rescue-Major/build/mapping
[1.187s] -- Install configuration: ""
[1.187s] -- Installing: /home/aesir/Rescue-Major/install/mapping/lib/mapping/object_detection_node
[1.188s] -- Installing: /home/aesir/Rescue-Major/install/mapping/lib/mapping/export_map_ply
[1.188s] -- Installing: /home/aesir/Rescue-Major/install/mapping/lib/mapping/yolo_detection_viewer
[1.188s] -- Installing: /home/aesir/Rescue-Major/install/mapping/lib/mapping/yolo_diagnostics
[1.188s] -- Installing: /home/aesir/Rescue-Major/install/mapping/share/mapping/launch
[1.189s] -- Installing: /home/aesir/Rescue-Major/install/mapping/share/mapping/launch/depthai_test.launch.py
[1.189s] -- Installing: /home/aesir/Rescue-Major/install/mapping/share/mapping/launch/depthai_yolo_oakd.launch.py
[1.189s] -- Installing: /home/aesir/Rescue-Major/install/mapping/share/mapping/launch/mapeo_general.py
[1.189s] -- Installing: /home/aesir/Rescue-Major/install/mapping/share/mapping/launch/__pycache__
[1.189s] -- Installing: /home/aesir/Rescue-Major/install/mapping/share/mapping/launch/__pycache__/depthai_test.launch.cpython-310.pyc
[1.190s] -- Installing: /home/aesir/Rescue-Major/install/mapping/share/mapping/launch/depthai_yolo_backend.launch.py
[1.190s] -- Installing: /home/aesir/Rescue-Major/install/mapping/share/mapping/maps
[1.190s] -- Installing: /home/aesir/Rescue-Major/install/mapping/share/mapping/maps/.gitkeep
[1.190s] -- Installing: /home/aesir/Rescue-Major/install/mapping/share/mapping/maps/RoboCup2026-Aesir-1-13-12-12-map.ply
[1.219s] -- Installing: /home/aesir/Rescue-Major/install/mapping/share/mapping/maps/RoboCup2026-Aesir-1-16-26-46-map.ply
[1.238s] -- Installing: /home/aesir/Rescue-Major/install/mapping/share/ament_index/resource_index/package_run_dependencies/mapping
[1.239s] -- Installing: /home/aesir/Rescue-Major/install/mapping/share/ament_index/resource_index/parent_prefix_path/mapping
[1.239s] -- Installing: /home/aesir/Rescue-Major/install/mapping/share/mapping/environment/ament_prefix_path.sh
[1.239s] -- Installing: /home/aesir/Rescue-Major/install/mapping/share/mapping/environment/ament_prefix_path.dsv
[1.240s] -- Installing: /home/aesir/Rescue-Major/install/mapping/share/mapping/environment/path.sh
[1.240s] -- Installing: /home/aesir/Rescue-Major/install/mapping/share/mapping/environment/path.dsv
[1.241s] -- Installing: /home/aesir/Rescue-Major/install/mapping/share/mapping/local_setup.bash
[1.241s] -- Installing: /home/aesir/Rescue-Major/install/mapping/share/mapping/local_setup.sh
[1.241s] -- Installing: /home/aesir/Rescue-Major/install/mapping/share/mapping/local_setup.zsh
[1.242s] -- Installing: /home/aesir/Rescue-Major/install/mapping/share/mapping/local_setup.dsv
[1.242s] -- Installing: /home/aesir/Rescue-Major/install/mapping/share/mapping/package.dsv
[1.242s] -- Installing: /home/aesir/Rescue-Major/install/mapping/share/ament_index/resource_index/packages/mapping
[1.243s] -- Installing: /home/aesir/Rescue-Major/install/mapping/share/mapping/cmake/mappingConfig.cmake
[1.243s] -- Installing: /home/aesir/Rescue-Major/install/mapping/share/mapping/cmake/mappingConfig-version.cmake
[1.243s] -- Installing: /home/aesir/Rescue-Major/install/mapping/share/mapping/package.xml
[1.246s] Invoked command in '/home/aesir/Rescue-Major/build/mapping' returned '0': CMAKE_PREFIX_PATH=/opt/ros/humble /usr/bin/cmake --install /home/aesir/Rescue-Major/build/mapping
