[0.028s] Invoking command in '/home/didi_121/Rescue-Major/workspace/communication/build/communication': CMAKE_PREFIX_PATH=/opt/ros/humble /usr/bin/cmake --build /home/didi_121/Rescue-Major/workspace/communication/build/communication -- -j8 -l8
[0.088s] -- Found ament_cmake: 1.3.11 (/opt/ros/humble/share/ament_cmake/cmake)
[0.439s] -- Found rclpy: 3.3.16 (/opt/ros/humble/share/rclpy/cmake)
[0.440s] -- Found rclcpp: 16.0.12 (/opt/ros/humble/share/rclcpp/cmake)
[0.530s] -- Found rosidl_generator_c: 3.1.6 (/opt/ros/humble/share/rosidl_generator_c/cmake)
[0.536s] -- Found rosidl_adapter: 3.1.6 (/opt/ros/humble/share/rosidl_adapter/cmake)
[0.573s] -- Found rosidl_generator_cpp: 3.1.6 (/opt/ros/humble/share/rosidl_generator_cpp/cmake)
[0.601s] -- Using all available rosidl_typesupport_c: rosidl_typesupport_fastrtps_c;rosidl_typesupport_introspection_c
[0.642s] -- Using all available rosidl_typesupport_cpp: rosidl_typesupport_fastrtps_cpp;rosidl_typesupport_introspection_cpp
[0.749s] -- Found rmw_implementation_cmake: 6.1.2 (/opt/ros/humble/share/rmw_implementation_cmake/cmake)
[0.756s] -- Found rmw_fastrtps_cpp: 6.2.7 (/opt/ros/humble/share/rmw_fastrtps_cpp/cmake)
[1.003s] -- Using RMW implementation 'rmw_fastrtps_cpp' as default
[1.149s] -- Found ament_lint_auto: 0.12.12 (/opt/ros/humble/share/ament_lint_auto/cmake)
[1.320s] -- Configuring done
[1.332s] -- Generating done
[1.337s] -- Build files have been written to: /home/didi_121/Rescue-Major/workspace/communication/build/communication
[1.386s] Invoked command in '/home/didi_121/Rescue-Major/workspace/communication/build/communication' returned '0': CMAKE_PREFIX_PATH=/opt/ros/humble /usr/bin/cmake --build /home/didi_121/Rescue-Major/workspace/communication/build/communication -- -j8 -l8
[1.405s] Invoking command in '/home/didi_121/Rescue-Major/workspace/communication/build/communication': CMAKE_PREFIX_PATH=/opt/ros/humble /usr/bin/cmake --install /home/didi_121/Rescue-Major/workspace/communication/build/communication
[1.420s] -- Install configuration: ""
[1.420s] -- Up-to-date: /home/didi_121/Rescue-Major/workspace/communication/install/communication/lib/communication/command_server.py
[1.420s] -- Up-to-date: /home/didi_121/Rescue-Major/workspace/communication/install/communication/lib/communication/dummy_subscriber.py
[1.420s] -- Up-to-date: /home/didi_121/Rescue-Major/workspace/communication/install/communication/lib/communication/dummy_publisher.py
[1.420s] -- Up-to-date: /home/didi_121/Rescue-Major/workspace/communication/install/communication/share/ament_index/resource_index/package_run_dependencies/communication
[1.421s] -- Up-to-date: /home/didi_121/Rescue-Major/workspace/communication/install/communication/share/ament_index/resource_index/parent_prefix_path/communication
[1.421s] -- Up-to-date: /home/didi_121/Rescue-Major/workspace/communication/install/communication/share/communication/environment/ament_prefix_path.sh
[1.421s] -- Installing: /home/didi_121/Rescue-Major/workspace/communication/install/communication/share/communication/environment/ament_prefix_path.dsv
[1.421s] -- Up-to-date: /home/didi_121/Rescue-Major/workspace/communication/install/communication/share/communication/environment/path.sh
[1.421s] -- Installing: /home/didi_121/Rescue-Major/workspace/communication/install/communication/share/communication/environment/path.dsv
[1.421s] -- Up-to-date: /home/didi_121/Rescue-Major/workspace/communication/install/communication/share/communication/local_setup.bash
[1.422s] -- Up-to-date: /home/didi_121/Rescue-Major/workspace/communication/install/communication/share/communication/local_setup.sh
[1.422s] -- Up-to-date: /home/didi_121/Rescue-Major/workspace/communication/install/communication/share/communication/local_setup.zsh
[1.422s] -- Installing: /home/didi_121/Rescue-Major/workspace/communication/install/communication/share/communication/local_setup.dsv
[1.422s] -- Installing: /home/didi_121/Rescue-Major/workspace/communication/install/communication/share/communication/package.dsv
[1.422s] -- Up-to-date: /home/didi_121/Rescue-Major/workspace/communication/install/communication/share/ament_index/resource_index/packages/communication
[1.422s] -- Up-to-date: /home/didi_121/Rescue-Major/workspace/communication/install/communication/share/communication/cmake/communicationConfig.cmake
[1.423s] -- Up-to-date: /home/didi_121/Rescue-Major/workspace/communication/install/communication/share/communication/cmake/communicationConfig-version.cmake
[1.423s] -- Up-to-date: /home/didi_121/Rescue-Major/workspace/communication/install/communication/share/communication/package.xml
[1.426s] Invoked command in '/home/didi_121/Rescue-Major/workspace/communication/build/communication' returned '0': CMAKE_PREFIX_PATH=/opt/ros/humble /usr/bin/cmake --install /home/didi_121/Rescue-Major/workspace/communication/build/communication
