[0.018s] Invoking command in '/home/didi_121/Rescue-Major/workspace/build/communication': CMAKE_PREFIX_PATH=/opt/ros/humble /usr/bin/cmake /home/didi_121/Rescue-Major/workspace/communication -DCMAKE_INSTALL_PREFIX=/home/didi_121/Rescue-Major/workspace/install/communication
[0.044s] -- Found ament_cmake: 1.3.11 (/opt/ros/humble/share/ament_cmake/cmake)
[0.329s] -- Found Python3: /usr/bin/python3 (found version "3.10.12") found components: Interpreter 
[0.516s] -- Found rclpy: 3.3.16 (/opt/ros/humble/share/rclpy/cmake)
[0.519s] -- Found rclcpp: 16.0.12 (/opt/ros/humble/share/rclcpp/cmake)
[0.618s] -- Found rosidl_generator_c: 3.1.6 (/opt/ros/humble/share/rosidl_generator_c/cmake)
[0.628s] -- Found rosidl_adapter: 3.1.6 (/opt/ros/humble/share/rosidl_adapter/cmake)
[0.648s] -- Found rosidl_generator_cpp: 3.1.6 (/opt/ros/humble/share/rosidl_generator_cpp/cmake)
[0.677s] -- Using all available rosidl_typesupport_c: rosidl_typesupport_fastrtps_c;rosidl_typesupport_introspection_c
[0.712s] -- Using all available rosidl_typesupport_cpp: rosidl_typesupport_fastrtps_cpp;rosidl_typesupport_introspection_cpp
[0.809s] -- Found rmw_implementation_cmake: 6.1.2 (/opt/ros/humble/share/rmw_implementation_cmake/cmake)
[0.815s] -- Found rmw_fastrtps_cpp: 6.2.7 (/opt/ros/humble/share/rmw_fastrtps_cpp/cmake)
[0.973s] -- Found OpenSSL: /usr/lib/x86_64-linux-gnu/libcrypto.so (found version "3.0.2")  
[1.022s] -- Found FastRTPS: /opt/ros/humble/include  
[1.096s] -- Using RMW implementation 'rmw_fastrtps_cpp' as default
[1.115s] -- Looking for pthread.h
[1.252s] -- Looking for pthread.h - found
[1.252s] -- Performing Test CMAKE_HAVE_LIBC_PTHREAD
[1.384s] -- Performing Test CMAKE_HAVE_LIBC_PTHREAD - Success
[1.386s] -- Found Threads: TRUE  
[1.505s] -- Found ament_lint_auto: 0.12.12 (/opt/ros/humble/share/ament_lint_auto/cmake)
[1.630s] -- Configuring done
[1.637s] -- Generating done
[1.641s] -- Build files have been written to: /home/didi_121/Rescue-Major/workspace/build/communication
[1.652s] Invoked command in '/home/didi_121/Rescue-Major/workspace/build/communication' returned '0': CMAKE_PREFIX_PATH=/opt/ros/humble /usr/bin/cmake /home/didi_121/Rescue-Major/workspace/communication -DCMAKE_INSTALL_PREFIX=/home/didi_121/Rescue-Major/workspace/install/communication
[1.656s] Invoking command in '/home/didi_121/Rescue-Major/workspace/build/communication': CMAKE_PREFIX_PATH=/opt/ros/humble /usr/bin/cmake --build /home/didi_121/Rescue-Major/workspace/build/communication -- -j8 -l8
[1.723s] Invoked command in '/home/didi_121/Rescue-Major/workspace/build/communication' returned '0': CMAKE_PREFIX_PATH=/opt/ros/humble /usr/bin/cmake --build /home/didi_121/Rescue-Major/workspace/build/communication -- -j8 -l8
[1.740s] Invoking command in '/home/didi_121/Rescue-Major/workspace/build/communication': CMAKE_PREFIX_PATH=/opt/ros/humble /usr/bin/cmake --install /home/didi_121/Rescue-Major/workspace/build/communication
[1.752s] -- Install configuration: ""
[1.753s] -- Installing: /home/didi_121/Rescue-Major/workspace/install/communication/lib/communication/audio_server.py
[1.753s] -- Installing: /home/didi_121/Rescue-Major/workspace/install/communication/share/ament_index/resource_index/package_run_dependencies/communication
[1.753s] -- Installing: /home/didi_121/Rescue-Major/workspace/install/communication/share/ament_index/resource_index/parent_prefix_path/communication
[1.754s] -- Installing: /home/didi_121/Rescue-Major/workspace/install/communication/share/communication/environment/ament_prefix_path.sh
[1.754s] -- Installing: /home/didi_121/Rescue-Major/workspace/install/communication/share/communication/environment/ament_prefix_path.dsv
[1.754s] -- Installing: /home/didi_121/Rescue-Major/workspace/install/communication/share/communication/environment/path.sh
[1.754s] -- Installing: /home/didi_121/Rescue-Major/workspace/install/communication/share/communication/environment/path.dsv
[1.754s] -- Installing: /home/didi_121/Rescue-Major/workspace/install/communication/share/communication/local_setup.bash
[1.755s] -- Installing: /home/didi_121/Rescue-Major/workspace/install/communication/share/communication/local_setup.sh
[1.755s] -- Installing: /home/didi_121/Rescue-Major/workspace/install/communication/share/communication/local_setup.zsh
[1.755s] -- Installing: /home/didi_121/Rescue-Major/workspace/install/communication/share/communication/local_setup.dsv
[1.755s] -- Installing: /home/didi_121/Rescue-Major/workspace/install/communication/share/communication/package.dsv
[1.755s] -- Installing: /home/didi_121/Rescue-Major/workspace/install/communication/share/ament_index/resource_index/packages/communication
[1.756s] -- Installing: /home/didi_121/Rescue-Major/workspace/install/communication/share/communication/cmake/communicationConfig.cmake
[1.756s] -- Installing: /home/didi_121/Rescue-Major/workspace/install/communication/share/communication/cmake/communicationConfig-version.cmake
[1.756s] -- Installing: /home/didi_121/Rescue-Major/workspace/install/communication/share/communication/package.xml
[1.760s] Invoked command in '/home/didi_121/Rescue-Major/workspace/build/communication' returned '0': CMAKE_PREFIX_PATH=/opt/ros/humble /usr/bin/cmake --install /home/didi_121/Rescue-Major/workspace/build/communication
