[0.541s] Invoking command in '/home/didi_121/Rescue-Major/build/communication': CMAKE_PREFIX_PATH=/opt/ros/humble /usr/bin/cmake /home/didi_121/Rescue-Major/workspace/communication -DCMAKE_INSTALL_PREFIX=/home/didi_121/Rescue-Major/install/communication
[0.658s] -- The C compiler identification is GNU 11.4.0
[0.783s] -- The CXX compiler identification is GNU 11.4.0
[0.800s] -- Detecting C compiler ABI info
[0.944s] -- Detecting C compiler ABI info - done
[0.967s] -- Check for working C compiler: /usr/bin/cc - skipped
[0.968s] -- Detecting C compile features
[0.969s] -- Detecting C compile features - done
[0.975s] -- Detecting CXX compiler ABI info
[1.122s] -- Detecting CXX compiler ABI info - done
[1.139s] -- Check for working CXX compiler: /usr/bin/c++ - skipped
[1.139s] -- Detecting CXX compile features
[1.140s] -- Detecting CXX compile features - done
[1.144s] -- Found ament_cmake: 1.3.11 (/opt/ros/humble/share/ament_cmake/cmake)
[1.500s] -- Found Python3: /usr/bin/python3 (found version "3.10.12") found components: Interpreter 
[1.681s] -- Found rclpy: 3.3.16 (/opt/ros/humble/share/rclpy/cmake)
[1.684s] -- Found rclcpp: 16.0.12 (/opt/ros/humble/share/rclcpp/cmake)
[1.759s] -- Found rosidl_generator_c: 3.1.6 (/opt/ros/humble/share/rosidl_generator_c/cmake)
[1.768s] -- Found rosidl_adapter: 3.1.6 (/opt/ros/humble/share/rosidl_adapter/cmake)
[1.782s] -- Found rosidl_generator_cpp: 3.1.6 (/opt/ros/humble/share/rosidl_generator_cpp/cmake)
[1.804s] -- Using all available rosidl_typesupport_c: rosidl_typesupport_fastrtps_c;rosidl_typesupport_introspection_c
[1.838s] -- Using all available rosidl_typesupport_cpp: rosidl_typesupport_fastrtps_cpp;rosidl_typesupport_introspection_cpp
[1.919s] -- Found rmw_implementation_cmake: 6.1.2 (/opt/ros/humble/share/rmw_implementation_cmake/cmake)
[1.924s] -- Found rmw_fastrtps_cpp: 6.2.7 (/opt/ros/humble/share/rmw_fastrtps_cpp/cmake)
[2.072s] -- Found OpenSSL: /usr/lib/x86_64-linux-gnu/libcrypto.so (found version "3.0.2")  
[2.123s] -- Found FastRTPS: /opt/ros/humble/include  
[2.195s] -- Using RMW implementation 'rmw_fastrtps_cpp' as default
[2.212s] -- Looking for pthread.h
[2.349s] -- Looking for pthread.h - found
[2.349s] -- Performing Test CMAKE_HAVE_LIBC_PTHREAD
[2.476s] -- Performing Test CMAKE_HAVE_LIBC_PTHREAD - Success
[2.479s] -- Found Threads: TRUE  
[2.577s] -- Found ament_lint_auto: 0.12.12 (/opt/ros/humble/share/ament_lint_auto/cmake)
[2.704s] -- Configuring done
[2.711s] -- Generating done
[2.715s] -- Build files have been written to: /home/didi_121/Rescue-Major/build/communication
[2.729s] Invoked command in '/home/didi_121/Rescue-Major/build/communication' returned '0': CMAKE_PREFIX_PATH=/opt/ros/humble /usr/bin/cmake /home/didi_121/Rescue-Major/workspace/communication -DCMAKE_INSTALL_PREFIX=/home/didi_121/Rescue-Major/install/communication
[2.733s] Invoking command in '/home/didi_121/Rescue-Major/build/communication': CMAKE_PREFIX_PATH=/opt/ros/humble /usr/bin/cmake --build /home/didi_121/Rescue-Major/build/communication -- -j8 -l8
[2.799s] Invoked command in '/home/didi_121/Rescue-Major/build/communication' returned '0': CMAKE_PREFIX_PATH=/opt/ros/humble /usr/bin/cmake --build /home/didi_121/Rescue-Major/build/communication -- -j8 -l8
[2.816s] Invoking command in '/home/didi_121/Rescue-Major/build/communication': CMAKE_PREFIX_PATH=/opt/ros/humble /usr/bin/cmake --install /home/didi_121/Rescue-Major/build/communication
[2.828s] -- Install configuration: ""
[2.829s] -- Installing: /home/didi_121/Rescue-Major/install/communication/lib/communication/audio_server.py
[2.829s] -- Installing: /home/didi_121/Rescue-Major/install/communication/lib/communication/command_server.py
[2.829s] -- Installing: /home/didi_121/Rescue-Major/install/communication/lib/communication/dummy_subscriber.py
[2.829s] -- Installing: /home/didi_121/Rescue-Major/install/communication/lib/communication/dummy_publisher.py
[2.829s] -- Installing: /home/didi_121/Rescue-Major/install/communication/share/ament_index/resource_index/package_run_dependencies/communication
[2.830s] -- Installing: /home/didi_121/Rescue-Major/install/communication/share/ament_index/resource_index/parent_prefix_path/communication
[2.830s] -- Installing: /home/didi_121/Rescue-Major/install/communication/share/communication/environment/ament_prefix_path.sh
[2.830s] -- Installing: /home/didi_121/Rescue-Major/install/communication/share/communication/environment/ament_prefix_path.dsv
[2.830s] -- Installing: /home/didi_121/Rescue-Major/install/communication/share/communication/environment/path.sh
[2.831s] -- Installing: /home/didi_121/Rescue-Major/install/communication/share/communication/environment/path.dsv
[2.831s] -- Installing: /home/didi_121/Rescue-Major/install/communication/share/communication/local_setup.bash
[2.831s] -- Installing: /home/didi_121/Rescue-Major/install/communication/share/communication/local_setup.sh
[2.831s] -- Installing: /home/didi_121/Rescue-Major/install/communication/share/communication/local_setup.zsh
[2.831s] -- Installing: /home/didi_121/Rescue-Major/install/communication/share/communication/local_setup.dsv
[2.832s] -- Installing: /home/didi_121/Rescue-Major/install/communication/share/communication/package.dsv
[2.832s] -- Installing: /home/didi_121/Rescue-Major/install/communication/share/ament_index/resource_index/packages/communication
[2.832s] -- Installing: /home/didi_121/Rescue-Major/install/communication/share/communication/cmake/communicationConfig.cmake
[2.832s] -- Installing: /home/didi_121/Rescue-Major/install/communication/share/communication/cmake/communicationConfig-version.cmake
[2.833s] -- Installing: /home/didi_121/Rescue-Major/install/communication/share/communication/package.xml
[2.837s] Invoked command in '/home/didi_121/Rescue-Major/build/communication' returned '0': CMAKE_PREFIX_PATH=/opt/ros/humble /usr/bin/cmake --install /home/didi_121/Rescue-Major/build/communication
