[0.019s] Invoking command in '/home/didi_121/Rescue-Major/workspace/vision/build/vision': CMAKE_PREFIX_PATH=/opt/ros/humble /usr/bin/cmake /home/didi_121/Rescue-Major/workspace/vision -DCMAKE_INSTALL_PREFIX=/home/didi_121/Rescue-Major/workspace/vision/install/vision
[0.200s] -- The C compiler identification is GNU 11.4.0
[0.372s] -- The CXX compiler identification is GNU 11.4.0
[0.396s] -- Detecting C compiler ABI info
[0.525s] -- Detecting C compiler ABI info - done
[0.541s] -- Check for working C compiler: /usr/bin/cc - skipped
[0.542s] -- Detecting C compile features
[0.543s] -- Detecting C compile features - done
[0.550s] -- Detecting CXX compiler ABI info
[0.705s] -- Detecting CXX compiler ABI info - done
[0.721s] -- Check for working CXX compiler: /usr/bin/c++ - skipped
[0.722s] -- Detecting CXX compile features
[0.723s] -- Detecting CXX compile features - done
[0.730s] -- Found ament_cmake: 1.3.11 (/opt/ros/humble/share/ament_cmake/cmake)
[1.045s] -- Found Python3: /usr/bin/python3 (found version "3.10.12") found components: Interpreter 
[1.250s] -- Found rclpy: 3.3.16 (/opt/ros/humble/share/rclpy/cmake)
[1.254s] -- Found rclcpp: 16.0.12 (/opt/ros/humble/share/rclcpp/cmake)
[1.359s] -- Found rosidl_generator_c: 3.1.6 (/opt/ros/humble/share/rosidl_generator_c/cmake)
[1.370s] -- Found rosidl_adapter: 3.1.6 (/opt/ros/humble/share/rosidl_adapter/cmake)
[1.394s] -- Found rosidl_generator_cpp: 3.1.6 (/opt/ros/humble/share/rosidl_generator_cpp/cmake)
[1.424s] -- Using all available rosidl_typesupport_c: rosidl_typesupport_fastrtps_c;rosidl_typesupport_introspection_c
[1.466s] -- Using all available rosidl_typesupport_cpp: rosidl_typesupport_fastrtps_cpp;rosidl_typesupport_introspection_cpp
[1.571s] -- Found rmw_implementation_cmake: 6.1.2 (/opt/ros/humble/share/rmw_implementation_cmake/cmake)
[1.577s] -- Found rmw_fastrtps_cpp: 6.2.7 (/opt/ros/humble/share/rmw_fastrtps_cpp/cmake)
[1.737s] -- Found OpenSSL: /usr/lib/x86_64-linux-gnu/libcrypto.so (found version "3.0.2")  
[1.787s] -- Found FastRTPS: /opt/ros/humble/include  
[1.858s] -- Using RMW implementation 'rmw_fastrtps_cpp' as default
[1.877s] -- Looking for pthread.h
[2.013s] -- Looking for pthread.h - found
[2.013s] -- Performing Test CMAKE_HAVE_LIBC_PTHREAD
[2.141s] -- Performing Test CMAKE_HAVE_LIBC_PTHREAD - Success
[2.143s] -- Found Threads: TRUE  
[2.273s] -- Found sensor_msgs: 4.8.0 (/opt/ros/humble/share/sensor_msgs/cmake)
[2.349s] -- Found cv_bridge: 3.2.1 (/opt/ros/humble/share/cv_bridge/cmake)
[2.379s] -- Found OpenCV: /usr (found version "4.5.4") 
[2.383s] -- Found image_transport: 3.1.11 (/opt/ros/humble/share/image_transport/cmake)
[2.449s] -- Found ament_lint_auto: 0.12.12 (/opt/ros/humble/share/ament_lint_auto/cmake)
[2.582s] -- Configuring done
[2.605s] -- Generating done
[2.614s] -- Build files have been written to: /home/didi_121/Rescue-Major/workspace/vision/build/vision
[2.632s] Invoked command in '/home/didi_121/Rescue-Major/workspace/vision/build/vision' returned '0': CMAKE_PREFIX_PATH=/opt/ros/humble /usr/bin/cmake /home/didi_121/Rescue-Major/workspace/vision -DCMAKE_INSTALL_PREFIX=/home/didi_121/Rescue-Major/workspace/vision/install/vision
[2.635s] Invoking command in '/home/didi_121/Rescue-Major/workspace/vision/build/vision': CMAKE_PREFIX_PATH=/opt/ros/humble /usr/bin/cmake --build /home/didi_121/Rescue-Major/workspace/vision/build/vision -- -j8 -l8
[2.721s] [ 50%] [32mBuilding CXX object CMakeFiles/video_stream_publisher.dir/src/video_stream.cpp.o[0m
[14.948s] [100%] [32m[1mLinking CXX executable video_stream_publisher[0m
[15.980s] [100%] Built target video_stream_publisher
[15.999s] Invoked command in '/home/didi_121/Rescue-Major/workspace/vision/build/vision' returned '0': CMAKE_PREFIX_PATH=/opt/ros/humble /usr/bin/cmake --build /home/didi_121/Rescue-Major/workspace/vision/build/vision -- -j8 -l8
[16.017s] Invoking command in '/home/didi_121/Rescue-Major/workspace/vision/build/vision': CMAKE_PREFIX_PATH=/opt/ros/humble /usr/bin/cmake --install /home/didi_121/Rescue-Major/workspace/vision/build/vision
[16.029s] -- Install configuration: ""
[16.030s] -- Installing: /home/didi_121/Rescue-Major/workspace/vision/install/vision/lib/vision/video_stream_publisher
[16.033s] -- Set runtime path of "/home/didi_121/Rescue-Major/workspace/vision/install/vision/lib/vision/video_stream_publisher" to ""
[16.033s] -- Installing: /home/didi_121/Rescue-Major/workspace/vision/install/vision/share/ament_index/resource_index/package_run_dependencies/vision
[16.033s] -- Installing: /home/didi_121/Rescue-Major/workspace/vision/install/vision/share/ament_index/resource_index/parent_prefix_path/vision
[16.034s] -- Installing: /home/didi_121/Rescue-Major/workspace/vision/install/vision/share/vision/environment/ament_prefix_path.sh
[16.034s] -- Installing: /home/didi_121/Rescue-Major/workspace/vision/install/vision/share/vision/environment/ament_prefix_path.dsv
[16.034s] -- Installing: /home/didi_121/Rescue-Major/workspace/vision/install/vision/share/vision/environment/path.sh
[16.035s] -- Installing: /home/didi_121/Rescue-Major/workspace/vision/install/vision/share/vision/environment/path.dsv
[16.035s] -- Installing: /home/didi_121/Rescue-Major/workspace/vision/install/vision/share/vision/local_setup.bash
[16.035s] -- Installing: /home/didi_121/Rescue-Major/workspace/vision/install/vision/share/vision/local_setup.sh
[16.036s] -- Installing: /home/didi_121/Rescue-Major/workspace/vision/install/vision/share/vision/local_setup.zsh
[16.036s] -- Installing: /home/didi_121/Rescue-Major/workspace/vision/install/vision/share/vision/local_setup.dsv
[16.036s] -- Installing: /home/didi_121/Rescue-Major/workspace/vision/install/vision/share/vision/package.dsv
[16.037s] -- Installing: /home/didi_121/Rescue-Major/workspace/vision/install/vision/share/ament_index/resource_index/packages/vision
[16.038s] -- Installing: /home/didi_121/Rescue-Major/workspace/vision/install/vision/share/vision/cmake/visionConfig.cmake
[16.038s] -- Installing: /home/didi_121/Rescue-Major/workspace/vision/install/vision/share/vision/cmake/visionConfig-version.cmake
[16.038s] -- Installing: /home/didi_121/Rescue-Major/workspace/vision/install/vision/share/vision/package.xml
[16.042s] Invoked command in '/home/didi_121/Rescue-Major/workspace/vision/build/vision' returned '0': CMAKE_PREFIX_PATH=/opt/ros/humble /usr/bin/cmake --install /home/didi_121/Rescue-Major/workspace/vision/build/vision
