[0.539s] Invoking command in '/home/didi_121/Rescue-Major/build/vision': CMAKE_PREFIX_PATH=/opt/ros/humble /usr/bin/cmake /home/didi_121/Rescue-Major/workspace/vision -DCMAKE_INSTALL_PREFIX=/home/didi_121/Rescue-Major/install/vision
[0.667s] -- The C compiler identification is GNU 11.4.0
[0.790s] -- The CXX compiler identification is GNU 11.4.0
[0.804s] -- Detecting C compiler ABI info
[0.937s] -- Detecting C compiler ABI info - done
[0.960s] -- Check for working C compiler: /usr/bin/cc - skipped
[0.960s] -- Detecting C compile features
[0.961s] -- Detecting C compile features - done
[0.967s] -- Detecting CXX compiler ABI info
[1.113s] -- Detecting CXX compiler ABI info - done
[1.129s] -- Check for working CXX compiler: /usr/bin/c++ - skipped
[1.130s] -- Detecting CXX compile features
[1.131s] -- Detecting CXX compile features - done
[1.134s] -- Found ament_cmake: 1.3.11 (/opt/ros/humble/share/ament_cmake/cmake)
[1.484s] -- Found Python3: /usr/bin/python3 (found version "3.10.12") found components: Interpreter 
[1.648s] -- Found rclpy: 3.3.16 (/opt/ros/humble/share/rclpy/cmake)
[1.650s] -- Found rclcpp: 16.0.12 (/opt/ros/humble/share/rclcpp/cmake)
[1.731s] -- Found rosidl_generator_c: 3.1.6 (/opt/ros/humble/share/rosidl_generator_c/cmake)
[1.740s] -- Found rosidl_adapter: 3.1.6 (/opt/ros/humble/share/rosidl_adapter/cmake)
[1.754s] -- Found rosidl_generator_cpp: 3.1.6 (/opt/ros/humble/share/rosidl_generator_cpp/cmake)
[1.776s] -- Using all available rosidl_typesupport_c: rosidl_typesupport_fastrtps_c;rosidl_typesupport_introspection_c
[1.807s] -- Using all available rosidl_typesupport_cpp: rosidl_typesupport_fastrtps_cpp;rosidl_typesupport_introspection_cpp
[1.888s] -- Found rmw_implementation_cmake: 6.1.2 (/opt/ros/humble/share/rmw_implementation_cmake/cmake)
[1.893s] -- Found rmw_fastrtps_cpp: 6.2.7 (/opt/ros/humble/share/rmw_fastrtps_cpp/cmake)
[2.045s] -- Found OpenSSL: /usr/lib/x86_64-linux-gnu/libcrypto.so (found version "3.0.2")  
[2.106s] -- Found FastRTPS: /opt/ros/humble/include  
[2.178s] -- Using RMW implementation 'rmw_fastrtps_cpp' as default
[2.191s] -- Looking for pthread.h
[2.318s] -- Looking for pthread.h - found
[2.319s] -- Performing Test CMAKE_HAVE_LIBC_PTHREAD
[2.448s] -- Performing Test CMAKE_HAVE_LIBC_PTHREAD - Success
[2.450s] -- Found Threads: TRUE  
[2.546s] -- Found sensor_msgs: 4.8.0 (/opt/ros/humble/share/sensor_msgs/cmake)
[2.606s] -- Found cv_bridge: 3.2.1 (/opt/ros/humble/share/cv_bridge/cmake)
[2.634s] -- Found OpenCV: /usr (found version "4.5.4") 
[2.636s] -- Found image_transport: 3.1.11 (/opt/ros/humble/share/image_transport/cmake)
[2.689s] -- Found ament_lint_auto: 0.12.12 (/opt/ros/humble/share/ament_lint_auto/cmake)
[2.822s] -- Configuring done
[2.855s] -- Generating done
[2.864s] -- Build files have been written to: /home/didi_121/Rescue-Major/build/vision
[2.882s] Invoked command in '/home/didi_121/Rescue-Major/build/vision' returned '0': CMAKE_PREFIX_PATH=/opt/ros/humble /usr/bin/cmake /home/didi_121/Rescue-Major/workspace/vision -DCMAKE_INSTALL_PREFIX=/home/didi_121/Rescue-Major/install/vision
[2.885s] Invoking command in '/home/didi_121/Rescue-Major/build/vision': CMAKE_PREFIX_PATH=/opt/ros/humble /usr/bin/cmake --build /home/didi_121/Rescue-Major/build/vision -- -j8 -l8
[2.971s] [ 50%] [32mBuilding CXX object CMakeFiles/video_stream_publisher.dir/src/video_stream.cpp.o[0m
[14.889s] [100%] [32m[1mLinking CXX executable video_stream_publisher[0m
[15.893s] [100%] Built target video_stream_publisher
[15.913s] Invoked command in '/home/didi_121/Rescue-Major/build/vision' returned '0': CMAKE_PREFIX_PATH=/opt/ros/humble /usr/bin/cmake --build /home/didi_121/Rescue-Major/build/vision -- -j8 -l8
[15.916s] Invoking command in '/home/didi_121/Rescue-Major/build/vision': CMAKE_PREFIX_PATH=/opt/ros/humble /usr/bin/cmake --install /home/didi_121/Rescue-Major/build/vision
[15.928s] -- Install configuration: ""
[15.929s] -- Installing: /home/didi_121/Rescue-Major/install/vision/lib/vision/video_stream_publisher
[15.931s] -- Set runtime path of "/home/didi_121/Rescue-Major/install/vision/lib/vision/video_stream_publisher" to ""
[15.931s] -- Installing: /home/didi_121/Rescue-Major/install/vision/share/ament_index/resource_index/package_run_dependencies/vision
[15.931s] -- Installing: /home/didi_121/Rescue-Major/install/vision/share/ament_index/resource_index/parent_prefix_path/vision
[15.931s] -- Installing: /home/didi_121/Rescue-Major/install/vision/share/vision/environment/ament_prefix_path.sh
[15.932s] -- Installing: /home/didi_121/Rescue-Major/install/vision/share/vision/environment/ament_prefix_path.dsv
[15.932s] -- Installing: /home/didi_121/Rescue-Major/install/vision/share/vision/environment/path.sh
[15.932s] -- Installing: /home/didi_121/Rescue-Major/install/vision/share/vision/environment/path.dsv
[15.932s] -- Installing: /home/didi_121/Rescue-Major/install/vision/share/vision/local_setup.bash
[15.933s] -- Installing: /home/didi_121/Rescue-Major/install/vision/share/vision/local_setup.sh
[15.933s] -- Installing: /home/didi_121/Rescue-Major/install/vision/share/vision/local_setup.zsh
[15.933s] -- Installing: /home/didi_121/Rescue-Major/install/vision/share/vision/local_setup.dsv
[15.933s] -- Installing: /home/didi_121/Rescue-Major/install/vision/share/vision/package.dsv
[15.934s] -- Installing: /home/didi_121/Rescue-Major/install/vision/share/ament_index/resource_index/packages/vision
[15.934s] -- Installing: /home/didi_121/Rescue-Major/install/vision/share/vision/cmake/visionConfig.cmake
[15.934s] -- Installing: /home/didi_121/Rescue-Major/install/vision/share/vision/cmake/visionConfig-version.cmake
[15.934s] -- Installing: /home/didi_121/Rescue-Major/install/vision/share/vision/package.xml
[15.938s] Invoked command in '/home/didi_121/Rescue-Major/build/vision' returned '0': CMAKE_PREFIX_PATH=/opt/ros/humble /usr/bin/cmake --install /home/didi_121/Rescue-Major/build/vision
