[0.028s] Invoking command in '/home/aesir/Rescue-Major/build/unitree_lidar_ros2': CMAKE_PREFIX_PATH=/opt/ros/humble /usr/bin/cmake --build /home/aesir/Rescue-Major/build/unitree_lidar_ros2 -- -j8 -l8
[0.125s] -- Found ament_cmake: 1.3.14 (/opt/ros/humble/share/ament_cmake/cmake)
[0.325s] -- Found rclcpp: 16.0.19 (/opt/ros/humble/share/rclcpp/cmake)
[0.386s] -- Found rosidl_generator_c: 3.1.8 (/opt/ros/humble/share/rosidl_generator_c/cmake)
[0.391s] -- Found rosidl_adapter: 3.1.8 (/opt/ros/humble/share/rosidl_adapter/cmake)
[0.402s] -- Found rosidl_generator_cpp: 3.1.8 (/opt/ros/humble/share/rosidl_generator_cpp/cmake)
[0.424s] -- Using all available rosidl_typesupport_c: rosidl_typesupport_fastrtps_c;rosidl_typesupport_introspection_c
[0.447s] -- Using all available rosidl_typesupport_cpp: rosidl_typesupport_fastrtps_cpp;rosidl_typesupport_introspection_cpp
[0.513s] -- Found rmw_implementation_cmake: 6.1.2 (/opt/ros/humble/share/rmw_implementation_cmake/cmake)
[0.517s] -- Found rmw_fastrtps_cpp: 6.2.10 (/opt/ros/humble/share/rmw_fastrtps_cpp/cmake)
[0.694s] -- Using RMW implementation 'rmw_fastrtps_cpp' as default
[0.786s] -- Found geometry_msgs: 4.9.1 (/opt/ros/humble/share/geometry_msgs/cmake)
[0.808s] -- Found pcl_conversions: 2.4.5 (/opt/ros/humble/share/pcl_conversions/cmake)
[0.907s] -- Eigen found (include: /usr/include/eigen3, version: 3.4.0)
[0.965s] -- FLANN found (include: /usr/include, lib: /usr/lib/x86_64-linux-gnu/libflann_cpp.so)
[1.612s] -- OpenNI found (version: 1.5.4.0, include: /usr/include/ni, lib: /usr/lib/libOpenNI.so;libusb::libusb)
[1.623s] -- OpenNI2 found (version: 2.2.0.33, include: /usr/include/openni2, lib: /usr/lib/x86_64-linux-gnu/libOpenNI2.so;libusb::libusb)
[1.824s] -- Eigen found (include: /usr/include/eigen3, version: 3.4.0)
[1.834s] -- OpenNI found (version: 1.5.4.0, include: /usr/include/ni, lib: /usr/lib/libOpenNI.so;libusb::libusb)
[1.843s] -- OpenNI2 found (version: 2.2.0.33, include: /usr/include/openni2, lib: /usr/lib/x86_64-linux-gnu/libOpenNI2.so;libusb::libusb)
[2.037s] -- Found Qhull version 8.0.2
[2.240s] -- OpenNI found (version: 1.5.4.0, include: /usr/include/ni, lib: /usr/lib/libOpenNI.so;libusb::libusb)
[2.441s] [33mCMake Warning (dev) at CMakeLists.txt:23 (find_package):
[2.441s]   Policy CMP0074 is not set: find_package uses <PackageName>_ROOT variables.
[2.441s]   Run "cmake --help-policy CMP0074" for policy details.  Use the cmake_policy
[2.441s]   command to set the policy and suppress this warning.
[2.441s] 
[2.441s]   CMake variable PCL_ROOT is set to:
[2.441s] 
[2.441s]     /usr
[2.442s] 
[2.442s]   For compatibility, CMake is ignoring the variable.
[2.442s] This warning is for project developers.  Use -Wno-dev to suppress it.
[2.442s] [0m
[2.451s] -- Found tf2_ros: 0.25.20 (/opt/ros/humble/share/tf2_ros/cmake)
[2.723s] -- Configuring done
[2.825s] -- Generating done
[2.844s] -- Build files have been written to: /home/aesir/Rescue-Major/build/unitree_lidar_ros2
[2.900s] [35m[1mConsolidate compiler generated dependencies of target unitree_lidar_ros2_node[0m
[2.990s] [100%] Built target unitree_lidar_ros2_node
[3.008s] Invoked command in '/home/aesir/Rescue-Major/build/unitree_lidar_ros2' returned '0': CMAKE_PREFIX_PATH=/opt/ros/humble /usr/bin/cmake --build /home/aesir/Rescue-Major/build/unitree_lidar_ros2 -- -j8 -l8
[3.033s] Invoking command in '/home/aesir/Rescue-Major/build/unitree_lidar_ros2': CMAKE_PREFIX_PATH=/opt/ros/humble /usr/bin/cmake --install /home/aesir/Rescue-Major/build/unitree_lidar_ros2
[3.045s] -- Install configuration: ""
[3.046s] -- Up-to-date: /home/aesir/Rescue-Major/install/unitree_lidar_ros2/lib/unitree_lidar_ros2/unitree_lidar_ros2_node
[3.046s] -- Installing: /home/aesir/Rescue-Major/install/unitree_lidar_ros2/share/unitree_lidar_ros2/view.rviz
[3.047s] -- Up-to-date: /home/aesir/Rescue-Major/install/unitree_lidar_ros2/share/unitree_lidar_ros2/launch.py
[3.047s] -- Installing: /home/aesir/Rescue-Major/install/unitree_lidar_ros2/share/unitree_lidar_ros2/prueba_mapeo.py
[3.048s] -- Installing: /home/aesir/Rescue-Major/install/unitree_lidar_ros2/share/unitree_lidar_ros2/prueba_mapeo_v2.py
[3.048s] -- Installing: /home/aesir/Rescue-Major/install/unitree_lidar_ros2/share/unitree_lidar_ros2/launch_lidar_only.py
[3.049s] -- Up-to-date: /home/aesir/Rescue-Major/install/unitree_lidar_ros2/share/ament_index/resource_index/package_run_dependencies/unitree_lidar_ros2
[3.049s] -- Up-to-date: /home/aesir/Rescue-Major/install/unitree_lidar_ros2/share/ament_index/resource_index/parent_prefix_path/unitree_lidar_ros2
[3.049s] -- Up-to-date: /home/aesir/Rescue-Major/install/unitree_lidar_ros2/share/unitree_lidar_ros2/environment/ament_prefix_path.sh
[3.050s] -- Installing: /home/aesir/Rescue-Major/install/unitree_lidar_ros2/share/unitree_lidar_ros2/environment/ament_prefix_path.dsv
[3.050s] -- Up-to-date: /home/aesir/Rescue-Major/install/unitree_lidar_ros2/share/unitree_lidar_ros2/environment/path.sh
[3.050s] -- Installing: /home/aesir/Rescue-Major/install/unitree_lidar_ros2/share/unitree_lidar_ros2/environment/path.dsv
[3.051s] -- Up-to-date: /home/aesir/Rescue-Major/install/unitree_lidar_ros2/share/unitree_lidar_ros2/local_setup.bash
[3.051s] -- Up-to-date: /home/aesir/Rescue-Major/install/unitree_lidar_ros2/share/unitree_lidar_ros2/local_setup.sh
[3.051s] -- Up-to-date: /home/aesir/Rescue-Major/install/unitree_lidar_ros2/share/unitree_lidar_ros2/local_setup.zsh
[3.051s] -- Installing: /home/aesir/Rescue-Major/install/unitree_lidar_ros2/share/unitree_lidar_ros2/local_setup.dsv
[3.052s] -- Installing: /home/aesir/Rescue-Major/install/unitree_lidar_ros2/share/unitree_lidar_ros2/package.dsv
[3.053s] -- Up-to-date: /home/aesir/Rescue-Major/install/unitree_lidar_ros2/share/ament_index/resource_index/packages/unitree_lidar_ros2
[3.053s] -- Up-to-date: /home/aesir/Rescue-Major/install/unitree_lidar_ros2/share/unitree_lidar_ros2/cmake/unitree_lidar_ros2Config.cmake
[3.053s] -- Up-to-date: /home/aesir/Rescue-Major/install/unitree_lidar_ros2/share/unitree_lidar_ros2/cmake/unitree_lidar_ros2Config-version.cmake
[3.053s] -- Up-to-date: /home/aesir/Rescue-Major/install/unitree_lidar_ros2/share/unitree_lidar_ros2/package.xml
[3.056s] Invoked command in '/home/aesir/Rescue-Major/build/unitree_lidar_ros2' returned '0': CMAKE_PREFIX_PATH=/opt/ros/humble /usr/bin/cmake --install /home/aesir/Rescue-Major/build/unitree_lidar_ros2
