[0.215s] DEBUG:colcon:Command line arguments: ['/usr/bin/colcon', 'build', '--packages-select', 'unitree_lidar_ros2']
[0.215s] DEBUG:colcon:Parsed command line arguments: Namespace(log_base=None, log_level=None, verb_name='build', build_base='build', install_base='install', merge_install=False, symlink_install=False, test_result_base=None, continue_on_error=False, executor='parallel', parallel_workers=8, event_handlers=None, ignore_user_meta=False, metas=['./colcon.meta'], base_paths=['.'], packages_ignore=None, packages_ignore_regex=None, paths=None, packages_up_to=None, packages_up_to_regex=None, packages_above=None, packages_above_and_dependencies=None, packages_above_depth=None, packages_select_by_dep=None, packages_skip_by_dep=None, packages_skip_up_to=None, packages_select_build_failed=False, packages_skip_build_finished=False, packages_select_test_failures=False, packages_skip_test_passed=False, packages_select=['unitree_lidar_ros2'], packages_skip=None, packages_select_regex=None, packages_skip_regex=None, packages_start=None, packages_end=None, allow_overriding=[], cmake_args=None, cmake_target=None, cmake_target_skip_unavailable=False, cmake_clean_cache=False, cmake_clean_first=False, cmake_force_configure=False, ament_cmake_args=None, catkin_cmake_args=None, catkin_skip_building_tests=False, mixin_files=None, mixin=None, verb_parser=<colcon_mixin.mixin.mixin_argument.MixinArgumentDecorator object at 0x7afe9c37f8b0>, verb_extension=<colcon_core.verb.build.BuildVerb object at 0x7afe9c37f040>, main=<bound method BuildVerb.main of <colcon_core.verb.build.BuildVerb object at 0x7afe9c37f040>>, mixin_verb=('build',))
[1.152s] Level 1:colcon.colcon_core.package_discovery:discover_packages(colcon_meta) check parameters
[1.154s] Level 1:colcon.colcon_core.package_discovery:discover_packages(recursive) check parameters
[1.154s] Level 1:colcon.colcon_core.package_discovery:discover_packages(ignore) check parameters
[1.154s] Level 1:colcon.colcon_core.package_discovery:discover_packages(path) check parameters
[1.154s] Level 1:colcon.colcon_core.package_discovery:discover_packages(colcon_meta) discover
[1.154s] Level 1:colcon.colcon_core.package_discovery:discover_packages(recursive) discover
[1.154s] INFO:colcon.colcon_core.package_discovery:Crawling recursively for packages in '/home/aesir/Rescue-Major'
[1.154s] Level 1:colcon.colcon_core.package_identification:_identify(.) by extensions ['ignore', 'ignore_ament_install']
[1.154s] Level 1:colcon.colcon_core.package_identification:_identify(.) by extension 'ignore'
[1.154s] Level 1:colcon.colcon_core.package_identification:_identify(.) by extension 'ignore_ament_install'
[1.155s] Level 1:colcon.colcon_core.package_identification:_identify(.) by extensions ['colcon_pkg']
[1.155s] Level 1:colcon.colcon_core.package_identification:_identify(.) by extension 'colcon_pkg'
[1.155s] Level 1:colcon.colcon_core.package_identification:_identify(.) by extensions ['colcon_meta']
[1.155s] Level 1:colcon.colcon_core.package_identification:_identify(.) by extension 'colcon_meta'
[1.155s] Level 1:colcon.colcon_core.package_identification:_identify(.) by extensions ['ros']
[1.155s] Level 1:colcon.colcon_core.package_identification:_identify(.) by extension 'ros'
[1.224s] Level 1:colcon.colcon_core.package_identification:_identify(.) by extensions ['cmake', 'python']
[1.224s] Level 1:colcon.colcon_core.package_identification:_identify(.) by extension 'cmake'
[1.224s] Level 1:colcon.colcon_core.package_identification:_identify(.) by extension 'python'
[1.224s] Level 1:colcon.colcon_core.package_identification:_identify(.) by extensions ['python_setup_py']
[1.224s] Level 1:colcon.colcon_core.package_identification:_identify(.) by extension 'python_setup_py'
[1.224s] Level 1:colcon.colcon_core.package_identification:_identify(build) by extensions ['ignore', 'ignore_ament_install']
[1.224s] Level 1:colcon.colcon_core.package_identification:_identify(build) by extension 'ignore'
[1.225s] Level 1:colcon.colcon_core.package_identification:_identify(build) ignored
[1.225s] Level 1:colcon.colcon_core.package_identification:_identify(cloudfare) by extensions ['ignore', 'ignore_ament_install']
[1.225s] Level 1:colcon.colcon_core.package_identification:_identify(cloudfare) by extension 'ignore'
[1.225s] Level 1:colcon.colcon_core.package_identification:_identify(cloudfare) by extension 'ignore_ament_install'
[1.225s] Level 1:colcon.colcon_core.package_identification:_identify(cloudfare) by extensions ['colcon_pkg']
[1.225s] Level 1:colcon.colcon_core.package_identification:_identify(cloudfare) by extension 'colcon_pkg'
[1.225s] Level 1:colcon.colcon_core.package_identification:_identify(cloudfare) by extensions ['colcon_meta']
[1.225s] Level 1:colcon.colcon_core.package_identification:_identify(cloudfare) by extension 'colcon_meta'
[1.225s] Level 1:colcon.colcon_core.package_identification:_identify(cloudfare) by extensions ['ros']
[1.225s] Level 1:colcon.colcon_core.package_identification:_identify(cloudfare) by extension 'ros'
[1.225s] Level 1:colcon.colcon_core.package_identification:_identify(cloudfare) by extensions ['cmake', 'python']
[1.226s] Level 1:colcon.colcon_core.package_identification:_identify(cloudfare) by extension 'cmake'
[1.226s] Level 1:colcon.colcon_core.package_identification:_identify(cloudfare) by extension 'python'
[1.226s] Level 1:colcon.colcon_core.package_identification:_identify(cloudfare) by extensions ['python_setup_py']
[1.226s] Level 1:colcon.colcon_core.package_identification:_identify(cloudfare) by extension 'python_setup_py'
[1.226s] Level 1:colcon.colcon_core.package_identification:_identify(docs) by extensions ['ignore', 'ignore_ament_install']
[1.226s] Level 1:colcon.colcon_core.package_identification:_identify(docs) by extension 'ignore'
[1.226s] Level 1:colcon.colcon_core.package_identification:_identify(docs) by extension 'ignore_ament_install'
[1.226s] Level 1:colcon.colcon_core.package_identification:_identify(docs) by extensions ['colcon_pkg']
[1.226s] Level 1:colcon.colcon_core.package_identification:_identify(docs) by extension 'colcon_pkg'
[1.226s] Level 1:colcon.colcon_core.package_identification:_identify(docs) by extensions ['colcon_meta']
[1.226s] Level 1:colcon.colcon_core.package_identification:_identify(docs) by extension 'colcon_meta'
[1.227s] Level 1:colcon.colcon_core.package_identification:_identify(docs) by extensions ['ros']
[1.227s] Level 1:colcon.colcon_core.package_identification:_identify(docs) by extension 'ros'
[1.227s] Level 1:colcon.colcon_core.package_identification:_identify(docs) by extensions ['cmake', 'python']
[1.227s] Level 1:colcon.colcon_core.package_identification:_identify(docs) by extension 'cmake'
[1.227s] Level 1:colcon.colcon_core.package_identification:_identify(docs) by extension 'python'
[1.227s] Level 1:colcon.colcon_core.package_identification:_identify(docs) by extensions ['python_setup_py']
[1.227s] Level 1:colcon.colcon_core.package_identification:_identify(docs) by extension 'python_setup_py'
[1.227s] Level 1:colcon.colcon_core.package_identification:_identify(install) by extensions ['ignore', 'ignore_ament_install']
[1.227s] Level 1:colcon.colcon_core.package_identification:_identify(install) by extension 'ignore'
[1.227s] Level 1:colcon.colcon_core.package_identification:_identify(install) ignored
[1.229s] Level 1:colcon.colcon_core.package_identification:_identify(log) by extensions ['ignore', 'ignore_ament_install']
[1.229s] Level 1:colcon.colcon_core.package_identification:_identify(log) by extension 'ignore'
[1.229s] Level 1:colcon.colcon_core.package_identification:_identify(log) ignored
[1.229s] Level 1:colcon.colcon_core.package_identification:_identify(workspace) by extensions ['ignore', 'ignore_ament_install']
[1.229s] Level 1:colcon.colcon_core.package_identification:_identify(workspace) by extension 'ignore'
[1.229s] Level 1:colcon.colcon_core.package_identification:_identify(workspace) by extension 'ignore_ament_install'
[1.230s] Level 1:colcon.colcon_core.package_identification:_identify(workspace) by extensions ['colcon_pkg']
[1.230s] Level 1:colcon.colcon_core.package_identification:_identify(workspace) by extension 'colcon_pkg'
[1.230s] Level 1:colcon.colcon_core.package_identification:_identify(workspace) by extensions ['colcon_meta']
[1.230s] Level 1:colcon.colcon_core.package_identification:_identify(workspace) by extension 'colcon_meta'
[1.230s] Level 1:colcon.colcon_core.package_identification:_identify(workspace) by extensions ['ros']
[1.230s] Level 1:colcon.colcon_core.package_identification:_identify(workspace) by extension 'ros'
[1.230s] Level 1:colcon.colcon_core.package_identification:_identify(workspace) by extensions ['cmake', 'python']
[1.230s] Level 1:colcon.colcon_core.package_identification:_identify(workspace) by extension 'cmake'
[1.230s] Level 1:colcon.colcon_core.package_identification:_identify(workspace) by extension 'python'
[1.230s] Level 1:colcon.colcon_core.package_identification:_identify(workspace) by extensions ['python_setup_py']
[1.230s] Level 1:colcon.colcon_core.package_identification:_identify(workspace) by extension 'python_setup_py'
[1.231s] Level 1:colcon.colcon_core.package_identification:_identify(workspace/build) by extensions ['ignore', 'ignore_ament_install']
[1.231s] Level 1:colcon.colcon_core.package_identification:_identify(workspace/build) by extension 'ignore'
[1.231s] Level 1:colcon.colcon_core.package_identification:_identify(workspace/build) ignored
[1.231s] Level 1:colcon.colcon_core.package_identification:_identify(workspace/install) by extensions ['ignore', 'ignore_ament_install']
[1.232s] Level 1:colcon.colcon_core.package_identification:_identify(workspace/install) by extension 'ignore'
[1.232s] Level 1:colcon.colcon_core.package_identification:_identify(workspace/install) ignored
[1.232s] Level 1:colcon.colcon_core.package_identification:_identify(workspace/log) by extensions ['ignore', 'ignore_ament_install']
[1.232s] Level 1:colcon.colcon_core.package_identification:_identify(workspace/log) by extension 'ignore'
[1.232s] Level 1:colcon.colcon_core.package_identification:_identify(workspace/log) ignored
[1.232s] Level 1:colcon.colcon_core.package_identification:_identify(workspace/src) by extensions ['ignore', 'ignore_ament_install']
[1.232s] Level 1:colcon.colcon_core.package_identification:_identify(workspace/src) by extension 'ignore'
[1.233s] Level 1:colcon.colcon_core.package_identification:_identify(workspace/src) by extension 'ignore_ament_install'
[1.233s] Level 1:colcon.colcon_core.package_identification:_identify(workspace/src) by extensions ['colcon_pkg']
[1.233s] Level 1:colcon.colcon_core.package_identification:_identify(workspace/src) by extension 'colcon_pkg'
[1.233s] Level 1:colcon.colcon_core.package_identification:_identify(workspace/src) by extensions ['colcon_meta']
[1.233s] Level 1:colcon.colcon_core.package_identification:_identify(workspace/src) by extension 'colcon_meta'
[1.233s] Level 1:colcon.colcon_core.package_identification:_identify(workspace/src) by extensions ['ros']
[1.233s] Level 1:colcon.colcon_core.package_identification:_identify(workspace/src) by extension 'ros'
[1.233s] Level 1:colcon.colcon_core.package_identification:_identify(workspace/src) by extensions ['cmake', 'python']
[1.233s] Level 1:colcon.colcon_core.package_identification:_identify(workspace/src) by extension 'cmake'
[1.233s] Level 1:colcon.colcon_core.package_identification:_identify(workspace/src) by extension 'python'
[1.233s] Level 1:colcon.colcon_core.package_identification:_identify(workspace/src) by extensions ['python_setup_py']
[1.233s] Level 1:colcon.colcon_core.package_identification:_identify(workspace/src) by extension 'python_setup_py'
[1.234s] Level 1:colcon.colcon_core.package_identification:_identify(workspace/src/hardware) by extensions ['ignore', 'ignore_ament_install']
[1.234s] Level 1:colcon.colcon_core.package_identification:_identify(workspace/src/hardware) by extension 'ignore'
[1.234s] Level 1:colcon.colcon_core.package_identification:_identify(workspace/src/hardware) by extension 'ignore_ament_install'
[1.234s] Level 1:colcon.colcon_core.package_identification:_identify(workspace/src/hardware) by extensions ['colcon_pkg']
[1.234s] Level 1:colcon.colcon_core.package_identification:_identify(workspace/src/hardware) by extension 'colcon_pkg'
[1.234s] Level 1:colcon.colcon_core.package_identification:_identify(workspace/src/hardware) by extensions ['colcon_meta']
[1.234s] Level 1:colcon.colcon_core.package_identification:_identify(workspace/src/hardware) by extension 'colcon_meta'
[1.234s] Level 1:colcon.colcon_core.package_identification:_identify(workspace/src/hardware) by extensions ['ros']
[1.234s] Level 1:colcon.colcon_core.package_identification:_identify(workspace/src/hardware) by extension 'ros'
[1.240s] DEBUG:colcon.colcon_core.package_identification:Package 'workspace/src/hardware' with type 'ros.ament_cmake' and name 'hardware'
[1.241s] Level 1:colcon.colcon_core.package_identification:_identify(workspace/src/mapping) by extensions ['ignore', 'ignore_ament_install']
[1.241s] Level 1:colcon.colcon_core.package_identification:_identify(workspace/src/mapping) by extension 'ignore'
[1.241s] Level 1:colcon.colcon_core.package_identification:_identify(workspace/src/mapping) by extension 'ignore_ament_install'
[1.241s] Level 1:colcon.colcon_core.package_identification:_identify(workspace/src/mapping) by extensions ['colcon_pkg']
[1.241s] Level 1:colcon.colcon_core.package_identification:_identify(workspace/src/mapping) by extension 'colcon_pkg'
[1.241s] Level 1:colcon.colcon_core.package_identification:_identify(workspace/src/mapping) by extensions ['colcon_meta']
[1.241s] Level 1:colcon.colcon_core.package_identification:_identify(workspace/src/mapping) by extension 'colcon_meta'
[1.241s] Level 1:colcon.colcon_core.package_identification:_identify(workspace/src/mapping) by extensions ['ros']
[1.241s] Level 1:colcon.colcon_core.package_identification:_identify(workspace/src/mapping) by extension 'ros'
[1.244s] DEBUG:colcon.colcon_core.package_identification:Package 'workspace/src/mapping' with type 'ros.ament_cmake' and name 'mapping'
[1.245s] Level 1:colcon.colcon_core.package_identification:_identify(workspace/src/teleoperation) by extensions ['ignore', 'ignore_ament_install']
[1.245s] Level 1:colcon.colcon_core.package_identification:_identify(workspace/src/teleoperation) by extension 'ignore'
[1.245s] Level 1:colcon.colcon_core.package_identification:_identify(workspace/src/teleoperation) by extension 'ignore_ament_install'
[1.245s] Level 1:colcon.colcon_core.package_identification:_identify(workspace/src/teleoperation) by extensions ['colcon_pkg']
[1.245s] Level 1:colcon.colcon_core.package_identification:_identify(workspace/src/teleoperation) by extension 'colcon_pkg'
[1.245s] Level 1:colcon.colcon_core.package_identification:_identify(workspace/src/teleoperation) by extensions ['colcon_meta']
[1.245s] Level 1:colcon.colcon_core.package_identification:_identify(workspace/src/teleoperation) by extension 'colcon_meta'
[1.245s] Level 1:colcon.colcon_core.package_identification:_identify(workspace/src/teleoperation) by extensions ['ros']
[1.245s] Level 1:colcon.colcon_core.package_identification:_identify(workspace/src/teleoperation) by extension 'ros'
[1.248s] DEBUG:colcon.colcon_core.package_identification:Package 'workspace/src/teleoperation' with type 'ros.ament_cmake' and name 'teleoperation'
[1.248s] Level 1:colcon.colcon_core.package_identification:_identify(workspace/src/unilidar_sdk2) by extensions ['ignore', 'ignore_ament_install']
[1.248s] Level 1:colcon.colcon_core.package_identification:_identify(workspace/src/unilidar_sdk2) by extension 'ignore'
[1.248s] Level 1:colcon.colcon_core.package_identification:_identify(workspace/src/unilidar_sdk2) by extension 'ignore_ament_install'
[1.249s] Level 1:colcon.colcon_core.package_identification:_identify(workspace/src/unilidar_sdk2) by extensions ['colcon_pkg']
[1.249s] Level 1:colcon.colcon_core.package_identification:_identify(workspace/src/unilidar_sdk2) by extension 'colcon_pkg'
[1.249s] Level 1:colcon.colcon_core.package_identification:_identify(workspace/src/unilidar_sdk2) by extensions ['colcon_meta']
[1.249s] Level 1:colcon.colcon_core.package_identification:_identify(workspace/src/unilidar_sdk2) by extension 'colcon_meta'
[1.249s] Level 1:colcon.colcon_core.package_identification:_identify(workspace/src/unilidar_sdk2) by extensions ['ros']
[1.249s] Level 1:colcon.colcon_core.package_identification:_identify(workspace/src/unilidar_sdk2) by extension 'ros'
[1.249s] Level 1:colcon.colcon_core.package_identification:_identify(workspace/src/unilidar_sdk2) by extensions ['cmake', 'python']
[1.249s] Level 1:colcon.colcon_core.package_identification:_identify(workspace/src/unilidar_sdk2) by extension 'cmake'
[1.249s] Level 1:colcon.colcon_core.package_identification:_identify(workspace/src/unilidar_sdk2) by extension 'python'
[1.249s] Level 1:colcon.colcon_core.package_identification:_identify(workspace/src/unilidar_sdk2) by extensions ['python_setup_py']
[1.249s] Level 1:colcon.colcon_core.package_identification:_identify(workspace/src/unilidar_sdk2) by extension 'python_setup_py'
[1.250s] Level 1:colcon.colcon_core.package_identification:_identify(workspace/src/unilidar_sdk2/docs) by extensions ['ignore', 'ignore_ament_install']
[1.250s] Level 1:colcon.colcon_core.package_identification:_identify(workspace/src/unilidar_sdk2/docs) by extension 'ignore'
[1.250s] Level 1:colcon.colcon_core.package_identification:_identify(workspace/src/unilidar_sdk2/docs) by extension 'ignore_ament_install'
[1.250s] Level 1:colcon.colcon_core.package_identification:_identify(workspace/src/unilidar_sdk2/docs) by extensions ['colcon_pkg']
[1.250s] Level 1:colcon.colcon_core.package_identification:_identify(workspace/src/unilidar_sdk2/docs) by extension 'colcon_pkg'
[1.250s] Level 1:colcon.colcon_core.package_identification:_identify(workspace/src/unilidar_sdk2/docs) by extensions ['colcon_meta']
[1.250s] Level 1:colcon.colcon_core.package_identification:_identify(workspace/src/unilidar_sdk2/docs) by extension 'colcon_meta'
[1.250s] Level 1:colcon.colcon_core.package_identification:_identify(workspace/src/unilidar_sdk2/docs) by extensions ['ros']
[1.250s] Level 1:colcon.colcon_core.package_identification:_identify(workspace/src/unilidar_sdk2/docs) by extension 'ros'
[1.250s] Level 1:colcon.colcon_core.package_identification:_identify(workspace/src/unilidar_sdk2/docs) by extensions ['cmake', 'python']
[1.250s] Level 1:colcon.colcon_core.package_identification:_identify(workspace/src/unilidar_sdk2/docs) by extension 'cmake'
[1.250s] Level 1:colcon.colcon_core.package_identification:_identify(workspace/src/unilidar_sdk2/docs) by extension 'python'
[1.250s] Level 1:colcon.colcon_core.package_identification:_identify(workspace/src/unilidar_sdk2/docs) by extensions ['python_setup_py']
[1.250s] Level 1:colcon.colcon_core.package_identification:_identify(workspace/src/unilidar_sdk2/docs) by extension 'python_setup_py'
[1.251s] Level 1:colcon.colcon_core.package_identification:_identify(workspace/src/unilidar_sdk2/unitree_lidar_ros) by extensions ['ignore', 'ignore_ament_install']
[1.251s] Level 1:colcon.colcon_core.package_identification:_identify(workspace/src/unilidar_sdk2/unitree_lidar_ros) by extension 'ignore'
[1.251s] Level 1:colcon.colcon_core.package_identification:_identify(workspace/src/unilidar_sdk2/unitree_lidar_ros) by extension 'ignore_ament_install'
[1.251s] Level 1:colcon.colcon_core.package_identification:_identify(workspace/src/unilidar_sdk2/unitree_lidar_ros) by extensions ['colcon_pkg']
[1.251s] Level 1:colcon.colcon_core.package_identification:_identify(workspace/src/unilidar_sdk2/unitree_lidar_ros) by extension 'colcon_pkg'
[1.251s] Level 1:colcon.colcon_core.package_identification:_identify(workspace/src/unilidar_sdk2/unitree_lidar_ros) by extensions ['colcon_meta']
[1.251s] Level 1:colcon.colcon_core.package_identification:_identify(workspace/src/unilidar_sdk2/unitree_lidar_ros) by extension 'colcon_meta'
[1.251s] Level 1:colcon.colcon_core.package_identification:_identify(workspace/src/unilidar_sdk2/unitree_lidar_ros) by extensions ['ros']
[1.251s] Level 1:colcon.colcon_core.package_identification:_identify(workspace/src/unilidar_sdk2/unitree_lidar_ros) by extension 'ros'
[1.252s] Level 1:colcon.colcon_core.package_identification:_identify(workspace/src/unilidar_sdk2/unitree_lidar_ros) by extensions ['cmake', 'python']
[1.252s] Level 1:colcon.colcon_core.package_identification:_identify(workspace/src/unilidar_sdk2/unitree_lidar_ros) by extension 'cmake'
[1.252s] Level 1:colcon.colcon_core.package_identification:_identify(workspace/src/unilidar_sdk2/unitree_lidar_ros) by extension 'python'
[1.252s] Level 1:colcon.colcon_core.package_identification:_identify(workspace/src/unilidar_sdk2/unitree_lidar_ros) by extensions ['python_setup_py']
[1.252s] Level 1:colcon.colcon_core.package_identification:_identify(workspace/src/unilidar_sdk2/unitree_lidar_ros) by extension 'python_setup_py'
[1.252s] Level 1:colcon.colcon_core.package_identification:_identify(workspace/src/unilidar_sdk2/unitree_lidar_ros/src) by extensions ['ignore', 'ignore_ament_install']
[1.252s] Level 1:colcon.colcon_core.package_identification:_identify(workspace/src/unilidar_sdk2/unitree_lidar_ros/src) by extension 'ignore'
[1.252s] Level 1:colcon.colcon_core.package_identification:_identify(workspace/src/unilidar_sdk2/unitree_lidar_ros/src) by extension 'ignore_ament_install'
[1.252s] Level 1:colcon.colcon_core.package_identification:_identify(workspace/src/unilidar_sdk2/unitree_lidar_ros/src) by extensions ['colcon_pkg']
[1.253s] Level 1:colcon.colcon_core.package_identification:_identify(workspace/src/unilidar_sdk2/unitree_lidar_ros/src) by extension 'colcon_pkg'
[1.253s] Level 1:colcon.colcon_core.package_identification:_identify(workspace/src/unilidar_sdk2/unitree_lidar_ros/src) by extensions ['colcon_meta']
[1.253s] Level 1:colcon.colcon_core.package_identification:_identify(workspace/src/unilidar_sdk2/unitree_lidar_ros/src) by extension 'colcon_meta'
[1.253s] Level 1:colcon.colcon_core.package_identification:_identify(workspace/src/unilidar_sdk2/unitree_lidar_ros/src) by extensions ['ros']
[1.253s] Level 1:colcon.colcon_core.package_identification:_identify(workspace/src/unilidar_sdk2/unitree_lidar_ros/src) by extension 'ros'
[1.253s] Level 1:colcon.colcon_core.package_identification:_identify(workspace/src/unilidar_sdk2/unitree_lidar_ros/src) by extensions ['cmake', 'python']
[1.253s] Level 1:colcon.colcon_core.package_identification:_identify(workspace/src/unilidar_sdk2/unitree_lidar_ros/src) by extension 'cmake'
[1.253s] Level 1:colcon.colcon_core.package_identification:_identify(workspace/src/unilidar_sdk2/unitree_lidar_ros/src) by extension 'python'
[1.253s] Level 1:colcon.colcon_core.package_identification:_identify(workspace/src/unilidar_sdk2/unitree_lidar_ros/src) by extensions ['python_setup_py']
[1.253s] Level 1:colcon.colcon_core.package_identification:_identify(workspace/src/unilidar_sdk2/unitree_lidar_ros/src) by extension 'python_setup_py'
[1.253s] Level 1:colcon.colcon_core.package_identification:_identify(workspace/src/unilidar_sdk2/unitree_lidar_ros/src/unitree_lidar_ros) by extensions ['ignore', 'ignore_ament_install']
[1.254s] Level 1:colcon.colcon_core.package_identification:_identify(workspace/src/unilidar_sdk2/unitree_lidar_ros/src/unitree_lidar_ros) by extension 'ignore'
[1.254s] Level 1:colcon.colcon_core.package_identification:_identify(workspace/src/unilidar_sdk2/unitree_lidar_ros/src/unitree_lidar_ros) by extension 'ignore_ament_install'
[1.254s] Level 1:colcon.colcon_core.package_identification:_identify(workspace/src/unilidar_sdk2/unitree_lidar_ros/src/unitree_lidar_ros) by extensions ['colcon_pkg']
[1.254s] Level 1:colcon.colcon_core.package_identification:_identify(workspace/src/unilidar_sdk2/unitree_lidar_ros/src/unitree_lidar_ros) by extension 'colcon_pkg'
[1.254s] Level 1:colcon.colcon_core.package_identification:_identify(workspace/src/unilidar_sdk2/unitree_lidar_ros/src/unitree_lidar_ros) by extensions ['colcon_meta']
[1.254s] Level 1:colcon.colcon_core.package_identification:_identify(workspace/src/unilidar_sdk2/unitree_lidar_ros/src/unitree_lidar_ros) by extension 'colcon_meta'
[1.254s] Level 1:colcon.colcon_core.package_identification:_identify(workspace/src/unilidar_sdk2/unitree_lidar_ros/src/unitree_lidar_ros) by extensions ['ros']
[1.254s] Level 1:colcon.colcon_core.package_identification:_identify(workspace/src/unilidar_sdk2/unitree_lidar_ros/src/unitree_lidar_ros) by extension 'ros'
[1.256s] DEBUG:colcon.colcon_core.package_identification:Package 'workspace/src/unilidar_sdk2/unitree_lidar_ros/src/unitree_lidar_ros' with type 'ros.catkin' and name 'unitree_lidar_ros'
[1.256s] Level 1:colcon.colcon_core.package_identification:_identify(workspace/src/unilidar_sdk2/unitree_lidar_ros2) by extensions ['ignore', 'ignore_ament_install']
[1.256s] Level 1:colcon.colcon_core.package_identification:_identify(workspace/src/unilidar_sdk2/unitree_lidar_ros2) by extension 'ignore'
[1.256s] Level 1:colcon.colcon_core.package_identification:_identify(workspace/src/unilidar_sdk2/unitree_lidar_ros2) by extension 'ignore_ament_install'
[1.257s] Level 1:colcon.colcon_core.package_identification:_identify(workspace/src/unilidar_sdk2/unitree_lidar_ros2) by extensions ['colcon_pkg']
[1.257s] Level 1:colcon.colcon_core.package_identification:_identify(workspace/src/unilidar_sdk2/unitree_lidar_ros2) by extension 'colcon_pkg'
[1.257s] Level 1:colcon.colcon_core.package_identification:_identify(workspace/src/unilidar_sdk2/unitree_lidar_ros2) by extensions ['colcon_meta']
[1.257s] Level 1:colcon.colcon_core.package_identification:_identify(workspace/src/unilidar_sdk2/unitree_lidar_ros2) by extension 'colcon_meta'
[1.257s] Level 1:colcon.colcon_core.package_identification:_identify(workspace/src/unilidar_sdk2/unitree_lidar_ros2) by extensions ['ros']
[1.257s] Level 1:colcon.colcon_core.package_identification:_identify(workspace/src/unilidar_sdk2/unitree_lidar_ros2) by extension 'ros'
[1.257s] Level 1:colcon.colcon_core.package_identification:_identify(workspace/src/unilidar_sdk2/unitree_lidar_ros2) by extensions ['cmake', 'python']
[1.257s] Level 1:colcon.colcon_core.package_identification:_identify(workspace/src/unilidar_sdk2/unitree_lidar_ros2) by extension 'cmake'
[1.257s] Level 1:colcon.colcon_core.package_identification:_identify(workspace/src/unilidar_sdk2/unitree_lidar_ros2) by extension 'python'
[1.257s] Level 1:colcon.colcon_core.package_identification:_identify(workspace/src/unilidar_sdk2/unitree_lidar_ros2) by extensions ['python_setup_py']
[1.257s] Level 1:colcon.colcon_core.package_identification:_identify(workspace/src/unilidar_sdk2/unitree_lidar_ros2) by extension 'python_setup_py'
[1.258s] Level 1:colcon.colcon_core.package_identification:_identify(workspace/src/unilidar_sdk2/unitree_lidar_ros2/src) by extensions ['ignore', 'ignore_ament_install']
[1.258s] Level 1:colcon.colcon_core.package_identification:_identify(workspace/src/unilidar_sdk2/unitree_lidar_ros2/src) by extension 'ignore'
[1.258s] Level 1:colcon.colcon_core.package_identification:_identify(workspace/src/unilidar_sdk2/unitree_lidar_ros2/src) by extension 'ignore_ament_install'
[1.258s] Level 1:colcon.colcon_core.package_identification:_identify(workspace/src/unilidar_sdk2/unitree_lidar_ros2/src) by extensions ['colcon_pkg']
[1.258s] Level 1:colcon.colcon_core.package_identification:_identify(workspace/src/unilidar_sdk2/unitree_lidar_ros2/src) by extension 'colcon_pkg'
[1.258s] Level 1:colcon.colcon_core.package_identification:_identify(workspace/src/unilidar_sdk2/unitree_lidar_ros2/src) by extensions ['colcon_meta']
[1.258s] Level 1:colcon.colcon_core.package_identification:_identify(workspace/src/unilidar_sdk2/unitree_lidar_ros2/src) by extension 'colcon_meta'
[1.258s] Level 1:colcon.colcon_core.package_identification:_identify(workspace/src/unilidar_sdk2/unitree_lidar_ros2/src) by extensions ['ros']
[1.258s] Level 1:colcon.colcon_core.package_identification:_identify(workspace/src/unilidar_sdk2/unitree_lidar_ros2/src) by extension 'ros'
[1.258s] Level 1:colcon.colcon_core.package_identification:_identify(workspace/src/unilidar_sdk2/unitree_lidar_ros2/src) by extensions ['cmake', 'python']
[1.258s] Level 1:colcon.colcon_core.package_identification:_identify(workspace/src/unilidar_sdk2/unitree_lidar_ros2/src) by extension 'cmake'
[1.258s] Level 1:colcon.colcon_core.package_identification:_identify(workspace/src/unilidar_sdk2/unitree_lidar_ros2/src) by extension 'python'
[1.258s] Level 1:colcon.colcon_core.package_identification:_identify(workspace/src/unilidar_sdk2/unitree_lidar_ros2/src) by extensions ['python_setup_py']
[1.258s] Level 1:colcon.colcon_core.package_identification:_identify(workspace/src/unilidar_sdk2/unitree_lidar_ros2/src) by extension 'python_setup_py'
[1.259s] Level 1:colcon.colcon_core.package_identification:_identify(workspace/src/unilidar_sdk2/unitree_lidar_ros2/src/unitree_lidar_ros2) by extensions ['ignore', 'ignore_ament_install']
[1.259s] Level 1:colcon.colcon_core.package_identification:_identify(workspace/src/unilidar_sdk2/unitree_lidar_ros2/src/unitree_lidar_ros2) by extension 'ignore'
[1.259s] Level 1:colcon.colcon_core.package_identification:_identify(workspace/src/unilidar_sdk2/unitree_lidar_ros2/src/unitree_lidar_ros2) by extension 'ignore_ament_install'
[1.259s] Level 1:colcon.colcon_core.package_identification:_identify(workspace/src/unilidar_sdk2/unitree_lidar_ros2/src/unitree_lidar_ros2) by extensions ['colcon_pkg']
[1.259s] Level 1:colcon.colcon_core.package_identification:_identify(workspace/src/unilidar_sdk2/unitree_lidar_ros2/src/unitree_lidar_ros2) by extension 'colcon_pkg'
[1.259s] Level 1:colcon.colcon_core.package_identification:_identify(workspace/src/unilidar_sdk2/unitree_lidar_ros2/src/unitree_lidar_ros2) by extensions ['colcon_meta']
[1.259s] Level 1:colcon.colcon_core.package_identification:_identify(workspace/src/unilidar_sdk2/unitree_lidar_ros2/src/unitree_lidar_ros2) by extension 'colcon_meta'
[1.259s] Level 1:colcon.colcon_core.package_identification:_identify(workspace/src/unilidar_sdk2/unitree_lidar_ros2/src/unitree_lidar_ros2) by extensions ['ros']
[1.259s] Level 1:colcon.colcon_core.package_identification:_identify(workspace/src/unilidar_sdk2/unitree_lidar_ros2/src/unitree_lidar_ros2) by extension 'ros'
[1.261s] DEBUG:colcon.colcon_core.package_identification:Package 'workspace/src/unilidar_sdk2/unitree_lidar_ros2/src/unitree_lidar_ros2' with type 'ros.ament_cmake' and name 'unitree_lidar_ros2'
[1.261s] Level 1:colcon.colcon_core.package_identification:_identify(workspace/src/unilidar_sdk2/unitree_lidar_sdk) by extensions ['ignore', 'ignore_ament_install']
[1.261s] Level 1:colcon.colcon_core.package_identification:_identify(workspace/src/unilidar_sdk2/unitree_lidar_sdk) by extension 'ignore'
[1.261s] Level 1:colcon.colcon_core.package_identification:_identify(workspace/src/unilidar_sdk2/unitree_lidar_sdk) by extension 'ignore_ament_install'
[1.262s] Level 1:colcon.colcon_core.package_identification:_identify(workspace/src/unilidar_sdk2/unitree_lidar_sdk) by extensions ['colcon_pkg']
[1.262s] Level 1:colcon.colcon_core.package_identification:_identify(workspace/src/unilidar_sdk2/unitree_lidar_sdk) by extension 'colcon_pkg'
[1.262s] Level 1:colcon.colcon_core.package_identification:_identify(workspace/src/unilidar_sdk2/unitree_lidar_sdk) by extensions ['colcon_meta']
[1.262s] Level 1:colcon.colcon_core.package_identification:_identify(workspace/src/unilidar_sdk2/unitree_lidar_sdk) by extension 'colcon_meta'
[1.262s] Level 1:colcon.colcon_core.package_identification:_identify(workspace/src/unilidar_sdk2/unitree_lidar_sdk) by extensions ['ros']
[1.262s] Level 1:colcon.colcon_core.package_identification:_identify(workspace/src/unilidar_sdk2/unitree_lidar_sdk) by extension 'ros'
[1.262s] Level 1:colcon.colcon_core.package_identification:_identify(workspace/src/unilidar_sdk2/unitree_lidar_sdk) by extensions ['cmake', 'python']
[1.262s] Level 1:colcon.colcon_core.package_identification:_identify(workspace/src/unilidar_sdk2/unitree_lidar_sdk) by extension 'cmake'
[1.265s] Level 1:colcon.colcon_core.package_identification:_identify(workspace/src/unilidar_sdk2/unitree_lidar_sdk) by extension 'python'
[1.265s] DEBUG:colcon.colcon_core.package_identification:Package 'workspace/src/unilidar_sdk2/unitree_lidar_sdk' with type 'cmake' and name 'unitree_lidar_sdk'
[1.265s] Level 1:colcon.colcon_core.package_identification:_identify(workspace/src/vision) by extensions ['ignore', 'ignore_ament_install']
[1.265s] Level 1:colcon.colcon_core.package_identification:_identify(workspace/src/vision) by extension 'ignore'
[1.265s] Level 1:colcon.colcon_core.package_identification:_identify(workspace/src/vision) by extension 'ignore_ament_install'
[1.265s] Level 1:colcon.colcon_core.package_identification:_identify(workspace/src/vision) by extensions ['colcon_pkg']
[1.265s] Level 1:colcon.colcon_core.package_identification:_identify(workspace/src/vision) by extension 'colcon_pkg'
[1.265s] Level 1:colcon.colcon_core.package_identification:_identify(workspace/src/vision) by extensions ['colcon_meta']
[1.265s] Level 1:colcon.colcon_core.package_identification:_identify(workspace/src/vision) by extension 'colcon_meta'
[1.266s] Level 1:colcon.colcon_core.package_identification:_identify(workspace/src/vision) by extensions ['ros']
[1.266s] Level 1:colcon.colcon_core.package_identification:_identify(workspace/src/vision) by extension 'ros'
[1.268s] DEBUG:colcon.colcon_core.package_identification:Package 'workspace/src/vision' with type 'ros.ament_cmake' and name 'vision'
[1.268s] Level 1:colcon.colcon_core.package_discovery:discover_packages(recursive) using defaults
[1.268s] Level 1:colcon.colcon_core.package_discovery:discover_packages(ignore) discover
[1.268s] Level 1:colcon.colcon_core.package_discovery:discover_packages(ignore) using defaults
[1.268s] Level 1:colcon.colcon_core.package_discovery:discover_packages(path) discover
[1.268s] Level 1:colcon.colcon_core.package_discovery:discover_packages(path) using defaults
[1.310s] INFO:colcon.colcon_core.package_selection:Skipping not selected package 'hardware' in 'workspace/src/hardware'
[1.310s] INFO:colcon.colcon_core.package_selection:Skipping not selected package 'mapping' in 'workspace/src/mapping'
[1.310s] INFO:colcon.colcon_core.package_selection:Skipping not selected package 'teleoperation' in 'workspace/src/teleoperation'
[1.310s] INFO:colcon.colcon_core.package_selection:Skipping not selected package 'unitree_lidar_ros' in 'workspace/src/unilidar_sdk2/unitree_lidar_ros/src/unitree_lidar_ros'
[1.310s] INFO:colcon.colcon_core.package_selection:Skipping not selected package 'unitree_lidar_sdk' in 'workspace/src/unilidar_sdk2/unitree_lidar_sdk'
[1.310s] INFO:colcon.colcon_core.package_selection:Skipping not selected package 'vision' in 'workspace/src/vision'
[1.312s] Level 1:colcon.colcon_core.package_discovery:discover_packages(prefix_path) check parameters
[1.312s] Level 1:colcon.colcon_core.package_discovery:discover_packages(prefix_path) discover
[1.320s] DEBUG:colcon.colcon_installed_package_information.package_discovery:Found 395 installed packages in /opt/ros/humble
[1.323s] Level 1:colcon.colcon_core.package_discovery:discover_packages(prefix_path) using defaults
[1.426s] Level 5:colcon.colcon_core.verb:set package 'unitree_lidar_ros2' build argument 'cmake_args' from command line to 'None'
[1.426s] Level 5:colcon.colcon_core.verb:set package 'unitree_lidar_ros2' build argument 'cmake_target' from command line to 'None'
[1.427s] Level 5:colcon.colcon_core.verb:set package 'unitree_lidar_ros2' build argument 'cmake_target_skip_unavailable' from command line to 'False'
[1.427s] Level 5:colcon.colcon_core.verb:set package 'unitree_lidar_ros2' build argument 'cmake_clean_cache' from command line to 'False'
[1.427s] Level 5:colcon.colcon_core.verb:set package 'unitree_lidar_ros2' build argument 'cmake_clean_first' from command line to 'False'
[1.427s] Level 5:colcon.colcon_core.verb:set package 'unitree_lidar_ros2' build argument 'cmake_force_configure' from command line to 'False'
[1.427s] Level 5:colcon.colcon_core.verb:set package 'unitree_lidar_ros2' build argument 'ament_cmake_args' from command line to 'None'
[1.427s] Level 5:colcon.colcon_core.verb:set package 'unitree_lidar_ros2' build argument 'catkin_cmake_args' from command line to 'None'
[1.427s] Level 5:colcon.colcon_core.verb:set package 'unitree_lidar_ros2' build argument 'catkin_skip_building_tests' from command line to 'False'
[1.427s] DEBUG:colcon.colcon_core.verb:Building package 'unitree_lidar_ros2' with the following arguments: {'ament_cmake_args': None, 'build_base': '/home/aesir/Rescue-Major/build/unitree_lidar_ros2', 'catkin_cmake_args': None, 'catkin_skip_building_tests': False, 'cmake_args': None, 'cmake_clean_cache': False, 'cmake_clean_first': False, 'cmake_force_configure': False, 'cmake_target': None, 'cmake_target_skip_unavailable': False, 'install_base': '/home/aesir/Rescue-Major/install/unitree_lidar_ros2', 'merge_install': False, 'path': '/home/aesir/Rescue-Major/workspace/src/unilidar_sdk2/unitree_lidar_ros2/src/unitree_lidar_ros2', 'symlink_install': False, 'test_result_base': None}
[1.427s] INFO:colcon.colcon_core.executor:Executing jobs using 'parallel' executor
[1.428s] DEBUG:colcon.colcon_parallel_executor.executor.parallel:run_until_complete
[1.429s] INFO:colcon.colcon_ros.task.ament_cmake.build:Building ROS package in '/home/aesir/Rescue-Major/workspace/src/unilidar_sdk2/unitree_lidar_ros2/src/unitree_lidar_ros2' with build type 'ament_cmake'
[1.429s] INFO:colcon.colcon_cmake.task.cmake.build:Building CMake package in '/home/aesir/Rescue-Major/workspace/src/unilidar_sdk2/unitree_lidar_ros2/src/unitree_lidar_ros2'
[1.436s] INFO:colcon.colcon_core.plugin_system:Skipping extension 'colcon_core.shell.bat': Not used on non-Windows systems
[1.436s] INFO:colcon.colcon_core.shell:Skip shell extension 'powershell' for command environment: Not usable outside of PowerShell
[1.436s] DEBUG:colcon.colcon_core.shell:Skip shell extension 'dsv' for command environment
[1.452s] DEBUG:colcon.colcon_core.event_handler.log_command:Invoking command in '/home/aesir/Rescue-Major/build/unitree_lidar_ros2': CMAKE_PREFIX_PATH=/opt/ros/humble /usr/bin/cmake /home/aesir/Rescue-Major/workspace/src/unilidar_sdk2/unitree_lidar_ros2/src/unitree_lidar_ros2 -DCMAKE_INSTALL_PREFIX=/home/aesir/Rescue-Major/install/unitree_lidar_ros2
[7.501s] DEBUG:colcon.colcon_core.event_handler.log_command:Invoked command in '/home/aesir/Rescue-Major/build/unitree_lidar_ros2' returned '0': CMAKE_PREFIX_PATH=/opt/ros/humble /usr/bin/cmake /home/aesir/Rescue-Major/workspace/src/unilidar_sdk2/unitree_lidar_ros2/src/unitree_lidar_ros2 -DCMAKE_INSTALL_PREFIX=/home/aesir/Rescue-Major/install/unitree_lidar_ros2
[7.506s] DEBUG:colcon.colcon_core.event_handler.log_command:Invoking command in '/home/aesir/Rescue-Major/build/unitree_lidar_ros2': CMAKE_PREFIX_PATH=/opt/ros/humble /usr/bin/cmake --build /home/aesir/Rescue-Major/build/unitree_lidar_ros2 -- -j8 -l8
[24.917s] DEBUG:colcon.colcon_core.event_handler.log_command:Invoked command in '/home/aesir/Rescue-Major/build/unitree_lidar_ros2' returned '0': CMAKE_PREFIX_PATH=/opt/ros/humble /usr/bin/cmake --build /home/aesir/Rescue-Major/build/unitree_lidar_ros2 -- -j8 -l8
[24.932s] DEBUG:colcon.colcon_core.event_handler.log_command:Invoking command in '/home/aesir/Rescue-Major/build/unitree_lidar_ros2': CMAKE_PREFIX_PATH=/opt/ros/humble /usr/bin/cmake --install /home/aesir/Rescue-Major/build/unitree_lidar_ros2
[24.952s] Level 1:colcon.colcon_core.environment:create_environment_scripts_only(unitree_lidar_ros2)
[24.954s] DEBUG:colcon.colcon_core.event_handler.log_command:Invoked command in '/home/aesir/Rescue-Major/build/unitree_lidar_ros2' returned '0': CMAKE_PREFIX_PATH=/opt/ros/humble /usr/bin/cmake --install /home/aesir/Rescue-Major/build/unitree_lidar_ros2
[24.963s] Level 1:colcon.colcon_core.environment:checking '/home/aesir/Rescue-Major/install/unitree_lidar_ros2' for CMake module files
[24.964s] Level 1:colcon.colcon_core.environment:checking '/home/aesir/Rescue-Major/install/unitree_lidar_ros2' for CMake config files
[24.964s] Level 1:colcon.colcon_core.shell:create_environment_hook('unitree_lidar_ros2', 'cmake_prefix_path')
[24.965s] INFO:colcon.colcon_core.shell:Creating environment hook '/home/aesir/Rescue-Major/install/unitree_lidar_ros2/share/unitree_lidar_ros2/hook/cmake_prefix_path.ps1'
[24.967s] INFO:colcon.colcon_core.shell:Creating environment descriptor '/home/aesir/Rescue-Major/install/unitree_lidar_ros2/share/unitree_lidar_ros2/hook/cmake_prefix_path.dsv'
[24.968s] INFO:colcon.colcon_core.shell:Creating environment hook '/home/aesir/Rescue-Major/install/unitree_lidar_ros2/share/unitree_lidar_ros2/hook/cmake_prefix_path.sh'
[24.971s] Level 1:colcon.colcon_core.environment:checking '/home/aesir/Rescue-Major/install/unitree_lidar_ros2/lib'
[24.971s] Level 1:colcon.colcon_core.environment:checking '/home/aesir/Rescue-Major/install/unitree_lidar_ros2/bin'
[24.971s] Level 1:colcon.colcon_core.environment:checking '/home/aesir/Rescue-Major/install/unitree_lidar_ros2/lib/pkgconfig/unitree_lidar_ros2.pc'
[24.972s] Level 1:colcon.colcon_core.environment:checking '/home/aesir/Rescue-Major/install/unitree_lidar_ros2/lib/python3.10/site-packages'
[24.973s] Level 1:colcon.colcon_core.environment:checking '/home/aesir/Rescue-Major/install/unitree_lidar_ros2/bin'
[24.974s] INFO:colcon.colcon_core.shell:Creating package script '/home/aesir/Rescue-Major/install/unitree_lidar_ros2/share/unitree_lidar_ros2/package.ps1'
[24.977s] INFO:colcon.colcon_core.shell:Creating package descriptor '/home/aesir/Rescue-Major/install/unitree_lidar_ros2/share/unitree_lidar_ros2/package.dsv'
[24.978s] INFO:colcon.colcon_core.shell:Creating package script '/home/aesir/Rescue-Major/install/unitree_lidar_ros2/share/unitree_lidar_ros2/package.sh'
[24.980s] INFO:colcon.colcon_core.shell:Creating package script '/home/aesir/Rescue-Major/install/unitree_lidar_ros2/share/unitree_lidar_ros2/package.bash'
[24.986s] INFO:colcon.colcon_core.shell:Creating package script '/home/aesir/Rescue-Major/install/unitree_lidar_ros2/share/unitree_lidar_ros2/package.zsh'
[24.989s] Level 1:colcon.colcon_core.environment:create_file_with_runtime_dependencies(/home/aesir/Rescue-Major/install/unitree_lidar_ros2/share/colcon-core/packages/unitree_lidar_ros2)
[24.990s] Level 1:colcon.colcon_core.environment:create_environment_scripts_only(unitree_lidar_ros2)
[24.991s] Level 1:colcon.colcon_core.environment:checking '/home/aesir/Rescue-Major/install/unitree_lidar_ros2' for CMake module files
[24.993s] Level 1:colcon.colcon_core.environment:checking '/home/aesir/Rescue-Major/install/unitree_lidar_ros2' for CMake config files
[24.993s] Level 1:colcon.colcon_core.shell:create_environment_hook('unitree_lidar_ros2', 'cmake_prefix_path')
[24.994s] INFO:colcon.colcon_core.shell:Creating environment hook '/home/aesir/Rescue-Major/install/unitree_lidar_ros2/share/unitree_lidar_ros2/hook/cmake_prefix_path.ps1'
[24.995s] INFO:colcon.colcon_core.shell:Creating environment descriptor '/home/aesir/Rescue-Major/install/unitree_lidar_ros2/share/unitree_lidar_ros2/hook/cmake_prefix_path.dsv'
[24.996s] INFO:colcon.colcon_core.shell:Creating environment hook '/home/aesir/Rescue-Major/install/unitree_lidar_ros2/share/unitree_lidar_ros2/hook/cmake_prefix_path.sh'
[24.998s] Level 1:colcon.colcon_core.environment:checking '/home/aesir/Rescue-Major/install/unitree_lidar_ros2/lib'
[24.998s] Level 1:colcon.colcon_core.environment:checking '/home/aesir/Rescue-Major/install/unitree_lidar_ros2/bin'
[24.998s] Level 1:colcon.colcon_core.environment:checking '/home/aesir/Rescue-Major/install/unitree_lidar_ros2/lib/pkgconfig/unitree_lidar_ros2.pc'
[24.999s] Level 1:colcon.colcon_core.environment:checking '/home/aesir/Rescue-Major/install/unitree_lidar_ros2/lib/python3.10/site-packages'
[25.000s] Level 1:colcon.colcon_core.environment:checking '/home/aesir/Rescue-Major/install/unitree_lidar_ros2/bin'
[25.001s] INFO:colcon.colcon_core.shell:Creating package script '/home/aesir/Rescue-Major/install/unitree_lidar_ros2/share/unitree_lidar_ros2/package.ps1'
[25.002s] INFO:colcon.colcon_core.shell:Creating package descriptor '/home/aesir/Rescue-Major/install/unitree_lidar_ros2/share/unitree_lidar_ros2/package.dsv'
[25.004s] INFO:colcon.colcon_core.shell:Creating package script '/home/aesir/Rescue-Major/install/unitree_lidar_ros2/share/unitree_lidar_ros2/package.sh'
[25.005s] INFO:colcon.colcon_core.shell:Creating package script '/home/aesir/Rescue-Major/install/unitree_lidar_ros2/share/unitree_lidar_ros2/package.bash'
[25.006s] INFO:colcon.colcon_core.shell:Creating package script '/home/aesir/Rescue-Major/install/unitree_lidar_ros2/share/unitree_lidar_ros2/package.zsh'
[25.006s] Level 1:colcon.colcon_core.environment:create_file_with_runtime_dependencies(/home/aesir/Rescue-Major/install/unitree_lidar_ros2/share/colcon-core/packages/unitree_lidar_ros2)
[25.007s] DEBUG:colcon.colcon_parallel_executor.executor.parallel:closing loop
[25.007s] DEBUG:colcon.colcon_parallel_executor.executor.parallel:loop closed
[25.007s] DEBUG:colcon.colcon_parallel_executor.executor.parallel:run_until_complete finished with '0'
[25.007s] DEBUG:colcon.colcon_core.event_reactor:joining thread
[25.033s] INFO:colcon.colcon_core.plugin_system:Skipping extension 'colcon_notification.desktop_notification.terminal_notifier': Not used on non-Darwin systems
[25.033s] INFO:colcon.colcon_core.plugin_system:Skipping extension 'colcon_notification.desktop_notification.win32': Not used on non-Windows systems
[25.033s] INFO:colcon.colcon_notification.desktop_notification:Sending desktop notification using 'notify2'
[25.061s] DEBUG:colcon.colcon_core.event_reactor:joined thread
[25.062s] INFO:colcon.colcon_core.shell:Creating prefix script '/home/aesir/Rescue-Major/install/local_setup.ps1'
[25.063s] INFO:colcon.colcon_core.shell:Creating prefix util module '/home/aesir/Rescue-Major/install/_local_setup_util_ps1.py'
[25.066s] INFO:colcon.colcon_core.shell:Creating prefix chain script '/home/aesir/Rescue-Major/install/setup.ps1'
[25.068s] INFO:colcon.colcon_core.shell:Creating prefix script '/home/aesir/Rescue-Major/install/local_setup.sh'
[25.070s] INFO:colcon.colcon_core.shell:Creating prefix util module '/home/aesir/Rescue-Major/install/_local_setup_util_sh.py'
[25.071s] INFO:colcon.colcon_core.shell:Creating prefix chain script '/home/aesir/Rescue-Major/install/setup.sh'
[25.073s] INFO:colcon.colcon_core.shell:Creating prefix script '/home/aesir/Rescue-Major/install/local_setup.bash'
[25.075s] INFO:colcon.colcon_core.shell:Creating prefix chain script '/home/aesir/Rescue-Major/install/setup.bash'
[25.077s] INFO:colcon.colcon_core.shell:Creating prefix script '/home/aesir/Rescue-Major/install/local_setup.zsh'
[25.079s] INFO:colcon.colcon_core.shell:Creating prefix chain script '/home/aesir/Rescue-Major/install/setup.zsh'
