[0.014s] Invoking command in '/home/didi_121/Rescue-Major/workspace/build/communication': /usr/bin/cmake /home/didi_121/Rescue-Major/workspace/communication -DCMAKE_INSTALL_PREFIX=/home/didi_121/Rescue-Major/workspace/install/communication
[0.208s] -- The C compiler identification is GNU 11.4.0
[0.362s] -- The CXX compiler identification is GNU 11.4.0
[0.380s] -- Detecting C compiler ABI info
[0.499s] -- Detecting C compiler ABI info - done
[0.514s] -- Check for working C compiler: /usr/bin/cc - skipped
[0.515s] -- Detecting C compile features
[0.516s] -- Detecting C compile features - done
[0.523s] -- Detecting CXX compiler ABI info
[0.663s] -- Detecting CXX compiler ABI info - done
[0.678s] -- Check for working CXX compiler: /usr/bin/c++ - skipped
[0.678s] -- Detecting CXX compile features
[0.679s] -- Detecting CXX compile features - done
[0.695s] [31mCMake Error at CMakeLists.txt:9 (find_package):
[0.695s]   By not providing "Findament_cmake.cmake" in CMAKE_MODULE_PATH this project
[0.695s]   has asked CMake to find a package configuration file provided by
[0.695s]   "ament_cmake", but CMake did not find one.
[0.695s] 
[0.695s]   Could not find a package configuration file provided by "ament_cmake" with
[0.695s]   any of the following names:
[0.695s] 
[0.695s]     ament_cmakeConfig.cmake
[0.695s]     ament_cmake-config.cmake
[0.696s] 
[0.696s]   Add the installation prefix of "ament_cmake" to CMAKE_PREFIX_PATH or set
[0.696s]   "ament_cmake_DIR" to a directory containing one of the above files.  If
[0.696s]   "ament_cmake" provides a separate development package or SDK, be sure it
[0.696s]   has been installed.
[0.696s] 
[0.696s] [0m
[0.696s] -- Configuring incomplete, errors occurred!
[0.696s] See also "/home/didi_121/Rescue-Major/workspace/build/communication/CMakeFiles/CMakeOutput.log".
[0.700s] Invoked command in '/home/didi_121/Rescue-Major/workspace/build/communication' returned '1': /usr/bin/cmake /home/didi_121/Rescue-Major/workspace/communication -DCMAKE_INSTALL_PREFIX=/home/didi_121/Rescue-Major/workspace/install/communication
