[0.020s] Invoking command in '/home/didi_121/Rescue-Major/workspace/build/communication': CMAKE_PREFIX_PATH=${CMAKE_PREFIX_PATH}:/opt/ros/humble /usr/bin/cmake --build /home/didi_121/Rescue-Major/workspace/build/communication -- -j8 -l8
[0.085s] Invoked command in '/home/didi_121/Rescue-Major/workspace/build/communication' returned '0': CMAKE_PREFIX_PATH=${CMAKE_PREFIX_PATH}:/opt/ros/humble /usr/bin/cmake --build /home/didi_121/Rescue-Major/workspace/build/communication -- -j8 -l8
[0.102s] Invoking command in '/home/didi_121/Rescue-Major/workspace/build/communication': CMAKE_PREFIX_PATH=${CMAKE_PREFIX_PATH}:/opt/ros/humble /usr/bin/cmake --install /home/didi_121/Rescue-Major/workspace/build/communication
[0.119s] -- Install configuration: ""
[0.119s] -- Up-to-date: /home/didi_121/Rescue-Major/workspace/install/communication/lib/communication/audio_server.py
[0.119s] -- Up-to-date: /home/didi_121/Rescue-Major/workspace/install/communication/lib/communication/base_socket.py
[0.120s] -- Installing: /home/didi_121/Rescue-Major/workspace/install/communication/lib/communication/command_server.py
[0.120s] -- Up-to-date: /home/didi_121/Rescue-Major/workspace/install/communication/lib/communication/sub_lector.py
[0.120s] -- Up-to-date: /home/didi_121/Rescue-Major/workspace/install/communication/share/ament_index/resource_index/package_run_dependencies/communication
[0.120s] -- Up-to-date: /home/didi_121/Rescue-Major/workspace/install/communication/share/ament_index/resource_index/parent_prefix_path/communication
[0.120s] -- Up-to-date: /home/didi_121/Rescue-Major/workspace/install/communication/share/communication/environment/ament_prefix_path.sh
[0.121s] -- Up-to-date: /home/didi_121/Rescue-Major/workspace/install/communication/share/communication/environment/ament_prefix_path.dsv
[0.121s] -- Up-to-date: /home/didi_121/Rescue-Major/workspace/install/communication/share/communication/environment/path.sh
[0.121s] -- Up-to-date: /home/didi_121/Rescue-Major/workspace/install/communication/share/communication/environment/path.dsv
[0.121s] -- Up-to-date: /home/didi_121/Rescue-Major/workspace/install/communication/share/communication/local_setup.bash
[0.122s] -- Up-to-date: /home/didi_121/Rescue-Major/workspace/install/communication/share/communication/local_setup.sh
[0.122s] -- Up-to-date: /home/didi_121/Rescue-Major/workspace/install/communication/share/communication/local_setup.zsh
[0.122s] -- Up-to-date: /home/didi_121/Rescue-Major/workspace/install/communication/share/communication/local_setup.dsv
[0.122s] -- Installing: /home/didi_121/Rescue-Major/workspace/install/communication/share/communication/package.dsv
[0.122s] -- Up-to-date: /home/didi_121/Rescue-Major/workspace/install/communication/share/ament_index/resource_index/packages/communication
[0.123s] -- Up-to-date: /home/didi_121/Rescue-Major/workspace/install/communication/share/communication/cmake/communicationConfig.cmake
[0.123s] -- Up-to-date: /home/didi_121/Rescue-Major/workspace/install/communication/share/communication/cmake/communicationConfig-version.cmake
[0.124s] -- Up-to-date: /home/didi_121/Rescue-Major/workspace/install/communication/share/communication/package.xml
[0.125s] Invoked command in '/home/didi_121/Rescue-Major/workspace/build/communication' returned '0': CMAKE_PREFIX_PATH=${CMAKE_PREFIX_PATH}:/opt/ros/humble /usr/bin/cmake --install /home/didi_121/Rescue-Major/workspace/build/communication
