[0.126s] DEBUG:colcon:Command line arguments: ['/usr/bin/colcon', 'build', '--packages-select', 'sensores']
[0.126s] DEBUG:colcon:Parsed command line arguments: Namespace(log_base=None, log_level=None, verb_name='build', build_base='build', install_base='install', merge_install=False, symlink_install=False, test_result_base=None, continue_on_error=False, executor='parallel', parallel_workers=16, event_handlers=None, ignore_user_meta=False, metas=['./colcon.meta'], base_paths=['.'], packages_ignore=None, packages_ignore_regex=None, paths=None, packages_up_to=None, packages_up_to_regex=None, packages_above=None, packages_above_and_dependencies=None, packages_above_depth=None, packages_select_by_dep=None, packages_skip_by_dep=None, packages_skip_up_to=None, packages_select_build_failed=False, packages_skip_build_finished=False, packages_select_test_failures=False, packages_skip_test_passed=False, packages_select=['sensores'], packages_skip=None, packages_select_regex=None, packages_skip_regex=None, packages_start=None, packages_end=None, allow_overriding=[], cmake_args=None, cmake_target=None, cmake_target_skip_unavailable=False, cmake_clean_cache=False, cmake_clean_first=False, cmake_force_configure=False, ament_cmake_args=None, catkin_cmake_args=None, catkin_skip_building_tests=False, verb_parser=<colcon_defaults.argument_parser.defaults.DefaultArgumentsDecorator object at 0x77c86595cc10>, verb_extension=<colcon_core.verb.build.BuildVerb object at 0x77c865acd2a0>, main=<bound method BuildVerb.main of <colcon_core.verb.build.BuildVerb object at 0x77c865acd2a0>>)
[0.321s] Level 1:colcon.colcon_core.package_discovery:discover_packages(colcon_meta) check parameters
[0.321s] Level 1:colcon.colcon_core.package_discovery:discover_packages(recursive) check parameters
[0.321s] Level 1:colcon.colcon_core.package_discovery:discover_packages(ignore) check parameters
[0.321s] Level 1:colcon.colcon_core.package_discovery:discover_packages(path) check parameters
[0.321s] Level 1:colcon.colcon_core.package_discovery:discover_packages(colcon_meta) discover
[0.321s] Level 1:colcon.colcon_core.package_discovery:discover_packages(recursive) discover
[0.322s] INFO:colcon.colcon_core.package_discovery:Crawling recursively for packages in '/home/ruy/ruy1_ws/src/sensores'
[0.322s] Level 1:colcon.colcon_core.package_identification:_identify(.) by extensions ['ignore', 'ignore_ament_install']
[0.322s] Level 1:colcon.colcon_core.package_identification:_identify(.) by extension 'ignore'
[0.322s] Level 1:colcon.colcon_core.package_identification:_identify(.) by extension 'ignore_ament_install'
[0.322s] Level 1:colcon.colcon_core.package_identification:_identify(.) by extensions ['colcon_pkg']
[0.322s] Level 1:colcon.colcon_core.package_identification:_identify(.) by extension 'colcon_pkg'
[0.322s] Level 1:colcon.colcon_core.package_identification:_identify(.) by extensions ['colcon_meta']
[0.322s] Level 1:colcon.colcon_core.package_identification:_identify(.) by extension 'colcon_meta'
[0.322s] Level 1:colcon.colcon_core.package_identification:_identify(.) by extensions ['ros']
[0.322s] Level 1:colcon.colcon_core.package_identification:_identify(.) by extension 'ros'
[0.339s] DEBUG:colcon.colcon_core.package_identification:Package '.' with type 'ros.ament_python' and name 'sensores'
[0.339s] Level 1:colcon.colcon_core.package_discovery:discover_packages(recursive) using defaults
[0.339s] Level 1:colcon.colcon_core.package_discovery:discover_packages(ignore) discover
[0.339s] Level 1:colcon.colcon_core.package_discovery:discover_packages(ignore) using defaults
[0.339s] Level 1:colcon.colcon_core.package_discovery:discover_packages(path) discover
[0.339s] Level 1:colcon.colcon_core.package_discovery:discover_packages(path) using defaults
[0.363s] Level 1:colcon.colcon_core.package_discovery:discover_packages(prefix_path) check parameters
[0.363s] Level 1:colcon.colcon_core.package_discovery:discover_packages(prefix_path) discover
[0.366s] DEBUG:colcon.colcon_installed_package_information.package_discovery:Found 4 installed packages in /home/ruy/ruy1_ws/install
[0.367s] DEBUG:colcon.colcon_installed_package_information.package_discovery:Found 1 installed packages in /home/ruy/sensores/install
[0.369s] DEBUG:colcon.colcon_installed_package_information.package_discovery:Found 271 installed packages in /opt/ros/humble
[0.390s] Level 1:colcon.colcon_core.package_discovery:discover_packages(prefix_path) using defaults
[0.433s] Level 5:colcon.colcon_core.verb:set package 'sensores' build argument 'cmake_args' from command line to 'None'
[0.433s] Level 5:colcon.colcon_core.verb:set package 'sensores' build argument 'cmake_target' from command line to 'None'
[0.433s] Level 5:colcon.colcon_core.verb:set package 'sensores' build argument 'cmake_target_skip_unavailable' from command line to 'False'
[0.433s] Level 5:colcon.colcon_core.verb:set package 'sensores' build argument 'cmake_clean_cache' from command line to 'False'
[0.433s] Level 5:colcon.colcon_core.verb:set package 'sensores' build argument 'cmake_clean_first' from command line to 'False'
[0.434s] Level 5:colcon.colcon_core.verb:set package 'sensores' build argument 'cmake_force_configure' from command line to 'False'
[0.434s] Level 5:colcon.colcon_core.verb:set package 'sensores' build argument 'ament_cmake_args' from command line to 'None'
[0.434s] Level 5:colcon.colcon_core.verb:set package 'sensores' build argument 'catkin_cmake_args' from command line to 'None'
[0.434s] Level 5:colcon.colcon_core.verb:set package 'sensores' build argument 'catkin_skip_building_tests' from command line to 'False'
[0.434s] DEBUG:colcon.colcon_core.verb:Building package 'sensores' with the following arguments: {'ament_cmake_args': None, 'build_base': '/home/ruy/ruy1_ws/src/sensores/build/sensores', 'catkin_cmake_args': None, 'catkin_skip_building_tests': False, 'cmake_args': None, 'cmake_clean_cache': False, 'cmake_clean_first': False, 'cmake_force_configure': False, 'cmake_target': None, 'cmake_target_skip_unavailable': False, 'install_base': '/home/ruy/ruy1_ws/src/sensores/install/sensores', 'merge_install': False, 'path': '/home/ruy/ruy1_ws/src/sensores', 'symlink_install': False, 'test_result_base': None}
[0.434s] INFO:colcon.colcon_core.executor:Executing jobs using 'parallel' executor
[0.436s] DEBUG:colcon.colcon_parallel_executor.executor.parallel:run_until_complete
[0.436s] INFO:colcon.colcon_ros.task.ament_python.build:Building ROS package in '/home/ruy/ruy1_ws/src/sensores' with build type 'ament_python'
[0.437s] Level 1:colcon.colcon_core.shell:create_environment_hook('sensores', 'ament_prefix_path')
[0.439s] INFO:colcon.colcon_core.plugin_system:Skipping extension 'colcon_core.shell.bat': Not used on non-Windows systems
[0.439s] INFO:colcon.colcon_core.shell:Creating environment hook '/home/ruy/ruy1_ws/src/sensores/install/sensores/share/sensores/hook/ament_prefix_path.ps1'
[0.440s] INFO:colcon.colcon_core.shell:Creating environment descriptor '/home/ruy/ruy1_ws/src/sensores/install/sensores/share/sensores/hook/ament_prefix_path.dsv'
[0.441s] INFO:colcon.colcon_core.shell:Creating environment hook '/home/ruy/ruy1_ws/src/sensores/install/sensores/share/sensores/hook/ament_prefix_path.sh'
[0.442s] INFO:colcon.colcon_core.shell:Skip shell extension 'powershell' for command environment: Not usable outside of PowerShell
[0.442s] DEBUG:colcon.colcon_core.shell:Skip shell extension 'dsv' for command environment
[0.764s] INFO:colcon.colcon_core.task.python.build:Building Python package in '/home/ruy/ruy1_ws/src/sensores'
[0.765s] INFO:colcon.colcon_core.shell:Skip shell extension 'powershell' for command environment: Not usable outside of PowerShell
[0.765s] DEBUG:colcon.colcon_core.shell:Skip shell extension 'dsv' for command environment
[1.199s] DEBUG:colcon.colcon_core.event_handler.log_command:Invoking command in '/home/ruy/ruy1_ws/src/sensores': PYTHONPATH=/home/ruy/ruy1_ws/src/sensores/build/sensores/prefix_override:/usr/lib/python3/dist-packages/colcon_core/task/python/colcon_distutils_commands:/home/ruy/ruy1_ws/src/sensores/install/sensores/lib/python3.10/site-packages:${PYTHONPATH} /usr/bin/python3 -W ignore:setup.py install is deprecated -W ignore:easy_install command is deprecated setup.py egg_info --egg-base build/sensores build --build-base /home/ruy/ruy1_ws/src/sensores/build/sensores/build install --record /home/ruy/ruy1_ws/src/sensores/build/sensores/install.log --single-version-externally-managed install_data
[1.565s] DEBUG:colcon.colcon_core.event_handler.log_command:Invoked command in '/home/ruy/ruy1_ws/src/sensores' returned '0': PYTHONPATH=/home/ruy/ruy1_ws/src/sensores/build/sensores/prefix_override:/usr/lib/python3/dist-packages/colcon_core/task/python/colcon_distutils_commands:/home/ruy/ruy1_ws/src/sensores/install/sensores/lib/python3.10/site-packages:${PYTHONPATH} /usr/bin/python3 -W ignore:setup.py install is deprecated -W ignore:easy_install command is deprecated setup.py egg_info --egg-base build/sensores build --build-base /home/ruy/ruy1_ws/src/sensores/build/sensores/build install --record /home/ruy/ruy1_ws/src/sensores/build/sensores/install.log --single-version-externally-managed install_data
[1.569s] Level 1:colcon.colcon_core.environment:checking '/home/ruy/ruy1_ws/src/sensores/install/sensores' for CMake module files
[1.569s] Level 1:colcon.colcon_core.environment:checking '/home/ruy/ruy1_ws/src/sensores/install/sensores' for CMake config files
[1.570s] Level 1:colcon.colcon_core.environment:checking '/home/ruy/ruy1_ws/src/sensores/install/sensores/lib'
[1.570s] Level 1:colcon.colcon_core.environment:checking '/home/ruy/ruy1_ws/src/sensores/install/sensores/bin'
[1.570s] Level 1:colcon.colcon_core.environment:checking '/home/ruy/ruy1_ws/src/sensores/install/sensores/lib/pkgconfig/sensores.pc'
[1.571s] Level 1:colcon.colcon_core.environment:checking '/home/ruy/ruy1_ws/src/sensores/install/sensores/lib/python3.10/site-packages'
[1.571s] Level 1:colcon.colcon_core.shell:create_environment_hook('sensores', 'pythonpath')
[1.571s] INFO:colcon.colcon_core.shell:Creating environment hook '/home/ruy/ruy1_ws/src/sensores/install/sensores/share/sensores/hook/pythonpath.ps1'
[1.572s] INFO:colcon.colcon_core.shell:Creating environment descriptor '/home/ruy/ruy1_ws/src/sensores/install/sensores/share/sensores/hook/pythonpath.dsv'
[1.572s] INFO:colcon.colcon_core.shell:Creating environment hook '/home/ruy/ruy1_ws/src/sensores/install/sensores/share/sensores/hook/pythonpath.sh'
[1.572s] Level 1:colcon.colcon_core.environment:checking '/home/ruy/ruy1_ws/src/sensores/install/sensores/bin'
[1.573s] Level 1:colcon.colcon_core.environment:create_environment_scripts_only(sensores)
[1.573s] INFO:colcon.colcon_core.shell:Creating package script '/home/ruy/ruy1_ws/src/sensores/install/sensores/share/sensores/package.ps1'
[1.574s] INFO:colcon.colcon_core.shell:Creating package descriptor '/home/ruy/ruy1_ws/src/sensores/install/sensores/share/sensores/package.dsv'
[1.574s] INFO:colcon.colcon_core.shell:Creating package script '/home/ruy/ruy1_ws/src/sensores/install/sensores/share/sensores/package.sh'
[1.575s] INFO:colcon.colcon_core.shell:Creating package script '/home/ruy/ruy1_ws/src/sensores/install/sensores/share/sensores/package.bash'
[1.576s] INFO:colcon.colcon_core.shell:Creating package script '/home/ruy/ruy1_ws/src/sensores/install/sensores/share/sensores/package.zsh'
[1.577s] Level 1:colcon.colcon_core.environment:create_file_with_runtime_dependencies(/home/ruy/ruy1_ws/src/sensores/install/sensores/share/colcon-core/packages/sensores)
[1.577s] DEBUG:colcon.colcon_parallel_executor.executor.parallel:closing loop
[1.578s] DEBUG:colcon.colcon_parallel_executor.executor.parallel:loop closed
[1.578s] DEBUG:colcon.colcon_parallel_executor.executor.parallel:run_until_complete finished with '0'
[1.578s] DEBUG:colcon.colcon_core.event_reactor:joining thread
[1.585s] INFO:colcon.colcon_core.plugin_system:Skipping extension 'colcon_notification.desktop_notification.terminal_notifier': Not used on non-Darwin systems
[1.585s] INFO:colcon.colcon_core.plugin_system:Skipping extension 'colcon_notification.desktop_notification.win32': Not used on non-Windows systems
[1.585s] INFO:colcon.colcon_notification.desktop_notification:Sending desktop notification using 'notify2'
[1.606s] DEBUG:colcon.colcon_core.event_reactor:joined thread
[1.607s] INFO:colcon.colcon_core.shell:Creating prefix script '/home/ruy/ruy1_ws/src/sensores/install/local_setup.ps1'
[1.609s] INFO:colcon.colcon_core.shell:Creating prefix util module '/home/ruy/ruy1_ws/src/sensores/install/_local_setup_util_ps1.py'
[1.611s] INFO:colcon.colcon_core.shell:Creating prefix chain script '/home/ruy/ruy1_ws/src/sensores/install/setup.ps1'
[1.612s] INFO:colcon.colcon_core.shell:Creating prefix script '/home/ruy/ruy1_ws/src/sensores/install/local_setup.sh'
[1.613s] INFO:colcon.colcon_core.shell:Creating prefix util module '/home/ruy/ruy1_ws/src/sensores/install/_local_setup_util_sh.py'
[1.613s] INFO:colcon.colcon_core.shell:Creating prefix chain script '/home/ruy/ruy1_ws/src/sensores/install/setup.sh'
[1.615s] INFO:colcon.colcon_core.shell:Creating prefix script '/home/ruy/ruy1_ws/src/sensores/install/local_setup.bash'
[1.615s] INFO:colcon.colcon_core.shell:Creating prefix chain script '/home/ruy/ruy1_ws/src/sensores/install/setup.bash'
[1.616s] INFO:colcon.colcon_core.shell:Creating prefix script '/home/ruy/ruy1_ws/src/sensores/install/local_setup.zsh'
[1.617s] INFO:colcon.colcon_core.shell:Creating prefix chain script '/home/ruy/ruy1_ws/src/sensores/install/setup.zsh'
