[0.225s] DEBUG:colcon:Command line arguments: ['/usr/bin/colcon', 'build']
[0.225s] DEBUG:colcon:Parsed command line arguments: Namespace(log_base=None, log_level=None, verb_name='build', build_base='build', install_base='install', merge_install=False, symlink_install=False, test_result_base=None, continue_on_error=False, executor='parallel', parallel_workers=8, event_handlers=None, ignore_user_meta=False, metas=['./colcon.meta'], base_paths=['.'], packages_ignore=None, packages_ignore_regex=None, paths=None, packages_up_to=None, packages_up_to_regex=None, packages_above=None, packages_above_and_dependencies=None, packages_above_depth=None, packages_select_by_dep=None, packages_skip_by_dep=None, packages_skip_up_to=None, packages_select_build_failed=False, packages_skip_build_finished=False, packages_select_test_failures=False, packages_skip_test_passed=False, packages_select=None, packages_skip=None, packages_select_regex=None, packages_skip_regex=None, packages_start=None, packages_end=None, allow_overriding=[], cmake_args=None, cmake_target=None, cmake_target_skip_unavailable=False, cmake_clean_cache=False, cmake_clean_first=False, cmake_force_configure=False, ament_cmake_args=None, catkin_cmake_args=None, catkin_skip_building_tests=False, mixin_files=None, mixin=None, verb_parser=<colcon_mixin.mixin.mixin_argument.MixinArgumentDecorator object at 0x77a258241090>, verb_extension=<colcon_core.verb.build.BuildVerb object at 0x77a258240670>, main=<bound method BuildVerb.main of <colcon_core.verb.build.BuildVerb object at 0x77a258240670>>, mixin_verb=('build',))
[0.505s] Level 1:colcon.colcon_core.package_discovery:discover_packages(colcon_meta) check parameters
[0.505s] Level 1:colcon.colcon_core.package_discovery:discover_packages(recursive) check parameters
[0.506s] Level 1:colcon.colcon_core.package_discovery:discover_packages(ignore) check parameters
[0.506s] Level 1:colcon.colcon_core.package_discovery:discover_packages(path) check parameters
[0.506s] Level 1:colcon.colcon_core.package_discovery:discover_packages(colcon_meta) discover
[0.506s] Level 1:colcon.colcon_core.package_discovery:discover_packages(recursive) discover
[0.506s] INFO:colcon.colcon_core.package_discovery:Crawling recursively for packages in '/home/didi_121/Rescue-Major'
[0.506s] Level 1:colcon.colcon_core.package_identification:_identify(.) by extensions ['ignore', 'ignore_ament_install']
[0.507s] Level 1:colcon.colcon_core.package_identification:_identify(.) by extension 'ignore'
[0.507s] Level 1:colcon.colcon_core.package_identification:_identify(.) by extension 'ignore_ament_install'
[0.507s] Level 1:colcon.colcon_core.package_identification:_identify(.) by extensions ['colcon_pkg']
[0.507s] Level 1:colcon.colcon_core.package_identification:_identify(.) by extension 'colcon_pkg'
[0.507s] Level 1:colcon.colcon_core.package_identification:_identify(.) by extensions ['colcon_meta']
[0.507s] Level 1:colcon.colcon_core.package_identification:_identify(.) by extension 'colcon_meta'
[0.507s] Level 1:colcon.colcon_core.package_identification:_identify(.) by extensions ['ros']
[0.508s] Level 1:colcon.colcon_core.package_identification:_identify(.) by extension 'ros'
[0.535s] Level 1:colcon.colcon_core.package_identification:_identify(.) by extensions ['cmake', 'python']
[0.535s] Level 1:colcon.colcon_core.package_identification:_identify(.) by extension 'cmake'
[0.535s] Level 1:colcon.colcon_core.package_identification:_identify(.) by extension 'python'
[0.535s] Level 1:colcon.colcon_core.package_identification:_identify(.) by extensions ['python_setup_py']
[0.535s] Level 1:colcon.colcon_core.package_identification:_identify(.) by extension 'python_setup_py'
[0.536s] Level 1:colcon.colcon_core.package_identification:_identify(Dockerfiles) by extensions ['ignore', 'ignore_ament_install']
[0.536s] Level 1:colcon.colcon_core.package_identification:_identify(Dockerfiles) by extension 'ignore'
[0.536s] Level 1:colcon.colcon_core.package_identification:_identify(Dockerfiles) by extension 'ignore_ament_install'
[0.536s] Level 1:colcon.colcon_core.package_identification:_identify(Dockerfiles) by extensions ['colcon_pkg']
[0.536s] Level 1:colcon.colcon_core.package_identification:_identify(Dockerfiles) by extension 'colcon_pkg'
[0.536s] Level 1:colcon.colcon_core.package_identification:_identify(Dockerfiles) by extensions ['colcon_meta']
[0.537s] Level 1:colcon.colcon_core.package_identification:_identify(Dockerfiles) by extension 'colcon_meta'
[0.537s] Level 1:colcon.colcon_core.package_identification:_identify(Dockerfiles) by extensions ['ros']
[0.537s] Level 1:colcon.colcon_core.package_identification:_identify(Dockerfiles) by extension 'ros'
[0.537s] Level 1:colcon.colcon_core.package_identification:_identify(Dockerfiles) by extensions ['cmake', 'python']
[0.537s] Level 1:colcon.colcon_core.package_identification:_identify(Dockerfiles) by extension 'cmake'
[0.537s] Level 1:colcon.colcon_core.package_identification:_identify(Dockerfiles) by extension 'python'
[0.537s] Level 1:colcon.colcon_core.package_identification:_identify(Dockerfiles) by extensions ['python_setup_py']
[0.537s] Level 1:colcon.colcon_core.package_identification:_identify(Dockerfiles) by extension 'python_setup_py'
[0.538s] Level 1:colcon.colcon_core.package_identification:_identify(Dockerfiles/robot) by extensions ['ignore', 'ignore_ament_install']
[0.538s] Level 1:colcon.colcon_core.package_identification:_identify(Dockerfiles/robot) by extension 'ignore'
[0.538s] Level 1:colcon.colcon_core.package_identification:_identify(Dockerfiles/robot) by extension 'ignore_ament_install'
[0.538s] Level 1:colcon.colcon_core.package_identification:_identify(Dockerfiles/robot) by extensions ['colcon_pkg']
[0.538s] Level 1:colcon.colcon_core.package_identification:_identify(Dockerfiles/robot) by extension 'colcon_pkg'
[0.538s] Level 1:colcon.colcon_core.package_identification:_identify(Dockerfiles/robot) by extensions ['colcon_meta']
[0.539s] Level 1:colcon.colcon_core.package_identification:_identify(Dockerfiles/robot) by extension 'colcon_meta'
[0.539s] Level 1:colcon.colcon_core.package_identification:_identify(Dockerfiles/robot) by extensions ['ros']
[0.539s] Level 1:colcon.colcon_core.package_identification:_identify(Dockerfiles/robot) by extension 'ros'
[0.539s] Level 1:colcon.colcon_core.package_identification:_identify(Dockerfiles/robot) by extensions ['cmake', 'python']
[0.539s] Level 1:colcon.colcon_core.package_identification:_identify(Dockerfiles/robot) by extension 'cmake'
[0.539s] Level 1:colcon.colcon_core.package_identification:_identify(Dockerfiles/robot) by extension 'python'
[0.539s] Level 1:colcon.colcon_core.package_identification:_identify(Dockerfiles/robot) by extensions ['python_setup_py']
[0.539s] Level 1:colcon.colcon_core.package_identification:_identify(Dockerfiles/robot) by extension 'python_setup_py'
[0.540s] Level 1:colcon.colcon_core.package_identification:_identify(Dockerfiles/setup) by extensions ['ignore', 'ignore_ament_install']
[0.540s] Level 1:colcon.colcon_core.package_identification:_identify(Dockerfiles/setup) by extension 'ignore'
[0.540s] Level 1:colcon.colcon_core.package_identification:_identify(Dockerfiles/setup) by extension 'ignore_ament_install'
[0.540s] Level 1:colcon.colcon_core.package_identification:_identify(Dockerfiles/setup) by extensions ['colcon_pkg']
[0.540s] Level 1:colcon.colcon_core.package_identification:_identify(Dockerfiles/setup) by extension 'colcon_pkg'
[0.540s] Level 1:colcon.colcon_core.package_identification:_identify(Dockerfiles/setup) by extensions ['colcon_meta']
[0.540s] Level 1:colcon.colcon_core.package_identification:_identify(Dockerfiles/setup) by extension 'colcon_meta'
[0.541s] Level 1:colcon.colcon_core.package_identification:_identify(Dockerfiles/setup) by extensions ['ros']
[0.541s] Level 1:colcon.colcon_core.package_identification:_identify(Dockerfiles/setup) by extension 'ros'
[0.541s] Level 1:colcon.colcon_core.package_identification:_identify(Dockerfiles/setup) by extensions ['cmake', 'python']
[0.541s] Level 1:colcon.colcon_core.package_identification:_identify(Dockerfiles/setup) by extension 'cmake'
[0.541s] Level 1:colcon.colcon_core.package_identification:_identify(Dockerfiles/setup) by extension 'python'
[0.541s] Level 1:colcon.colcon_core.package_identification:_identify(Dockerfiles/setup) by extensions ['python_setup_py']
[0.541s] Level 1:colcon.colcon_core.package_identification:_identify(Dockerfiles/setup) by extension 'python_setup_py'
[0.542s] Level 1:colcon.colcon_core.package_identification:_identify(a) by extensions ['ignore', 'ignore_ament_install']
[0.542s] Level 1:colcon.colcon_core.package_identification:_identify(a) by extension 'ignore'
[0.542s] Level 1:colcon.colcon_core.package_identification:_identify(a) by extension 'ignore_ament_install'
[0.542s] Level 1:colcon.colcon_core.package_identification:_identify(a) by extensions ['colcon_pkg']
[0.542s] Level 1:colcon.colcon_core.package_identification:_identify(a) by extension 'colcon_pkg'
[0.542s] Level 1:colcon.colcon_core.package_identification:_identify(a) by extensions ['colcon_meta']
[0.542s] Level 1:colcon.colcon_core.package_identification:_identify(a) by extension 'colcon_meta'
[0.543s] Level 1:colcon.colcon_core.package_identification:_identify(a) by extensions ['ros']
[0.543s] Level 1:colcon.colcon_core.package_identification:_identify(a) by extension 'ros'
[0.543s] Level 1:colcon.colcon_core.package_identification:_identify(a) by extensions ['cmake', 'python']
[0.543s] Level 1:colcon.colcon_core.package_identification:_identify(a) by extension 'cmake'
[0.543s] Level 1:colcon.colcon_core.package_identification:_identify(a) by extension 'python'
[0.543s] Level 1:colcon.colcon_core.package_identification:_identify(a) by extensions ['python_setup_py']
[0.543s] Level 1:colcon.colcon_core.package_identification:_identify(a) by extension 'python_setup_py'
[0.544s] Level 1:colcon.colcon_core.package_identification:_identify(build) by extensions ['ignore', 'ignore_ament_install']
[0.544s] Level 1:colcon.colcon_core.package_identification:_identify(build) by extension 'ignore'
[0.544s] Level 1:colcon.colcon_core.package_identification:_identify(build) ignored
[0.544s] Level 1:colcon.colcon_core.package_identification:_identify(docs) by extensions ['ignore', 'ignore_ament_install']
[0.544s] Level 1:colcon.colcon_core.package_identification:_identify(docs) by extension 'ignore'
[0.544s] Level 1:colcon.colcon_core.package_identification:_identify(docs) by extension 'ignore_ament_install'
[0.545s] Level 1:colcon.colcon_core.package_identification:_identify(docs) by extensions ['colcon_pkg']
[0.545s] Level 1:colcon.colcon_core.package_identification:_identify(docs) by extension 'colcon_pkg'
[0.545s] Level 1:colcon.colcon_core.package_identification:_identify(docs) by extensions ['colcon_meta']
[0.545s] Level 1:colcon.colcon_core.package_identification:_identify(docs) by extension 'colcon_meta'
[0.545s] Level 1:colcon.colcon_core.package_identification:_identify(docs) by extensions ['ros']
[0.545s] Level 1:colcon.colcon_core.package_identification:_identify(docs) by extension 'ros'
[0.545s] Level 1:colcon.colcon_core.package_identification:_identify(docs) by extensions ['cmake', 'python']
[0.545s] Level 1:colcon.colcon_core.package_identification:_identify(docs) by extension 'cmake'
[0.546s] Level 1:colcon.colcon_core.package_identification:_identify(docs) by extension 'python'
[0.546s] Level 1:colcon.colcon_core.package_identification:_identify(docs) by extensions ['python_setup_py']
[0.546s] Level 1:colcon.colcon_core.package_identification:_identify(docs) by extension 'python_setup_py'
[0.546s] Level 1:colcon.colcon_core.package_identification:_identify(install) by extensions ['ignore', 'ignore_ament_install']
[0.546s] Level 1:colcon.colcon_core.package_identification:_identify(install) by extension 'ignore'
[0.546s] Level 1:colcon.colcon_core.package_identification:_identify(install) ignored
[0.547s] Level 1:colcon.colcon_core.package_identification:_identify(log) by extensions ['ignore', 'ignore_ament_install']
[0.547s] Level 1:colcon.colcon_core.package_identification:_identify(log) by extension 'ignore'
[0.547s] Level 1:colcon.colcon_core.package_identification:_identify(log) ignored
[0.547s] Level 1:colcon.colcon_core.package_identification:_identify(workspace) by extensions ['ignore', 'ignore_ament_install']
[0.547s] Level 1:colcon.colcon_core.package_identification:_identify(workspace) by extension 'ignore'
[0.547s] Level 1:colcon.colcon_core.package_identification:_identify(workspace) by extension 'ignore_ament_install'
[0.548s] Level 1:colcon.colcon_core.package_identification:_identify(workspace) by extensions ['colcon_pkg']
[0.548s] Level 1:colcon.colcon_core.package_identification:_identify(workspace) by extension 'colcon_pkg'
[0.548s] Level 1:colcon.colcon_core.package_identification:_identify(workspace) by extensions ['colcon_meta']
[0.548s] Level 1:colcon.colcon_core.package_identification:_identify(workspace) by extension 'colcon_meta'
[0.548s] Level 1:colcon.colcon_core.package_identification:_identify(workspace) by extensions ['ros']
[0.548s] Level 1:colcon.colcon_core.package_identification:_identify(workspace) by extension 'ros'
[0.548s] Level 1:colcon.colcon_core.package_identification:_identify(workspace) by extensions ['cmake', 'python']
[0.548s] Level 1:colcon.colcon_core.package_identification:_identify(workspace) by extension 'cmake'
[0.549s] Level 1:colcon.colcon_core.package_identification:_identify(workspace) by extension 'python'
[0.549s] Level 1:colcon.colcon_core.package_identification:_identify(workspace) by extensions ['python_setup_py']
[0.549s] Level 1:colcon.colcon_core.package_identification:_identify(workspace) by extension 'python_setup_py'
[0.549s] Level 1:colcon.colcon_core.package_identification:_identify(workspace/GUI) by extensions ['ignore', 'ignore_ament_install']
[0.549s] Level 1:colcon.colcon_core.package_identification:_identify(workspace/GUI) by extension 'ignore'
[0.549s] Level 1:colcon.colcon_core.package_identification:_identify(workspace/GUI) by extension 'ignore_ament_install'
[0.550s] Level 1:colcon.colcon_core.package_identification:_identify(workspace/GUI) by extensions ['colcon_pkg']
[0.550s] Level 1:colcon.colcon_core.package_identification:_identify(workspace/GUI) by extension 'colcon_pkg'
[0.550s] Level 1:colcon.colcon_core.package_identification:_identify(workspace/GUI) by extensions ['colcon_meta']
[0.550s] Level 1:colcon.colcon_core.package_identification:_identify(workspace/GUI) by extension 'colcon_meta'
[0.550s] Level 1:colcon.colcon_core.package_identification:_identify(workspace/GUI) by extensions ['ros']
[0.550s] Level 1:colcon.colcon_core.package_identification:_identify(workspace/GUI) by extension 'ros'
[0.553s] DEBUG:colcon.colcon_core.package_identification:Failed to parse potential ROS package manifest in'workspace/GUI': Error(s) in package 'workspace/GUI/package.xml':
The manifest contains invalid XML:
mismatched tag: line 20, column 2
[0.553s] Level 1:colcon.colcon_core.package_identification:_identify(workspace/GUI) by extensions ['cmake', 'python']
[0.553s] Level 1:colcon.colcon_core.package_identification:_identify(workspace/GUI) by extension 'cmake'
[0.553s] Level 1:colcon.colcon_core.package_identification:_identify(workspace/GUI) by extension 'python'
[0.554s] DEBUG:colcon.colcon_core.package_identification:Python package in 'workspace/GUI' passes arguments to the setup() function which requires a different identification extension than 'python'
[0.554s] Level 1:colcon.colcon_core.package_identification:_identify(workspace/GUI) by extensions ['python_setup_py']
[0.554s] Level 1:colcon.colcon_core.package_identification:_identify(workspace/GUI) by extension 'python_setup_py'
[0.990s] DEBUG:colcon.colcon_core.package_identification:Package 'workspace/GUI' with type 'python' and name 'GUI'
[0.990s] Level 1:colcon.colcon_core.package_identification:_identify(workspace/build) by extensions ['ignore', 'ignore_ament_install']
[0.990s] Level 1:colcon.colcon_core.package_identification:_identify(workspace/build) by extension 'ignore'
[0.991s] Level 1:colcon.colcon_core.package_identification:_identify(workspace/build) ignored
[0.991s] Level 1:colcon.colcon_core.package_identification:_identify(workspace/communication) by extensions ['ignore', 'ignore_ament_install']
[0.991s] Level 1:colcon.colcon_core.package_identification:_identify(workspace/communication) by extension 'ignore'
[0.991s] Level 1:colcon.colcon_core.package_identification:_identify(workspace/communication) by extension 'ignore_ament_install'
[0.992s] Level 1:colcon.colcon_core.package_identification:_identify(workspace/communication) by extensions ['colcon_pkg']
[0.992s] Level 1:colcon.colcon_core.package_identification:_identify(workspace/communication) by extension 'colcon_pkg'
[0.992s] Level 1:colcon.colcon_core.package_identification:_identify(workspace/communication) by extensions ['colcon_meta']
[0.992s] Level 1:colcon.colcon_core.package_identification:_identify(workspace/communication) by extension 'colcon_meta'
[0.992s] Level 1:colcon.colcon_core.package_identification:_identify(workspace/communication) by extensions ['ros']
[0.992s] Level 1:colcon.colcon_core.package_identification:_identify(workspace/communication) by extension 'ros'
[0.997s] DEBUG:colcon.colcon_core.package_identification:Package 'workspace/communication' with type 'ros.ament_cmake' and name 'communication'
[0.997s] Level 1:colcon.colcon_core.package_identification:_identify(workspace/install) by extensions ['ignore', 'ignore_ament_install']
[0.998s] Level 1:colcon.colcon_core.package_identification:_identify(workspace/install) by extension 'ignore'
[0.998s] Level 1:colcon.colcon_core.package_identification:_identify(workspace/install) ignored
[0.998s] Level 1:colcon.colcon_core.package_identification:_identify(workspace/localization) by extensions ['ignore', 'ignore_ament_install']
[0.998s] Level 1:colcon.colcon_core.package_identification:_identify(workspace/localization) by extension 'ignore'
[0.999s] Level 1:colcon.colcon_core.package_identification:_identify(workspace/localization) by extension 'ignore_ament_install'
[0.999s] Level 1:colcon.colcon_core.package_identification:_identify(workspace/localization) by extensions ['colcon_pkg']
[0.999s] Level 1:colcon.colcon_core.package_identification:_identify(workspace/localization) by extension 'colcon_pkg'
[0.999s] Level 1:colcon.colcon_core.package_identification:_identify(workspace/localization) by extensions ['colcon_meta']
[0.999s] Level 1:colcon.colcon_core.package_identification:_identify(workspace/localization) by extension 'colcon_meta'
[0.999s] Level 1:colcon.colcon_core.package_identification:_identify(workspace/localization) by extensions ['ros']
[0.999s] Level 1:colcon.colcon_core.package_identification:_identify(workspace/localization) by extension 'ros'
[1.000s] Level 1:colcon.colcon_core.package_identification:_identify(workspace/localization) by extensions ['cmake', 'python']
[1.000s] Level 1:colcon.colcon_core.package_identification:_identify(workspace/localization) by extension 'cmake'
[1.000s] Level 1:colcon.colcon_core.package_identification:_identify(workspace/localization) by extension 'python'
[1.000s] Level 1:colcon.colcon_core.package_identification:_identify(workspace/localization) by extensions ['python_setup_py']
[1.000s] Level 1:colcon.colcon_core.package_identification:_identify(workspace/localization) by extension 'python_setup_py'
[1.000s] Level 1:colcon.colcon_core.package_identification:_identify(workspace/log) by extensions ['ignore', 'ignore_ament_install']
[1.001s] Level 1:colcon.colcon_core.package_identification:_identify(workspace/log) by extension 'ignore'
[1.001s] Level 1:colcon.colcon_core.package_identification:_identify(workspace/log) ignored
[1.001s] Level 1:colcon.colcon_core.package_identification:_identify(workspace/master) by extensions ['ignore', 'ignore_ament_install']
[1.001s] Level 1:colcon.colcon_core.package_identification:_identify(workspace/master) by extension 'ignore'
[1.001s] Level 1:colcon.colcon_core.package_identification:_identify(workspace/master) by extension 'ignore_ament_install'
[1.002s] Level 1:colcon.colcon_core.package_identification:_identify(workspace/master) by extensions ['colcon_pkg']
[1.002s] Level 1:colcon.colcon_core.package_identification:_identify(workspace/master) by extension 'colcon_pkg'
[1.002s] Level 1:colcon.colcon_core.package_identification:_identify(workspace/master) by extensions ['colcon_meta']
[1.002s] Level 1:colcon.colcon_core.package_identification:_identify(workspace/master) by extension 'colcon_meta'
[1.002s] Level 1:colcon.colcon_core.package_identification:_identify(workspace/master) by extensions ['ros']
[1.002s] Level 1:colcon.colcon_core.package_identification:_identify(workspace/master) by extension 'ros'
[1.002s] Level 1:colcon.colcon_core.package_identification:_identify(workspace/master) by extensions ['cmake', 'python']
[1.003s] Level 1:colcon.colcon_core.package_identification:_identify(workspace/master) by extension 'cmake'
[1.003s] Level 1:colcon.colcon_core.package_identification:_identify(workspace/master) by extension 'python'
[1.003s] Level 1:colcon.colcon_core.package_identification:_identify(workspace/master) by extensions ['python_setup_py']
[1.003s] Level 1:colcon.colcon_core.package_identification:_identify(workspace/master) by extension 'python_setup_py'
[1.003s] Level 1:colcon.colcon_core.package_identification:_identify(workspace/microcontrallers) by extensions ['ignore', 'ignore_ament_install']
[1.003s] Level 1:colcon.colcon_core.package_identification:_identify(workspace/microcontrallers) by extension 'ignore'
[1.004s] Level 1:colcon.colcon_core.package_identification:_identify(workspace/microcontrallers) by extension 'ignore_ament_install'
[1.004s] Level 1:colcon.colcon_core.package_identification:_identify(workspace/microcontrallers) by extensions ['colcon_pkg']
[1.004s] Level 1:colcon.colcon_core.package_identification:_identify(workspace/microcontrallers) by extension 'colcon_pkg'
[1.004s] Level 1:colcon.colcon_core.package_identification:_identify(workspace/microcontrallers) by extensions ['colcon_meta']
[1.004s] Level 1:colcon.colcon_core.package_identification:_identify(workspace/microcontrallers) by extension 'colcon_meta'
[1.004s] Level 1:colcon.colcon_core.package_identification:_identify(workspace/microcontrallers) by extensions ['ros']
[1.004s] Level 1:colcon.colcon_core.package_identification:_identify(workspace/microcontrallers) by extension 'ros'
[1.005s] Level 1:colcon.colcon_core.package_identification:_identify(workspace/microcontrallers) by extensions ['cmake', 'python']
[1.005s] Level 1:colcon.colcon_core.package_identification:_identify(workspace/microcontrallers) by extension 'cmake'
[1.005s] Level 1:colcon.colcon_core.package_identification:_identify(workspace/microcontrallers) by extension 'python'
[1.005s] Level 1:colcon.colcon_core.package_identification:_identify(workspace/microcontrallers) by extensions ['python_setup_py']
[1.005s] Level 1:colcon.colcon_core.package_identification:_identify(workspace/microcontrallers) by extension 'python_setup_py'
[1.005s] Level 1:colcon.colcon_core.package_identification:_identify(workspace/vision) by extensions ['ignore', 'ignore_ament_install']
[1.005s] Level 1:colcon.colcon_core.package_identification:_identify(workspace/vision) by extension 'ignore'
[1.006s] Level 1:colcon.colcon_core.package_identification:_identify(workspace/vision) by extension 'ignore_ament_install'
[1.006s] Level 1:colcon.colcon_core.package_identification:_identify(workspace/vision) by extensions ['colcon_pkg']
[1.006s] Level 1:colcon.colcon_core.package_identification:_identify(workspace/vision) by extension 'colcon_pkg'
[1.006s] Level 1:colcon.colcon_core.package_identification:_identify(workspace/vision) by extensions ['colcon_meta']
[1.006s] Level 1:colcon.colcon_core.package_identification:_identify(workspace/vision) by extension 'colcon_meta'
[1.006s] Level 1:colcon.colcon_core.package_identification:_identify(workspace/vision) by extensions ['ros']
[1.006s] Level 1:colcon.colcon_core.package_identification:_identify(workspace/vision) by extension 'ros'
[1.008s] DEBUG:colcon.colcon_core.package_identification:Package 'workspace/vision' with type 'ros.ament_cmake' and name 'vision'
[1.009s] Level 1:colcon.colcon_core.package_discovery:discover_packages(recursive) using defaults
[1.009s] Level 1:colcon.colcon_core.package_discovery:discover_packages(ignore) discover
[1.009s] Level 1:colcon.colcon_core.package_discovery:discover_packages(ignore) using defaults
[1.009s] Level 1:colcon.colcon_core.package_discovery:discover_packages(path) discover
[1.009s] Level 1:colcon.colcon_core.package_discovery:discover_packages(path) using defaults
[1.050s] Level 1:colcon.colcon_core.package_discovery:discover_packages(prefix_path) check parameters
[1.050s] Level 1:colcon.colcon_core.package_discovery:discover_packages(prefix_path) discover
[1.053s] Level 1:colcon.colcon_core.package_discovery:discover_packages(prefix_path) using defaults
[1.056s] Level 5:colcon.colcon_core.verb:set package 'GUI' build argument 'cmake_args' from command line to 'None'
[1.056s] Level 5:colcon.colcon_core.verb:set package 'GUI' build argument 'cmake_target' from command line to 'None'
[1.056s] Level 5:colcon.colcon_core.verb:set package 'GUI' build argument 'cmake_target_skip_unavailable' from command line to 'False'
[1.056s] Level 5:colcon.colcon_core.verb:set package 'GUI' build argument 'cmake_clean_cache' from command line to 'False'
[1.056s] Level 5:colcon.colcon_core.verb:set package 'GUI' build argument 'cmake_clean_first' from command line to 'False'
[1.056s] Level 5:colcon.colcon_core.verb:set package 'GUI' build argument 'cmake_force_configure' from command line to 'False'
[1.057s] Level 5:colcon.colcon_core.verb:set package 'GUI' build argument 'ament_cmake_args' from command line to 'None'
[1.057s] Level 5:colcon.colcon_core.verb:set package 'GUI' build argument 'catkin_cmake_args' from command line to 'None'
[1.057s] Level 5:colcon.colcon_core.verb:set package 'GUI' build argument 'catkin_skip_building_tests' from command line to 'False'
[1.057s] DEBUG:colcon.colcon_core.verb:Building package 'GUI' with the following arguments: {'ament_cmake_args': None, 'build_base': '/home/didi_121/Rescue-Major/build/GUI', 'catkin_cmake_args': None, 'catkin_skip_building_tests': False, 'cmake_args': None, 'cmake_clean_cache': False, 'cmake_clean_first': False, 'cmake_force_configure': False, 'cmake_target': None, 'cmake_target_skip_unavailable': False, 'install_base': '/home/didi_121/Rescue-Major/install/GUI', 'merge_install': False, 'path': '/home/didi_121/Rescue-Major/workspace/GUI', 'symlink_install': False, 'test_result_base': None}
[1.058s] Level 5:colcon.colcon_core.verb:set package 'communication' build argument 'cmake_args' from command line to 'None'
[1.058s] Level 5:colcon.colcon_core.verb:set package 'communication' build argument 'cmake_target' from command line to 'None'
[1.058s] Level 5:colcon.colcon_core.verb:set package 'communication' build argument 'cmake_target_skip_unavailable' from command line to 'False'
[1.058s] Level 5:colcon.colcon_core.verb:set package 'communication' build argument 'cmake_clean_cache' from command line to 'False'
[1.058s] Level 5:colcon.colcon_core.verb:set package 'communication' build argument 'cmake_clean_first' from command line to 'False'
[1.058s] Level 5:colcon.colcon_core.verb:set package 'communication' build argument 'cmake_force_configure' from command line to 'False'
[1.058s] Level 5:colcon.colcon_core.verb:set package 'communication' build argument 'ament_cmake_args' from command line to 'None'
[1.058s] Level 5:colcon.colcon_core.verb:set package 'communication' build argument 'catkin_cmake_args' from command line to 'None'
[1.058s] Level 5:colcon.colcon_core.verb:set package 'communication' build argument 'catkin_skip_building_tests' from command line to 'False'
[1.058s] DEBUG:colcon.colcon_core.verb:Building package 'communication' with the following arguments: {'ament_cmake_args': None, 'build_base': '/home/didi_121/Rescue-Major/build/communication', 'catkin_cmake_args': None, 'catkin_skip_building_tests': False, 'cmake_args': None, 'cmake_clean_cache': False, 'cmake_clean_first': False, 'cmake_force_configure': False, 'cmake_target': None, 'cmake_target_skip_unavailable': False, 'install_base': '/home/didi_121/Rescue-Major/install/communication', 'merge_install': False, 'path': '/home/didi_121/Rescue-Major/workspace/communication', 'symlink_install': False, 'test_result_base': None}
[1.059s] Level 5:colcon.colcon_core.verb:set package 'vision' build argument 'cmake_args' from command line to 'None'
[1.059s] Level 5:colcon.colcon_core.verb:set package 'vision' build argument 'cmake_target' from command line to 'None'
[1.060s] Level 5:colcon.colcon_core.verb:set package 'vision' build argument 'cmake_target_skip_unavailable' from command line to 'False'
[1.060s] Level 5:colcon.colcon_core.verb:set package 'vision' build argument 'cmake_clean_cache' from command line to 'False'
[1.060s] Level 5:colcon.colcon_core.verb:set package 'vision' build argument 'cmake_clean_first' from command line to 'False'
[1.060s] Level 5:colcon.colcon_core.verb:set package 'vision' build argument 'cmake_force_configure' from command line to 'False'
[1.060s] Level 5:colcon.colcon_core.verb:set package 'vision' build argument 'ament_cmake_args' from command line to 'None'
[1.060s] Level 5:colcon.colcon_core.verb:set package 'vision' build argument 'catkin_cmake_args' from command line to 'None'
[1.060s] Level 5:colcon.colcon_core.verb:set package 'vision' build argument 'catkin_skip_building_tests' from command line to 'False'
[1.060s] DEBUG:colcon.colcon_core.verb:Building package 'vision' with the following arguments: {'ament_cmake_args': None, 'build_base': '/home/didi_121/Rescue-Major/build/vision', 'catkin_cmake_args': None, 'catkin_skip_building_tests': False, 'cmake_args': None, 'cmake_clean_cache': False, 'cmake_clean_first': False, 'cmake_force_configure': False, 'cmake_target': None, 'cmake_target_skip_unavailable': False, 'install_base': '/home/didi_121/Rescue-Major/install/vision', 'merge_install': False, 'path': '/home/didi_121/Rescue-Major/workspace/vision', 'symlink_install': False, 'test_result_base': None}
[1.060s] INFO:colcon.colcon_core.executor:Executing jobs using 'parallel' executor
[1.062s] DEBUG:colcon.colcon_parallel_executor.executor.parallel:run_until_complete
[1.063s] INFO:colcon.colcon_core.task.python.build:Building Python package in '/home/didi_121/Rescue-Major/workspace/GUI'
[1.066s] ERROR:colcon.colcon_core.event_reactor:Exception in event handler extension 'console_start_end': [Errno 32] Broken pipe
Traceback (most recent call last):
  File "/usr/lib/python3/dist-packages/colcon_core/event_reactor.py", line 78, in _notify_observers
    retval = observer(event)
  File "/usr/lib/python3/dist-packages/colcon_core/event_handler/console_start_end.py", line 41, in __call__
    print(Style.SectionStart(msg), flush=True)
BrokenPipeError: [Errno 32] Broken pipe

[1.070s] INFO:colcon.colcon_core.plugin_system:Skipping extension 'colcon_core.shell.bat': Not used on non-Windows systems
[1.070s] INFO:colcon.colcon_core.shell:Skip shell extension 'powershell' for command environment: Not usable outside of PowerShell
[1.070s] DEBUG:colcon.colcon_core.shell:Skip shell extension 'dsv' for command environment
[1.073s] INFO:colcon.colcon_ros.task.ament_cmake.build:Building ROS package in '/home/didi_121/Rescue-Major/workspace/communication' with build type 'ament_cmake'
[1.074s] INFO:colcon.colcon_cmake.task.cmake.build:Building CMake package in '/home/didi_121/Rescue-Major/workspace/communication'
[1.074s] INFO:colcon.colcon_core.shell:Skip shell extension 'powershell' for command environment: Not usable outside of PowerShell
[1.074s] DEBUG:colcon.colcon_core.shell:Skip shell extension 'dsv' for command environment
[1.074s] ERROR:colcon.colcon_core.event_reactor:Exception in event handler extension 'console_start_end': [Errno 32] Broken pipe
Traceback (most recent call last):
  File "/usr/lib/python3/dist-packages/colcon_core/event_reactor.py", line 78, in _notify_observers
    retval = observer(event)
  File "/usr/lib/python3/dist-packages/colcon_core/event_handler/console_start_end.py", line 41, in __call__
    print(Style.SectionStart(msg), flush=True)
BrokenPipeError: [Errno 32] Broken pipe

[1.076s] INFO:colcon.colcon_ros.task.ament_cmake.build:Building ROS package in '/home/didi_121/Rescue-Major/workspace/vision' with build type 'ament_cmake'
[1.077s] INFO:colcon.colcon_cmake.task.cmake.build:Building CMake package in '/home/didi_121/Rescue-Major/workspace/vision'
[1.077s] INFO:colcon.colcon_core.shell:Skip shell extension 'powershell' for command environment: Not usable outside of PowerShell
[1.077s] DEBUG:colcon.colcon_core.shell:Skip shell extension 'dsv' for command environment
[1.078s] ERROR:colcon.colcon_core.event_reactor:Exception in event handler extension 'console_start_end': [Errno 32] Broken pipe
Traceback (most recent call last):
  File "/usr/lib/python3/dist-packages/colcon_core/event_reactor.py", line 78, in _notify_observers
    retval = observer(event)
  File "/usr/lib/python3/dist-packages/colcon_core/event_handler/console_start_end.py", line 41, in __call__
    print(Style.SectionStart(msg), flush=True)
BrokenPipeError: [Errno 32] Broken pipe

[1.591s] DEBUG:colcon.colcon_core.event_handler.log_command:Invoking command in '/home/didi_121/Rescue-Major/build/communication': /usr/bin/cmake --build /home/didi_121/Rescue-Major/build/communication -- -j8 -l8
[1.597s] DEBUG:colcon.colcon_core.event_handler.log_command:Invoking command in '/home/didi_121/Rescue-Major/build/vision': /usr/bin/cmake --build /home/didi_121/Rescue-Major/build/vision -- -j8 -l8
[1.787s] DEBUG:colcon.colcon_core.event_handler.log_command:Invoked command in '/home/didi_121/Rescue-Major/build/vision' returned '0': /usr/bin/cmake --build /home/didi_121/Rescue-Major/build/vision -- -j8 -l8
[1.803s] DEBUG:colcon.colcon_core.event_handler.log_command:Invoking command in '/home/didi_121/Rescue-Major/build/vision': /usr/bin/cmake --install /home/didi_121/Rescue-Major/build/vision
[1.824s] Level 1:colcon.colcon_core.environment:create_environment_scripts_only(vision)
[1.826s] DEBUG:colcon.colcon_core.event_handler.log_command:Invoked command in '/home/didi_121/Rescue-Major/build/vision' returned '0': /usr/bin/cmake --install /home/didi_121/Rescue-Major/build/vision
[1.832s] Level 1:colcon.colcon_core.environment:checking '/home/didi_121/Rescue-Major/install/vision' for CMake module files
[1.833s] Level 1:colcon.colcon_core.environment:checking '/home/didi_121/Rescue-Major/install/vision' for CMake config files
[1.834s] Level 1:colcon.colcon_core.shell:create_environment_hook('vision', 'cmake_prefix_path')
[1.834s] INFO:colcon.colcon_core.shell:Creating environment hook '/home/didi_121/Rescue-Major/install/vision/share/vision/hook/cmake_prefix_path.ps1'
[1.835s] INFO:colcon.colcon_core.shell:Creating environment descriptor '/home/didi_121/Rescue-Major/install/vision/share/vision/hook/cmake_prefix_path.dsv'
[1.837s] INFO:colcon.colcon_core.shell:Creating environment hook '/home/didi_121/Rescue-Major/install/vision/share/vision/hook/cmake_prefix_path.sh'
[1.839s] Level 1:colcon.colcon_core.environment:checking '/home/didi_121/Rescue-Major/install/vision/lib'
[1.839s] Level 1:colcon.colcon_core.environment:checking '/home/didi_121/Rescue-Major/install/vision/bin'
[1.839s] Level 1:colcon.colcon_core.environment:checking '/home/didi_121/Rescue-Major/install/vision/lib/pkgconfig/vision.pc'
[1.840s] Level 1:colcon.colcon_core.environment:checking '/home/didi_121/Rescue-Major/install/vision/lib/python3.10/site-packages'
[1.840s] Level 1:colcon.colcon_core.environment:checking '/home/didi_121/Rescue-Major/install/vision/bin'
[1.841s] INFO:colcon.colcon_core.shell:Creating package script '/home/didi_121/Rescue-Major/install/vision/share/vision/package.ps1'
[1.843s] INFO:colcon.colcon_core.shell:Creating package descriptor '/home/didi_121/Rescue-Major/install/vision/share/vision/package.dsv'
[1.845s] INFO:colcon.colcon_core.shell:Creating package script '/home/didi_121/Rescue-Major/install/vision/share/vision/package.sh'
[1.846s] INFO:colcon.colcon_core.shell:Creating package script '/home/didi_121/Rescue-Major/install/vision/share/vision/package.bash'
[1.849s] INFO:colcon.colcon_core.shell:Creating package script '/home/didi_121/Rescue-Major/install/vision/share/vision/package.zsh'
[1.851s] Level 1:colcon.colcon_core.environment:create_file_with_runtime_dependencies(/home/didi_121/Rescue-Major/install/vision/share/colcon-core/packages/vision)
[1.852s] Level 1:colcon.colcon_core.environment:create_environment_scripts_only(vision)
[1.852s] Level 1:colcon.colcon_core.environment:checking '/home/didi_121/Rescue-Major/install/vision' for CMake module files
[1.853s] Level 1:colcon.colcon_core.environment:checking '/home/didi_121/Rescue-Major/install/vision' for CMake config files
[1.853s] Level 1:colcon.colcon_core.shell:create_environment_hook('vision', 'cmake_prefix_path')
[1.854s] INFO:colcon.colcon_core.shell:Creating environment hook '/home/didi_121/Rescue-Major/install/vision/share/vision/hook/cmake_prefix_path.ps1'
[1.855s] INFO:colcon.colcon_core.shell:Creating environment descriptor '/home/didi_121/Rescue-Major/install/vision/share/vision/hook/cmake_prefix_path.dsv'
[1.855s] INFO:colcon.colcon_core.shell:Creating environment hook '/home/didi_121/Rescue-Major/install/vision/share/vision/hook/cmake_prefix_path.sh'
[1.856s] Level 1:colcon.colcon_core.environment:checking '/home/didi_121/Rescue-Major/install/vision/lib'
[1.857s] Level 1:colcon.colcon_core.environment:checking '/home/didi_121/Rescue-Major/install/vision/bin'
[1.857s] Level 1:colcon.colcon_core.environment:checking '/home/didi_121/Rescue-Major/install/vision/lib/pkgconfig/vision.pc'
[1.857s] Level 1:colcon.colcon_core.environment:checking '/home/didi_121/Rescue-Major/install/vision/lib/python3.10/site-packages'
[1.858s] Level 1:colcon.colcon_core.environment:checking '/home/didi_121/Rescue-Major/install/vision/bin'
[1.858s] INFO:colcon.colcon_core.shell:Creating package script '/home/didi_121/Rescue-Major/install/vision/share/vision/package.ps1'
[1.859s] INFO:colcon.colcon_core.shell:Creating package descriptor '/home/didi_121/Rescue-Major/install/vision/share/vision/package.dsv'
[1.860s] INFO:colcon.colcon_core.shell:Creating package script '/home/didi_121/Rescue-Major/install/vision/share/vision/package.sh'
[1.861s] INFO:colcon.colcon_core.shell:Creating package script '/home/didi_121/Rescue-Major/install/vision/share/vision/package.bash'
[1.862s] INFO:colcon.colcon_core.shell:Creating package script '/home/didi_121/Rescue-Major/install/vision/share/vision/package.zsh'
[1.862s] Level 1:colcon.colcon_core.environment:create_file_with_runtime_dependencies(/home/didi_121/Rescue-Major/install/vision/share/colcon-core/packages/vision)
[1.863s] ERROR:colcon.colcon_core.event_reactor:Exception in event handler extension 'console_start_end': [Errno 32] Broken pipe
Traceback (most recent call last):
  File "/usr/lib/python3/dist-packages/colcon_core/event_reactor.py", line 78, in _notify_observers
    retval = observer(event)
  File "/usr/lib/python3/dist-packages/colcon_core/event_handler/console_start_end.py", line 72, in __call__
    print(Style.SectionEnd(msg), file=writable, flush=True)
BrokenPipeError: [Errno 32] Broken pipe

[1.993s] DEBUG:colcon.colcon_core.event_handler.log_command:Invoked command in '/home/didi_121/Rescue-Major/build/communication' returned '2': /usr/bin/cmake --build /home/didi_121/Rescue-Major/build/communication -- -j8 -l8
[1.994s] Level 1:colcon.colcon_core.environment:create_environment_scripts_only(communication)
[1.995s] Level 1:colcon.colcon_core.environment:checking '/home/didi_121/Rescue-Major/install/communication' for CMake module files
[1.995s] Level 1:colcon.colcon_core.environment:checking '/home/didi_121/Rescue-Major/install/communication' for CMake config files
[1.996s] Level 1:colcon.colcon_core.shell:create_environment_hook('communication', 'cmake_prefix_path')
[1.996s] INFO:colcon.colcon_core.shell:Creating environment hook '/home/didi_121/Rescue-Major/install/communication/share/communication/hook/cmake_prefix_path.ps1'
[1.997s] INFO:colcon.colcon_core.shell:Creating environment descriptor '/home/didi_121/Rescue-Major/install/communication/share/communication/hook/cmake_prefix_path.dsv'
[1.998s] INFO:colcon.colcon_core.shell:Creating environment hook '/home/didi_121/Rescue-Major/install/communication/share/communication/hook/cmake_prefix_path.sh'
[1.999s] Level 1:colcon.colcon_core.environment:checking '/home/didi_121/Rescue-Major/install/communication/lib'
[1.999s] Level 1:colcon.colcon_core.environment:checking '/home/didi_121/Rescue-Major/install/communication/bin'
[1.999s] Level 1:colcon.colcon_core.environment:checking '/home/didi_121/Rescue-Major/install/communication/lib/pkgconfig/communication.pc'
[2.000s] Level 1:colcon.colcon_core.environment:checking '/home/didi_121/Rescue-Major/install/communication/lib/python3.10/site-packages'
[2.000s] Level 1:colcon.colcon_core.environment:checking '/home/didi_121/Rescue-Major/install/communication/bin'
[2.001s] INFO:colcon.colcon_core.shell:Creating package script '/home/didi_121/Rescue-Major/install/communication/share/communication/package.ps1'
[2.002s] INFO:colcon.colcon_core.shell:Creating package descriptor '/home/didi_121/Rescue-Major/install/communication/share/communication/package.dsv'
[2.003s] INFO:colcon.colcon_core.shell:Creating package script '/home/didi_121/Rescue-Major/install/communication/share/communication/package.sh'
[2.004s] INFO:colcon.colcon_core.shell:Creating package script '/home/didi_121/Rescue-Major/install/communication/share/communication/package.bash'
[2.004s] INFO:colcon.colcon_core.shell:Creating package script '/home/didi_121/Rescue-Major/install/communication/share/communication/package.zsh'
[2.007s] Level 1:colcon.colcon_core.environment:create_file_with_runtime_dependencies(/home/didi_121/Rescue-Major/install/communication/share/colcon-core/packages/communication)
[2.224s] DEBUG:colcon.colcon_parallel_executor.executor.parallel:closing loop
[2.224s] ERROR:colcon.colcon_core.event_reactor:Exception in event handler extension 'console_start_end': [Errno 32] Broken pipe
Traceback (most recent call last):
  File "/usr/lib/python3/dist-packages/colcon_core/event_reactor.py", line 78, in _notify_observers
    retval = observer(event)
  File "/usr/lib/python3/dist-packages/colcon_core/event_handler/console_start_end.py", line 72, in __call__
    print(Style.SectionEnd(msg), file=writable, flush=True)
BrokenPipeError: [Errno 32] Broken pipe

[2.225s] DEBUG:colcon.colcon_parallel_executor.executor.parallel:loop closed
[2.225s] DEBUG:colcon.colcon_parallel_executor.executor.parallel:run_until_complete finished with '2'
[2.225s] DEBUG:colcon.colcon_core.event_reactor:joining thread
[2.252s] INFO:colcon.colcon_core.plugin_system:Skipping extension 'colcon_notification.desktop_notification.terminal_notifier': Not used on non-Darwin systems
[2.252s] INFO:colcon.colcon_core.plugin_system:Skipping extension 'colcon_notification.desktop_notification.win32': Not used on non-Windows systems
[2.252s] INFO:colcon.colcon_notification.desktop_notification:Sending desktop notification using 'notify2'
[2.286s] DEBUG:colcon.colcon_core.event_reactor:joined thread
[2.287s] INFO:colcon.colcon_core.shell:Creating prefix script '/home/didi_121/Rescue-Major/install/local_setup.ps1'
[2.290s] INFO:colcon.colcon_core.shell:Creating prefix util module '/home/didi_121/Rescue-Major/install/_local_setup_util_ps1.py'
[2.296s] INFO:colcon.colcon_core.shell:Creating prefix chain script '/home/didi_121/Rescue-Major/install/setup.ps1'
[2.298s] INFO:colcon.colcon_core.shell:Creating prefix script '/home/didi_121/Rescue-Major/install/local_setup.sh'
[2.300s] INFO:colcon.colcon_core.shell:Creating prefix util module '/home/didi_121/Rescue-Major/install/_local_setup_util_sh.py'
[2.301s] INFO:colcon.colcon_core.shell:Creating prefix chain script '/home/didi_121/Rescue-Major/install/setup.sh'
[2.303s] INFO:colcon.colcon_core.shell:Creating prefix script '/home/didi_121/Rescue-Major/install/local_setup.bash'
[2.305s] INFO:colcon.colcon_core.shell:Creating prefix chain script '/home/didi_121/Rescue-Major/install/setup.bash'
[2.308s] INFO:colcon.colcon_core.shell:Creating prefix script '/home/didi_121/Rescue-Major/install/local_setup.zsh'
[2.309s] INFO:colcon.colcon_core.shell:Creating prefix chain script '/home/didi_121/Rescue-Major/install/setup.zsh'
