[0.018s] Invoking command in '/home/didi_121/Rescue-Major/workspace/communication/build/communication': CMAKE_PREFIX_PATH=/opt/ros/humble /usr/bin/cmake /home/didi_121/Rescue-Major/workspace/communication -DCMAKE_INSTALL_PREFIX=/home/didi_121/Rescue-Major/workspace/communication/install/communication
[0.120s] -- The C compiler identification is GNU 11.4.0
[0.253s] -- The CXX compiler identification is GNU 11.4.0
[0.269s] -- Detecting C compiler ABI info
[0.399s] -- Detecting C compiler ABI info - done
[0.415s] -- Check for working C compiler: /usr/bin/cc - skipped
[0.415s] -- Detecting C compile features
[0.416s] -- Detecting C compile features - done
[0.422s] -- Detecting CXX compiler ABI info
[0.565s] -- Detecting CXX compiler ABI info - done
[0.582s] -- Check for working CXX compiler: /usr/bin/c++ - skipped
[0.582s] -- Detecting CXX compile features
[0.583s] -- Detecting CXX compile features - done
[0.587s] -- Found ament_cmake: 1.3.11 (/opt/ros/humble/share/ament_cmake/cmake)
[0.920s] -- Found Python3: /usr/bin/python3 (found version "3.10.12") found components: Interpreter 
[1.100s] -- Found rclpy: 3.3.16 (/opt/ros/humble/share/rclpy/cmake)
[1.102s] -- Found rclcpp: 16.0.12 (/opt/ros/humble/share/rclcpp/cmake)
[1.177s] -- Found rosidl_generator_c: 3.1.6 (/opt/ros/humble/share/rosidl_generator_c/cmake)
[1.185s] -- Found rosidl_adapter: 3.1.6 (/opt/ros/humble/share/rosidl_adapter/cmake)
[1.201s] -- Found rosidl_generator_cpp: 3.1.6 (/opt/ros/humble/share/rosidl_generator_cpp/cmake)
[1.225s] -- Using all available rosidl_typesupport_c: rosidl_typesupport_fastrtps_c;rosidl_typesupport_introspection_c
[1.257s] -- Using all available rosidl_typesupport_cpp: rosidl_typesupport_fastrtps_cpp;rosidl_typesupport_introspection_cpp
[1.340s] -- Found rmw_implementation_cmake: 6.1.2 (/opt/ros/humble/share/rmw_implementation_cmake/cmake)
[1.345s] -- Found rmw_fastrtps_cpp: 6.2.7 (/opt/ros/humble/share/rmw_fastrtps_cpp/cmake)
[1.501s] -- Found OpenSSL: /usr/lib/x86_64-linux-gnu/libcrypto.so (found version "3.0.2")  
[1.550s] -- Found FastRTPS: /opt/ros/humble/include  
[1.623s] -- Using RMW implementation 'rmw_fastrtps_cpp' as default
[1.637s] -- Looking for pthread.h
[1.774s] -- Looking for pthread.h - found
[1.774s] -- Performing Test CMAKE_HAVE_LIBC_PTHREAD
[1.904s] -- Performing Test CMAKE_HAVE_LIBC_PTHREAD - Success
[1.907s] -- Found Threads: TRUE  
[2.008s] -- Found ament_lint_auto: 0.12.12 (/opt/ros/humble/share/ament_lint_auto/cmake)
[2.136s] -- Configuring done
[2.143s] -- Generating done
[2.147s] -- Build files have been written to: /home/didi_121/Rescue-Major/workspace/communication/build/communication
[2.164s] Invoked command in '/home/didi_121/Rescue-Major/workspace/communication/build/communication' returned '0': CMAKE_PREFIX_PATH=/opt/ros/humble /usr/bin/cmake /home/didi_121/Rescue-Major/workspace/communication -DCMAKE_INSTALL_PREFIX=/home/didi_121/Rescue-Major/workspace/communication/install/communication
[2.168s] Invoking command in '/home/didi_121/Rescue-Major/workspace/communication/build/communication': CMAKE_PREFIX_PATH=/opt/ros/humble /usr/bin/cmake --build /home/didi_121/Rescue-Major/workspace/communication/build/communication -- -j8 -l8
[2.236s] Invoked command in '/home/didi_121/Rescue-Major/workspace/communication/build/communication' returned '0': CMAKE_PREFIX_PATH=/opt/ros/humble /usr/bin/cmake --build /home/didi_121/Rescue-Major/workspace/communication/build/communication -- -j8 -l8
[2.253s] Invoking command in '/home/didi_121/Rescue-Major/workspace/communication/build/communication': CMAKE_PREFIX_PATH=/opt/ros/humble /usr/bin/cmake --install /home/didi_121/Rescue-Major/workspace/communication/build/communication
[2.266s] -- Install configuration: ""
[2.266s] -- Installing: /home/didi_121/Rescue-Major/workspace/communication/install/communication/lib/communication/command_server.py
[2.267s] -- Installing: /home/didi_121/Rescue-Major/workspace/communication/install/communication/lib/communication/dummy_subscriber.py
[2.267s] -- Installing: /home/didi_121/Rescue-Major/workspace/communication/install/communication/lib/communication/dummy_publisher.py
[2.267s] -- Installing: /home/didi_121/Rescue-Major/workspace/communication/install/communication/lib/communication/video_server.py
[2.268s] -- Installing: /home/didi_121/Rescue-Major/workspace/communication/install/communication/share/ament_index/resource_index/package_run_dependencies/communication
[2.268s] -- Installing: /home/didi_121/Rescue-Major/workspace/communication/install/communication/share/ament_index/resource_index/parent_prefix_path/communication
[2.269s] -- Installing: /home/didi_121/Rescue-Major/workspace/communication/install/communication/share/communication/environment/ament_prefix_path.sh
[2.269s] -- Installing: /home/didi_121/Rescue-Major/workspace/communication/install/communication/share/communication/environment/ament_prefix_path.dsv
[2.269s] -- Installing: /home/didi_121/Rescue-Major/workspace/communication/install/communication/share/communication/environment/path.sh
[2.270s] -- Installing: /home/didi_121/Rescue-Major/workspace/communication/install/communication/share/communication/environment/path.dsv
[2.270s] -- Installing: /home/didi_121/Rescue-Major/workspace/communication/install/communication/share/communication/local_setup.bash
[2.270s] -- Installing: /home/didi_121/Rescue-Major/workspace/communication/install/communication/share/communication/local_setup.sh
[2.271s] -- Installing: /home/didi_121/Rescue-Major/workspace/communication/install/communication/share/communication/local_setup.zsh
[2.271s] -- Installing: /home/didi_121/Rescue-Major/workspace/communication/install/communication/share/communication/local_setup.dsv
[2.271s] -- Installing: /home/didi_121/Rescue-Major/workspace/communication/install/communication/share/communication/package.dsv
[2.272s] -- Installing: /home/didi_121/Rescue-Major/workspace/communication/install/communication/share/ament_index/resource_index/packages/communication
[2.272s] -- Installing: /home/didi_121/Rescue-Major/workspace/communication/install/communication/share/communication/cmake/communicationConfig.cmake
[2.272s] -- Installing: /home/didi_121/Rescue-Major/workspace/communication/install/communication/share/communication/cmake/communicationConfig-version.cmake
[2.273s] -- Installing: /home/didi_121/Rescue-Major/workspace/communication/install/communication/share/communication/package.xml
[2.277s] Invoked command in '/home/didi_121/Rescue-Major/workspace/communication/build/communication' returned '0': CMAKE_PREFIX_PATH=/opt/ros/humble /usr/bin/cmake --install /home/didi_121/Rescue-Major/workspace/communication/build/communication
