[0.017s] Invoking command in '/home/didi_121/Rescue-Major/workspace/vision/build/vision': CMAKE_PREFIX_PATH=/opt/ros/humble /usr/bin/cmake /home/didi_121/Rescue-Major/workspace/vision -DCMAKE_INSTALL_PREFIX=/home/didi_121/Rescue-Major/workspace/vision/install/vision
[0.245s] -- The C compiler identification is GNU 11.4.0
[0.412s] -- The CXX compiler identification is GNU 11.4.0
[0.436s] -- Detecting C compiler ABI info
[0.568s] -- Detecting C compiler ABI info - done
[0.583s] -- Check for working C compiler: /usr/bin/cc - skipped
[0.584s] -- Detecting C compile features
[0.585s] -- Detecting C compile features - done
[0.592s] -- Detecting CXX compiler ABI info
[0.762s] -- Detecting CXX compiler ABI info - done
[0.781s] -- Check for working CXX compiler: /usr/bin/c++ - skipped
[0.781s] -- Detecting CXX compile features
[0.782s] -- Detecting CXX compile features - done
[0.790s] -- Found ament_cmake: 1.3.11 (/opt/ros/humble/share/ament_cmake/cmake)
[1.129s] -- Found Python3: /usr/bin/python3 (found version "3.10.12") found components: Interpreter 
[1.348s] -- Found rclpy: 3.3.16 (/opt/ros/humble/share/rclpy/cmake)
[1.351s] -- Found rclcpp: 16.0.12 (/opt/ros/humble/share/rclcpp/cmake)
[1.462s] -- Found rosidl_generator_c: 3.1.6 (/opt/ros/humble/share/rosidl_generator_c/cmake)
[1.475s] -- Found rosidl_adapter: 3.1.6 (/opt/ros/humble/share/rosidl_adapter/cmake)
[1.499s] -- Found rosidl_generator_cpp: 3.1.6 (/opt/ros/humble/share/rosidl_generator_cpp/cmake)
[1.532s] -- Using all available rosidl_typesupport_c: rosidl_typesupport_fastrtps_c;rosidl_typesupport_introspection_c
[1.570s] -- Using all available rosidl_typesupport_cpp: rosidl_typesupport_fastrtps_cpp;rosidl_typesupport_introspection_cpp
[1.670s] -- Found rmw_implementation_cmake: 6.1.2 (/opt/ros/humble/share/rmw_implementation_cmake/cmake)
[1.676s] -- Found rmw_fastrtps_cpp: 6.2.7 (/opt/ros/humble/share/rmw_fastrtps_cpp/cmake)
[1.846s] -- Found OpenSSL: /usr/lib/x86_64-linux-gnu/libcrypto.so (found version "3.0.2")  
[1.896s] -- Found FastRTPS: /opt/ros/humble/include  
[1.974s] -- Using RMW implementation 'rmw_fastrtps_cpp' as default
[1.994s] -- Looking for pthread.h
[2.135s] -- Looking for pthread.h - found
[2.136s] -- Performing Test CMAKE_HAVE_LIBC_PTHREAD
[2.270s] -- Performing Test CMAKE_HAVE_LIBC_PTHREAD - Success
[2.272s] -- Found Threads: TRUE  
[2.403s] -- Found sensor_msgs: 4.8.0 (/opt/ros/humble/share/sensor_msgs/cmake)
[2.502s] -- Found cv_bridge: 3.2.1 (/opt/ros/humble/share/cv_bridge/cmake)
[2.536s] -- Found OpenCV: /usr (found version "4.5.4") 
[2.539s] -- Found image_transport: 3.1.11 (/opt/ros/humble/share/image_transport/cmake)
[2.607s] -- Found ament_lint_auto: 0.12.12 (/opt/ros/humble/share/ament_lint_auto/cmake)
[2.759s] -- Configuring done
[2.793s] -- Generating done
[2.809s] -- Build files have been written to: /home/didi_121/Rescue-Major/workspace/vision/build/vision
[2.829s] Invoked command in '/home/didi_121/Rescue-Major/workspace/vision/build/vision' returned '0': CMAKE_PREFIX_PATH=/opt/ros/humble /usr/bin/cmake /home/didi_121/Rescue-Major/workspace/vision -DCMAKE_INSTALL_PREFIX=/home/didi_121/Rescue-Major/workspace/vision/install/vision
[2.834s] Invoking command in '/home/didi_121/Rescue-Major/workspace/vision/build/vision': CMAKE_PREFIX_PATH=/opt/ros/humble /usr/bin/cmake --build /home/didi_121/Rescue-Major/workspace/vision/build/vision -- -j8 -l8
[2.924s] [ 50%] [32mBuilding CXX object CMakeFiles/video_stream_publisher.dir/src/video_stream.cpp.o[0m
[15.388s] [100%] [32m[1mLinking CXX executable video_stream_publisher[0m
[16.642s] [100%] Built target video_stream_publisher
[16.663s] Invoked command in '/home/didi_121/Rescue-Major/workspace/vision/build/vision' returned '0': CMAKE_PREFIX_PATH=/opt/ros/humble /usr/bin/cmake --build /home/didi_121/Rescue-Major/workspace/vision/build/vision -- -j8 -l8
[16.681s] Invoking command in '/home/didi_121/Rescue-Major/workspace/vision/build/vision': CMAKE_PREFIX_PATH=/opt/ros/humble /usr/bin/cmake --install /home/didi_121/Rescue-Major/workspace/vision/build/vision
[16.696s] -- Install configuration: ""
[16.697s] [31mCMake Error at cmake_install.cmake:46 (file):
[16.697s]   file INSTALL cannot find
[16.697s]   "/home/didi_121/Rescue-Major/workspace/vision/launch": No such file or
[16.697s]   directory.
[16.697s] 
[16.697s] [0m
[16.699s] Invoked command in '/home/didi_121/Rescue-Major/workspace/vision/build/vision' returned '1': CMAKE_PREFIX_PATH=/opt/ros/humble /usr/bin/cmake --install /home/didi_121/Rescue-Major/workspace/vision/build/vision
