[0.517s] Invoking command in '/home/didi_121/Rescue-Major/build/communication': /usr/bin/cmake --build /home/didi_121/Rescue-Major/build/communication -- -j8 -l8
[0.615s] -- Found ament_cmake: 1.3.11 (/opt/ros/humble/share/ament_cmake/cmake)
[0.893s] Traceback (most recent call last):
[0.893s]   File "/opt/ros/humble/share/ament_cmake_core/cmake/package_templates/templates_2_cmake.py", line 21, in <module>
[0.893s]     from ament_package.templates import get_environment_hook_template_path
[0.893s] ModuleNotFoundError: No module named 'ament_package'
[0.912s] CMake Error at /opt/ros/humble/share/ament_cmake_core/cmake/ament_cmake_package_templates-extras.cmake:41 (message):
[0.912s]   execute_process(/usr/bin/python3
[0.913s]   /opt/ros/humble/share/ament_cmake_core/cmake/package_templates/templates_2_cmake.py
[0.913s]   /home/didi_121/Rescue-Major/build/communication/ament_cmake_package_templates/templates.cmake)
[0.913s]   returned error code 1
[0.913s] Call Stack (most recent call first):
[0.913s]   /opt/ros/humble/share/ament_cmake_core/cmake/ament_cmake_coreConfig.cmake:41 (include)
[0.914s]   /opt/ros/humble/share/ament_cmake/cmake/ament_cmake_export_dependencies-extras.cmake:15 (find_package)
[0.914s]   /opt/ros/humble/share/ament_cmake/cmake/ament_cmakeConfig.cmake:41 (include)
[0.914s]   CMakeLists.txt:9 (find_package)
[0.914s] 
[0.915s] 
[0.915s] -- Configuring incomplete, errors occurred!
[0.915s] See also "/home/didi_121/Rescue-Major/build/communication/CMakeFiles/CMakeOutput.log".
[0.916s] gmake: *** [Makefile:226: cmake_check_build_system] Error 1
[0.920s] Invoked command in '/home/didi_121/Rescue-Major/build/communication' returned '2': /usr/bin/cmake --build /home/didi_121/Rescue-Major/build/communication -- -j8 -l8
