[0.022s] Invoking command in '/home/aesir/Rescue-Major/build/unitree_lidar_ros2': CMAKE_PREFIX_PATH=/opt/ros/humble /usr/bin/cmake /home/aesir/Rescue-Major/workspace/src/unilidar_sdk2/unitree_lidar_ros2/src/unitree_lidar_ros2 -DCMAKE_INSTALL_PREFIX=/home/aesir/Rescue-Major/install/unitree_lidar_ros2
[0.213s] -- The C compiler identification is GNU 11.4.0
[0.402s] -- The CXX compiler identification is GNU 11.4.0
[0.446s] -- Detecting C compiler ABI info
[0.580s] -- Detecting C compiler ABI info - done
[0.592s] -- Check for working C compiler: /usr/bin/cc - skipped
[0.593s] -- Detecting C compile features
[0.595s] -- Detecting C compile features - done
[0.603s] -- Detecting CXX compiler ABI info
[0.750s] -- Detecting CXX compiler ABI info - done
[0.762s] -- Check for working CXX compiler: /usr/bin/c++ - skipped
[0.762s] -- Detecting CXX compile features
[0.763s] -- Detecting CXX compile features - done
[0.780s] -- Found ament_cmake: 1.3.14 (/opt/ros/humble/share/ament_cmake/cmake)
[1.049s] -- Found Python3: /usr/bin/python3 (found version "3.10.12") found components: Interpreter 
[1.239s] -- Found rclcpp: 16.0.19 (/opt/ros/humble/share/rclcpp/cmake)
[1.343s] -- Found rosidl_generator_c: 3.1.8 (/opt/ros/humble/share/rosidl_generator_c/cmake)
[1.351s] -- Found rosidl_adapter: 3.1.8 (/opt/ros/humble/share/rosidl_adapter/cmake)
[1.363s] -- Found rosidl_generator_cpp: 3.1.8 (/opt/ros/humble/share/rosidl_generator_cpp/cmake)
[1.387s] -- Using all available rosidl_typesupport_c: rosidl_typesupport_fastrtps_c;rosidl_typesupport_introspection_c
[1.425s] -- Using all available rosidl_typesupport_cpp: rosidl_typesupport_fastrtps_cpp;rosidl_typesupport_introspection_cpp
[1.501s] -- Found rmw_implementation_cmake: 6.1.2 (/opt/ros/humble/share/rmw_implementation_cmake/cmake)
[1.506s] -- Found rmw_fastrtps_cpp: 6.2.10 (/opt/ros/humble/share/rmw_fastrtps_cpp/cmake)
[1.682s] -- Found OpenSSL: /usr/lib/x86_64-linux-gnu/libcrypto.so (found version "3.0.2")  
[1.766s] -- Found FastRTPS: /opt/ros/humble/include  
[1.836s] -- Using RMW implementation 'rmw_fastrtps_cpp' as default
[1.865s] -- Looking for pthread.h
[1.987s] -- Looking for pthread.h - found
[1.988s] -- Performing Test CMAKE_HAVE_LIBC_PTHREAD
[2.100s] -- Performing Test CMAKE_HAVE_LIBC_PTHREAD - Success
[2.101s] -- Found Threads: TRUE  
[2.190s] -- Found geometry_msgs: 4.9.1 (/opt/ros/humble/share/geometry_msgs/cmake)
[2.213s] -- Found pcl_conversions: 2.4.5 (/opt/ros/humble/share/pcl_conversions/cmake)
[2.344s] -- Checking for module 'eigen3'
[2.389s] --   Found eigen3, version 3.4.0
[2.467s] -- Found Eigen: /usr/include/eigen3 (Required is at least version "3.1") 
[2.467s] -- Eigen found (include: /usr/include/eigen3, version: 3.4.0)
[2.545s] -- Checking for module 'flann'
[2.568s] --   Found flann, version 1.9.1
[2.637s] -- Found FLANN: /usr/lib/x86_64-linux-gnu/libflann_cpp.so  
[2.638s] -- FLANN found (include: /usr/include, lib: /usr/lib/x86_64-linux-gnu/libflann_cpp.so)
[4.303s] -- Checking for module 'libusb-1.0'
[4.327s] --   Found libusb-1.0, version 1.0.25
[4.395s] -- Found libusb: /usr/lib/x86_64-linux-gnu/libusb-1.0.so  
[4.396s] -- OpenNI found (version: 1.5.4.0, include: /usr/include/ni, lib: /usr/lib/libOpenNI.so;libusb::libusb)
[4.507s] -- OpenNI2 found (version: 2.2.0.33, include: /usr/include/openni2, lib: /usr/lib/x86_64-linux-gnu/libOpenNI2.so;libusb::libusb)
[4.791s] -- Eigen found (include: /usr/include/eigen3, version: 3.4.0)
[4.801s] -- OpenNI found (version: 1.5.4.0, include: /usr/include/ni, lib: /usr/lib/libOpenNI.so;libusb::libusb)
[4.811s] -- OpenNI2 found (version: 2.2.0.33, include: /usr/include/openni2, lib: /usr/lib/x86_64-linux-gnu/libOpenNI2.so;libusb::libusb)
[5.133s] -- Found Qhull version 8.0.2
[5.346s] -- OpenNI found (version: 1.5.4.0, include: /usr/include/ni, lib: /usr/lib/libOpenNI.so;libusb::libusb)
[5.570s] -- Found PCL_COMMON: /usr/lib/x86_64-linux-gnu/libpcl_common.so  
[5.572s] -- Found PCL_KDTREE: /usr/lib/x86_64-linux-gnu/libpcl_kdtree.so  
[5.573s] -- Found PCL_OCTREE: /usr/lib/x86_64-linux-gnu/libpcl_octree.so  
[5.575s] -- Found PCL_SEARCH: /usr/lib/x86_64-linux-gnu/libpcl_search.so  
[5.577s] -- Found PCL_SAMPLE_CONSENSUS: /usr/lib/x86_64-linux-gnu/libpcl_sample_consensus.so  
[5.579s] -- Found PCL_FILTERS: /usr/lib/x86_64-linux-gnu/libpcl_filters.so  
[5.579s] -- Found PCL_2D: /usr/include/pcl-1.12  
[5.579s] -- Found PCL_GEOMETRY: /usr/include/pcl-1.12  
[5.581s] -- Found PCL_IO: /usr/lib/x86_64-linux-gnu/libpcl_io.so  
[5.583s] -- Found PCL_FEATURES: /usr/lib/x86_64-linux-gnu/libpcl_features.so  
[5.585s] -- Found PCL_ML: /usr/lib/x86_64-linux-gnu/libpcl_ml.so  
[5.586s] -- Found PCL_SEGMENTATION: /usr/lib/x86_64-linux-gnu/libpcl_segmentation.so  
[5.588s] -- Found PCL_VISUALIZATION: /usr/lib/x86_64-linux-gnu/libpcl_visualization.so  
[5.590s] -- Found PCL_SURFACE: /usr/lib/x86_64-linux-gnu/libpcl_surface.so  
[5.591s] -- Found PCL_REGISTRATION: /usr/lib/x86_64-linux-gnu/libpcl_registration.so  
[5.593s] -- Found PCL_KEYPOINTS: /usr/lib/x86_64-linux-gnu/libpcl_keypoints.so  
[5.594s] -- Found PCL_TRACKING: /usr/lib/x86_64-linux-gnu/libpcl_tracking.so  
[5.596s] -- Found PCL_RECOGNITION: /usr/lib/x86_64-linux-gnu/libpcl_recognition.so  
[5.597s] -- Found PCL_STEREO: /usr/lib/x86_64-linux-gnu/libpcl_stereo.so  
[5.598s] -- Found PCL_APPS: /usr/lib/x86_64-linux-gnu/libpcl_apps.so  
[5.599s] -- Found PCL_IN_HAND_SCANNER: /usr/include/pcl-1.12  
[5.600s] -- Found PCL_MODELER: /usr/include/pcl-1.12  
[5.600s] -- Found PCL_POINT_CLOUD_EDITOR: /usr/include/pcl-1.12  
[5.602s] -- Found PCL_OUTOFCORE: /usr/lib/x86_64-linux-gnu/libpcl_outofcore.so  
[5.603s] -- Found PCL_PEOPLE: /usr/lib/x86_64-linux-gnu/libpcl_people.so  
[5.605s] [33mCMake Warning (dev) at CMakeLists.txt:23 (find_package):
[5.605s]   Policy CMP0074 is not set: find_package uses <PackageName>_ROOT variables.
[5.605s]   Run "cmake --help-policy CMP0074" for policy details.  Use the cmake_policy
[5.606s]   command to set the policy and suppress this warning.
[5.606s] 
[5.606s]   CMake variable PCL_ROOT is set to:
[5.606s] 
[5.606s]     /usr
[5.606s] 
[5.607s]   For compatibility, CMake is ignoring the variable.
[5.607s] This warning is for project developers.  Use -Wno-dev to suppress it.
[5.607s] [0m
[5.625s] -- Found tf2_ros: 0.25.20 (/opt/ros/humble/share/tf2_ros/cmake)
[5.945s] -- Configuring done
[6.029s] -- Generating done
[6.043s] -- Build files have been written to: /home/aesir/Rescue-Major/build/unitree_lidar_ros2
[6.072s] Invoked command in '/home/aesir/Rescue-Major/build/unitree_lidar_ros2' returned '0': CMAKE_PREFIX_PATH=/opt/ros/humble /usr/bin/cmake /home/aesir/Rescue-Major/workspace/src/unilidar_sdk2/unitree_lidar_ros2/src/unitree_lidar_ros2 -DCMAKE_INSTALL_PREFIX=/home/aesir/Rescue-Major/install/unitree_lidar_ros2
[6.076s] Invoking command in '/home/aesir/Rescue-Major/build/unitree_lidar_ros2': CMAKE_PREFIX_PATH=/opt/ros/humble /usr/bin/cmake --build /home/aesir/Rescue-Major/build/unitree_lidar_ros2 -- -j8 -l8
[6.163s] [ 50%] [32mBuilding CXX object CMakeFiles/unitree_lidar_ros2_node.dir/src/unitree_lidar_ros2_node.cpp.o[0m
[22.572s] [100%] [32m[1mLinking CXX executable unitree_lidar_ros2_node[0m
[23.466s] [100%] Built target unitree_lidar_ros2_node
[23.487s] Invoked command in '/home/aesir/Rescue-Major/build/unitree_lidar_ros2' returned '0': CMAKE_PREFIX_PATH=/opt/ros/humble /usr/bin/cmake --build /home/aesir/Rescue-Major/build/unitree_lidar_ros2 -- -j8 -l8
[23.502s] Invoking command in '/home/aesir/Rescue-Major/build/unitree_lidar_ros2': CMAKE_PREFIX_PATH=/opt/ros/humble /usr/bin/cmake --install /home/aesir/Rescue-Major/build/unitree_lidar_ros2
[23.512s] -- Install configuration: ""
[23.512s] -- Installing: /home/aesir/Rescue-Major/install/unitree_lidar_ros2/lib/unitree_lidar_ros2/unitree_lidar_ros2_node
[23.515s] -- Set runtime path of "/home/aesir/Rescue-Major/install/unitree_lidar_ros2/lib/unitree_lidar_ros2/unitree_lidar_ros2_node" to ""
[23.515s] -- Installing: /home/aesir/Rescue-Major/install/unitree_lidar_ros2/share/unitree_lidar_ros2/view.rviz
[23.515s] -- Installing: /home/aesir/Rescue-Major/install/unitree_lidar_ros2/share/unitree_lidar_ros2/launch.py
[23.516s] -- Installing: /home/aesir/Rescue-Major/install/unitree_lidar_ros2/share/ament_index/resource_index/package_run_dependencies/unitree_lidar_ros2
[23.516s] -- Installing: /home/aesir/Rescue-Major/install/unitree_lidar_ros2/share/ament_index/resource_index/parent_prefix_path/unitree_lidar_ros2
[23.517s] -- Installing: /home/aesir/Rescue-Major/install/unitree_lidar_ros2/share/unitree_lidar_ros2/environment/ament_prefix_path.sh
[23.517s] -- Installing: /home/aesir/Rescue-Major/install/unitree_lidar_ros2/share/unitree_lidar_ros2/environment/ament_prefix_path.dsv
[23.517s] -- Installing: /home/aesir/Rescue-Major/install/unitree_lidar_ros2/share/unitree_lidar_ros2/environment/path.sh
[23.517s] -- Installing: /home/aesir/Rescue-Major/install/unitree_lidar_ros2/share/unitree_lidar_ros2/environment/path.dsv
[23.518s] -- Installing: /home/aesir/Rescue-Major/install/unitree_lidar_ros2/share/unitree_lidar_ros2/local_setup.bash
[23.518s] -- Installing: /home/aesir/Rescue-Major/install/unitree_lidar_ros2/share/unitree_lidar_ros2/local_setup.sh
[23.518s] -- Installing: /home/aesir/Rescue-Major/install/unitree_lidar_ros2/share/unitree_lidar_ros2/local_setup.zsh
[23.518s] -- Installing: /home/aesir/Rescue-Major/install/unitree_lidar_ros2/share/unitree_lidar_ros2/local_setup.dsv
[23.519s] -- Installing: /home/aesir/Rescue-Major/install/unitree_lidar_ros2/share/unitree_lidar_ros2/package.dsv
[23.519s] -- Installing: /home/aesir/Rescue-Major/install/unitree_lidar_ros2/share/ament_index/resource_index/packages/unitree_lidar_ros2
[23.519s] -- Installing: /home/aesir/Rescue-Major/install/unitree_lidar_ros2/share/unitree_lidar_ros2/cmake/unitree_lidar_ros2Config.cmake
[23.519s] -- Installing: /home/aesir/Rescue-Major/install/unitree_lidar_ros2/share/unitree_lidar_ros2/cmake/unitree_lidar_ros2Config-version.cmake
[23.520s] -- Installing: /home/aesir/Rescue-Major/install/unitree_lidar_ros2/share/unitree_lidar_ros2/package.xml
[23.524s] Invoked command in '/home/aesir/Rescue-Major/build/unitree_lidar_ros2' returned '0': CMAKE_PREFIX_PATH=/opt/ros/humble /usr/bin/cmake --install /home/aesir/Rescue-Major/build/unitree_lidar_ros2
