[0.240s] DEBUG:colcon:Command line arguments: ['/usr/bin/colcon', 'build']
[0.240s] DEBUG:colcon:Parsed command line arguments: Namespace(log_base=None, log_level=None, verb_name='build', build_base='build', install_base='install', merge_install=False, symlink_install=False, test_result_base=None, continue_on_error=False, executor='parallel', parallel_workers=8, event_handlers=None, ignore_user_meta=False, metas=['./colcon.meta'], base_paths=['.'], packages_ignore=None, packages_ignore_regex=None, paths=None, packages_up_to=None, packages_up_to_regex=None, packages_above=None, packages_above_and_dependencies=None, packages_above_depth=None, packages_select_by_dep=None, packages_skip_by_dep=None, packages_skip_up_to=None, packages_select_build_failed=False, packages_skip_build_finished=False, packages_select_test_failures=False, packages_skip_test_passed=False, packages_select=None, packages_skip=None, packages_select_regex=None, packages_skip_regex=None, packages_start=None, packages_end=None, allow_overriding=[], cmake_args=None, cmake_target=None, cmake_target_skip_unavailable=False, cmake_clean_cache=False, cmake_clean_first=False, cmake_force_configure=False, ament_cmake_args=None, catkin_cmake_args=None, catkin_skip_building_tests=False, mixin_files=None, mixin=None, verb_parser=<colcon_mixin.mixin.mixin_argument.MixinArgumentDecorator object at 0x7a520b469240>, verb_extension=<colcon_core.verb.build.BuildVerb object at 0x7a520b468820>, main=<bound method BuildVerb.main of <colcon_core.verb.build.BuildVerb object at 0x7a520b468820>>, mixin_verb=('build',))
[0.580s] Level 1:colcon.colcon_core.package_discovery:discover_packages(colcon_meta) check parameters
[0.580s] Level 1:colcon.colcon_core.package_discovery:discover_packages(recursive) check parameters
[0.580s] Level 1:colcon.colcon_core.package_discovery:discover_packages(ignore) check parameters
[0.580s] Level 1:colcon.colcon_core.package_discovery:discover_packages(path) check parameters
[0.580s] Level 1:colcon.colcon_core.package_discovery:discover_packages(colcon_meta) discover
[0.580s] Level 1:colcon.colcon_core.package_discovery:discover_packages(recursive) discover
[0.581s] INFO:colcon.colcon_core.package_discovery:Crawling recursively for packages in '/home/didi_121/Rescue-Major/workspace'
[0.581s] Level 1:colcon.colcon_core.package_identification:_identify(.) by extensions ['ignore', 'ignore_ament_install']
[0.581s] Level 1:colcon.colcon_core.package_identification:_identify(.) by extension 'ignore'
[0.581s] Level 1:colcon.colcon_core.package_identification:_identify(.) by extension 'ignore_ament_install'
[0.581s] Level 1:colcon.colcon_core.package_identification:_identify(.) by extensions ['colcon_pkg']
[0.581s] Level 1:colcon.colcon_core.package_identification:_identify(.) by extension 'colcon_pkg'
[0.581s] Level 1:colcon.colcon_core.package_identification:_identify(.) by extensions ['colcon_meta']
[0.581s] Level 1:colcon.colcon_core.package_identification:_identify(.) by extension 'colcon_meta'
[0.581s] Level 1:colcon.colcon_core.package_identification:_identify(.) by extensions ['ros']
[0.581s] Level 1:colcon.colcon_core.package_identification:_identify(.) by extension 'ros'
[0.604s] Level 1:colcon.colcon_core.package_identification:_identify(.) by extensions ['cmake', 'python']
[0.604s] Level 1:colcon.colcon_core.package_identification:_identify(.) by extension 'cmake'
[0.604s] Level 1:colcon.colcon_core.package_identification:_identify(.) by extension 'python'
[0.604s] Level 1:colcon.colcon_core.package_identification:_identify(.) by extensions ['python_setup_py']
[0.604s] Level 1:colcon.colcon_core.package_identification:_identify(.) by extension 'python_setup_py'
[0.605s] Level 1:colcon.colcon_core.package_identification:_identify(build) by extensions ['ignore', 'ignore_ament_install']
[0.605s] Level 1:colcon.colcon_core.package_identification:_identify(build) by extension 'ignore'
[0.605s] Level 1:colcon.colcon_core.package_identification:_identify(build) ignored
[0.605s] Level 1:colcon.colcon_core.package_identification:_identify(communication) by extensions ['ignore', 'ignore_ament_install']
[0.605s] Level 1:colcon.colcon_core.package_identification:_identify(communication) by extension 'ignore'
[0.605s] Level 1:colcon.colcon_core.package_identification:_identify(communication) by extension 'ignore_ament_install'
[0.605s] Level 1:colcon.colcon_core.package_identification:_identify(communication) by extensions ['colcon_pkg']
[0.605s] Level 1:colcon.colcon_core.package_identification:_identify(communication) by extension 'colcon_pkg'
[0.606s] Level 1:colcon.colcon_core.package_identification:_identify(communication) by extensions ['colcon_meta']
[0.606s] Level 1:colcon.colcon_core.package_identification:_identify(communication) by extension 'colcon_meta'
[0.606s] Level 1:colcon.colcon_core.package_identification:_identify(communication) by extensions ['ros']
[0.606s] Level 1:colcon.colcon_core.package_identification:_identify(communication) by extension 'ros'
[0.611s] DEBUG:colcon.colcon_core.package_identification:Package 'communication' with type 'ros.ament_cmake' and name 'communication'
[0.611s] Level 1:colcon.colcon_core.package_identification:_identify(install) by extensions ['ignore', 'ignore_ament_install']
[0.612s] Level 1:colcon.colcon_core.package_identification:_identify(install) by extension 'ignore'
[0.612s] Level 1:colcon.colcon_core.package_identification:_identify(install) ignored
[0.612s] Level 1:colcon.colcon_core.package_identification:_identify(localization) by extensions ['ignore', 'ignore_ament_install']
[0.612s] Level 1:colcon.colcon_core.package_identification:_identify(localization) by extension 'ignore'
[0.612s] Level 1:colcon.colcon_core.package_identification:_identify(localization) by extension 'ignore_ament_install'
[0.613s] Level 1:colcon.colcon_core.package_identification:_identify(localization) by extensions ['colcon_pkg']
[0.613s] Level 1:colcon.colcon_core.package_identification:_identify(localization) by extension 'colcon_pkg'
[0.613s] Level 1:colcon.colcon_core.package_identification:_identify(localization) by extensions ['colcon_meta']
[0.613s] Level 1:colcon.colcon_core.package_identification:_identify(localization) by extension 'colcon_meta'
[0.613s] Level 1:colcon.colcon_core.package_identification:_identify(localization) by extensions ['ros']
[0.613s] Level 1:colcon.colcon_core.package_identification:_identify(localization) by extension 'ros'
[0.613s] Level 1:colcon.colcon_core.package_identification:_identify(localization) by extensions ['cmake', 'python']
[0.614s] Level 1:colcon.colcon_core.package_identification:_identify(localization) by extension 'cmake'
[0.614s] Level 1:colcon.colcon_core.package_identification:_identify(localization) by extension 'python'
[0.614s] Level 1:colcon.colcon_core.package_identification:_identify(localization) by extensions ['python_setup_py']
[0.614s] Level 1:colcon.colcon_core.package_identification:_identify(localization) by extension 'python_setup_py'
[0.614s] Level 1:colcon.colcon_core.package_identification:_identify(log) by extensions ['ignore', 'ignore_ament_install']
[0.614s] Level 1:colcon.colcon_core.package_identification:_identify(log) by extension 'ignore'
[0.615s] Level 1:colcon.colcon_core.package_identification:_identify(log) ignored
[0.615s] Level 1:colcon.colcon_core.package_identification:_identify(master) by extensions ['ignore', 'ignore_ament_install']
[0.615s] Level 1:colcon.colcon_core.package_identification:_identify(master) by extension 'ignore'
[0.615s] Level 1:colcon.colcon_core.package_identification:_identify(master) by extension 'ignore_ament_install'
[0.615s] Level 1:colcon.colcon_core.package_identification:_identify(master) by extensions ['colcon_pkg']
[0.615s] Level 1:colcon.colcon_core.package_identification:_identify(master) by extension 'colcon_pkg'
[0.615s] Level 1:colcon.colcon_core.package_identification:_identify(master) by extensions ['colcon_meta']
[0.615s] Level 1:colcon.colcon_core.package_identification:_identify(master) by extension 'colcon_meta'
[0.616s] Level 1:colcon.colcon_core.package_identification:_identify(master) by extensions ['ros']
[0.616s] Level 1:colcon.colcon_core.package_identification:_identify(master) by extension 'ros'
[0.616s] Level 1:colcon.colcon_core.package_identification:_identify(master) by extensions ['cmake', 'python']
[0.616s] Level 1:colcon.colcon_core.package_identification:_identify(master) by extension 'cmake'
[0.616s] Level 1:colcon.colcon_core.package_identification:_identify(master) by extension 'python'
[0.616s] Level 1:colcon.colcon_core.package_identification:_identify(master) by extensions ['python_setup_py']
[0.616s] Level 1:colcon.colcon_core.package_identification:_identify(master) by extension 'python_setup_py'
[0.616s] Level 1:colcon.colcon_core.package_identification:_identify(microcontrallers) by extensions ['ignore', 'ignore_ament_install']
[0.616s] Level 1:colcon.colcon_core.package_identification:_identify(microcontrallers) by extension 'ignore'
[0.617s] Level 1:colcon.colcon_core.package_identification:_identify(microcontrallers) by extension 'ignore_ament_install'
[0.617s] Level 1:colcon.colcon_core.package_identification:_identify(microcontrallers) by extensions ['colcon_pkg']
[0.617s] Level 1:colcon.colcon_core.package_identification:_identify(microcontrallers) by extension 'colcon_pkg'
[0.617s] Level 1:colcon.colcon_core.package_identification:_identify(microcontrallers) by extensions ['colcon_meta']
[0.617s] Level 1:colcon.colcon_core.package_identification:_identify(microcontrallers) by extension 'colcon_meta'
[0.617s] Level 1:colcon.colcon_core.package_identification:_identify(microcontrallers) by extensions ['ros']
[0.617s] Level 1:colcon.colcon_core.package_identification:_identify(microcontrallers) by extension 'ros'
[0.617s] Level 1:colcon.colcon_core.package_identification:_identify(microcontrallers) by extensions ['cmake', 'python']
[0.617s] Level 1:colcon.colcon_core.package_identification:_identify(microcontrallers) by extension 'cmake'
[0.617s] Level 1:colcon.colcon_core.package_identification:_identify(microcontrallers) by extension 'python'
[0.617s] Level 1:colcon.colcon_core.package_identification:_identify(microcontrallers) by extensions ['python_setup_py']
[0.617s] Level 1:colcon.colcon_core.package_identification:_identify(microcontrallers) by extension 'python_setup_py'
[0.618s] Level 1:colcon.colcon_core.package_identification:_identify(vision) by extensions ['ignore', 'ignore_ament_install']
[0.618s] Level 1:colcon.colcon_core.package_identification:_identify(vision) by extension 'ignore'
[0.618s] Level 1:colcon.colcon_core.package_identification:_identify(vision) by extension 'ignore_ament_install'
[0.618s] Level 1:colcon.colcon_core.package_identification:_identify(vision) by extensions ['colcon_pkg']
[0.618s] Level 1:colcon.colcon_core.package_identification:_identify(vision) by extension 'colcon_pkg'
[0.618s] Level 1:colcon.colcon_core.package_identification:_identify(vision) by extensions ['colcon_meta']
[0.618s] Level 1:colcon.colcon_core.package_identification:_identify(vision) by extension 'colcon_meta'
[0.618s] Level 1:colcon.colcon_core.package_identification:_identify(vision) by extensions ['ros']
[0.618s] Level 1:colcon.colcon_core.package_identification:_identify(vision) by extension 'ros'
[0.618s] Level 1:colcon.colcon_core.package_identification:_identify(vision) by extensions ['cmake', 'python']
[0.618s] Level 1:colcon.colcon_core.package_identification:_identify(vision) by extension 'cmake'
[0.618s] Level 1:colcon.colcon_core.package_identification:_identify(vision) by extension 'python'
[0.619s] Level 1:colcon.colcon_core.package_identification:_identify(vision) by extensions ['python_setup_py']
[0.619s] Level 1:colcon.colcon_core.package_identification:_identify(vision) by extension 'python_setup_py'
[0.619s] Level 1:colcon.colcon_core.package_discovery:discover_packages(recursive) using defaults
[0.619s] Level 1:colcon.colcon_core.package_discovery:discover_packages(ignore) discover
[0.619s] Level 1:colcon.colcon_core.package_discovery:discover_packages(ignore) using defaults
[0.619s] Level 1:colcon.colcon_core.package_discovery:discover_packages(path) discover
[0.619s] Level 1:colcon.colcon_core.package_discovery:discover_packages(path) using defaults
[0.681s] Level 1:colcon.colcon_core.package_discovery:discover_packages(prefix_path) check parameters
[0.681s] Level 1:colcon.colcon_core.package_discovery:discover_packages(prefix_path) discover
[0.684s] DEBUG:colcon.colcon_installed_package_information.package_discovery:Found 1 installed packages in /home/didi_121/Rescue-Major/workspace/install
[0.687s] DEBUG:colcon.colcon_installed_package_information.package_discovery:Found 271 installed packages in /opt/ros/humble
[0.690s] Level 1:colcon.colcon_core.package_discovery:discover_packages(prefix_path) using defaults
[0.764s] Level 5:colcon.colcon_core.verb:set package 'communication' build argument 'cmake_args' from command line to 'None'
[0.764s] Level 5:colcon.colcon_core.verb:set package 'communication' build argument 'cmake_target' from command line to 'None'
[0.764s] Level 5:colcon.colcon_core.verb:set package 'communication' build argument 'cmake_target_skip_unavailable' from command line to 'False'
[0.764s] Level 5:colcon.colcon_core.verb:set package 'communication' build argument 'cmake_clean_cache' from command line to 'False'
[0.764s] Level 5:colcon.colcon_core.verb:set package 'communication' build argument 'cmake_clean_first' from command line to 'False'
[0.764s] Level 5:colcon.colcon_core.verb:set package 'communication' build argument 'cmake_force_configure' from command line to 'False'
[0.764s] Level 5:colcon.colcon_core.verb:set package 'communication' build argument 'ament_cmake_args' from command line to 'None'
[0.764s] Level 5:colcon.colcon_core.verb:set package 'communication' build argument 'catkin_cmake_args' from command line to 'None'
[0.764s] Level 5:colcon.colcon_core.verb:set package 'communication' build argument 'catkin_skip_building_tests' from command line to 'False'
[0.764s] DEBUG:colcon.colcon_core.verb:Building package 'communication' with the following arguments: {'ament_cmake_args': None, 'build_base': '/home/didi_121/Rescue-Major/workspace/build/communication', 'catkin_cmake_args': None, 'catkin_skip_building_tests': False, 'cmake_args': None, 'cmake_clean_cache': False, 'cmake_clean_first': False, 'cmake_force_configure': False, 'cmake_target': None, 'cmake_target_skip_unavailable': False, 'install_base': '/home/didi_121/Rescue-Major/workspace/install/communication', 'merge_install': False, 'path': '/home/didi_121/Rescue-Major/workspace/communication', 'symlink_install': False, 'test_result_base': None}
[0.764s] INFO:colcon.colcon_core.executor:Executing jobs using 'parallel' executor
[0.766s] DEBUG:colcon.colcon_parallel_executor.executor.parallel:run_until_complete
[0.767s] INFO:colcon.colcon_ros.task.ament_cmake.build:Building ROS package in '/home/didi_121/Rescue-Major/workspace/communication' with build type 'ament_cmake'
[0.767s] INFO:colcon.colcon_cmake.task.cmake.build:Building CMake package in '/home/didi_121/Rescue-Major/workspace/communication'
[0.771s] INFO:colcon.colcon_core.plugin_system:Skipping extension 'colcon_core.shell.bat': Not used on non-Windows systems
[0.772s] INFO:colcon.colcon_core.shell:Skip shell extension 'powershell' for command environment: Not usable outside of PowerShell
[0.772s] DEBUG:colcon.colcon_core.shell:Skip shell extension 'dsv' for command environment
[0.790s] DEBUG:colcon.colcon_core.event_handler.log_command:Invoking command in '/home/didi_121/Rescue-Major/workspace/build/communication': CMAKE_PREFIX_PATH=${CMAKE_PREFIX_PATH}:/opt/ros/humble /usr/bin/cmake --build /home/didi_121/Rescue-Major/workspace/build/communication -- -j8 -l8
[0.868s] DEBUG:colcon.colcon_core.event_handler.log_command:Invoked command in '/home/didi_121/Rescue-Major/workspace/build/communication' returned '0': CMAKE_PREFIX_PATH=${CMAKE_PREFIX_PATH}:/opt/ros/humble /usr/bin/cmake --build /home/didi_121/Rescue-Major/workspace/build/communication -- -j8 -l8
[0.890s] DEBUG:colcon.colcon_core.event_handler.log_command:Invoking command in '/home/didi_121/Rescue-Major/workspace/build/communication': CMAKE_PREFIX_PATH=${CMAKE_PREFIX_PATH}:/opt/ros/humble /usr/bin/cmake --install /home/didi_121/Rescue-Major/workspace/build/communication
[0.910s] Level 1:colcon.colcon_core.environment:create_environment_scripts_only(communication)
[0.912s] DEBUG:colcon.colcon_core.event_handler.log_command:Invoked command in '/home/didi_121/Rescue-Major/workspace/build/communication' returned '0': CMAKE_PREFIX_PATH=${CMAKE_PREFIX_PATH}:/opt/ros/humble /usr/bin/cmake --install /home/didi_121/Rescue-Major/workspace/build/communication
[0.915s] Level 1:colcon.colcon_core.environment:checking '/home/didi_121/Rescue-Major/workspace/install/communication' for CMake module files
[0.916s] Level 1:colcon.colcon_core.environment:checking '/home/didi_121/Rescue-Major/workspace/install/communication' for CMake config files
[0.917s] Level 1:colcon.colcon_core.shell:create_environment_hook('communication', 'cmake_prefix_path')
[0.918s] INFO:colcon.colcon_core.shell:Creating environment hook '/home/didi_121/Rescue-Major/workspace/install/communication/share/communication/hook/cmake_prefix_path.ps1'
[0.919s] INFO:colcon.colcon_core.shell:Creating environment descriptor '/home/didi_121/Rescue-Major/workspace/install/communication/share/communication/hook/cmake_prefix_path.dsv'
[0.920s] INFO:colcon.colcon_core.shell:Creating environment hook '/home/didi_121/Rescue-Major/workspace/install/communication/share/communication/hook/cmake_prefix_path.sh'
[0.922s] Level 1:colcon.colcon_core.environment:checking '/home/didi_121/Rescue-Major/workspace/install/communication/lib'
[0.923s] Level 1:colcon.colcon_core.environment:checking '/home/didi_121/Rescue-Major/workspace/install/communication/bin'
[0.923s] Level 1:colcon.colcon_core.environment:checking '/home/didi_121/Rescue-Major/workspace/install/communication/lib/pkgconfig/communication.pc'
[0.924s] Level 1:colcon.colcon_core.environment:checking '/home/didi_121/Rescue-Major/workspace/install/communication/lib/python3.10/site-packages'
[0.924s] Level 1:colcon.colcon_core.environment:checking '/home/didi_121/Rescue-Major/workspace/install/communication/bin'
[0.925s] INFO:colcon.colcon_core.shell:Creating package script '/home/didi_121/Rescue-Major/workspace/install/communication/share/communication/package.ps1'
[0.926s] INFO:colcon.colcon_core.shell:Creating package descriptor '/home/didi_121/Rescue-Major/workspace/install/communication/share/communication/package.dsv'
[0.927s] INFO:colcon.colcon_core.shell:Creating package script '/home/didi_121/Rescue-Major/workspace/install/communication/share/communication/package.sh'
[0.929s] INFO:colcon.colcon_core.shell:Creating package script '/home/didi_121/Rescue-Major/workspace/install/communication/share/communication/package.bash'
[0.931s] INFO:colcon.colcon_core.shell:Creating package script '/home/didi_121/Rescue-Major/workspace/install/communication/share/communication/package.zsh'
[0.933s] Level 1:colcon.colcon_core.environment:create_file_with_runtime_dependencies(/home/didi_121/Rescue-Major/workspace/install/communication/share/colcon-core/packages/communication)
[0.935s] Level 1:colcon.colcon_core.environment:create_environment_scripts_only(communication)
[0.935s] Level 1:colcon.colcon_core.environment:checking '/home/didi_121/Rescue-Major/workspace/install/communication' for CMake module files
[0.936s] Level 1:colcon.colcon_core.environment:checking '/home/didi_121/Rescue-Major/workspace/install/communication' for CMake config files
[0.937s] Level 1:colcon.colcon_core.shell:create_environment_hook('communication', 'cmake_prefix_path')
[0.937s] INFO:colcon.colcon_core.shell:Creating environment hook '/home/didi_121/Rescue-Major/workspace/install/communication/share/communication/hook/cmake_prefix_path.ps1'
[0.938s] INFO:colcon.colcon_core.shell:Creating environment descriptor '/home/didi_121/Rescue-Major/workspace/install/communication/share/communication/hook/cmake_prefix_path.dsv'
[0.939s] INFO:colcon.colcon_core.shell:Creating environment hook '/home/didi_121/Rescue-Major/workspace/install/communication/share/communication/hook/cmake_prefix_path.sh'
[0.940s] Level 1:colcon.colcon_core.environment:checking '/home/didi_121/Rescue-Major/workspace/install/communication/lib'
[0.940s] Level 1:colcon.colcon_core.environment:checking '/home/didi_121/Rescue-Major/workspace/install/communication/bin'
[0.940s] Level 1:colcon.colcon_core.environment:checking '/home/didi_121/Rescue-Major/workspace/install/communication/lib/pkgconfig/communication.pc'
[0.940s] Level 1:colcon.colcon_core.environment:checking '/home/didi_121/Rescue-Major/workspace/install/communication/lib/python3.10/site-packages'
[0.941s] Level 1:colcon.colcon_core.environment:checking '/home/didi_121/Rescue-Major/workspace/install/communication/bin'
[0.941s] INFO:colcon.colcon_core.shell:Creating package script '/home/didi_121/Rescue-Major/workspace/install/communication/share/communication/package.ps1'
[0.942s] INFO:colcon.colcon_core.shell:Creating package descriptor '/home/didi_121/Rescue-Major/workspace/install/communication/share/communication/package.dsv'
[0.943s] INFO:colcon.colcon_core.shell:Creating package script '/home/didi_121/Rescue-Major/workspace/install/communication/share/communication/package.sh'
[0.944s] INFO:colcon.colcon_core.shell:Creating package script '/home/didi_121/Rescue-Major/workspace/install/communication/share/communication/package.bash'
[0.945s] INFO:colcon.colcon_core.shell:Creating package script '/home/didi_121/Rescue-Major/workspace/install/communication/share/communication/package.zsh'
[0.946s] Level 1:colcon.colcon_core.environment:create_file_with_runtime_dependencies(/home/didi_121/Rescue-Major/workspace/install/communication/share/colcon-core/packages/communication)
[0.946s] DEBUG:colcon.colcon_parallel_executor.executor.parallel:closing loop
[0.947s] DEBUG:colcon.colcon_parallel_executor.executor.parallel:loop closed
[0.947s] DEBUG:colcon.colcon_parallel_executor.executor.parallel:run_until_complete finished with '0'
[0.947s] DEBUG:colcon.colcon_core.event_reactor:joining thread
[0.957s] INFO:colcon.colcon_core.plugin_system:Skipping extension 'colcon_notification.desktop_notification.terminal_notifier': Not used on non-Darwin systems
[0.957s] INFO:colcon.colcon_core.plugin_system:Skipping extension 'colcon_notification.desktop_notification.win32': Not used on non-Windows systems
[0.958s] INFO:colcon.colcon_notification.desktop_notification:Sending desktop notification using 'notify2'
[0.984s] DEBUG:colcon.colcon_core.event_reactor:joined thread
[0.984s] INFO:colcon.colcon_core.shell:Creating prefix script '/home/didi_121/Rescue-Major/workspace/install/local_setup.ps1'
[0.986s] INFO:colcon.colcon_core.shell:Creating prefix util module '/home/didi_121/Rescue-Major/workspace/install/_local_setup_util_ps1.py'
[0.989s] INFO:colcon.colcon_core.shell:Creating prefix chain script '/home/didi_121/Rescue-Major/workspace/install/setup.ps1'
[0.992s] INFO:colcon.colcon_core.shell:Creating prefix script '/home/didi_121/Rescue-Major/workspace/install/local_setup.sh'
[0.993s] INFO:colcon.colcon_core.shell:Creating prefix util module '/home/didi_121/Rescue-Major/workspace/install/_local_setup_util_sh.py'
[0.994s] INFO:colcon.colcon_core.shell:Creating prefix chain script '/home/didi_121/Rescue-Major/workspace/install/setup.sh'
[0.996s] INFO:colcon.colcon_core.shell:Creating prefix script '/home/didi_121/Rescue-Major/workspace/install/local_setup.bash'
[0.997s] INFO:colcon.colcon_core.shell:Creating prefix chain script '/home/didi_121/Rescue-Major/workspace/install/setup.bash'
[0.999s] INFO:colcon.colcon_core.shell:Creating prefix script '/home/didi_121/Rescue-Major/workspace/install/local_setup.zsh'
[1.001s] INFO:colcon.colcon_core.shell:Creating prefix chain script '/home/didi_121/Rescue-Major/workspace/install/setup.zsh'
