[0.015s] Invoking command in '/home/aesir/Rescue-Major/build/mapping': CMAKE_PREFIX_PATH=${CMAKE_PREFIX_PATH}:/opt/ros/humble /usr/bin/cmake /home/aesir/Rescue-Major/workspace/src/mapping -DCMAKE_INSTALL_PREFIX=/home/aesir/Rescue-Major/install/mapping
[0.145s] -- The C compiler identification is GNU 11.4.0
[0.235s] -- The CXX compiler identification is GNU 11.4.0
[0.244s] -- Detecting C compiler ABI info
[0.354s] -- Detecting C compiler ABI info - done
[0.364s] -- Check for working C compiler: /usr/bin/cc - skipped
[0.364s] -- Detecting C compile features
[0.365s] -- Detecting C compile features - done
[0.369s] -- Detecting CXX compiler ABI info
[0.479s] -- Detecting CXX compiler ABI info - done
[0.490s] -- Check for working CXX compiler: /usr/bin/c++ - skipped
[0.490s] -- Detecting CXX compile features
[0.491s] -- Detecting CXX compile features - done
[0.495s] -- Found ament_cmake: 1.3.14 (/opt/ros/humble/share/ament_cmake/cmake)
[0.712s] -- Found Python3: /usr/bin/python3 (found version "3.10.12") found components: Interpreter 
[0.857s] -- Found rclpy: 3.3.21 (/opt/ros/humble/share/rclpy/cmake)
[0.995s] -- Configuring done
[0.999s] -- Generating done
[1.002s] -- Build files have been written to: /home/aesir/Rescue-Major/build/mapping
[1.007s] Invoked command in '/home/aesir/Rescue-Major/build/mapping' returned '0': CMAKE_PREFIX_PATH=${CMAKE_PREFIX_PATH}:/opt/ros/humble /usr/bin/cmake /home/aesir/Rescue-Major/workspace/src/mapping -DCMAKE_INSTALL_PREFIX=/home/aesir/Rescue-Major/install/mapping
[1.010s] Invoking command in '/home/aesir/Rescue-Major/build/mapping': CMAKE_PREFIX_PATH=${CMAKE_PREFIX_PATH}:/opt/ros/humble /usr/bin/cmake --build /home/aesir/Rescue-Major/build/mapping -- -j8 -l8
[1.070s] Invoked command in '/home/aesir/Rescue-Major/build/mapping' returned '0': CMAKE_PREFIX_PATH=${CMAKE_PREFIX_PATH}:/opt/ros/humble /usr/bin/cmake --build /home/aesir/Rescue-Major/build/mapping -- -j8 -l8
[1.084s] Invoking command in '/home/aesir/Rescue-Major/build/mapping': CMAKE_PREFIX_PATH=${CMAKE_PREFIX_PATH}:/opt/ros/humble /usr/bin/cmake --install /home/aesir/Rescue-Major/build/mapping
[1.094s] -- Install configuration: ""
[1.094s] -- Installing: /home/aesir/Rescue-Major/install/mapping/lib/mapping/object_detection_node
[1.095s] -- Installing: /home/aesir/Rescue-Major/install/mapping/lib/mapping/export_map_ply
[1.095s] -- Installing: /home/aesir/Rescue-Major/install/mapping/share/mapping/launch
[1.096s] -- Installing: /home/aesir/Rescue-Major/install/mapping/share/mapping/launch/frames_2026-04-09_13.39.09.pdf
[1.096s] -- Installing: /home/aesir/Rescue-Major/install/mapping/share/mapping/launch/diagnostico_rtabmap.sh
[1.096s] -- Installing: /home/aesir/Rescue-Major/install/mapping/share/mapping/launch/camera_config.yaml
[1.096s] -- Installing: /home/aesir/Rescue-Major/install/mapping/share/mapping/launch/depthai_test.launch.py
[1.097s] -- Installing: /home/aesir/Rescue-Major/install/mapping/share/mapping/launch/depthai_yolo_oakd.launch.py
[1.097s] -- Installing: /home/aesir/Rescue-Major/install/mapping/share/mapping/launch/frames_2026-04-09_13.39.09.gv
[1.097s] -- Installing: /home/aesir/Rescue-Major/install/mapping/share/mapping/launch/mapeo_general.py
[1.097s] -- Installing: /home/aesir/Rescue-Major/install/mapping/share/mapping/launch/__pycache__
[1.098s] -- Installing: /home/aesir/Rescue-Major/install/mapping/share/mapping/launch/__pycache__/depthai_test.launch.cpython-310.pyc
[1.098s] -- Installing: /home/aesir/Rescue-Major/install/mapping/share/mapping/launch/__pycache__/mapeo_general.cpython-310.pyc
[1.098s] -- Installing: /home/aesir/Rescue-Major/install/mapping/share/mapping/launch/depthai_yolo_backend.launch.py
[1.098s] -- Installing: /home/aesir/Rescue-Major/install/mapping/share/mapping/launch/mapeo_color.py
[1.099s] -- Installing: /home/aesir/Rescue-Major/install/mapping/share/mapping/maps
[1.099s] -- Installing: /home/aesir/Rescue-Major/install/mapping/share/mapping/maps/.gitkeep
[1.099s] -- Installing: /home/aesir/Rescue-Major/install/mapping/share/mapping/maps/RoboCup2026-Aesir-1-13-12-12-map.ply
[1.122s] -- Installing: /home/aesir/Rescue-Major/install/mapping/share/mapping/maps/RoboCup2026-Aesir-1-16-26-46-map.ply
[1.133s] -- Installing: /home/aesir/Rescue-Major/install/mapping/share/ament_index/resource_index/package_run_dependencies/mapping
[1.133s] -- Installing: /home/aesir/Rescue-Major/install/mapping/share/ament_index/resource_index/parent_prefix_path/mapping
[1.134s] -- Installing: /home/aesir/Rescue-Major/install/mapping/share/mapping/environment/ament_prefix_path.sh
[1.134s] -- Installing: /home/aesir/Rescue-Major/install/mapping/share/mapping/environment/ament_prefix_path.dsv
[1.134s] -- Installing: /home/aesir/Rescue-Major/install/mapping/share/mapping/environment/path.sh
[1.134s] -- Installing: /home/aesir/Rescue-Major/install/mapping/share/mapping/environment/path.dsv
[1.135s] -- Installing: /home/aesir/Rescue-Major/install/mapping/share/mapping/local_setup.bash
[1.135s] -- Installing: /home/aesir/Rescue-Major/install/mapping/share/mapping/local_setup.sh
[1.135s] -- Installing: /home/aesir/Rescue-Major/install/mapping/share/mapping/local_setup.zsh
[1.135s] -- Installing: /home/aesir/Rescue-Major/install/mapping/share/mapping/local_setup.dsv
[1.135s] -- Installing: /home/aesir/Rescue-Major/install/mapping/share/mapping/package.dsv
[1.136s] -- Installing: /home/aesir/Rescue-Major/install/mapping/share/ament_index/resource_index/packages/mapping
[1.136s] -- Installing: /home/aesir/Rescue-Major/install/mapping/share/mapping/cmake/mappingConfig.cmake
[1.136s] -- Installing: /home/aesir/Rescue-Major/install/mapping/share/mapping/cmake/mappingConfig-version.cmake
[1.136s] -- Installing: /home/aesir/Rescue-Major/install/mapping/share/mapping/package.xml
[1.140s] Invoked command in '/home/aesir/Rescue-Major/build/mapping' returned '0': CMAKE_PREFIX_PATH=${CMAKE_PREFIX_PATH}:/opt/ros/humble /usr/bin/cmake --install /home/aesir/Rescue-Major/build/mapping
