[0.017s] Invoking command in '/home/aesir/Rescue-Major/build/mapping': CMAKE_PREFIX_PATH=${CMAKE_PREFIX_PATH}:/opt/ros/humble /usr/bin/cmake --build /home/aesir/Rescue-Major/build/mapping -- -j8 -l8
[0.086s] Invoked command in '/home/aesir/Rescue-Major/build/mapping' returned '0': CMAKE_PREFIX_PATH=${CMAKE_PREFIX_PATH}:/opt/ros/humble /usr/bin/cmake --build /home/aesir/Rescue-Major/build/mapping -- -j8 -l8
[0.103s] Invoking command in '/home/aesir/Rescue-Major/build/mapping': CMAKE_PREFIX_PATH=${CMAKE_PREFIX_PATH}:/opt/ros/humble /usr/bin/cmake --install /home/aesir/Rescue-Major/build/mapping
[0.122s] -- Install configuration: ""
[0.124s] -- Up-to-date: /home/aesir/Rescue-Major/install/mapping/lib/mapping/object_detection_node
[0.124s] -- Up-to-date: /home/aesir/Rescue-Major/install/mapping/lib/mapping/export_map_ply
[0.124s] -- Up-to-date: /home/aesir/Rescue-Major/install/mapping/lib/mapping/yolo_detection_viewer
[0.124s] -- Up-to-date: /home/aesir/Rescue-Major/install/mapping/lib/mapping/yolo_diagnostics
[0.125s] -- Up-to-date: /home/aesir/Rescue-Major/install/mapping/share/mapping/launch
[0.125s] -- Up-to-date: /home/aesir/Rescue-Major/install/mapping/share/mapping/launch/depthai_test.launch.py
[0.125s] -- Up-to-date: /home/aesir/Rescue-Major/install/mapping/share/mapping/launch/depthai_yolo_oakd.launch.py
[0.125s] -- Installing: /home/aesir/Rescue-Major/install/mapping/share/mapping/launch/mapeo_general.py
[0.125s] -- Up-to-date: /home/aesir/Rescue-Major/install/mapping/share/mapping/launch/__pycache__
[0.126s] -- Up-to-date: /home/aesir/Rescue-Major/install/mapping/share/mapping/launch/__pycache__/depthai_test.launch.cpython-310.pyc
[0.126s] -- Up-to-date: /home/aesir/Rescue-Major/install/mapping/share/mapping/launch/__pycache__/mapeo_general.cpython-310.pyc
[0.126s] -- Up-to-date: /home/aesir/Rescue-Major/install/mapping/share/mapping/launch/depthai_yolo_backend.launch.py
[0.126s] -- Up-to-date: /home/aesir/Rescue-Major/install/mapping/share/mapping/maps
[0.126s] -- Up-to-date: /home/aesir/Rescue-Major/install/mapping/share/mapping/maps/.gitkeep
[0.126s] -- Up-to-date: /home/aesir/Rescue-Major/install/mapping/share/mapping/maps/RoboCup2026-Aesir-1-13-12-12-map.ply
[0.126s] -- Up-to-date: /home/aesir/Rescue-Major/install/mapping/share/mapping/maps/RoboCup2026-Aesir-1-16-26-46-map.ply
[0.127s] -- Up-to-date: /home/aesir/Rescue-Major/install/mapping/share/ament_index/resource_index/package_run_dependencies/mapping
[0.127s] -- Up-to-date: /home/aesir/Rescue-Major/install/mapping/share/ament_index/resource_index/parent_prefix_path/mapping
[0.127s] -- Up-to-date: /home/aesir/Rescue-Major/install/mapping/share/mapping/environment/ament_prefix_path.sh
[0.127s] -- Up-to-date: /home/aesir/Rescue-Major/install/mapping/share/mapping/environment/ament_prefix_path.dsv
[0.127s] -- Up-to-date: /home/aesir/Rescue-Major/install/mapping/share/mapping/environment/path.sh
[0.127s] -- Up-to-date: /home/aesir/Rescue-Major/install/mapping/share/mapping/environment/path.dsv
[0.127s] -- Up-to-date: /home/aesir/Rescue-Major/install/mapping/share/mapping/local_setup.bash
[0.127s] -- Up-to-date: /home/aesir/Rescue-Major/install/mapping/share/mapping/local_setup.sh
[0.127s] -- Up-to-date: /home/aesir/Rescue-Major/install/mapping/share/mapping/local_setup.zsh
[0.128s] -- Up-to-date: /home/aesir/Rescue-Major/install/mapping/share/mapping/local_setup.dsv
[0.128s] -- Installing: /home/aesir/Rescue-Major/install/mapping/share/mapping/package.dsv
[0.128s] -- Up-to-date: /home/aesir/Rescue-Major/install/mapping/share/ament_index/resource_index/packages/mapping
[0.128s] -- Up-to-date: /home/aesir/Rescue-Major/install/mapping/share/mapping/cmake/mappingConfig.cmake
[0.128s] -- Up-to-date: /home/aesir/Rescue-Major/install/mapping/share/mapping/cmake/mappingConfig-version.cmake
[0.128s] -- Up-to-date: /home/aesir/Rescue-Major/install/mapping/share/mapping/package.xml
[0.131s] Invoked command in '/home/aesir/Rescue-Major/build/mapping' returned '0': CMAKE_PREFIX_PATH=${CMAKE_PREFIX_PATH}:/opt/ros/humble /usr/bin/cmake --install /home/aesir/Rescue-Major/build/mapping
