[1.315s] Invoking command in '/home/didi_121/Rescue-Major/workspace/GUI': PYTHONPATH=/home/didi_121/Rescue-Major/workspace/GUI/build/GUI/prefix_override:/usr/lib/python3/dist-packages/colcon_core/task/python/colcon_distutils_commands:/home/didi_121/Rescue-Major/workspace/GUI/install/GUI/lib/python3.10/site-packages:${PYTHONPATH} /usr/bin/python3 -W ignore:setup.py install is deprecated -W ignore:easy_install command is deprecated setup.py egg_info --egg-base build/GUI build --build-base /home/didi_121/Rescue-Major/workspace/GUI/build/GUI/build install --record /home/didi_121/Rescue-Major/workspace/GUI/build/GUI/install.log --single-version-externally-managed install_data
[1.832s] running egg_info
[1.834s] writing build/GUI/GUI.egg-info/PKG-INFO
[1.834s] writing dependency_links to build/GUI/GUI.egg-info/dependency_links.txt
[1.835s] writing entry points to build/GUI/GUI.egg-info/entry_points.txt
[1.835s] writing requirements to build/GUI/GUI.egg-info/requires.txt
[1.835s] writing top-level names to build/GUI/GUI.egg-info/top_level.txt
[1.839s] reading manifest file 'build/GUI/GUI.egg-info/SOURCES.txt'
[1.842s] writing manifest file 'build/GUI/GUI.egg-info/SOURCES.txt'
[1.842s] running build
[1.842s] running build_py
[1.842s] running install
[1.843s] running install_lib
[1.846s] running install_data
[1.847s] running install_egg_info
[1.852s] removing '/home/didi_121/Rescue-Major/workspace/GUI/install/GUI/lib/python3.10/site-packages/GUI-0.0.0-py3.10.egg-info' (and everything under it)
[1.852s] Copying build/GUI/GUI.egg-info to /home/didi_121/Rescue-Major/workspace/GUI/install/GUI/lib/python3.10/site-packages/GUI-0.0.0-py3.10.egg-info
[1.854s] running install_scripts
[1.898s] Installing reader_bag script to /home/didi_121/Rescue-Major/workspace/GUI/install/GUI/lib/GUI
[1.899s] Installing server script to /home/didi_121/Rescue-Major/workspace/GUI/install/GUI/lib/GUI
[1.900s] writing list of installed files to '/home/didi_121/Rescue-Major/workspace/GUI/build/GUI/install.log'
[1.957s] Invoked command in '/home/didi_121/Rescue-Major/workspace/GUI' returned '0': PYTHONPATH=/home/didi_121/Rescue-Major/workspace/GUI/build/GUI/prefix_override:/usr/lib/python3/dist-packages/colcon_core/task/python/colcon_distutils_commands:/home/didi_121/Rescue-Major/workspace/GUI/install/GUI/lib/python3.10/site-packages:${PYTHONPATH} /usr/bin/python3 -W ignore:setup.py install is deprecated -W ignore:easy_install command is deprecated setup.py egg_info --egg-base build/GUI build --build-base /home/didi_121/Rescue-Major/workspace/GUI/build/GUI/build install --record /home/didi_121/Rescue-Major/workspace/GUI/build/GUI/install.log --single-version-externally-managed install_data
