[1.233s] Invoking command in '/home/didi_121/Rescue-Major/workspace/GUI': PYTHONPATH=/home/didi_121/Rescue-Major/workspace/GUI/build/GUI/prefix_override:/usr/lib/python3/dist-packages/colcon_core/task/python/colcon_distutils_commands:/home/didi_121/Rescue-Major/workspace/GUI/install/GUI/lib/python3.10/site-packages:${PYTHONPATH} /usr/bin/python3 -W ignore:setup.py install is deprecated -W ignore:easy_install command is deprecated setup.py egg_info --egg-base build/GUI build --build-base /home/didi_121/Rescue-Major/workspace/GUI/build/GUI/build install --record /home/didi_121/Rescue-Major/workspace/GUI/build/GUI/install.log --single-version-externally-managed install_data
[1.728s] running egg_info
[1.729s] writing build/GUI/GUI.egg-info/PKG-INFO
[1.730s] writing dependency_links to build/GUI/GUI.egg-info/dependency_links.txt
[1.730s] writing entry points to build/GUI/GUI.egg-info/entry_points.txt
[1.730s] writing requirements to build/GUI/GUI.egg-info/requires.txt
[1.731s] writing top-level names to build/GUI/GUI.egg-info/top_level.txt
[1.736s] reading manifest file 'build/GUI/GUI.egg-info/SOURCES.txt'
[1.739s] writing manifest file 'build/GUI/GUI.egg-info/SOURCES.txt'
[1.739s] running build
[1.739s] running build_py
[1.739s] running install
[1.740s] running install_lib
[1.743s] running install_data
[1.743s] running install_egg_info
[1.749s] removing '/home/didi_121/Rescue-Major/workspace/GUI/install/GUI/lib/python3.10/site-packages/GUI-0.0.0-py3.10.egg-info' (and everything under it)
[1.750s] Copying build/GUI/GUI.egg-info to /home/didi_121/Rescue-Major/workspace/GUI/install/GUI/lib/python3.10/site-packages/GUI-0.0.0-py3.10.egg-info
[1.751s] running install_scripts
[1.792s] Installing reader_bag script to /home/didi_121/Rescue-Major/workspace/GUI/install/GUI/lib/GUI
[1.793s] Installing server script to /home/didi_121/Rescue-Major/workspace/GUI/install/GUI/lib/GUI
[1.793s] writing list of installed files to '/home/didi_121/Rescue-Major/workspace/GUI/build/GUI/install.log'
[1.837s] Invoked command in '/home/didi_121/Rescue-Major/workspace/GUI' returned '0': PYTHONPATH=/home/didi_121/Rescue-Major/workspace/GUI/build/GUI/prefix_override:/usr/lib/python3/dist-packages/colcon_core/task/python/colcon_distutils_commands:/home/didi_121/Rescue-Major/workspace/GUI/install/GUI/lib/python3.10/site-packages:${PYTHONPATH} /usr/bin/python3 -W ignore:setup.py install is deprecated -W ignore:easy_install command is deprecated setup.py egg_info --egg-base build/GUI build --build-base /home/didi_121/Rescue-Major/workspace/GUI/build/GUI/build install --record /home/didi_121/Rescue-Major/workspace/GUI/build/GUI/install.log --single-version-externally-managed install_data
