[0.174s] DEBUG:colcon:Command line arguments: ['/usr/bin/colcon', 'build', '--packages-select', 'mapping']
[0.174s] DEBUG:colcon:Parsed command line arguments: Namespace(log_base=None, log_level=None, verb_name='build', build_base='build', install_base='install', merge_install=False, symlink_install=False, test_result_base=None, continue_on_error=False, executor='parallel', parallel_workers=8, event_handlers=None, ignore_user_meta=False, metas=['./colcon.meta'], base_paths=['.'], packages_ignore=None, packages_ignore_regex=None, paths=None, packages_up_to=None, packages_up_to_regex=None, packages_above=None, packages_above_and_dependencies=None, packages_above_depth=None, packages_select_by_dep=None, packages_skip_by_dep=None, packages_skip_up_to=None, packages_select_build_failed=False, packages_skip_build_finished=False, packages_select_test_failures=False, packages_skip_test_passed=False, packages_select=['mapping'], packages_skip=None, packages_select_regex=None, packages_skip_regex=None, packages_start=None, packages_end=None, allow_overriding=[], cmake_args=None, cmake_target=None, cmake_target_skip_unavailable=False, cmake_clean_cache=False, cmake_clean_first=False, cmake_force_configure=False, ament_cmake_args=None, catkin_cmake_args=None, catkin_skip_building_tests=False, mixin_files=None, mixin=None, verb_parser=<colcon_mixin.mixin.mixin_argument.MixinArgumentDecorator object at 0x79836657f880>, verb_extension=<colcon_core.verb.build.BuildVerb object at 0x79836657f010>, main=<bound method BuildVerb.main of <colcon_core.verb.build.BuildVerb object at 0x79836657f010>>, mixin_verb=('build',))
[0.472s] Level 1:colcon.colcon_core.package_discovery:discover_packages(colcon_meta) check parameters
[0.472s] Level 1:colcon.colcon_core.package_discovery:discover_packages(recursive) check parameters
[0.472s] Level 1:colcon.colcon_core.package_discovery:discover_packages(ignore) check parameters
[0.472s] Level 1:colcon.colcon_core.package_discovery:discover_packages(path) check parameters
[0.472s] Level 1:colcon.colcon_core.package_discovery:discover_packages(colcon_meta) discover
[0.472s] Level 1:colcon.colcon_core.package_discovery:discover_packages(recursive) discover
[0.472s] INFO:colcon.colcon_core.package_discovery:Crawling recursively for packages in '/home/aesir/Rescue-Major'
[0.472s] Level 1:colcon.colcon_core.package_identification:_identify(.) by extensions ['ignore', 'ignore_ament_install']
[0.472s] Level 1:colcon.colcon_core.package_identification:_identify(.) by extension 'ignore'
[0.472s] Level 1:colcon.colcon_core.package_identification:_identify(.) by extension 'ignore_ament_install'
[0.473s] Level 1:colcon.colcon_core.package_identification:_identify(.) by extensions ['colcon_pkg']
[0.473s] Level 1:colcon.colcon_core.package_identification:_identify(.) by extension 'colcon_pkg'
[0.473s] Level 1:colcon.colcon_core.package_identification:_identify(.) by extensions ['colcon_meta']
[0.473s] Level 1:colcon.colcon_core.package_identification:_identify(.) by extension 'colcon_meta'
[0.473s] Level 1:colcon.colcon_core.package_identification:_identify(.) by extensions ['ros']
[0.473s] Level 1:colcon.colcon_core.package_identification:_identify(.) by extension 'ros'
[0.533s] Level 1:colcon.colcon_core.package_identification:_identify(.) by extensions ['cmake', 'python']
[0.533s] Level 1:colcon.colcon_core.package_identification:_identify(.) by extension 'cmake'
[0.533s] Level 1:colcon.colcon_core.package_identification:_identify(.) by extension 'python'
[0.533s] Level 1:colcon.colcon_core.package_identification:_identify(.) by extensions ['python_setup_py']
[0.534s] Level 1:colcon.colcon_core.package_identification:_identify(.) by extension 'python_setup_py'
[0.534s] Level 1:colcon.colcon_core.package_identification:_identify(build) by extensions ['ignore', 'ignore_ament_install']
[0.534s] Level 1:colcon.colcon_core.package_identification:_identify(build) by extension 'ignore'
[0.534s] Level 1:colcon.colcon_core.package_identification:_identify(build) ignored
[0.534s] Level 1:colcon.colcon_core.package_identification:_identify(cloudfare) by extensions ['ignore', 'ignore_ament_install']
[0.534s] Level 1:colcon.colcon_core.package_identification:_identify(cloudfare) by extension 'ignore'
[0.534s] Level 1:colcon.colcon_core.package_identification:_identify(cloudfare) by extension 'ignore_ament_install'
[0.534s] Level 1:colcon.colcon_core.package_identification:_identify(cloudfare) by extensions ['colcon_pkg']
[0.534s] Level 1:colcon.colcon_core.package_identification:_identify(cloudfare) by extension 'colcon_pkg'
[0.534s] Level 1:colcon.colcon_core.package_identification:_identify(cloudfare) by extensions ['colcon_meta']
[0.535s] Level 1:colcon.colcon_core.package_identification:_identify(cloudfare) by extension 'colcon_meta'
[0.535s] Level 1:colcon.colcon_core.package_identification:_identify(cloudfare) by extensions ['ros']
[0.535s] Level 1:colcon.colcon_core.package_identification:_identify(cloudfare) by extension 'ros'
[0.535s] Level 1:colcon.colcon_core.package_identification:_identify(cloudfare) by extensions ['cmake', 'python']
[0.535s] Level 1:colcon.colcon_core.package_identification:_identify(cloudfare) by extension 'cmake'
[0.535s] Level 1:colcon.colcon_core.package_identification:_identify(cloudfare) by extension 'python'
[0.535s] Level 1:colcon.colcon_core.package_identification:_identify(cloudfare) by extensions ['python_setup_py']
[0.535s] Level 1:colcon.colcon_core.package_identification:_identify(cloudfare) by extension 'python_setup_py'
[0.535s] Level 1:colcon.colcon_core.package_identification:_identify(docs) by extensions ['ignore', 'ignore_ament_install']
[0.535s] Level 1:colcon.colcon_core.package_identification:_identify(docs) by extension 'ignore'
[0.535s] Level 1:colcon.colcon_core.package_identification:_identify(docs) by extension 'ignore_ament_install'
[0.535s] Level 1:colcon.colcon_core.package_identification:_identify(docs) by extensions ['colcon_pkg']
[0.535s] Level 1:colcon.colcon_core.package_identification:_identify(docs) by extension 'colcon_pkg'
[0.535s] Level 1:colcon.colcon_core.package_identification:_identify(docs) by extensions ['colcon_meta']
[0.536s] Level 1:colcon.colcon_core.package_identification:_identify(docs) by extension 'colcon_meta'
[0.536s] Level 1:colcon.colcon_core.package_identification:_identify(docs) by extensions ['ros']
[0.536s] Level 1:colcon.colcon_core.package_identification:_identify(docs) by extension 'ros'
[0.536s] Level 1:colcon.colcon_core.package_identification:_identify(docs) by extensions ['cmake', 'python']
[0.536s] Level 1:colcon.colcon_core.package_identification:_identify(docs) by extension 'cmake'
[0.536s] Level 1:colcon.colcon_core.package_identification:_identify(docs) by extension 'python'
[0.536s] Level 1:colcon.colcon_core.package_identification:_identify(docs) by extensions ['python_setup_py']
[0.536s] Level 1:colcon.colcon_core.package_identification:_identify(docs) by extension 'python_setup_py'
[0.536s] Level 1:colcon.colcon_core.package_identification:_identify(install) by extensions ['ignore', 'ignore_ament_install']
[0.536s] Level 1:colcon.colcon_core.package_identification:_identify(install) by extension 'ignore'
[0.536s] Level 1:colcon.colcon_core.package_identification:_identify(install) ignored
[0.536s] Level 1:colcon.colcon_core.package_identification:_identify(log) by extensions ['ignore', 'ignore_ament_install']
[0.537s] Level 1:colcon.colcon_core.package_identification:_identify(log) by extension 'ignore'
[0.537s] Level 1:colcon.colcon_core.package_identification:_identify(log) ignored
[0.537s] Level 1:colcon.colcon_core.package_identification:_identify(workspace) by extensions ['ignore', 'ignore_ament_install']
[0.537s] Level 1:colcon.colcon_core.package_identification:_identify(workspace) by extension 'ignore'
[0.537s] Level 1:colcon.colcon_core.package_identification:_identify(workspace) by extension 'ignore_ament_install'
[0.537s] Level 1:colcon.colcon_core.package_identification:_identify(workspace) by extensions ['colcon_pkg']
[0.537s] Level 1:colcon.colcon_core.package_identification:_identify(workspace) by extension 'colcon_pkg'
[0.537s] Level 1:colcon.colcon_core.package_identification:_identify(workspace) by extensions ['colcon_meta']
[0.537s] Level 1:colcon.colcon_core.package_identification:_identify(workspace) by extension 'colcon_meta'
[0.537s] Level 1:colcon.colcon_core.package_identification:_identify(workspace) by extensions ['ros']
[0.537s] Level 1:colcon.colcon_core.package_identification:_identify(workspace) by extension 'ros'
[0.537s] Level 1:colcon.colcon_core.package_identification:_identify(workspace) by extensions ['cmake', 'python']
[0.537s] Level 1:colcon.colcon_core.package_identification:_identify(workspace) by extension 'cmake'
[0.538s] Level 1:colcon.colcon_core.package_identification:_identify(workspace) by extension 'python'
[0.538s] Level 1:colcon.colcon_core.package_identification:_identify(workspace) by extensions ['python_setup_py']
[0.538s] Level 1:colcon.colcon_core.package_identification:_identify(workspace) by extension 'python_setup_py'
[0.538s] Level 1:colcon.colcon_core.package_identification:_identify(workspace/build) by extensions ['ignore', 'ignore_ament_install']
[0.538s] Level 1:colcon.colcon_core.package_identification:_identify(workspace/build) by extension 'ignore'
[0.538s] Level 1:colcon.colcon_core.package_identification:_identify(workspace/build) ignored
[0.538s] Level 1:colcon.colcon_core.package_identification:_identify(workspace/install) by extensions ['ignore', 'ignore_ament_install']
[0.538s] Level 1:colcon.colcon_core.package_identification:_identify(workspace/install) by extension 'ignore'
[0.538s] Level 1:colcon.colcon_core.package_identification:_identify(workspace/install) ignored
[0.538s] Level 1:colcon.colcon_core.package_identification:_identify(workspace/log) by extensions ['ignore', 'ignore_ament_install']
[0.539s] Level 1:colcon.colcon_core.package_identification:_identify(workspace/log) by extension 'ignore'
[0.539s] Level 1:colcon.colcon_core.package_identification:_identify(workspace/log) ignored
[0.539s] Level 1:colcon.colcon_core.package_identification:_identify(workspace/src) by extensions ['ignore', 'ignore_ament_install']
[0.539s] Level 1:colcon.colcon_core.package_identification:_identify(workspace/src) by extension 'ignore'
[0.539s] Level 1:colcon.colcon_core.package_identification:_identify(workspace/src) by extension 'ignore_ament_install'
[0.539s] Level 1:colcon.colcon_core.package_identification:_identify(workspace/src) by extensions ['colcon_pkg']
[0.539s] Level 1:colcon.colcon_core.package_identification:_identify(workspace/src) by extension 'colcon_pkg'
[0.539s] Level 1:colcon.colcon_core.package_identification:_identify(workspace/src) by extensions ['colcon_meta']
[0.539s] Level 1:colcon.colcon_core.package_identification:_identify(workspace/src) by extension 'colcon_meta'
[0.539s] Level 1:colcon.colcon_core.package_identification:_identify(workspace/src) by extensions ['ros']
[0.539s] Level 1:colcon.colcon_core.package_identification:_identify(workspace/src) by extension 'ros'
[0.539s] Level 1:colcon.colcon_core.package_identification:_identify(workspace/src) by extensions ['cmake', 'python']
[0.539s] Level 1:colcon.colcon_core.package_identification:_identify(workspace/src) by extension 'cmake'
[0.540s] Level 1:colcon.colcon_core.package_identification:_identify(workspace/src) by extension 'python'
[0.540s] Level 1:colcon.colcon_core.package_identification:_identify(workspace/src) by extensions ['python_setup_py']
[0.540s] Level 1:colcon.colcon_core.package_identification:_identify(workspace/src) by extension 'python_setup_py'
[0.540s] Level 1:colcon.colcon_core.package_identification:_identify(workspace/src/hardware) by extensions ['ignore', 'ignore_ament_install']
[0.540s] Level 1:colcon.colcon_core.package_identification:_identify(workspace/src/hardware) by extension 'ignore'
[0.540s] Level 1:colcon.colcon_core.package_identification:_identify(workspace/src/hardware) by extension 'ignore_ament_install'
[0.540s] Level 1:colcon.colcon_core.package_identification:_identify(workspace/src/hardware) by extensions ['colcon_pkg']
[0.540s] Level 1:colcon.colcon_core.package_identification:_identify(workspace/src/hardware) by extension 'colcon_pkg'
[0.540s] Level 1:colcon.colcon_core.package_identification:_identify(workspace/src/hardware) by extensions ['colcon_meta']
[0.540s] Level 1:colcon.colcon_core.package_identification:_identify(workspace/src/hardware) by extension 'colcon_meta'
[0.540s] Level 1:colcon.colcon_core.package_identification:_identify(workspace/src/hardware) by extensions ['ros']
[0.540s] Level 1:colcon.colcon_core.package_identification:_identify(workspace/src/hardware) by extension 'ros'
[0.545s] DEBUG:colcon.colcon_core.package_identification:Package 'workspace/src/hardware' with type 'ros.ament_cmake' and name 'hardware'
[0.545s] Level 1:colcon.colcon_core.package_identification:_identify(workspace/src/mapping) by extensions ['ignore', 'ignore_ament_install']
[0.545s] Level 1:colcon.colcon_core.package_identification:_identify(workspace/src/mapping) by extension 'ignore'
[0.545s] Level 1:colcon.colcon_core.package_identification:_identify(workspace/src/mapping) by extension 'ignore_ament_install'
[0.545s] Level 1:colcon.colcon_core.package_identification:_identify(workspace/src/mapping) by extensions ['colcon_pkg']
[0.545s] Level 1:colcon.colcon_core.package_identification:_identify(workspace/src/mapping) by extension 'colcon_pkg'
[0.545s] Level 1:colcon.colcon_core.package_identification:_identify(workspace/src/mapping) by extensions ['colcon_meta']
[0.545s] Level 1:colcon.colcon_core.package_identification:_identify(workspace/src/mapping) by extension 'colcon_meta'
[0.545s] Level 1:colcon.colcon_core.package_identification:_identify(workspace/src/mapping) by extensions ['ros']
[0.546s] Level 1:colcon.colcon_core.package_identification:_identify(workspace/src/mapping) by extension 'ros'
[0.548s] DEBUG:colcon.colcon_core.package_identification:Package 'workspace/src/mapping' with type 'ros.ament_cmake' and name 'mapping'
[0.548s] Level 1:colcon.colcon_core.package_identification:_identify(workspace/src/teleoperation) by extensions ['ignore', 'ignore_ament_install']
[0.548s] Level 1:colcon.colcon_core.package_identification:_identify(workspace/src/teleoperation) by extension 'ignore'
[0.548s] Level 1:colcon.colcon_core.package_identification:_identify(workspace/src/teleoperation) by extension 'ignore_ament_install'
[0.549s] Level 1:colcon.colcon_core.package_identification:_identify(workspace/src/teleoperation) by extensions ['colcon_pkg']
[0.549s] Level 1:colcon.colcon_core.package_identification:_identify(workspace/src/teleoperation) by extension 'colcon_pkg'
[0.549s] Level 1:colcon.colcon_core.package_identification:_identify(workspace/src/teleoperation) by extensions ['colcon_meta']
[0.549s] Level 1:colcon.colcon_core.package_identification:_identify(workspace/src/teleoperation) by extension 'colcon_meta'
[0.549s] Level 1:colcon.colcon_core.package_identification:_identify(workspace/src/teleoperation) by extensions ['ros']
[0.549s] Level 1:colcon.colcon_core.package_identification:_identify(workspace/src/teleoperation) by extension 'ros'
[0.550s] DEBUG:colcon.colcon_core.package_identification:Package 'workspace/src/teleoperation' with type 'ros.ament_cmake' and name 'teleoperation'
[0.551s] Level 1:colcon.colcon_core.package_identification:_identify(workspace/src/unilidar_sdk2) by extensions ['ignore', 'ignore_ament_install']
[0.551s] Level 1:colcon.colcon_core.package_identification:_identify(workspace/src/unilidar_sdk2) by extension 'ignore'
[0.551s] Level 1:colcon.colcon_core.package_identification:_identify(workspace/src/unilidar_sdk2) by extension 'ignore_ament_install'
[0.551s] Level 1:colcon.colcon_core.package_identification:_identify(workspace/src/unilidar_sdk2) by extensions ['colcon_pkg']
[0.551s] Level 1:colcon.colcon_core.package_identification:_identify(workspace/src/unilidar_sdk2) by extension 'colcon_pkg'
[0.551s] Level 1:colcon.colcon_core.package_identification:_identify(workspace/src/unilidar_sdk2) by extensions ['colcon_meta']
[0.551s] Level 1:colcon.colcon_core.package_identification:_identify(workspace/src/unilidar_sdk2) by extension 'colcon_meta'
[0.551s] Level 1:colcon.colcon_core.package_identification:_identify(workspace/src/unilidar_sdk2) by extensions ['ros']
[0.551s] Level 1:colcon.colcon_core.package_identification:_identify(workspace/src/unilidar_sdk2) by extension 'ros'
[0.551s] Level 1:colcon.colcon_core.package_identification:_identify(workspace/src/unilidar_sdk2) by extensions ['cmake', 'python']
[0.551s] Level 1:colcon.colcon_core.package_identification:_identify(workspace/src/unilidar_sdk2) by extension 'cmake'
[0.551s] Level 1:colcon.colcon_core.package_identification:_identify(workspace/src/unilidar_sdk2) by extension 'python'
[0.551s] Level 1:colcon.colcon_core.package_identification:_identify(workspace/src/unilidar_sdk2) by extensions ['python_setup_py']
[0.552s] Level 1:colcon.colcon_core.package_identification:_identify(workspace/src/unilidar_sdk2) by extension 'python_setup_py'
[0.552s] Level 1:colcon.colcon_core.package_identification:_identify(workspace/src/unilidar_sdk2/docs) by extensions ['ignore', 'ignore_ament_install']
[0.552s] Level 1:colcon.colcon_core.package_identification:_identify(workspace/src/unilidar_sdk2/docs) by extension 'ignore'
[0.552s] Level 1:colcon.colcon_core.package_identification:_identify(workspace/src/unilidar_sdk2/docs) by extension 'ignore_ament_install'
[0.552s] Level 1:colcon.colcon_core.package_identification:_identify(workspace/src/unilidar_sdk2/docs) by extensions ['colcon_pkg']
[0.552s] Level 1:colcon.colcon_core.package_identification:_identify(workspace/src/unilidar_sdk2/docs) by extension 'colcon_pkg'
[0.552s] Level 1:colcon.colcon_core.package_identification:_identify(workspace/src/unilidar_sdk2/docs) by extensions ['colcon_meta']
[0.552s] Level 1:colcon.colcon_core.package_identification:_identify(workspace/src/unilidar_sdk2/docs) by extension 'colcon_meta'
[0.552s] Level 1:colcon.colcon_core.package_identification:_identify(workspace/src/unilidar_sdk2/docs) by extensions ['ros']
[0.552s] Level 1:colcon.colcon_core.package_identification:_identify(workspace/src/unilidar_sdk2/docs) by extension 'ros'
[0.552s] Level 1:colcon.colcon_core.package_identification:_identify(workspace/src/unilidar_sdk2/docs) by extensions ['cmake', 'python']
[0.552s] Level 1:colcon.colcon_core.package_identification:_identify(workspace/src/unilidar_sdk2/docs) by extension 'cmake'
[0.552s] Level 1:colcon.colcon_core.package_identification:_identify(workspace/src/unilidar_sdk2/docs) by extension 'python'
[0.553s] Level 1:colcon.colcon_core.package_identification:_identify(workspace/src/unilidar_sdk2/docs) by extensions ['python_setup_py']
[0.553s] Level 1:colcon.colcon_core.package_identification:_identify(workspace/src/unilidar_sdk2/docs) by extension 'python_setup_py'
[0.553s] Level 1:colcon.colcon_core.package_identification:_identify(workspace/src/unilidar_sdk2/unitree_lidar_ros) by extensions ['ignore', 'ignore_ament_install']
[0.553s] Level 1:colcon.colcon_core.package_identification:_identify(workspace/src/unilidar_sdk2/unitree_lidar_ros) by extension 'ignore'
[0.553s] Level 1:colcon.colcon_core.package_identification:_identify(workspace/src/unilidar_sdk2/unitree_lidar_ros) by extension 'ignore_ament_install'
[0.553s] Level 1:colcon.colcon_core.package_identification:_identify(workspace/src/unilidar_sdk2/unitree_lidar_ros) by extensions ['colcon_pkg']
[0.553s] Level 1:colcon.colcon_core.package_identification:_identify(workspace/src/unilidar_sdk2/unitree_lidar_ros) by extension 'colcon_pkg'
[0.553s] Level 1:colcon.colcon_core.package_identification:_identify(workspace/src/unilidar_sdk2/unitree_lidar_ros) by extensions ['colcon_meta']
[0.553s] Level 1:colcon.colcon_core.package_identification:_identify(workspace/src/unilidar_sdk2/unitree_lidar_ros) by extension 'colcon_meta'
[0.553s] Level 1:colcon.colcon_core.package_identification:_identify(workspace/src/unilidar_sdk2/unitree_lidar_ros) by extensions ['ros']
[0.553s] Level 1:colcon.colcon_core.package_identification:_identify(workspace/src/unilidar_sdk2/unitree_lidar_ros) by extension 'ros'
[0.553s] Level 1:colcon.colcon_core.package_identification:_identify(workspace/src/unilidar_sdk2/unitree_lidar_ros) by extensions ['cmake', 'python']
[0.553s] Level 1:colcon.colcon_core.package_identification:_identify(workspace/src/unilidar_sdk2/unitree_lidar_ros) by extension 'cmake'
[0.554s] Level 1:colcon.colcon_core.package_identification:_identify(workspace/src/unilidar_sdk2/unitree_lidar_ros) by extension 'python'
[0.554s] Level 1:colcon.colcon_core.package_identification:_identify(workspace/src/unilidar_sdk2/unitree_lidar_ros) by extensions ['python_setup_py']
[0.554s] Level 1:colcon.colcon_core.package_identification:_identify(workspace/src/unilidar_sdk2/unitree_lidar_ros) by extension 'python_setup_py'
[0.554s] Level 1:colcon.colcon_core.package_identification:_identify(workspace/src/unilidar_sdk2/unitree_lidar_ros/src) by extensions ['ignore', 'ignore_ament_install']
[0.554s] Level 1:colcon.colcon_core.package_identification:_identify(workspace/src/unilidar_sdk2/unitree_lidar_ros/src) by extension 'ignore'
[0.554s] Level 1:colcon.colcon_core.package_identification:_identify(workspace/src/unilidar_sdk2/unitree_lidar_ros/src) by extension 'ignore_ament_install'
[0.554s] Level 1:colcon.colcon_core.package_identification:_identify(workspace/src/unilidar_sdk2/unitree_lidar_ros/src) by extensions ['colcon_pkg']
[0.554s] Level 1:colcon.colcon_core.package_identification:_identify(workspace/src/unilidar_sdk2/unitree_lidar_ros/src) by extension 'colcon_pkg'
[0.554s] Level 1:colcon.colcon_core.package_identification:_identify(workspace/src/unilidar_sdk2/unitree_lidar_ros/src) by extensions ['colcon_meta']
[0.554s] Level 1:colcon.colcon_core.package_identification:_identify(workspace/src/unilidar_sdk2/unitree_lidar_ros/src) by extension 'colcon_meta'
[0.554s] Level 1:colcon.colcon_core.package_identification:_identify(workspace/src/unilidar_sdk2/unitree_lidar_ros/src) by extensions ['ros']
[0.554s] Level 1:colcon.colcon_core.package_identification:_identify(workspace/src/unilidar_sdk2/unitree_lidar_ros/src) by extension 'ros'
[0.554s] Level 1:colcon.colcon_core.package_identification:_identify(workspace/src/unilidar_sdk2/unitree_lidar_ros/src) by extensions ['cmake', 'python']
[0.555s] Level 1:colcon.colcon_core.package_identification:_identify(workspace/src/unilidar_sdk2/unitree_lidar_ros/src) by extension 'cmake'
[0.555s] Level 1:colcon.colcon_core.package_identification:_identify(workspace/src/unilidar_sdk2/unitree_lidar_ros/src) by extension 'python'
[0.555s] Level 1:colcon.colcon_core.package_identification:_identify(workspace/src/unilidar_sdk2/unitree_lidar_ros/src) by extensions ['python_setup_py']
[0.555s] Level 1:colcon.colcon_core.package_identification:_identify(workspace/src/unilidar_sdk2/unitree_lidar_ros/src) by extension 'python_setup_py'
[0.555s] Level 1:colcon.colcon_core.package_identification:_identify(workspace/src/unilidar_sdk2/unitree_lidar_ros/src/unitree_lidar_ros) by extensions ['ignore', 'ignore_ament_install']
[0.555s] Level 1:colcon.colcon_core.package_identification:_identify(workspace/src/unilidar_sdk2/unitree_lidar_ros/src/unitree_lidar_ros) by extension 'ignore'
[0.555s] Level 1:colcon.colcon_core.package_identification:_identify(workspace/src/unilidar_sdk2/unitree_lidar_ros/src/unitree_lidar_ros) by extension 'ignore_ament_install'
[0.555s] Level 1:colcon.colcon_core.package_identification:_identify(workspace/src/unilidar_sdk2/unitree_lidar_ros/src/unitree_lidar_ros) by extensions ['colcon_pkg']
[0.555s] Level 1:colcon.colcon_core.package_identification:_identify(workspace/src/unilidar_sdk2/unitree_lidar_ros/src/unitree_lidar_ros) by extension 'colcon_pkg'
[0.555s] Level 1:colcon.colcon_core.package_identification:_identify(workspace/src/unilidar_sdk2/unitree_lidar_ros/src/unitree_lidar_ros) by extensions ['colcon_meta']
[0.555s] Level 1:colcon.colcon_core.package_identification:_identify(workspace/src/unilidar_sdk2/unitree_lidar_ros/src/unitree_lidar_ros) by extension 'colcon_meta'
[0.555s] Level 1:colcon.colcon_core.package_identification:_identify(workspace/src/unilidar_sdk2/unitree_lidar_ros/src/unitree_lidar_ros) by extensions ['ros']
[0.555s] Level 1:colcon.colcon_core.package_identification:_identify(workspace/src/unilidar_sdk2/unitree_lidar_ros/src/unitree_lidar_ros) by extension 'ros'
[0.557s] DEBUG:colcon.colcon_core.package_identification:Package 'workspace/src/unilidar_sdk2/unitree_lidar_ros/src/unitree_lidar_ros' with type 'ros.catkin' and name 'unitree_lidar_ros'
[0.557s] Level 1:colcon.colcon_core.package_identification:_identify(workspace/src/unilidar_sdk2/unitree_lidar_ros2) by extensions ['ignore', 'ignore_ament_install']
[0.557s] Level 1:colcon.colcon_core.package_identification:_identify(workspace/src/unilidar_sdk2/unitree_lidar_ros2) by extension 'ignore'
[0.558s] Level 1:colcon.colcon_core.package_identification:_identify(workspace/src/unilidar_sdk2/unitree_lidar_ros2) by extension 'ignore_ament_install'
[0.558s] Level 1:colcon.colcon_core.package_identification:_identify(workspace/src/unilidar_sdk2/unitree_lidar_ros2) by extensions ['colcon_pkg']
[0.558s] Level 1:colcon.colcon_core.package_identification:_identify(workspace/src/unilidar_sdk2/unitree_lidar_ros2) by extension 'colcon_pkg'
[0.558s] Level 1:colcon.colcon_core.package_identification:_identify(workspace/src/unilidar_sdk2/unitree_lidar_ros2) by extensions ['colcon_meta']
[0.558s] Level 1:colcon.colcon_core.package_identification:_identify(workspace/src/unilidar_sdk2/unitree_lidar_ros2) by extension 'colcon_meta'
[0.558s] Level 1:colcon.colcon_core.package_identification:_identify(workspace/src/unilidar_sdk2/unitree_lidar_ros2) by extensions ['ros']
[0.558s] Level 1:colcon.colcon_core.package_identification:_identify(workspace/src/unilidar_sdk2/unitree_lidar_ros2) by extension 'ros'
[0.558s] Level 1:colcon.colcon_core.package_identification:_identify(workspace/src/unilidar_sdk2/unitree_lidar_ros2) by extensions ['cmake', 'python']
[0.558s] Level 1:colcon.colcon_core.package_identification:_identify(workspace/src/unilidar_sdk2/unitree_lidar_ros2) by extension 'cmake'
[0.558s] Level 1:colcon.colcon_core.package_identification:_identify(workspace/src/unilidar_sdk2/unitree_lidar_ros2) by extension 'python'
[0.558s] Level 1:colcon.colcon_core.package_identification:_identify(workspace/src/unilidar_sdk2/unitree_lidar_ros2) by extensions ['python_setup_py']
[0.558s] Level 1:colcon.colcon_core.package_identification:_identify(workspace/src/unilidar_sdk2/unitree_lidar_ros2) by extension 'python_setup_py'
[0.558s] Level 1:colcon.colcon_core.package_identification:_identify(workspace/src/unilidar_sdk2/unitree_lidar_ros2/src) by extensions ['ignore', 'ignore_ament_install']
[0.559s] Level 1:colcon.colcon_core.package_identification:_identify(workspace/src/unilidar_sdk2/unitree_lidar_ros2/src) by extension 'ignore'
[0.559s] Level 1:colcon.colcon_core.package_identification:_identify(workspace/src/unilidar_sdk2/unitree_lidar_ros2/src) by extension 'ignore_ament_install'
[0.559s] Level 1:colcon.colcon_core.package_identification:_identify(workspace/src/unilidar_sdk2/unitree_lidar_ros2/src) by extensions ['colcon_pkg']
[0.559s] Level 1:colcon.colcon_core.package_identification:_identify(workspace/src/unilidar_sdk2/unitree_lidar_ros2/src) by extension 'colcon_pkg'
[0.559s] Level 1:colcon.colcon_core.package_identification:_identify(workspace/src/unilidar_sdk2/unitree_lidar_ros2/src) by extensions ['colcon_meta']
[0.559s] Level 1:colcon.colcon_core.package_identification:_identify(workspace/src/unilidar_sdk2/unitree_lidar_ros2/src) by extension 'colcon_meta'
[0.559s] Level 1:colcon.colcon_core.package_identification:_identify(workspace/src/unilidar_sdk2/unitree_lidar_ros2/src) by extensions ['ros']
[0.559s] Level 1:colcon.colcon_core.package_identification:_identify(workspace/src/unilidar_sdk2/unitree_lidar_ros2/src) by extension 'ros'
[0.559s] Level 1:colcon.colcon_core.package_identification:_identify(workspace/src/unilidar_sdk2/unitree_lidar_ros2/src) by extensions ['cmake', 'python']
[0.559s] Level 1:colcon.colcon_core.package_identification:_identify(workspace/src/unilidar_sdk2/unitree_lidar_ros2/src) by extension 'cmake'
[0.559s] Level 1:colcon.colcon_core.package_identification:_identify(workspace/src/unilidar_sdk2/unitree_lidar_ros2/src) by extension 'python'
[0.559s] Level 1:colcon.colcon_core.package_identification:_identify(workspace/src/unilidar_sdk2/unitree_lidar_ros2/src) by extensions ['python_setup_py']
[0.559s] Level 1:colcon.colcon_core.package_identification:_identify(workspace/src/unilidar_sdk2/unitree_lidar_ros2/src) by extension 'python_setup_py'
[0.559s] Level 1:colcon.colcon_core.package_identification:_identify(workspace/src/unilidar_sdk2/unitree_lidar_ros2/src/unitree_lidar_ros2) by extensions ['ignore', 'ignore_ament_install']
[0.560s] Level 1:colcon.colcon_core.package_identification:_identify(workspace/src/unilidar_sdk2/unitree_lidar_ros2/src/unitree_lidar_ros2) by extension 'ignore'
[0.560s] Level 1:colcon.colcon_core.package_identification:_identify(workspace/src/unilidar_sdk2/unitree_lidar_ros2/src/unitree_lidar_ros2) by extension 'ignore_ament_install'
[0.560s] Level 1:colcon.colcon_core.package_identification:_identify(workspace/src/unilidar_sdk2/unitree_lidar_ros2/src/unitree_lidar_ros2) by extensions ['colcon_pkg']
[0.560s] Level 1:colcon.colcon_core.package_identification:_identify(workspace/src/unilidar_sdk2/unitree_lidar_ros2/src/unitree_lidar_ros2) by extension 'colcon_pkg'
[0.560s] Level 1:colcon.colcon_core.package_identification:_identify(workspace/src/unilidar_sdk2/unitree_lidar_ros2/src/unitree_lidar_ros2) by extensions ['colcon_meta']
[0.560s] Level 1:colcon.colcon_core.package_identification:_identify(workspace/src/unilidar_sdk2/unitree_lidar_ros2/src/unitree_lidar_ros2) by extension 'colcon_meta'
[0.560s] Level 1:colcon.colcon_core.package_identification:_identify(workspace/src/unilidar_sdk2/unitree_lidar_ros2/src/unitree_lidar_ros2) by extensions ['ros']
[0.560s] Level 1:colcon.colcon_core.package_identification:_identify(workspace/src/unilidar_sdk2/unitree_lidar_ros2/src/unitree_lidar_ros2) by extension 'ros'
[0.562s] DEBUG:colcon.colcon_core.package_identification:Package 'workspace/src/unilidar_sdk2/unitree_lidar_ros2/src/unitree_lidar_ros2' with type 'ros.ament_cmake' and name 'unitree_lidar_ros2'
[0.562s] Level 1:colcon.colcon_core.package_identification:_identify(workspace/src/unilidar_sdk2/unitree_lidar_sdk) by extensions ['ignore', 'ignore_ament_install']
[0.562s] Level 1:colcon.colcon_core.package_identification:_identify(workspace/src/unilidar_sdk2/unitree_lidar_sdk) by extension 'ignore'
[0.562s] Level 1:colcon.colcon_core.package_identification:_identify(workspace/src/unilidar_sdk2/unitree_lidar_sdk) by extension 'ignore_ament_install'
[0.562s] Level 1:colcon.colcon_core.package_identification:_identify(workspace/src/unilidar_sdk2/unitree_lidar_sdk) by extensions ['colcon_pkg']
[0.562s] Level 1:colcon.colcon_core.package_identification:_identify(workspace/src/unilidar_sdk2/unitree_lidar_sdk) by extension 'colcon_pkg'
[0.562s] Level 1:colcon.colcon_core.package_identification:_identify(workspace/src/unilidar_sdk2/unitree_lidar_sdk) by extensions ['colcon_meta']
[0.562s] Level 1:colcon.colcon_core.package_identification:_identify(workspace/src/unilidar_sdk2/unitree_lidar_sdk) by extension 'colcon_meta'
[0.562s] Level 1:colcon.colcon_core.package_identification:_identify(workspace/src/unilidar_sdk2/unitree_lidar_sdk) by extensions ['ros']
[0.562s] Level 1:colcon.colcon_core.package_identification:_identify(workspace/src/unilidar_sdk2/unitree_lidar_sdk) by extension 'ros'
[0.562s] Level 1:colcon.colcon_core.package_identification:_identify(workspace/src/unilidar_sdk2/unitree_lidar_sdk) by extensions ['cmake', 'python']
[0.563s] Level 1:colcon.colcon_core.package_identification:_identify(workspace/src/unilidar_sdk2/unitree_lidar_sdk) by extension 'cmake'
[0.565s] Level 1:colcon.colcon_core.package_identification:_identify(workspace/src/unilidar_sdk2/unitree_lidar_sdk) by extension 'python'
[0.565s] DEBUG:colcon.colcon_core.package_identification:Package 'workspace/src/unilidar_sdk2/unitree_lidar_sdk' with type 'cmake' and name 'unitree_lidar_sdk'
[0.565s] Level 1:colcon.colcon_core.package_identification:_identify(workspace/src/vision) by extensions ['ignore', 'ignore_ament_install']
[0.565s] Level 1:colcon.colcon_core.package_identification:_identify(workspace/src/vision) by extension 'ignore'
[0.565s] Level 1:colcon.colcon_core.package_identification:_identify(workspace/src/vision) by extension 'ignore_ament_install'
[0.565s] Level 1:colcon.colcon_core.package_identification:_identify(workspace/src/vision) by extensions ['colcon_pkg']
[0.565s] Level 1:colcon.colcon_core.package_identification:_identify(workspace/src/vision) by extension 'colcon_pkg'
[0.565s] Level 1:colcon.colcon_core.package_identification:_identify(workspace/src/vision) by extensions ['colcon_meta']
[0.566s] Level 1:colcon.colcon_core.package_identification:_identify(workspace/src/vision) by extension 'colcon_meta'
[0.566s] Level 1:colcon.colcon_core.package_identification:_identify(workspace/src/vision) by extensions ['ros']
[0.566s] Level 1:colcon.colcon_core.package_identification:_identify(workspace/src/vision) by extension 'ros'
[0.567s] DEBUG:colcon.colcon_core.package_identification:Package 'workspace/src/vision' with type 'ros.ament_cmake' and name 'vision'
[0.567s] Level 1:colcon.colcon_core.package_discovery:discover_packages(recursive) using defaults
[0.567s] Level 1:colcon.colcon_core.package_discovery:discover_packages(ignore) discover
[0.568s] Level 1:colcon.colcon_core.package_discovery:discover_packages(ignore) using defaults
[0.568s] Level 1:colcon.colcon_core.package_discovery:discover_packages(path) discover
[0.568s] Level 1:colcon.colcon_core.package_discovery:discover_packages(path) using defaults
[0.598s] INFO:colcon.colcon_core.package_selection:Skipping not selected package 'hardware' in 'workspace/src/hardware'
[0.598s] INFO:colcon.colcon_core.package_selection:Skipping not selected package 'teleoperation' in 'workspace/src/teleoperation'
[0.598s] INFO:colcon.colcon_core.package_selection:Skipping not selected package 'unitree_lidar_ros' in 'workspace/src/unilidar_sdk2/unitree_lidar_ros/src/unitree_lidar_ros'
[0.598s] INFO:colcon.colcon_core.package_selection:Skipping not selected package 'unitree_lidar_ros2' in 'workspace/src/unilidar_sdk2/unitree_lidar_ros2/src/unitree_lidar_ros2'
[0.598s] INFO:colcon.colcon_core.package_selection:Skipping not selected package 'unitree_lidar_sdk' in 'workspace/src/unilidar_sdk2/unitree_lidar_sdk'
[0.598s] INFO:colcon.colcon_core.package_selection:Skipping not selected package 'vision' in 'workspace/src/vision'
[0.599s] Level 1:colcon.colcon_core.package_discovery:discover_packages(prefix_path) check parameters
[0.599s] Level 1:colcon.colcon_core.package_discovery:discover_packages(prefix_path) discover
[0.602s] DEBUG:colcon.colcon_installed_package_information.package_discovery:Found 2 installed packages in /home/aesir/Rescue-Major/install
[0.605s] DEBUG:colcon.colcon_installed_package_information.package_discovery:Found 395 installed packages in /opt/ros/humble
[0.608s] Level 1:colcon.colcon_core.package_discovery:discover_packages(prefix_path) using defaults
[0.681s] Level 5:colcon.colcon_core.verb:set package 'mapping' build argument 'cmake_args' from command line to 'None'
[0.682s] Level 5:colcon.colcon_core.verb:set package 'mapping' build argument 'cmake_target' from command line to 'None'
[0.682s] Level 5:colcon.colcon_core.verb:set package 'mapping' build argument 'cmake_target_skip_unavailable' from command line to 'False'
[0.682s] Level 5:colcon.colcon_core.verb:set package 'mapping' build argument 'cmake_clean_cache' from command line to 'False'
[0.682s] Level 5:colcon.colcon_core.verb:set package 'mapping' build argument 'cmake_clean_first' from command line to 'False'
[0.682s] Level 5:colcon.colcon_core.verb:set package 'mapping' build argument 'cmake_force_configure' from command line to 'False'
[0.682s] Level 5:colcon.colcon_core.verb:set package 'mapping' build argument 'ament_cmake_args' from command line to 'None'
[0.682s] Level 5:colcon.colcon_core.verb:set package 'mapping' build argument 'catkin_cmake_args' from command line to 'None'
[0.682s] Level 5:colcon.colcon_core.verb:set package 'mapping' build argument 'catkin_skip_building_tests' from command line to 'False'
[0.682s] DEBUG:colcon.colcon_core.verb:Building package 'mapping' with the following arguments: {'ament_cmake_args': None, 'build_base': '/home/aesir/Rescue-Major/build/mapping', 'catkin_cmake_args': None, 'catkin_skip_building_tests': False, 'cmake_args': None, 'cmake_clean_cache': False, 'cmake_clean_first': False, 'cmake_force_configure': False, 'cmake_target': None, 'cmake_target_skip_unavailable': False, 'install_base': '/home/aesir/Rescue-Major/install/mapping', 'merge_install': False, 'path': '/home/aesir/Rescue-Major/workspace/src/mapping', 'symlink_install': False, 'test_result_base': None}
[0.682s] INFO:colcon.colcon_core.executor:Executing jobs using 'parallel' executor
[0.684s] DEBUG:colcon.colcon_parallel_executor.executor.parallel:run_until_complete
[0.684s] INFO:colcon.colcon_ros.task.ament_cmake.build:Building ROS package in '/home/aesir/Rescue-Major/workspace/src/mapping' with build type 'ament_cmake'
[0.684s] INFO:colcon.colcon_cmake.task.cmake.build:Building CMake package in '/home/aesir/Rescue-Major/workspace/src/mapping'
[0.688s] INFO:colcon.colcon_core.plugin_system:Skipping extension 'colcon_core.shell.bat': Not used on non-Windows systems
[0.688s] INFO:colcon.colcon_core.shell:Skip shell extension 'powershell' for command environment: Not usable outside of PowerShell
[0.688s] DEBUG:colcon.colcon_core.shell:Skip shell extension 'dsv' for command environment
[0.706s] DEBUG:colcon.colcon_core.event_handler.log_command:Invoking command in '/home/aesir/Rescue-Major/build/mapping': CMAKE_PREFIX_PATH=${CMAKE_PREFIX_PATH}:/opt/ros/humble /usr/bin/cmake --build /home/aesir/Rescue-Major/build/mapping -- -j8 -l8
[0.766s] DEBUG:colcon.colcon_core.event_handler.log_command:Invoked command in '/home/aesir/Rescue-Major/build/mapping' returned '0': CMAKE_PREFIX_PATH=${CMAKE_PREFIX_PATH}:/opt/ros/humble /usr/bin/cmake --build /home/aesir/Rescue-Major/build/mapping -- -j8 -l8
[0.784s] DEBUG:colcon.colcon_core.event_handler.log_command:Invoking command in '/home/aesir/Rescue-Major/build/mapping': CMAKE_PREFIX_PATH=${CMAKE_PREFIX_PATH}:/opt/ros/humble /usr/bin/cmake --install /home/aesir/Rescue-Major/build/mapping
[0.809s] Level 1:colcon.colcon_core.environment:create_environment_scripts_only(mapping)
[0.818s] Level 1:colcon.colcon_core.environment:checking '/home/aesir/Rescue-Major/install/mapping' for CMake module files
[0.819s] DEBUG:colcon.colcon_core.event_handler.log_command:Invoked command in '/home/aesir/Rescue-Major/build/mapping' returned '0': CMAKE_PREFIX_PATH=${CMAKE_PREFIX_PATH}:/opt/ros/humble /usr/bin/cmake --install /home/aesir/Rescue-Major/build/mapping
[0.820s] Level 1:colcon.colcon_core.environment:checking '/home/aesir/Rescue-Major/install/mapping' for CMake config files
[0.820s] Level 1:colcon.colcon_core.shell:create_environment_hook('mapping', 'cmake_prefix_path')
[0.821s] INFO:colcon.colcon_core.shell:Creating environment hook '/home/aesir/Rescue-Major/install/mapping/share/mapping/hook/cmake_prefix_path.ps1'
[0.822s] INFO:colcon.colcon_core.shell:Creating environment descriptor '/home/aesir/Rescue-Major/install/mapping/share/mapping/hook/cmake_prefix_path.dsv'
[0.823s] INFO:colcon.colcon_core.shell:Creating environment hook '/home/aesir/Rescue-Major/install/mapping/share/mapping/hook/cmake_prefix_path.sh'
[0.825s] Level 1:colcon.colcon_core.environment:checking '/home/aesir/Rescue-Major/install/mapping/lib'
[0.825s] Level 1:colcon.colcon_core.environment:checking '/home/aesir/Rescue-Major/install/mapping/bin'
[0.825s] Level 1:colcon.colcon_core.environment:checking '/home/aesir/Rescue-Major/install/mapping/lib/pkgconfig/mapping.pc'
[0.825s] Level 1:colcon.colcon_core.environment:checking '/home/aesir/Rescue-Major/install/mapping/lib/python3.10/site-packages'
[0.826s] Level 1:colcon.colcon_core.environment:checking '/home/aesir/Rescue-Major/install/mapping/bin'
[0.826s] INFO:colcon.colcon_core.shell:Creating package script '/home/aesir/Rescue-Major/install/mapping/share/mapping/package.ps1'
[0.828s] INFO:colcon.colcon_core.shell:Creating package descriptor '/home/aesir/Rescue-Major/install/mapping/share/mapping/package.dsv'
[0.830s] INFO:colcon.colcon_core.shell:Creating package script '/home/aesir/Rescue-Major/install/mapping/share/mapping/package.sh'
[0.831s] INFO:colcon.colcon_core.shell:Creating package script '/home/aesir/Rescue-Major/install/mapping/share/mapping/package.bash'
[0.833s] INFO:colcon.colcon_core.shell:Creating package script '/home/aesir/Rescue-Major/install/mapping/share/mapping/package.zsh'
[0.834s] Level 1:colcon.colcon_core.environment:create_file_with_runtime_dependencies(/home/aesir/Rescue-Major/install/mapping/share/colcon-core/packages/mapping)
[0.836s] Level 1:colcon.colcon_core.environment:create_environment_scripts_only(mapping)
[0.836s] Level 1:colcon.colcon_core.environment:checking '/home/aesir/Rescue-Major/install/mapping' for CMake module files
[0.837s] Level 1:colcon.colcon_core.environment:checking '/home/aesir/Rescue-Major/install/mapping' for CMake config files
[0.837s] Level 1:colcon.colcon_core.shell:create_environment_hook('mapping', 'cmake_prefix_path')
[0.838s] INFO:colcon.colcon_core.shell:Creating environment hook '/home/aesir/Rescue-Major/install/mapping/share/mapping/hook/cmake_prefix_path.ps1'
[0.839s] INFO:colcon.colcon_core.shell:Creating environment descriptor '/home/aesir/Rescue-Major/install/mapping/share/mapping/hook/cmake_prefix_path.dsv'
[0.839s] INFO:colcon.colcon_core.shell:Creating environment hook '/home/aesir/Rescue-Major/install/mapping/share/mapping/hook/cmake_prefix_path.sh'
[0.840s] Level 1:colcon.colcon_core.environment:checking '/home/aesir/Rescue-Major/install/mapping/lib'
[0.841s] Level 1:colcon.colcon_core.environment:checking '/home/aesir/Rescue-Major/install/mapping/bin'
[0.841s] Level 1:colcon.colcon_core.environment:checking '/home/aesir/Rescue-Major/install/mapping/lib/pkgconfig/mapping.pc'
[0.841s] Level 1:colcon.colcon_core.environment:checking '/home/aesir/Rescue-Major/install/mapping/lib/python3.10/site-packages'
[0.841s] Level 1:colcon.colcon_core.environment:checking '/home/aesir/Rescue-Major/install/mapping/bin'
[0.842s] INFO:colcon.colcon_core.shell:Creating package script '/home/aesir/Rescue-Major/install/mapping/share/mapping/package.ps1'
[0.843s] INFO:colcon.colcon_core.shell:Creating package descriptor '/home/aesir/Rescue-Major/install/mapping/share/mapping/package.dsv'
[0.844s] INFO:colcon.colcon_core.shell:Creating package script '/home/aesir/Rescue-Major/install/mapping/share/mapping/package.sh'
[0.845s] INFO:colcon.colcon_core.shell:Creating package script '/home/aesir/Rescue-Major/install/mapping/share/mapping/package.bash'
[0.846s] INFO:colcon.colcon_core.shell:Creating package script '/home/aesir/Rescue-Major/install/mapping/share/mapping/package.zsh'
[0.847s] Level 1:colcon.colcon_core.environment:create_file_with_runtime_dependencies(/home/aesir/Rescue-Major/install/mapping/share/colcon-core/packages/mapping)
[0.847s] DEBUG:colcon.colcon_parallel_executor.executor.parallel:closing loop
[0.848s] DEBUG:colcon.colcon_parallel_executor.executor.parallel:loop closed
[0.848s] DEBUG:colcon.colcon_parallel_executor.executor.parallel:run_until_complete finished with '0'
[0.848s] DEBUG:colcon.colcon_core.event_reactor:joining thread
[0.869s] INFO:colcon.colcon_core.plugin_system:Skipping extension 'colcon_notification.desktop_notification.terminal_notifier': Not used on non-Darwin systems
[0.869s] INFO:colcon.colcon_core.plugin_system:Skipping extension 'colcon_notification.desktop_notification.win32': Not used on non-Windows systems
[0.870s] INFO:colcon.colcon_notification.desktop_notification:Sending desktop notification using 'notify2'
[0.892s] DEBUG:colcon.colcon_core.event_reactor:joined thread
[0.893s] INFO:colcon.colcon_core.shell:Creating prefix script '/home/aesir/Rescue-Major/install/local_setup.ps1'
[0.894s] INFO:colcon.colcon_core.shell:Creating prefix util module '/home/aesir/Rescue-Major/install/_local_setup_util_ps1.py'
[0.897s] INFO:colcon.colcon_core.shell:Creating prefix chain script '/home/aesir/Rescue-Major/install/setup.ps1'
[0.899s] INFO:colcon.colcon_core.shell:Creating prefix script '/home/aesir/Rescue-Major/install/local_setup.sh'
[0.901s] INFO:colcon.colcon_core.shell:Creating prefix util module '/home/aesir/Rescue-Major/install/_local_setup_util_sh.py'
[0.902s] INFO:colcon.colcon_core.shell:Creating prefix chain script '/home/aesir/Rescue-Major/install/setup.sh'
[0.904s] INFO:colcon.colcon_core.shell:Creating prefix script '/home/aesir/Rescue-Major/install/local_setup.bash'
[0.905s] INFO:colcon.colcon_core.shell:Creating prefix chain script '/home/aesir/Rescue-Major/install/setup.bash'
[0.908s] INFO:colcon.colcon_core.shell:Creating prefix script '/home/aesir/Rescue-Major/install/local_setup.zsh'
[0.909s] INFO:colcon.colcon_core.shell:Creating prefix chain script '/home/aesir/Rescue-Major/install/setup.zsh'
