[0.028s] Invoking command in '/home/aesir/Rescue-Major/build/mapping': CMAKE_PREFIX_PATH=${CMAKE_PREFIX_PATH}:/opt/ros/humble /usr/bin/cmake --build /home/aesir/Rescue-Major/build/mapping -- -j8 -l8
[0.128s] Invoked command in '/home/aesir/Rescue-Major/build/mapping' returned '0': CMAKE_PREFIX_PATH=${CMAKE_PREFIX_PATH}:/opt/ros/humble /usr/bin/cmake --build /home/aesir/Rescue-Major/build/mapping -- -j8 -l8
[0.153s] Invoking command in '/home/aesir/Rescue-Major/build/mapping': CMAKE_PREFIX_PATH=${CMAKE_PREFIX_PATH}:/opt/ros/humble /usr/bin/cmake --install /home/aesir/Rescue-Major/build/mapping
[0.174s] -- Install configuration: ""
[0.175s] -- Up-to-date: /home/aesir/Rescue-Major/install/mapping/lib/mapping/object_detection_node
[0.175s] -- Up-to-date: /home/aesir/Rescue-Major/install/mapping/lib/mapping/export_map_ply
[0.175s] -- Up-to-date: /home/aesir/Rescue-Major/install/mapping/lib/mapping/yolo_detection_viewer
[0.176s] -- Up-to-date: /home/aesir/Rescue-Major/install/mapping/lib/mapping/yolo_diagnostics
[0.176s] -- Up-to-date: /home/aesir/Rescue-Major/install/mapping/share/mapping/launch
[0.177s] -- Up-to-date: /home/aesir/Rescue-Major/install/mapping/share/mapping/launch/frames_2026-04-09_13.39.09.pdf
[0.177s] -- Up-to-date: /home/aesir/Rescue-Major/install/mapping/share/mapping/launch/camera_config.yaml
[0.177s] -- Up-to-date: /home/aesir/Rescue-Major/install/mapping/share/mapping/launch/depthai_test.launch.py
[0.178s] -- Up-to-date: /home/aesir/Rescue-Major/install/mapping/share/mapping/launch/depthai_yolo_oakd.launch.py
[0.178s] -- Up-to-date: /home/aesir/Rescue-Major/install/mapping/share/mapping/launch/frames_2026-04-09_13.39.09.gv
[0.178s] -- Up-to-date: /home/aesir/Rescue-Major/install/mapping/share/mapping/launch/mapeo_general.py
[0.178s] -- Up-to-date: /home/aesir/Rescue-Major/install/mapping/share/mapping/launch/__pycache__
[0.179s] -- Up-to-date: /home/aesir/Rescue-Major/install/mapping/share/mapping/launch/__pycache__/depthai_test.launch.cpython-310.pyc
[0.179s] -- Installing: /home/aesir/Rescue-Major/install/mapping/share/mapping/launch/__pycache__/mapeo_general.cpython-310.pyc
[0.179s] -- Up-to-date: /home/aesir/Rescue-Major/install/mapping/share/mapping/launch/depthai_yolo_backend.launch.py
[0.179s] -- Up-to-date: /home/aesir/Rescue-Major/install/mapping/share/mapping/maps
[0.179s] -- Up-to-date: /home/aesir/Rescue-Major/install/mapping/share/mapping/maps/.gitkeep
[0.180s] -- Up-to-date: /home/aesir/Rescue-Major/install/mapping/share/mapping/maps/RoboCup2026-Aesir-1-13-12-12-map.ply
[0.180s] -- Up-to-date: /home/aesir/Rescue-Major/install/mapping/share/mapping/maps/RoboCup2026-Aesir-1-16-26-46-map.ply
[0.180s] -- Up-to-date: /home/aesir/Rescue-Major/install/mapping/share/ament_index/resource_index/package_run_dependencies/mapping
[0.180s] -- Up-to-date: /home/aesir/Rescue-Major/install/mapping/share/ament_index/resource_index/parent_prefix_path/mapping
[0.181s] -- Up-to-date: /home/aesir/Rescue-Major/install/mapping/share/mapping/environment/ament_prefix_path.sh
[0.181s] -- Up-to-date: /home/aesir/Rescue-Major/install/mapping/share/mapping/environment/ament_prefix_path.dsv
[0.181s] -- Up-to-date: /home/aesir/Rescue-Major/install/mapping/share/mapping/environment/path.sh
[0.182s] -- Up-to-date: /home/aesir/Rescue-Major/install/mapping/share/mapping/environment/path.dsv
[0.183s] -- Up-to-date: /home/aesir/Rescue-Major/install/mapping/share/mapping/local_setup.bash
[0.184s] -- Up-to-date: /home/aesir/Rescue-Major/install/mapping/share/mapping/local_setup.sh
[0.184s] -- Up-to-date: /home/aesir/Rescue-Major/install/mapping/share/mapping/local_setup.zsh
[0.185s] -- Up-to-date: /home/aesir/Rescue-Major/install/mapping/share/mapping/local_setup.dsv
[0.185s] -- Installing: /home/aesir/Rescue-Major/install/mapping/share/mapping/package.dsv
[0.185s] -- Up-to-date: /home/aesir/Rescue-Major/install/mapping/share/ament_index/resource_index/packages/mapping
[0.186s] -- Up-to-date: /home/aesir/Rescue-Major/install/mapping/share/mapping/cmake/mappingConfig.cmake
[0.186s] -- Up-to-date: /home/aesir/Rescue-Major/install/mapping/share/mapping/cmake/mappingConfig-version.cmake
[0.187s] -- Up-to-date: /home/aesir/Rescue-Major/install/mapping/share/mapping/package.xml
[0.188s] Invoked command in '/home/aesir/Rescue-Major/build/mapping' returned '0': CMAKE_PREFIX_PATH=${CMAKE_PREFIX_PATH}:/opt/ros/humble /usr/bin/cmake --install /home/aesir/Rescue-Major/build/mapping
