[1.152s] Invoking command in '/home/didi_121/Rescue-Major/workspace/GUI': PYTHONPATH=/home/didi_121/Rescue-Major/workspace/GUI/build/GUI/prefix_override:/usr/lib/python3/dist-packages/colcon_core/task/python/colcon_distutils_commands:/home/didi_121/Rescue-Major/workspace/GUI/install/GUI/lib/python3.10/site-packages:${PYTHONPATH} /usr/bin/python3 -W ignore:setup.py install is deprecated -W ignore:easy_install command is deprecated setup.py egg_info --egg-base build/GUI build --build-base /home/didi_121/Rescue-Major/workspace/GUI/build/GUI/build install --record /home/didi_121/Rescue-Major/workspace/GUI/build/GUI/install.log --single-version-externally-managed install_data
[1.598s] running egg_info
[1.599s] writing build/GUI/GUI.egg-info/PKG-INFO
[1.600s] writing dependency_links to build/GUI/GUI.egg-info/dependency_links.txt
[1.601s] writing entry points to build/GUI/GUI.egg-info/entry_points.txt
[1.601s] writing requirements to build/GUI/GUI.egg-info/requires.txt
[1.601s] writing top-level names to build/GUI/GUI.egg-info/top_level.txt
[1.605s] reading manifest file 'build/GUI/GUI.egg-info/SOURCES.txt'
[1.607s] writing manifest file 'build/GUI/GUI.egg-info/SOURCES.txt'
[1.607s] running build
[1.607s] running build_py
[1.608s] copying GUI/server.py -> /home/didi_121/Rescue-Major/workspace/GUI/build/GUI/build/lib/GUI
[1.609s] running install
[1.609s] running install_lib
[1.611s] copying /home/didi_121/Rescue-Major/workspace/GUI/build/GUI/build/lib/GUI/server.py -> /home/didi_121/Rescue-Major/workspace/GUI/install/GUI/lib/python3.10/site-packages/GUI
[1.613s] byte-compiling /home/didi_121/Rescue-Major/workspace/GUI/install/GUI/lib/python3.10/site-packages/GUI/server.py to server.cpython-310.pyc
[1.617s] running install_data
[1.619s] running install_egg_info
[1.623s] removing '/home/didi_121/Rescue-Major/workspace/GUI/install/GUI/lib/python3.10/site-packages/GUI-0.0.0-py3.10.egg-info' (and everything under it)
[1.624s] Copying build/GUI/GUI.egg-info to /home/didi_121/Rescue-Major/workspace/GUI/install/GUI/lib/python3.10/site-packages/GUI-0.0.0-py3.10.egg-info
[1.625s] running install_scripts
[1.664s] Installing reader_bag script to /home/didi_121/Rescue-Major/workspace/GUI/install/GUI/lib/GUI
[1.664s] Installing server script to /home/didi_121/Rescue-Major/workspace/GUI/install/GUI/lib/GUI
[1.665s] writing list of installed files to '/home/didi_121/Rescue-Major/workspace/GUI/build/GUI/install.log'
[1.702s] Invoked command in '/home/didi_121/Rescue-Major/workspace/GUI' returned '0': PYTHONPATH=/home/didi_121/Rescue-Major/workspace/GUI/build/GUI/prefix_override:/usr/lib/python3/dist-packages/colcon_core/task/python/colcon_distutils_commands:/home/didi_121/Rescue-Major/workspace/GUI/install/GUI/lib/python3.10/site-packages:${PYTHONPATH} /usr/bin/python3 -W ignore:setup.py install is deprecated -W ignore:easy_install command is deprecated setup.py egg_info --egg-base build/GUI build --build-base /home/didi_121/Rescue-Major/workspace/GUI/build/GUI/build install --record /home/didi_121/Rescue-Major/workspace/GUI/build/GUI/install.log --single-version-externally-managed install_data
