[0.015s] Invoking command in '/home/aesir/Rescue-Major/build/mapping': CMAKE_PREFIX_PATH=${CMAKE_PREFIX_PATH}:/opt/ros/humble /usr/bin/cmake --build /home/aesir/Rescue-Major/build/mapping -- -j8 -l8
[0.060s] -- Found ament_cmake: 1.3.14 (/opt/ros/humble/share/ament_cmake/cmake)
[0.253s] -- Found rclpy: 3.3.21 (/opt/ros/humble/share/rclpy/cmake)
[0.385s] -- Configuring done
[0.392s] -- Generating done
[0.399s] -- Build files have been written to: /home/aesir/Rescue-Major/build/mapping
[0.441s] Invoked command in '/home/aesir/Rescue-Major/build/mapping' returned '0': CMAKE_PREFIX_PATH=${CMAKE_PREFIX_PATH}:/opt/ros/humble /usr/bin/cmake --build /home/aesir/Rescue-Major/build/mapping -- -j8 -l8
[0.455s] Invoking command in '/home/aesir/Rescue-Major/build/mapping': CMAKE_PREFIX_PATH=${CMAKE_PREFIX_PATH}:/opt/ros/humble /usr/bin/cmake --install /home/aesir/Rescue-Major/build/mapping
[0.463s] -- Install configuration: ""
[0.463s] -- Up-to-date: /home/aesir/Rescue-Major/install/mapping/lib/mapping/object_detection_node
[0.463s] -- Up-to-date: /home/aesir/Rescue-Major/install/mapping/lib/mapping/export_map_ply
[0.464s] -- Installing: /home/aesir/Rescue-Major/install/mapping/lib/mapping/landmark_tf_publisher.py
[0.464s] -- Up-to-date: /home/aesir/Rescue-Major/install/mapping/share/mapping/launch
[0.464s] -- Up-to-date: /home/aesir/Rescue-Major/install/mapping/share/mapping/launch/frames_2026-04-09_13.39.09.pdf
[0.464s] -- Up-to-date: /home/aesir/Rescue-Major/install/mapping/share/mapping/launch/diagnostico_rtabmap.sh
[0.464s] -- Up-to-date: /home/aesir/Rescue-Major/install/mapping/share/mapping/launch/camera_config.yaml
[0.464s] -- Up-to-date: /home/aesir/Rescue-Major/install/mapping/share/mapping/launch/depthai_test.launch.py
[0.464s] -- Up-to-date: /home/aesir/Rescue-Major/install/mapping/share/mapping/launch/depthai_yolo_oakd.launch.py
[0.465s] -- Up-to-date: /home/aesir/Rescue-Major/install/mapping/share/mapping/launch/frames_2026-04-09_13.39.09.gv
[0.465s] -- Installing: /home/aesir/Rescue-Major/install/mapping/share/mapping/launch/mapeo_general.py
[0.465s] -- Up-to-date: /home/aesir/Rescue-Major/install/mapping/share/mapping/launch/__pycache__
[0.465s] -- Up-to-date: /home/aesir/Rescue-Major/install/mapping/share/mapping/launch/__pycache__/depthai_test.launch.cpython-310.pyc
[0.465s] -- Up-to-date: /home/aesir/Rescue-Major/install/mapping/share/mapping/launch/__pycache__/mapeo_general.cpython-310.pyc
[0.465s] -- Up-to-date: /home/aesir/Rescue-Major/install/mapping/share/mapping/launch/depthai_yolo_backend.launch.py
[0.465s] -- Up-to-date: /home/aesir/Rescue-Major/install/mapping/share/mapping/launch/mapeo_color.py
[0.465s] -- Up-to-date: /home/aesir/Rescue-Major/install/mapping/share/mapping/maps
[0.465s] -- Up-to-date: /home/aesir/Rescue-Major/install/mapping/share/mapping/maps/.gitkeep
[0.466s] -- Up-to-date: /home/aesir/Rescue-Major/install/mapping/share/mapping/maps/RoboCup2026-Aesir-1-13-12-12-map.ply
[0.466s] -- Up-to-date: /home/aesir/Rescue-Major/install/mapping/share/mapping/maps/RoboCup2026-Aesir-1-16-26-46-map.ply
[0.466s] -- Up-to-date: /home/aesir/Rescue-Major/install/mapping/share/ament_index/resource_index/package_run_dependencies/mapping
[0.466s] -- Up-to-date: /home/aesir/Rescue-Major/install/mapping/share/ament_index/resource_index/parent_prefix_path/mapping
[0.466s] -- Up-to-date: /home/aesir/Rescue-Major/install/mapping/share/mapping/environment/ament_prefix_path.sh
[0.466s] -- Installing: /home/aesir/Rescue-Major/install/mapping/share/mapping/environment/ament_prefix_path.dsv
[0.466s] -- Up-to-date: /home/aesir/Rescue-Major/install/mapping/share/mapping/environment/path.sh
[0.466s] -- Installing: /home/aesir/Rescue-Major/install/mapping/share/mapping/environment/path.dsv
[0.466s] -- Up-to-date: /home/aesir/Rescue-Major/install/mapping/share/mapping/local_setup.bash
[0.466s] -- Up-to-date: /home/aesir/Rescue-Major/install/mapping/share/mapping/local_setup.sh
[0.466s] -- Up-to-date: /home/aesir/Rescue-Major/install/mapping/share/mapping/local_setup.zsh
[0.467s] -- Installing: /home/aesir/Rescue-Major/install/mapping/share/mapping/local_setup.dsv
[0.467s] -- Installing: /home/aesir/Rescue-Major/install/mapping/share/mapping/package.dsv
[0.467s] -- Up-to-date: /home/aesir/Rescue-Major/install/mapping/share/ament_index/resource_index/packages/mapping
[0.467s] -- Up-to-date: /home/aesir/Rescue-Major/install/mapping/share/mapping/cmake/mappingConfig.cmake
[0.467s] -- Up-to-date: /home/aesir/Rescue-Major/install/mapping/share/mapping/cmake/mappingConfig-version.cmake
[0.467s] -- Up-to-date: /home/aesir/Rescue-Major/install/mapping/share/mapping/package.xml
[0.469s] Invoked command in '/home/aesir/Rescue-Major/build/mapping' returned '0': CMAKE_PREFIX_PATH=${CMAKE_PREFIX_PATH}:/opt/ros/humble /usr/bin/cmake --install /home/aesir/Rescue-Major/build/mapping
