[0.520s] Invoking command in '/home/didi_121/Rescue-Major/build/vision': /usr/bin/cmake --build /home/didi_121/Rescue-Major/build/vision -- -j8 -l8
[0.638s] Consolidate compiler generated dependencies of target video_stream_publisher
[0.691s] [100%] Built target video_stream_publisher
[0.709s] Invoked command in '/home/didi_121/Rescue-Major/build/vision' returned '0': /usr/bin/cmake --build /home/didi_121/Rescue-Major/build/vision -- -j8 -l8
[0.725s] Invoking command in '/home/didi_121/Rescue-Major/build/vision': /usr/bin/cmake --install /home/didi_121/Rescue-Major/build/vision
[0.741s] -- Install configuration: ""
[0.741s] -- Up-to-date: /home/didi_121/Rescue-Major/install/vision/lib/vision/video_stream_publisher
[0.743s] -- Up-to-date: /home/didi_121/Rescue-Major/install/vision/share/ament_index/resource_index/package_run_dependencies/vision
[0.743s] -- Up-to-date: /home/didi_121/Rescue-Major/install/vision/share/ament_index/resource_index/parent_prefix_path/vision
[0.744s] -- Up-to-date: /home/didi_121/Rescue-Major/install/vision/share/vision/environment/ament_prefix_path.sh
[0.744s] -- Up-to-date: /home/didi_121/Rescue-Major/install/vision/share/vision/environment/ament_prefix_path.dsv
[0.744s] -- Up-to-date: /home/didi_121/Rescue-Major/install/vision/share/vision/environment/path.sh
[0.744s] -- Up-to-date: /home/didi_121/Rescue-Major/install/vision/share/vision/environment/path.dsv
[0.744s] -- Up-to-date: /home/didi_121/Rescue-Major/install/vision/share/vision/local_setup.bash
[0.745s] -- Up-to-date: /home/didi_121/Rescue-Major/install/vision/share/vision/local_setup.sh
[0.745s] -- Up-to-date: /home/didi_121/Rescue-Major/install/vision/share/vision/local_setup.zsh
[0.745s] -- Up-to-date: /home/didi_121/Rescue-Major/install/vision/share/vision/local_setup.dsv
[0.745s] -- Installing: /home/didi_121/Rescue-Major/install/vision/share/vision/package.dsv
[0.745s] -- Up-to-date: /home/didi_121/Rescue-Major/install/vision/share/ament_index/resource_index/packages/vision
[0.746s] -- Up-to-date: /home/didi_121/Rescue-Major/install/vision/share/vision/cmake/visionConfig.cmake
[0.746s] -- Up-to-date: /home/didi_121/Rescue-Major/install/vision/share/vision/cmake/visionConfig-version.cmake
[0.747s] -- Up-to-date: /home/didi_121/Rescue-Major/install/vision/share/vision/package.xml
[0.748s] Invoked command in '/home/didi_121/Rescue-Major/build/vision' returned '0': /usr/bin/cmake --install /home/didi_121/Rescue-Major/build/vision
