[0.258s] DEBUG:colcon:Command line arguments: ['/usr/bin/colcon', 'build']
[0.258s] DEBUG:colcon:Parsed command line arguments: Namespace(log_base=None, log_level=None, verb_name='build', build_base='build', install_base='install', merge_install=False, symlink_install=False, test_result_base=None, continue_on_error=False, executor='parallel', parallel_workers=8, event_handlers=None, ignore_user_meta=False, metas=['./colcon.meta'], base_paths=['.'], packages_ignore=None, packages_ignore_regex=None, paths=None, packages_up_to=None, packages_up_to_regex=None, packages_above=None, packages_above_and_dependencies=None, packages_above_depth=None, packages_select_by_dep=None, packages_skip_by_dep=None, packages_skip_up_to=None, packages_select_build_failed=False, packages_skip_build_finished=False, packages_select_test_failures=False, packages_skip_test_passed=False, packages_select=None, packages_skip=None, packages_select_regex=None, packages_skip_regex=None, packages_start=None, packages_end=None, allow_overriding=[], cmake_args=None, cmake_target=None, cmake_target_skip_unavailable=False, cmake_clean_cache=False, cmake_clean_first=False, cmake_force_configure=False, ament_cmake_args=None, catkin_cmake_args=None, catkin_skip_building_tests=False, mixin_files=None, mixin=None, verb_parser=<colcon_mixin.mixin.mixin_argument.MixinArgumentDecorator object at 0x7a2388ddd270>, verb_extension=<colcon_core.verb.build.BuildVerb object at 0x7a2388ddc850>, main=<bound method BuildVerb.main of <colcon_core.verb.build.BuildVerb object at 0x7a2388ddc850>>, mixin_verb=('build',))
[0.600s] Level 1:colcon.colcon_core.package_discovery:discover_packages(colcon_meta) check parameters
[0.600s] Level 1:colcon.colcon_core.package_discovery:discover_packages(recursive) check parameters
[0.600s] Level 1:colcon.colcon_core.package_discovery:discover_packages(ignore) check parameters
[0.600s] Level 1:colcon.colcon_core.package_discovery:discover_packages(path) check parameters
[0.600s] Level 1:colcon.colcon_core.package_discovery:discover_packages(colcon_meta) discover
[0.601s] Level 1:colcon.colcon_core.package_discovery:discover_packages(recursive) discover
[0.601s] INFO:colcon.colcon_core.package_discovery:Crawling recursively for packages in '/home/didi_121/Rescue-Major/workspace'
[0.601s] Level 1:colcon.colcon_core.package_identification:_identify(.) by extensions ['ignore', 'ignore_ament_install']
[0.601s] Level 1:colcon.colcon_core.package_identification:_identify(.) by extension 'ignore'
[0.601s] Level 1:colcon.colcon_core.package_identification:_identify(.) by extension 'ignore_ament_install'
[0.601s] Level 1:colcon.colcon_core.package_identification:_identify(.) by extensions ['colcon_pkg']
[0.601s] Level 1:colcon.colcon_core.package_identification:_identify(.) by extension 'colcon_pkg'
[0.601s] Level 1:colcon.colcon_core.package_identification:_identify(.) by extensions ['colcon_meta']
[0.601s] Level 1:colcon.colcon_core.package_identification:_identify(.) by extension 'colcon_meta'
[0.602s] Level 1:colcon.colcon_core.package_identification:_identify(.) by extensions ['ros']
[0.602s] Level 1:colcon.colcon_core.package_identification:_identify(.) by extension 'ros'
[0.624s] Level 1:colcon.colcon_core.package_identification:_identify(.) by extensions ['cmake', 'python']
[0.625s] Level 1:colcon.colcon_core.package_identification:_identify(.) by extension 'cmake'
[0.625s] Level 1:colcon.colcon_core.package_identification:_identify(.) by extension 'python'
[0.625s] Level 1:colcon.colcon_core.package_identification:_identify(.) by extensions ['python_setup_py']
[0.625s] Level 1:colcon.colcon_core.package_identification:_identify(.) by extension 'python_setup_py'
[0.625s] Level 1:colcon.colcon_core.package_identification:_identify(build) by extensions ['ignore', 'ignore_ament_install']
[0.625s] Level 1:colcon.colcon_core.package_identification:_identify(build) by extension 'ignore'
[0.625s] Level 1:colcon.colcon_core.package_identification:_identify(build) ignored
[0.626s] Level 1:colcon.colcon_core.package_identification:_identify(communication) by extensions ['ignore', 'ignore_ament_install']
[0.626s] Level 1:colcon.colcon_core.package_identification:_identify(communication) by extension 'ignore'
[0.626s] Level 1:colcon.colcon_core.package_identification:_identify(communication) by extension 'ignore_ament_install'
[0.626s] Level 1:colcon.colcon_core.package_identification:_identify(communication) by extensions ['colcon_pkg']
[0.626s] Level 1:colcon.colcon_core.package_identification:_identify(communication) by extension 'colcon_pkg'
[0.626s] Level 1:colcon.colcon_core.package_identification:_identify(communication) by extensions ['colcon_meta']
[0.626s] Level 1:colcon.colcon_core.package_identification:_identify(communication) by extension 'colcon_meta'
[0.626s] Level 1:colcon.colcon_core.package_identification:_identify(communication) by extensions ['ros']
[0.626s] Level 1:colcon.colcon_core.package_identification:_identify(communication) by extension 'ros'
[0.631s] DEBUG:colcon.colcon_core.package_identification:Package 'communication' with type 'ros.ament_cmake' and name 'communication'
[0.632s] Level 1:colcon.colcon_core.package_identification:_identify(install) by extensions ['ignore', 'ignore_ament_install']
[0.632s] Level 1:colcon.colcon_core.package_identification:_identify(install) by extension 'ignore'
[0.632s] Level 1:colcon.colcon_core.package_identification:_identify(install) ignored
[0.632s] Level 1:colcon.colcon_core.package_identification:_identify(localization) by extensions ['ignore', 'ignore_ament_install']
[0.633s] Level 1:colcon.colcon_core.package_identification:_identify(localization) by extension 'ignore'
[0.633s] Level 1:colcon.colcon_core.package_identification:_identify(localization) by extension 'ignore_ament_install'
[0.633s] Level 1:colcon.colcon_core.package_identification:_identify(localization) by extensions ['colcon_pkg']
[0.633s] Level 1:colcon.colcon_core.package_identification:_identify(localization) by extension 'colcon_pkg'
[0.633s] Level 1:colcon.colcon_core.package_identification:_identify(localization) by extensions ['colcon_meta']
[0.633s] Level 1:colcon.colcon_core.package_identification:_identify(localization) by extension 'colcon_meta'
[0.633s] Level 1:colcon.colcon_core.package_identification:_identify(localization) by extensions ['ros']
[0.633s] Level 1:colcon.colcon_core.package_identification:_identify(localization) by extension 'ros'
[0.633s] Level 1:colcon.colcon_core.package_identification:_identify(localization) by extensions ['cmake', 'python']
[0.633s] Level 1:colcon.colcon_core.package_identification:_identify(localization) by extension 'cmake'
[0.633s] Level 1:colcon.colcon_core.package_identification:_identify(localization) by extension 'python'
[0.634s] Level 1:colcon.colcon_core.package_identification:_identify(localization) by extensions ['python_setup_py']
[0.634s] Level 1:colcon.colcon_core.package_identification:_identify(localization) by extension 'python_setup_py'
[0.634s] Level 1:colcon.colcon_core.package_identification:_identify(log) by extensions ['ignore', 'ignore_ament_install']
[0.634s] Level 1:colcon.colcon_core.package_identification:_identify(log) by extension 'ignore'
[0.634s] Level 1:colcon.colcon_core.package_identification:_identify(log) ignored
[0.634s] Level 1:colcon.colcon_core.package_identification:_identify(master) by extensions ['ignore', 'ignore_ament_install']
[0.634s] Level 1:colcon.colcon_core.package_identification:_identify(master) by extension 'ignore'
[0.634s] Level 1:colcon.colcon_core.package_identification:_identify(master) by extension 'ignore_ament_install'
[0.634s] Level 1:colcon.colcon_core.package_identification:_identify(master) by extensions ['colcon_pkg']
[0.635s] Level 1:colcon.colcon_core.package_identification:_identify(master) by extension 'colcon_pkg'
[0.635s] Level 1:colcon.colcon_core.package_identification:_identify(master) by extensions ['colcon_meta']
[0.635s] Level 1:colcon.colcon_core.package_identification:_identify(master) by extension 'colcon_meta'
[0.635s] Level 1:colcon.colcon_core.package_identification:_identify(master) by extensions ['ros']
[0.635s] Level 1:colcon.colcon_core.package_identification:_identify(master) by extension 'ros'
[0.635s] Level 1:colcon.colcon_core.package_identification:_identify(master) by extensions ['cmake', 'python']
[0.635s] Level 1:colcon.colcon_core.package_identification:_identify(master) by extension 'cmake'
[0.635s] Level 1:colcon.colcon_core.package_identification:_identify(master) by extension 'python'
[0.635s] Level 1:colcon.colcon_core.package_identification:_identify(master) by extensions ['python_setup_py']
[0.635s] Level 1:colcon.colcon_core.package_identification:_identify(master) by extension 'python_setup_py'
[0.635s] Level 1:colcon.colcon_core.package_identification:_identify(microcontrallers) by extensions ['ignore', 'ignore_ament_install']
[0.636s] Level 1:colcon.colcon_core.package_identification:_identify(microcontrallers) by extension 'ignore'
[0.636s] Level 1:colcon.colcon_core.package_identification:_identify(microcontrallers) by extension 'ignore_ament_install'
[0.636s] Level 1:colcon.colcon_core.package_identification:_identify(microcontrallers) by extensions ['colcon_pkg']
[0.636s] Level 1:colcon.colcon_core.package_identification:_identify(microcontrallers) by extension 'colcon_pkg'
[0.636s] Level 1:colcon.colcon_core.package_identification:_identify(microcontrallers) by extensions ['colcon_meta']
[0.636s] Level 1:colcon.colcon_core.package_identification:_identify(microcontrallers) by extension 'colcon_meta'
[0.636s] Level 1:colcon.colcon_core.package_identification:_identify(microcontrallers) by extensions ['ros']
[0.636s] Level 1:colcon.colcon_core.package_identification:_identify(microcontrallers) by extension 'ros'
[0.636s] Level 1:colcon.colcon_core.package_identification:_identify(microcontrallers) by extensions ['cmake', 'python']
[0.636s] Level 1:colcon.colcon_core.package_identification:_identify(microcontrallers) by extension 'cmake'
[0.636s] Level 1:colcon.colcon_core.package_identification:_identify(microcontrallers) by extension 'python'
[0.636s] Level 1:colcon.colcon_core.package_identification:_identify(microcontrallers) by extensions ['python_setup_py']
[0.636s] Level 1:colcon.colcon_core.package_identification:_identify(microcontrallers) by extension 'python_setup_py'
[0.637s] Level 1:colcon.colcon_core.package_identification:_identify(vision) by extensions ['ignore', 'ignore_ament_install']
[0.637s] Level 1:colcon.colcon_core.package_identification:_identify(vision) by extension 'ignore'
[0.637s] Level 1:colcon.colcon_core.package_identification:_identify(vision) by extension 'ignore_ament_install'
[0.637s] Level 1:colcon.colcon_core.package_identification:_identify(vision) by extensions ['colcon_pkg']
[0.637s] Level 1:colcon.colcon_core.package_identification:_identify(vision) by extension 'colcon_pkg'
[0.637s] Level 1:colcon.colcon_core.package_identification:_identify(vision) by extensions ['colcon_meta']
[0.637s] Level 1:colcon.colcon_core.package_identification:_identify(vision) by extension 'colcon_meta'
[0.637s] Level 1:colcon.colcon_core.package_identification:_identify(vision) by extensions ['ros']
[0.637s] Level 1:colcon.colcon_core.package_identification:_identify(vision) by extension 'ros'
[0.637s] Level 1:colcon.colcon_core.package_identification:_identify(vision) by extensions ['cmake', 'python']
[0.637s] Level 1:colcon.colcon_core.package_identification:_identify(vision) by extension 'cmake'
[0.637s] Level 1:colcon.colcon_core.package_identification:_identify(vision) by extension 'python'
[0.638s] Level 1:colcon.colcon_core.package_identification:_identify(vision) by extensions ['python_setup_py']
[0.638s] Level 1:colcon.colcon_core.package_identification:_identify(vision) by extension 'python_setup_py'
[0.638s] Level 1:colcon.colcon_core.package_discovery:discover_packages(recursive) using defaults
[0.638s] Level 1:colcon.colcon_core.package_discovery:discover_packages(ignore) discover
[0.638s] Level 1:colcon.colcon_core.package_discovery:discover_packages(ignore) using defaults
[0.638s] Level 1:colcon.colcon_core.package_discovery:discover_packages(path) discover
[0.638s] Level 1:colcon.colcon_core.package_discovery:discover_packages(path) using defaults
[0.692s] Level 1:colcon.colcon_core.package_discovery:discover_packages(prefix_path) check parameters
[0.692s] Level 1:colcon.colcon_core.package_discovery:discover_packages(prefix_path) discover
[0.697s] DEBUG:colcon.colcon_installed_package_information.package_discovery:Found 271 installed packages in /opt/ros/humble
[0.700s] Level 1:colcon.colcon_core.package_discovery:discover_packages(prefix_path) using defaults
[0.770s] Level 5:colcon.colcon_core.verb:set package 'communication' build argument 'cmake_args' from command line to 'None'
[0.771s] Level 5:colcon.colcon_core.verb:set package 'communication' build argument 'cmake_target' from command line to 'None'
[0.771s] Level 5:colcon.colcon_core.verb:set package 'communication' build argument 'cmake_target_skip_unavailable' from command line to 'False'
[0.771s] Level 5:colcon.colcon_core.verb:set package 'communication' build argument 'cmake_clean_cache' from command line to 'False'
[0.771s] Level 5:colcon.colcon_core.verb:set package 'communication' build argument 'cmake_clean_first' from command line to 'False'
[0.771s] Level 5:colcon.colcon_core.verb:set package 'communication' build argument 'cmake_force_configure' from command line to 'False'
[0.771s] Level 5:colcon.colcon_core.verb:set package 'communication' build argument 'ament_cmake_args' from command line to 'None'
[0.771s] Level 5:colcon.colcon_core.verb:set package 'communication' build argument 'catkin_cmake_args' from command line to 'None'
[0.771s] Level 5:colcon.colcon_core.verb:set package 'communication' build argument 'catkin_skip_building_tests' from command line to 'False'
[0.771s] DEBUG:colcon.colcon_core.verb:Building package 'communication' with the following arguments: {'ament_cmake_args': None, 'build_base': '/home/didi_121/Rescue-Major/workspace/build/communication', 'catkin_cmake_args': None, 'catkin_skip_building_tests': False, 'cmake_args': None, 'cmake_clean_cache': False, 'cmake_clean_first': False, 'cmake_force_configure': False, 'cmake_target': None, 'cmake_target_skip_unavailable': False, 'install_base': '/home/didi_121/Rescue-Major/workspace/install/communication', 'merge_install': False, 'path': '/home/didi_121/Rescue-Major/workspace/communication', 'symlink_install': False, 'test_result_base': None}
[0.771s] INFO:colcon.colcon_core.executor:Executing jobs using 'parallel' executor
[0.773s] DEBUG:colcon.colcon_parallel_executor.executor.parallel:run_until_complete
[0.774s] INFO:colcon.colcon_ros.task.ament_cmake.build:Building ROS package in '/home/didi_121/Rescue-Major/workspace/communication' with build type 'ament_cmake'
[0.774s] INFO:colcon.colcon_cmake.task.cmake.build:Building CMake package in '/home/didi_121/Rescue-Major/workspace/communication'
[0.777s] INFO:colcon.colcon_core.plugin_system:Skipping extension 'colcon_core.shell.bat': Not used on non-Windows systems
[0.778s] INFO:colcon.colcon_core.shell:Skip shell extension 'powershell' for command environment: Not usable outside of PowerShell
[0.778s] DEBUG:colcon.colcon_core.shell:Skip shell extension 'dsv' for command environment
[0.792s] DEBUG:colcon.colcon_core.event_handler.log_command:Invoking command in '/home/didi_121/Rescue-Major/workspace/build/communication': CMAKE_PREFIX_PATH=/opt/ros/humble /usr/bin/cmake /home/didi_121/Rescue-Major/workspace/communication -DCMAKE_INSTALL_PREFIX=/home/didi_121/Rescue-Major/workspace/install/communication
[2.427s] DEBUG:colcon.colcon_core.event_handler.log_command:Invoked command in '/home/didi_121/Rescue-Major/workspace/build/communication' returned '0': CMAKE_PREFIX_PATH=/opt/ros/humble /usr/bin/cmake /home/didi_121/Rescue-Major/workspace/communication -DCMAKE_INSTALL_PREFIX=/home/didi_121/Rescue-Major/workspace/install/communication
[2.430s] DEBUG:colcon.colcon_core.event_handler.log_command:Invoking command in '/home/didi_121/Rescue-Major/workspace/build/communication': CMAKE_PREFIX_PATH=/opt/ros/humble /usr/bin/cmake --build /home/didi_121/Rescue-Major/workspace/build/communication -- -j8 -l8
[2.498s] DEBUG:colcon.colcon_core.event_handler.log_command:Invoked command in '/home/didi_121/Rescue-Major/workspace/build/communication' returned '0': CMAKE_PREFIX_PATH=/opt/ros/humble /usr/bin/cmake --build /home/didi_121/Rescue-Major/workspace/build/communication -- -j8 -l8
[2.514s] DEBUG:colcon.colcon_core.event_handler.log_command:Invoking command in '/home/didi_121/Rescue-Major/workspace/build/communication': CMAKE_PREFIX_PATH=/opt/ros/humble /usr/bin/cmake --install /home/didi_121/Rescue-Major/workspace/build/communication
[2.533s] Level 1:colcon.colcon_core.environment:create_environment_scripts_only(communication)
[2.534s] DEBUG:colcon.colcon_core.event_handler.log_command:Invoked command in '/home/didi_121/Rescue-Major/workspace/build/communication' returned '0': CMAKE_PREFIX_PATH=/opt/ros/humble /usr/bin/cmake --install /home/didi_121/Rescue-Major/workspace/build/communication
[2.538s] Level 1:colcon.colcon_core.environment:checking '/home/didi_121/Rescue-Major/workspace/install/communication' for CMake module files
[2.539s] Level 1:colcon.colcon_core.environment:checking '/home/didi_121/Rescue-Major/workspace/install/communication' for CMake config files
[2.539s] Level 1:colcon.colcon_core.shell:create_environment_hook('communication', 'cmake_prefix_path')
[2.540s] INFO:colcon.colcon_core.shell:Creating environment hook '/home/didi_121/Rescue-Major/workspace/install/communication/share/communication/hook/cmake_prefix_path.ps1'
[2.542s] INFO:colcon.colcon_core.shell:Creating environment descriptor '/home/didi_121/Rescue-Major/workspace/install/communication/share/communication/hook/cmake_prefix_path.dsv'
[2.543s] INFO:colcon.colcon_core.shell:Creating environment hook '/home/didi_121/Rescue-Major/workspace/install/communication/share/communication/hook/cmake_prefix_path.sh'
[2.544s] Level 1:colcon.colcon_core.environment:checking '/home/didi_121/Rescue-Major/workspace/install/communication/lib'
[2.545s] Level 1:colcon.colcon_core.environment:checking '/home/didi_121/Rescue-Major/workspace/install/communication/bin'
[2.545s] Level 1:colcon.colcon_core.environment:checking '/home/didi_121/Rescue-Major/workspace/install/communication/lib/pkgconfig/communication.pc'
[2.545s] Level 1:colcon.colcon_core.environment:checking '/home/didi_121/Rescue-Major/workspace/install/communication/lib/python3.10/site-packages'
[2.546s] Level 1:colcon.colcon_core.environment:checking '/home/didi_121/Rescue-Major/workspace/install/communication/bin'
[2.546s] INFO:colcon.colcon_core.shell:Creating package script '/home/didi_121/Rescue-Major/workspace/install/communication/share/communication/package.ps1'
[2.548s] INFO:colcon.colcon_core.shell:Creating package descriptor '/home/didi_121/Rescue-Major/workspace/install/communication/share/communication/package.dsv'
[2.549s] INFO:colcon.colcon_core.shell:Creating package script '/home/didi_121/Rescue-Major/workspace/install/communication/share/communication/package.sh'
[2.550s] INFO:colcon.colcon_core.shell:Creating package script '/home/didi_121/Rescue-Major/workspace/install/communication/share/communication/package.bash'
[2.551s] INFO:colcon.colcon_core.shell:Creating package script '/home/didi_121/Rescue-Major/workspace/install/communication/share/communication/package.zsh'
[2.552s] Level 1:colcon.colcon_core.environment:create_file_with_runtime_dependencies(/home/didi_121/Rescue-Major/workspace/install/communication/share/colcon-core/packages/communication)
[2.553s] Level 1:colcon.colcon_core.environment:create_environment_scripts_only(communication)
[2.554s] Level 1:colcon.colcon_core.environment:checking '/home/didi_121/Rescue-Major/workspace/install/communication' for CMake module files
[2.554s] Level 1:colcon.colcon_core.environment:checking '/home/didi_121/Rescue-Major/workspace/install/communication' for CMake config files
[2.555s] Level 1:colcon.colcon_core.shell:create_environment_hook('communication', 'cmake_prefix_path')
[2.555s] INFO:colcon.colcon_core.shell:Creating environment hook '/home/didi_121/Rescue-Major/workspace/install/communication/share/communication/hook/cmake_prefix_path.ps1'
[2.556s] INFO:colcon.colcon_core.shell:Creating environment descriptor '/home/didi_121/Rescue-Major/workspace/install/communication/share/communication/hook/cmake_prefix_path.dsv'
[2.557s] INFO:colcon.colcon_core.shell:Creating environment hook '/home/didi_121/Rescue-Major/workspace/install/communication/share/communication/hook/cmake_prefix_path.sh'
[2.557s] Level 1:colcon.colcon_core.environment:checking '/home/didi_121/Rescue-Major/workspace/install/communication/lib'
[2.558s] Level 1:colcon.colcon_core.environment:checking '/home/didi_121/Rescue-Major/workspace/install/communication/bin'
[2.558s] Level 1:colcon.colcon_core.environment:checking '/home/didi_121/Rescue-Major/workspace/install/communication/lib/pkgconfig/communication.pc'
[2.558s] Level 1:colcon.colcon_core.environment:checking '/home/didi_121/Rescue-Major/workspace/install/communication/lib/python3.10/site-packages'
[2.558s] Level 1:colcon.colcon_core.environment:checking '/home/didi_121/Rescue-Major/workspace/install/communication/bin'
[2.559s] INFO:colcon.colcon_core.shell:Creating package script '/home/didi_121/Rescue-Major/workspace/install/communication/share/communication/package.ps1'
[2.560s] INFO:colcon.colcon_core.shell:Creating package descriptor '/home/didi_121/Rescue-Major/workspace/install/communication/share/communication/package.dsv'
[2.561s] INFO:colcon.colcon_core.shell:Creating package script '/home/didi_121/Rescue-Major/workspace/install/communication/share/communication/package.sh'
[2.561s] INFO:colcon.colcon_core.shell:Creating package script '/home/didi_121/Rescue-Major/workspace/install/communication/share/communication/package.bash'
[2.562s] INFO:colcon.colcon_core.shell:Creating package script '/home/didi_121/Rescue-Major/workspace/install/communication/share/communication/package.zsh'
[2.563s] Level 1:colcon.colcon_core.environment:create_file_with_runtime_dependencies(/home/didi_121/Rescue-Major/workspace/install/communication/share/colcon-core/packages/communication)
[2.563s] DEBUG:colcon.colcon_parallel_executor.executor.parallel:closing loop
[2.564s] DEBUG:colcon.colcon_parallel_executor.executor.parallel:loop closed
[2.564s] DEBUG:colcon.colcon_parallel_executor.executor.parallel:run_until_complete finished with '0'
[2.564s] DEBUG:colcon.colcon_core.event_reactor:joining thread
[2.572s] INFO:colcon.colcon_core.plugin_system:Skipping extension 'colcon_notification.desktop_notification.terminal_notifier': Not used on non-Darwin systems
[2.573s] INFO:colcon.colcon_core.plugin_system:Skipping extension 'colcon_notification.desktop_notification.win32': Not used on non-Windows systems
[2.573s] INFO:colcon.colcon_notification.desktop_notification:Sending desktop notification using 'notify2'
[2.594s] DEBUG:colcon.colcon_core.event_reactor:joined thread
[2.595s] INFO:colcon.colcon_core.shell:Creating prefix script '/home/didi_121/Rescue-Major/workspace/install/local_setup.ps1'
[2.597s] INFO:colcon.colcon_core.shell:Creating prefix util module '/home/didi_121/Rescue-Major/workspace/install/_local_setup_util_ps1.py'
[2.600s] INFO:colcon.colcon_core.shell:Creating prefix chain script '/home/didi_121/Rescue-Major/workspace/install/setup.ps1'
[2.602s] INFO:colcon.colcon_core.shell:Creating prefix script '/home/didi_121/Rescue-Major/workspace/install/local_setup.sh'
[2.603s] INFO:colcon.colcon_core.shell:Creating prefix util module '/home/didi_121/Rescue-Major/workspace/install/_local_setup_util_sh.py'
[2.604s] INFO:colcon.colcon_core.shell:Creating prefix chain script '/home/didi_121/Rescue-Major/workspace/install/setup.sh'
[2.606s] INFO:colcon.colcon_core.shell:Creating prefix script '/home/didi_121/Rescue-Major/workspace/install/local_setup.bash'
[2.607s] INFO:colcon.colcon_core.shell:Creating prefix chain script '/home/didi_121/Rescue-Major/workspace/install/setup.bash'
[2.608s] INFO:colcon.colcon_core.shell:Creating prefix script '/home/didi_121/Rescue-Major/workspace/install/local_setup.zsh'
[2.609s] INFO:colcon.colcon_core.shell:Creating prefix chain script '/home/didi_121/Rescue-Major/workspace/install/setup.zsh'
