-- Install configuration: ""
-- Up-to-date: /home/aesir/Rescue-Major/install/mapping/lib/mapping/object_detection_node
-- Up-to-date: /home/aesir/Rescue-Major/install/mapping/lib/mapping/export_map_ply
-- Up-to-date: /home/aesir/Rescue-Major/install/mapping/lib/mapping/yolo_detection_viewer
-- Up-to-date: /home/aesir/Rescue-Major/install/mapping/lib/mapping/yolo_diagnostics
-- Up-to-date: /home/aesir/Rescue-Major/install/mapping/share/mapping/launch
-- Up-to-date: /home/aesir/Rescue-Major/install/mapping/share/mapping/launch/frames_2026-04-08_20.45.41.pdf
-- Up-to-date: /home/aesir/Rescue-Major/install/mapping/share/mapping/launch/depthai_test.launch.py
-- Up-to-date: /home/aesir/Rescue-Major/install/mapping/share/mapping/launch/depthai_yolo_oakd.launch.py
-- Up-to-date: /home/aesir/Rescue-Major/install/mapping/share/mapping/launch/frames_2026-04-08_20.45.41.gv
-- Up-to-date: /home/aesir/Rescue-Major/install/mapping/share/mapping/launch/mapeo_general.py
-- Up-to-date: /home/aesir/Rescue-Major/install/mapping/share/mapping/launch/__pycache__
-- Up-to-date: /home/aesir/Rescue-Major/install/mapping/share/mapping/launch/__pycache__/depthai_test.launch.cpython-310.pyc
-- Installing: /home/aesir/Rescue-Major/install/mapping/share/mapping/launch/__pycache__/mapeo_general.cpython-310.pyc
-- Up-to-date: /home/aesir/Rescue-Major/install/mapping/share/mapping/launch/depthai_yolo_backend.launch.py
-- Up-to-date: /home/aesir/Rescue-Major/install/mapping/share/mapping/maps
-- Up-to-date: /home/aesir/Rescue-Major/install/mapping/share/mapping/maps/.gitkeep
-- Up-to-date: /home/aesir/Rescue-Major/install/mapping/share/mapping/maps/RoboCup2026-Aesir-1-13-12-12-map.ply
-- Up-to-date: /home/aesir/Rescue-Major/install/mapping/share/mapping/maps/RoboCup2026-Aesir-1-16-26-46-map.ply
-- Up-to-date: /home/aesir/Rescue-Major/install/mapping/share/ament_index/resource_index/package_run_dependencies/mapping
-- Up-to-date: /home/aesir/Rescue-Major/install/mapping/share/ament_index/resource_index/parent_prefix_path/mapping
-- Up-to-date: /home/aesir/Rescue-Major/install/mapping/share/mapping/environment/ament_prefix_path.sh
-- Up-to-date: /home/aesir/Rescue-Major/install/mapping/share/mapping/environment/ament_prefix_path.dsv
-- Up-to-date: /home/aesir/Rescue-Major/install/mapping/share/mapping/environment/path.sh
-- Up-to-date: /home/aesir/Rescue-Major/install/mapping/share/mapping/environment/path.dsv
-- Up-to-date: /home/aesir/Rescue-Major/install/mapping/share/mapping/local_setup.bash
-- Up-to-date: /home/aesir/Rescue-Major/install/mapping/share/mapping/local_setup.sh
-- Up-to-date: /home/aesir/Rescue-Major/install/mapping/share/mapping/local_setup.zsh
-- Up-to-date: /home/aesir/Rescue-Major/install/mapping/share/mapping/local_setup.dsv
-- Installing: /home/aesir/Rescue-Major/install/mapping/share/mapping/package.dsv
-- Up-to-date: /home/aesir/Rescue-Major/install/mapping/share/ament_index/resource_index/packages/mapping
-- Up-to-date: /home/aesir/Rescue-Major/install/mapping/share/mapping/cmake/mappingConfig.cmake
-- Up-to-date: /home/aesir/Rescue-Major/install/mapping/share/mapping/cmake/mappingConfig-version.cmake
-- Up-to-date: /home/aesir/Rescue-Major/install/mapping/share/mapping/package.xml
